#
# There is insufficient memory for the Java Runtime Environment to continue.
# Native memory allocation (malloc) failed to allocate 1048576 bytes for AllocateHeap
# Possible reasons:
#   The system is out of physical RAM or swap space
#   The process is running with CompressedOops enabled, and the Java Heap may be blocking the growth of the native heap
# Possible solutions:
#   Reduce memory load on the system
#   Increase physical memory or swap space
#   Check if swap backing store is full
#   Decrease Java heap size (-Xmx/-Xms)
#   Decrease number of Java threads
#   Decrease Java thread stack sizes (-Xss)
#   Set larger code cache with -XX:ReservedCodeCacheSize=
#   JVM is running with Unscaled Compressed Oops mode in which the Java heap is
#     placed in the first 4GB address space. The Java Heap base address is the
#     maximum limit for the native heap growth. Please use -XX:HeapBaseMinAddress
#     to set the Java Heap base and to place the Java Heap above 4GB virtual address.
# This output file may be truncated or incomplete.
#
#  Out of Memory Error (./src/hotspot/share/memory/allocation.cpp:44), pid=11460, tid=3628
#
# JRE version: OpenJDK Runtime Environment (15.0.2+10) (build 15.0.2+10)
# Java VM: OpenJDK 64-Bit Server VM (15.0.2+10, mixed mode, tiered, compressed oops, g1 gc, windows-amd64)
# No core dump will be written. Minidumps are not enabled by default on client versions of Windows
#

---------------  S U M M A R Y ------------

Command Line: -Xmx64m -Xms64m -Dorg.gradle.appname=gradlew org.gradle.wrapper.GradleWrapperMain app:installDebug -PreactNativeDevServerPort=8081

Host: Intel(R) Core(TM) i3-6006U CPU @ 2.00GHz, 4 cores, 7G,  Windows 10 , 64 bit Build 19041 (10.0.19041.3636)
Time: Tue Dec 26 14:40:28 2023 SE Asia Standard Time elapsed time: 0.287627 seconds (0d 0h 0m 0s)

---------------  T H R E A D  ---------------

Current thread (0x000001652d112820):  VMThread "VM Thread" [stack: 0x0000002206f00000,0x0000002207000000] [id=3628]

Stack: [0x0000002206f00000,0x0000002207000000]
[error occurred during error reporting (printing stack bounds), id 0xc0000005, EXCEPTION_ACCESS_VIOLATION (0xc0000005) at pc=0x000001651ab410ad]

Native frames: (J=compiled Java code, j=interpreted, Vv=VM code, C=native code)
V  [jvm.dll+0x5f7a0a]
V  [jvm.dll+0x796fb9]
V  [jvm.dll+0x798713]
V  [jvm.dll+0x798cc5]
V  [jvm.dll+0x798c7b]
V  [jvm.dll+0x5f6e2f]
V  [jvm.dll+0x5f75f8]
C  [ntdll.dll+0xa23af]
C  [ntdll.dll+0x514b4]
C  [ntdll.dll+0xa0ebe]
C  0x000001651ab410ad

VM_Operation (0x00000022069fe210): CollectForMetadataAllocation, mode: safepoint, requested by thread 0x000001650fa6d7c0


---------------  P R O C E S S  ---------------

Threads class SMR info:
_java_thread_list=0x000001652d439810, length=11, elements={
0x000001650fa6d7c0, 0x000001652d17d530, 0x000001652d17fc30, 0x000001652d16b5d0,
0x000001652d1a5020, 0x000001652d1ab510, 0x000001652d1abe10, 0x000001652d1afac0,
0x000001652d1b81d0, 0x000001652d476290, 0x000001652d4ae010
}

Java Threads: ( => current thread )
  0x000001650fa6d7c0 JavaThread "main" [_thread_blocked, id=2948, stack(0x0000002206900000,0x0000002206a00000)]
  0x000001652d17d530 JavaThread "Reference Handler" daemon [_thread_blocked, id=2448, stack(0x0000002207000000,0x0000002207100000)]
  0x000001652d17fc30 JavaThread "Finalizer" daemon [_thread_blocked, id=7912, stack(0x0000002207100000,0x0000002207200000)]
  0x000001652d16b5d0 JavaThread "Signal Dispatcher" daemon [_thread_blocked, id=5632, stack(0x0000002207200000,0x0000002207300000)]
  0x000001652d1a5020 JavaThread "Attach Listener" daemon [_thread_blocked, id=9416, stack(0x0000002207300000,0x0000002207400000)]
  0x000001652d1ab510 JavaThread "Service Thread" daemon [_thread_blocked, id=3108, stack(0x0000002207400000,0x0000002207500000)]
  0x000001652d1abe10 JavaThread "C2 CompilerThread0" daemon [_thread_blocked, id=5992, stack(0x0000002207500000,0x0000002207600000)]
  0x000001652d1afac0 JavaThread "C1 CompilerThread0" daemon [_thread_blocked, id=10656, stack(0x0000002207600000,0x0000002207700000)]
  0x000001652d1b81d0 JavaThread "Sweeper thread" daemon [_thread_blocked, id=9888, stack(0x0000002207700000,0x0000002207800000)]
  0x000001652d476290 JavaThread "Notification Thread" daemon [_thread_blocked, id=12488, stack(0x0000002207800000,0x0000002207900000)]
  0x000001652d4ae010 JavaThread "Common-Cleaner" daemon [_thread_blocked, id=4012, stack(0x0000002207a00000,0x0000002207b00000)]

Other Threads:
=>0x000001652d112820 VMThread "VM Thread" [stack: 0x0000002206f00000,0x0000002207000000] [id=3628]
  0x000001650fb33c40 WatcherThread [stack: 0x0000002207900000,0x0000002207a00000] [id=8184]
  0x000001650fa92660 GCTaskThread "GC Thread#0" [stack: 0x0000002206a00000,0x0000002206b00000] [id=3712]
  0x000001650fa93fb0 ConcurrentGCThread "G1 Main Marker" [stack: 0x0000002206b00000,0x0000002206c00000] [id=8568]
  0x000001650fa95bb0 ConcurrentGCThread "G1 Conc#0" [stack: 0x0000002206c00000,0x0000002206d00000] [id=11824]
  0x000001650fae66f0 ConcurrentGCThread "G1 Refine#0" [stack: 0x0000002206d00000,0x0000002206e00000] [id=2376]
  0x000001650fae6f00 ConcurrentGCThread "G1 Young RemSet Sampling" [stack: 0x0000002206e00000,0x0000002206f00000] [id=10276]

Threads with active compile tasks:

VM state: at safepoint (normal execution)

VM Mutex/Monitor currently owned by a thread:  ([mutex/lock_event])
[0x000001650fa6aca0] Threads_lock - owner thread: 0x000001652d112820
[0x000001650fa69f20] Heap_lock - owner thread: 0x000001650fa6d7c0

Heap address: 0x00000000fc000000, size: 64 MB, Compressed Oops mode: 32-bit
CDS disabled.
Compressed class space mapped at: 0x0000000100000000-0x0000000140000000, size: 1073741824
Narrow klass base: 0x0000000000000000, Narrow klass shift: 3, Narrow klass range: 0x140000000

GC Precious Log:
 CPUs: 4 total, 4 available
 Memory: 8066M
 Large Page Support: Disabled
 NUMA Support: Disabled
 Compressed Oops: Enabled (32-bit)
 Heap Region Size: 1M
 Heap Min Capacity: 64M
 Heap Initial Capacity: 64M
 Heap Max Capacity: 64M
 Pre-touch: Disabled
 Parallel Workers: 4
 Concurrent Workers: 1
 Concurrent Refinement Workers: 4
 Periodic GC: Disabled

Heap:
 garbage-first heap   total 65536K, used 824K [0x00000000fc000000, 0x0000000100000000)
  region size 1024K, 1 young (1024K), 1 survivors (1024K)
 Metaspace       used 6366K, capacity 6419K, committed 6528K, reserved 1067008K
  class space    used 532K, capacity 561K, committed 640K, reserved 1048576K

Heap Regions: E=young(eden), S=young(survivor), O=old, HS=humongous(starts), HC=humongous(continues), CS=collection set, F=free, OA=open archive, CA=closed archive, TAMS=top-at-mark-start (previous, next)
|   0|0x00000000fc000000, 0x00000000fc000000, 0x00000000fc100000|  0%| F|  |TAMS 0x00000000fc000000, 0x00000000fc000000| Untracked 
|   1|0x00000000fc100000, 0x00000000fc100000, 0x00000000fc200000|  0%| F|  |TAMS 0x00000000fc100000, 0x00000000fc100000| Untracked 
|   2|0x00000000fc200000, 0x00000000fc200000, 0x00000000fc300000|  0%| F|  |TAMS 0x00000000fc200000, 0x00000000fc200000| Untracked 
|   3|0x00000000fc300000, 0x00000000fc300000, 0x00000000fc400000|  0%| F|  |TAMS 0x00000000fc300000, 0x00000000fc300000| Untracked 
|   4|0x00000000fc400000, 0x00000000fc400000, 0x00000000fc500000|  0%| F|  |TAMS 0x00000000fc400000, 0x00000000fc400000| Untracked 
|   5|0x00000000fc500000, 0x00000000fc500000, 0x00000000fc600000|  0%| F|  |TAMS 0x00000000fc500000, 0x00000000fc500000| Untracked 
|   6|0x00000000fc600000, 0x00000000fc600000, 0x00000000fc700000|  0%| F|  |TAMS 0x00000000fc600000, 0x00000000fc600000| Untracked 
|   7|0x00000000fc700000, 0x00000000fc700000, 0x00000000fc800000|  0%| F|  |TAMS 0x00000000fc700000, 0x00000000fc700000| Untracked 
|   8|0x00000000fc800000, 0x00000000fc800000, 0x00000000fc900000|  0%| F|  |TAMS 0x00000000fc800000, 0x00000000fc800000| Untracked 
|   9|0x00000000fc900000, 0x00000000fc900000, 0x00000000fca00000|  0%| F|  |TAMS 0x00000000fc900000, 0x00000000fc900000| Untracked 
|  10|0x00000000fca00000, 0x00000000fca00000, 0x00000000fcb00000|  0%| F|  |TAMS 0x00000000fca00000, 0x00000000fca00000| Untracked 
|  11|0x00000000fcb00000, 0x00000000fcb00000, 0x00000000fcc00000|  0%| F|  |TAMS 0x00000000fcb00000, 0x00000000fcb00000| Untracked 
|  12|0x00000000fcc00000, 0x00000000fcc00000, 0x00000000fcd00000|  0%| F|  |TAMS 0x00000000fcc00000, 0x00000000fcc00000| Untracked 
|  13|0x00000000fcd00000, 0x00000000fcd00000, 0x00000000fce00000|  0%| F|  |TAMS 0x00000000fcd00000, 0x00000000fcd00000| Untracked 
|  14|0x00000000fce00000, 0x00000000fce00000, 0x00000000fcf00000|  0%| F|  |TAMS 0x00000000fce00000, 0x00000000fce00000| Untracked 
|  15|0x00000000fcf00000, 0x00000000fcf00000, 0x00000000fd000000|  0%| F|  |TAMS 0x00000000fcf00000, 0x00000000fcf00000| Untracked 
|  16|0x00000000fd000000, 0x00000000fd000000, 0x00000000fd100000|  0%| F|  |TAMS 0x00000000fd000000, 0x00000000fd000000| Untracked 
|  17|0x00000000fd100000, 0x00000000fd100000, 0x00000000fd200000|  0%| F|  |TAMS 0x00000000fd100000, 0x00000000fd100000| Untracked 
|  18|0x00000000fd200000, 0x00000000fd200000, 0x00000000fd300000|  0%| F|  |TAMS 0x00000000fd200000, 0x00000000fd200000| Untracked 
|  19|0x00000000fd300000, 0x00000000fd300000, 0x00000000fd400000|  0%| F|  |TAMS 0x00000000fd300000, 0x00000000fd300000| Untracked 
|  20|0x00000000fd400000, 0x00000000fd400000, 0x00000000fd500000|  0%| F|  |TAMS 0x00000000fd400000, 0x00000000fd400000| Untracked 
|  21|0x00000000fd500000, 0x00000000fd500000, 0x00000000fd600000|  0%| F|  |TAMS 0x00000000fd500000, 0x00000000fd500000| Untracked 
|  22|0x00000000fd600000, 0x00000000fd600000, 0x00000000fd700000|  0%| F|  |TAMS 0x00000000fd600000, 0x00000000fd600000| Untracked 
|  23|0x00000000fd700000, 0x00000000fd700000, 0x00000000fd800000|  0%| F|  |TAMS 0x00000000fd700000, 0x00000000fd700000| Untracked 
|  24|0x00000000fd800000, 0x00000000fd800000, 0x00000000fd900000|  0%| F|  |TAMS 0x00000000fd800000, 0x00000000fd800000| Untracked 
|  25|0x00000000fd900000, 0x00000000fd900000, 0x00000000fda00000|  0%| F|  |TAMS 0x00000000fd900000, 0x00000000fd900000| Untracked 
|  26|0x00000000fda00000, 0x00000000fda00000, 0x00000000fdb00000|  0%| F|  |TAMS 0x00000000fda00000, 0x00000000fda00000| Untracked 
|  27|0x00000000fdb00000, 0x00000000fdb00000, 0x00000000fdc00000|  0%| F|  |TAMS 0x00000000fdb00000, 0x00000000fdb00000| Untracked 
|  28|0x00000000fdc00000, 0x00000000fdc00000, 0x00000000fdd00000|  0%| F|  |TAMS 0x00000000fdc00000, 0x00000000fdc00000| Untracked 
|  29|0x00000000fdd00000, 0x00000000fdd00000, 0x00000000fde00000|  0%| F|  |TAMS 0x00000000fdd00000, 0x00000000fdd00000| Untracked 
|  30|0x00000000fde00000, 0x00000000fde00000, 0x00000000fdf00000|  0%| F|  |TAMS 0x00000000fde00000, 0x00000000fde00000| Untracked 
|  31|0x00000000fdf00000, 0x00000000fdf00000, 0x00000000fe000000|  0%| F|  |TAMS 0x00000000fdf00000, 0x00000000fdf00000| Untracked 
|  32|0x00000000fe000000, 0x00000000fe000000, 0x00000000fe100000|  0%| F|  |TAMS 0x00000000fe000000, 0x00000000fe000000| Untracked 
|  33|0x00000000fe100000, 0x00000000fe100000, 0x00000000fe200000|  0%| F|  |TAMS 0x00000000fe100000, 0x00000000fe100000| Untracked 
|  34|0x00000000fe200000, 0x00000000fe200000, 0x00000000fe300000|  0%| F|  |TAMS 0x00000000fe200000, 0x00000000fe200000| Untracked 
|  35|0x00000000fe300000, 0x00000000fe300000, 0x00000000fe400000|  0%| F|  |TAMS 0x00000000fe300000, 0x00000000fe300000| Untracked 
|  36|0x00000000fe400000, 0x00000000fe400000, 0x00000000fe500000|  0%| F|  |TAMS 0x00000000fe400000, 0x00000000fe400000| Untracked 
|  37|0x00000000fe500000, 0x00000000fe500000, 0x00000000fe600000|  0%| F|  |TAMS 0x00000000fe500000, 0x00000000fe500000| Untracked 
|  38|0x00000000fe600000, 0x00000000fe600000, 0x00000000fe700000|  0%| F|  |TAMS 0x00000000fe600000, 0x00000000fe600000| Untracked 
|  39|0x00000000fe700000, 0x00000000fe700000, 0x00000000fe800000|  0%| F|  |TAMS 0x00000000fe700000, 0x00000000fe700000| Untracked 
|  40|0x00000000fe800000, 0x00000000fe800000, 0x00000000fe900000|  0%| F|  |TAMS 0x00000000fe800000, 0x00000000fe800000| Untracked 
|  41|0x00000000fe900000, 0x00000000fe900000, 0x00000000fea00000|  0%| F|  |TAMS 0x00000000fe900000, 0x00000000fe900000| Untracked 
|  42|0x00000000fea00000, 0x00000000fea00000, 0x00000000feb00000|  0%| F|  |TAMS 0x00000000fea00000, 0x00000000fea00000| Untracked 
|  43|0x00000000feb00000, 0x00000000feb00000, 0x00000000fec00000|  0%| F|  |TAMS 0x00000000feb00000, 0x00000000feb00000| Untracked 
|  44|0x00000000fec00000, 0x00000000fec00000, 0x00000000fed00000|  0%| F|  |TAMS 0x00000000fec00000, 0x00000000fec00000| Untracked 
|  45|0x00000000fed00000, 0x00000000fed00000, 0x00000000fee00000|  0%| F|  |TAMS 0x00000000fed00000, 0x00000000fed00000| Untracked 
|  46|0x00000000fee00000, 0x00000000fee00000, 0x00000000fef00000|  0%| F|  |TAMS 0x00000000fee00000, 0x00000000fee00000| Untracked 
|  47|0x00000000fef00000, 0x00000000fef00000, 0x00000000ff000000|  0%| F|  |TAMS 0x00000000fef00000, 0x00000000fef00000| Untracked 
|  48|0x00000000ff000000, 0x00000000ff000000, 0x00000000ff100000|  0%| F|  |TAMS 0x00000000ff000000, 0x00000000ff000000| Untracked 
|  49|0x00000000ff100000, 0x00000000ff100000, 0x00000000ff200000|  0%| F|  |TAMS 0x00000000ff100000, 0x00000000ff100000| Untracked 
|  50|0x00000000ff200000, 0x00000000ff200000, 0x00000000ff300000|  0%| F|  |TAMS 0x00000000ff200000, 0x00000000ff200000| Untracked 
|  51|0x00000000ff300000, 0x00000000ff300000, 0x00000000ff400000|  0%| F|  |TAMS 0x00000000ff300000, 0x00000000ff300000| Untracked 
|  52|0x00000000ff400000, 0x00000000ff400000, 0x00000000ff500000|  0%| F|  |TAMS 0x00000000ff400000, 0x00000000ff400000| Untracked 
|  53|0x00000000ff500000, 0x00000000ff500000, 0x00000000ff600000|  0%| F|  |TAMS 0x00000000ff500000, 0x00000000ff500000| Untracked 
|  54|0x00000000ff600000, 0x00000000ff600000, 0x00000000ff700000|  0%| F|  |TAMS 0x00000000ff600000, 0x00000000ff600000| Untracked 
|  55|0x00000000ff700000, 0x00000000ff700000, 0x00000000ff800000|  0%| F|  |TAMS 0x00000000ff700000, 0x00000000ff700000| Untracked 
|  56|0x00000000ff800000, 0x00000000ff800000, 0x00000000ff900000|  0%| F|  |TAMS 0x00000000ff800000, 0x00000000ff800000| Untracked 
|  57|0x00000000ff900000, 0x00000000ff900000, 0x00000000ffa00000|  0%| F|  |TAMS 0x00000000ff900000, 0x00000000ff900000| Untracked 
|  58|0x00000000ffa00000, 0x00000000ffa00000, 0x00000000ffb00000|  0%| F|  |TAMS 0x00000000ffa00000, 0x00000000ffa00000| Untracked 
|  59|0x00000000ffb00000, 0x00000000ffb00000, 0x00000000ffc00000|  0%| F|  |TAMS 0x00000000ffb00000, 0x00000000ffb00000| Untracked 
|  60|0x00000000ffc00000, 0x00000000ffc00000, 0x00000000ffd00000|  0%| F|  |TAMS 0x00000000ffc00000, 0x00000000ffc00000| Untracked 
|  61|0x00000000ffd00000, 0x00000000ffdce020, 0x00000000ffe00000| 80%| S|CS|TAMS 0x00000000ffd00000, 0x00000000ffd00000| Complete 
|  62|0x00000000ffe00000, 0x00000000ffe00000, 0x00000000fff00000|  0%| F|  |TAMS 0x00000000ffe00000, 0x00000000ffe00000| Untracked 
|  63|0x00000000fff00000, 0x00000000fff00000, 0x0000000100000000|  0%| F|  |TAMS 0x00000000fff00000, 0x00000000fff00000| Untracked 

Card table byte_map: [0x000001650fb80000,0x000001650fba0000] _byte_map_base: 0x000001650f3a0000

Marking Bits (Prev, Next): (CMBitMap*) 0x000001650fa92e50, (CMBitMap*) 0x000001650fa92e90
 Prev Bits: [0x000001652a180000, 0x000001652a280000)
 Next Bits: [0x000001652a280000, 0x000001652a380000)

Polling page: 0x000001650f930000

Metaspace:

Usage:
  Non-class:      5.72 MB capacity,     5.70 MB (>99%) used,    22.10 KB ( <1%) free+waste,     2.38 KB ( <1%) overhead. 
      Class:    561.00 KB capacity,   532.89 KB ( 95%) used,    27.17 KB (  5%) free+waste,   960 bytes ( <1%) overhead. 
       Both:      6.27 MB capacity,     6.22 MB (>99%) used,    49.27 KB ( <1%) free+waste,     3.31 KB ( <1%) overhead. 

Virtual space:
  Non-class space:       18.00 MB reserved,       5.75 MB ( 32%) committed 
      Class space:        1.00 GB reserved,     640.00 KB ( <1%) committed 
             Both:        1.02 GB reserved,       6.38 MB ( <1%) committed 

Chunk freelists:
   Non-Class:  30.00 KB
       Class:  15.00 KB
        Both:  45.00 KB

MaxMetaspaceSize: 17179869184.00 GB
CompressedClassSpaceSize: 1.00 GB

CodeHeap 'non-profiled nmethods': size=120000Kb used=44Kb max_used=44Kb free=119955Kb
 bounds [0x0000016522610000, 0x0000016522880000, 0x0000016529b40000]
CodeHeap 'profiled nmethods': size=120000Kb used=222Kb max_used=222Kb free=119777Kb
 bounds [0x000001651b0e0000, 0x000001651b350000, 0x0000016522610000]
CodeHeap 'non-nmethods': size=5760Kb used=1110Kb max_used=1123Kb free=4649Kb
 bounds [0x000001651ab40000, 0x000001651adb0000, 0x000001651b0e0000]
 total_blobs=533 nmethods=182 adapters=264
 compilation: enabled
              stopped_count=0, restarted_count=0
 full_count=0

Compilation events (20 events):
Event: 0.263 Thread 0x000001652d1afac0 nmethod 171 0x000001651b113490 code [0x000001651b113640, 0x000001651b113828]
Event: 0.263 Thread 0x000001652d1afac0  173       3       java.lang.String::lastIndexOf (12 bytes)
Event: 0.263 Thread 0x000001652d1abe10 nmethod 174 0x000001652261aa10 code [0x000001652261ab80, 0x000001652261abd8]
Event: 0.263 Thread 0x000001652d1afac0 nmethod 173 0x000001651b113910 code [0x000001651b113b00, 0x000001651b113ed8]
Event: 0.266 Thread 0x000001652d1afac0  175       3       java.util.HashMap::get (19 bytes)
Event: 0.266 Thread 0x000001652d1afac0 nmethod 175 0x000001651b114090 code [0x000001651b114240, 0x000001651b1143e8]
Event: 0.268 Thread 0x000001652d1afac0  176       3       java.util.Objects::requireNonNull (15 bytes)
Event: 0.268 Thread 0x000001652d1afac0 nmethod 176 0x000001651b114490 code [0x000001651b114640, 0x000001651b114828]
Event: 0.268 Thread 0x000001652d1afac0  177       1       java.security.ProtectionDomain::getCodeSource (5 bytes)
Event: 0.268 Thread 0x000001652d1afac0 nmethod 177 0x000001652261ad10 code [0x000001652261aea0, 0x000001652261af58]
Event: 0.269 Thread 0x000001652d1afac0  178       3       java.net.URI::match (56 bytes)
Event: 0.269 Thread 0x000001652d1afac0 nmethod 178 0x000001651b114910 code [0x000001651b114ac0, 0x000001651b114d78]
Event: 0.271 Thread 0x000001652d1afac0  179       3       java.lang.StringUTF16::compress (50 bytes)
Event: 0.272 Thread 0x000001652d1afac0 nmethod 179 0x000001651b114e10 code [0x000001651b114fc0, 0x000001651b1151f8]
Event: 0.272 Thread 0x000001652d1afac0  180       3       java.util.Properties::loadConvert (544 bytes)
Event: 0.274 Thread 0x000001652d1afac0 nmethod 180 0x000001651b115390 code [0x000001651b115680, 0x000001651b116a58]
Event: 0.278 Thread 0x000001652d1abe10  181       4       java.lang.String::isLatin1 (19 bytes)
Event: 0.278 Thread 0x000001652d1afac0  182       3       java.lang.AbstractStringBuilder::newCapacity (59 bytes)
Event: 0.279 Thread 0x000001652d1afac0 nmethod 182 0x000001651b117090 code [0x000001651b117280, 0x000001651b1177b8]
Event: 0.279 Thread 0x000001652d1abe10 nmethod 181 0x000001652261b010 code [0x000001652261b180, 0x000001652261b1f8]

GC Heap History (2 events):
Event: 0.279 GC heap before
{Heap before GC invocations=0 (full 0):
 garbage-first heap   total 65536K, used 1024K [0x00000000fc000000, 0x0000000100000000)
  region size 1024K, 2 young (2048K), 0 survivors (0K)
 Metaspace       used 6366K, capacity 6419K, committed 6528K, reserved 1064960K
  class space    used 532K, capacity 561K, committed 640K, reserved 1048576K
}
Event: 0.284 GC heap after
{Heap after GC invocations=1 (full 0):
 garbage-first heap   total 65536K, used 824K [0x00000000fc000000, 0x0000000100000000)
  region size 1024K, 1 young (1024K), 1 survivors (1024K)
 Metaspace       used 6366K, capacity 6419K, committed 6528K, reserved 1064960K
  class space    used 532K, capacity 561K, committed 640K, reserved 1048576K
}

Deoptimization events (4 events):
Event: 0.147 Thread 0x000001650fa6d7c0 Uncommon trap: trap_request=0xffffff45 fr.pc=0x00000165226142c0 relative=0x0000000000000220
Event: 0.147 Thread 0x000001650fa6d7c0 Uncommon trap: reason=unstable_if action=reinterpret pc=0x00000165226142c0 method=java.lang.String.hashCode()I @ 42 c2
Event: 0.147 Thread 0x000001650fa6d7c0 DEOPT PACKING pc=0x00000165226142c0 sp=0x00000022069fdb80
Event: 0.147 Thread 0x000001650fa6d7c0 DEOPT UNPACKING pc=0x000001651ab8e42f sp=0x00000022069fdb18 mode 2

Classes unloaded (0 events):
No events

Classes redefined (0 events):
No events

Internal exceptions (0 events):
No events

Events (20 events):
Event: 0.277 loading class jdk/internal/math/FloatingDecimal$BinaryToASCIIConverter
Event: 0.277 loading class jdk/internal/math/FloatingDecimal$BinaryToASCIIConverter done
Event: 0.277 loading class jdk/internal/math/FloatingDecimal$ExceptionalBinaryToASCIIBuffer done
Event: 0.277 loading class jdk/internal/math/FloatingDecimal$BinaryToASCIIBuffer
Event: 0.278 loading class jdk/internal/math/FloatingDecimal$BinaryToASCIIBuffer done
Event: 0.278 loading class jdk/internal/math/FloatingDecimal$1
Event: 0.278 loading class jdk/internal/math/FloatingDecimal$1 done
Event: 0.278 loading class jdk/internal/math/FloatingDecimal$PreparedASCIIToBinaryBuffer
Event: 0.278 loading class jdk/internal/math/FloatingDecimal$ASCIIToBinaryConverter
Event: 0.278 loading class jdk/internal/math/FloatingDecimal$ASCIIToBinaryConverter done
Event: 0.278 loading class jdk/internal/math/FloatingDecimal$PreparedASCIIToBinaryBuffer done
Event: 0.278 loading class jdk/internal/math/FloatingDecimal$ASCIIToBinaryBuffer
Event: 0.278 loading class jdk/internal/math/FloatingDecimal$ASCIIToBinaryBuffer done
Event: 0.278 loading class sun/security/jca/ProviderList$2
Event: 0.278 loading class sun/security/jca/ProviderList$2 done
Event: 0.279 loading class sun/security/provider/Sun
Event: 0.279 loading class sun/security/provider/Sun done
Event: 0.279 loading class sun/security/util/SecurityConstants
Event: 0.279 loading class sun/security/util/SecurityConstants done
Event: 0.279 Executing VM operation: CollectForMetadataAllocation


Dynamic libraries:
0x00007ff770820000 - 0x00007ff77082d000 	C:\Program Files\BellSoft\LibericaJDK-15-Full\bin\java.exe
0x00007ff878830000 - 0x00007ff878a28000 	C:\WINDOWS\SYSTEM32\ntdll.dll
0x00007ff876890000 - 0x00007ff87694d000 	C:\WINDOWS\System32\KERNEL32.DLL
0x00007ff8762e0000 - 0x00007ff8765d6000 	C:\WINDOWS\System32\KERNELBASE.dll
0x00007ff875f80000 - 0x00007ff876080000 	C:\WINDOWS\System32\ucrtbase.dll
0x00007ff86f6d0000 - 0x00007ff86f6e8000 	C:\Program Files\BellSoft\LibericaJDK-15-Full\bin\jli.dll
0x00007ff86f6b0000 - 0x00007ff86f6c5000 	C:\Program Files\BellSoft\LibericaJDK-15-Full\bin\VCRUNTIME140.dll
0x00007ff877b50000 - 0x00007ff877cee000 	C:\WINDOWS\System32\USER32.dll
0x00007ff862e70000 - 0x00007ff86310a000 	C:\WINDOWS\WinSxS\amd64_microsoft.windows.common-controls_6595b64144ccf1df_6.0.19041.3636_none_60b6a03d71f818d5\COMCTL32.dll
0x00007ff877ea0000 - 0x00007ff877f3e000 	C:\WINDOWS\System32\msvcrt.dll
0x00007ff876700000 - 0x00007ff876722000 	C:\WINDOWS\System32\win32u.dll
0x00007ff8787c0000 - 0x00007ff8787ec000 	C:\WINDOWS\System32\GDI32.dll
0x00007ff8765e0000 - 0x00007ff8766fa000 	C:\WINDOWS\System32\gdi32full.dll
0x00007ff876240000 - 0x00007ff8762dd000 	C:\WINDOWS\System32\msvcp_win.dll
0x00007ff877b20000 - 0x00007ff877b50000 	C:\WINDOWS\System32\IMM32.DLL
0x00007ff865680000 - 0x00007ff86571b000 	C:\Program Files\BellSoft\LibericaJDK-15-Full\bin\msvcp140.dll
0x00007ff840240000 - 0x00007ff840dd0000 	C:\Program Files\BellSoft\LibericaJDK-15-Full\bin\server\jvm.dll
0x00007ff877850000 - 0x00007ff8778ff000 	C:\WINDOWS\System32\ADVAPI32.dll
0x00007ff876d70000 - 0x00007ff876e0c000 	C:\WINDOWS\System32\sechost.dll
0x00007ff8772e0000 - 0x00007ff877406000 	C:\WINDOWS\System32\RPCRT4.dll
0x00007ff877ab0000 - 0x00007ff877ab8000 	C:\WINDOWS\System32\PSAPI.DLL
0x00007ff873780000 - 0x00007ff8737a7000 	C:\WINDOWS\SYSTEM32\WINMM.dll
0x00007ff873740000 - 0x00007ff873749000 	C:\WINDOWS\SYSTEM32\WSOCK32.dll
0x00007ff867460000 - 0x00007ff86746a000 	C:\WINDOWS\SYSTEM32\VERSION.dll
0x00007ff877410000 - 0x00007ff87747b000 	C:\WINDOWS\System32\ws2_32.DLL
0x00007ff873dd0000 - 0x00007ff873de2000 	C:\WINDOWS\SYSTEM32\kernel.appcore.dll
0x00007ff86f4a0000 - 0x00007ff86f4aa000 	C:\Program Files\BellSoft\LibericaJDK-15-Full\bin\jimage.dll
0x00007ff85f710000 - 0x00007ff85f8f4000 	C:\WINDOWS\SYSTEM32\DBGHELP.DLL
0x00007ff85f6d0000 - 0x00007ff85f704000 	C:\WINDOWS\SYSTEM32\dbgcore.DLL
0x00007ff8761b0000 - 0x00007ff876232000 	C:\WINDOWS\System32\bcryptPrimitives.dll
0x00007ff86dee0000 - 0x00007ff86df05000 	C:\Program Files\BellSoft\LibericaJDK-15-Full\bin\java.dll
0x00007ff877f40000 - 0x00007ff878685000 	C:\WINDOWS\System32\SHELL32.dll
0x00007ff873fd0000 - 0x00007ff87476b000 	C:\WINDOWS\SYSTEM32\windows.storage.dll
0x00007ff8774f0000 - 0x00007ff877844000 	C:\WINDOWS\System32\combase.dll
0x00007ff875950000 - 0x00007ff87597d000 	C:\WINDOWS\SYSTEM32\Wldp.dll
0x00007ff876c10000 - 0x00007ff876cbd000 	C:\WINDOWS\System32\SHCORE.dll
0x00007ff877490000 - 0x00007ff8774e5000 	C:\WINDOWS\System32\shlwapi.dll
0x00007ff875e40000 - 0x00007ff875e65000 	C:\WINDOWS\SYSTEM32\profapi.dll
0x00007ff865b40000 - 0x00007ff865b59000 	C:\Program Files\BellSoft\LibericaJDK-15-Full\bin\net.dll
0x00007ff867a90000 - 0x00007ff867b9a000 	C:\WINDOWS\SYSTEM32\WINHTTP.dll
0x00007ff8756b0000 - 0x00007ff87571a000 	C:\WINDOWS\system32\mswsock.dll
0x00007ff865760000 - 0x00007ff865772000 	C:\Program Files\BellSoft\LibericaJDK-15-Full\bin\nio.dll
0x00007ff865740000 - 0x00007ff865758000 	C:\Program Files\BellSoft\LibericaJDK-15-Full\bin\zip.dll

dbghelp: loaded successfully - version: 4.0.5 - missing functions: none
symbol engine: initialized successfully - sym options: 0x614 - pdb path: .;C:\Program Files\BellSoft\LibericaJDK-15-Full\bin;C:\WINDOWS\SYSTEM32;C:\WINDOWS\WinSxS\amd64_microsoft.windows.common-controls_6595b64144ccf1df_6.0.19041.3636_none_60b6a03d71f818d5;C:\Program Files\BellSoft\LibericaJDK-15-Full\bin\server

VM Arguments:
jvm_args: -Xmx64m -Xms64m -Dorg.gradle.appname=gradlew 
java_command: org.gradle.wrapper.GradleWrapperMain app:installDebug -PreactNativeDevServerPort=8081
java_class_path (initial): C:\Users\Amirull Azmi.DESKTOP-91E5MKF\Documents\WEB PROJECT\WeonAndroid\android\\gradle\wrapper\gradle-wrapper.jar
Launcher Type: SUN_STANDARD

[Global flags]
     intx CICompilerCount                          = 3                                         {product} {ergonomic}
     uint ConcGCThreads                            = 1                                         {product} {ergonomic}
     uint G1ConcRefinementThreads                  = 4                                         {product} {ergonomic}
   size_t G1HeapRegionSize                         = 1048576                                   {product} {ergonomic}
    uintx GCDrainStackTargetSize                   = 64                                        {product} {ergonomic}
   size_t InitialHeapSize                          = 67108864                                  {product} {command line}
   size_t MarkStackSize                            = 4194304                                   {product} {ergonomic}
   size_t MaxHeapSize                              = 67108864                                  {product} {command line}
   size_t MaxNewSize                               = 39845888                                  {product} {ergonomic}
   size_t MinHeapDeltaBytes                        = 1048576                                   {product} {ergonomic}
   size_t MinHeapSize                              = 67108864                                  {product} {command line}
    uintx NonNMethodCodeHeapSize                   = 5832780                                {pd product} {ergonomic}
    uintx NonProfiledCodeHeapSize                  = 122912730                              {pd product} {ergonomic}
    uintx ProfiledCodeHeapSize                     = 122912730                              {pd product} {ergonomic}
    uintx ReservedCodeCacheSize                    = 251658240                              {pd product} {ergonomic}
     bool SegmentedCodeCache                       = true                                      {product} {ergonomic}
   size_t SoftMaxHeapSize                          = 67108864                               {manageable} {ergonomic}
     bool UseCompressedClassPointers               = true                                 {lp64_product} {ergonomic}
     bool UseCompressedOops                        = true                                 {lp64_product} {ergonomic}
     bool UseG1GC                                  = true                                      {product} {ergonomic}
     bool UseLargePagesIndividualAllocation        = false                                  {pd product} {ergonomic}

Logging:
Log output configuration:
 #0: stdout all=warning uptime,level,tags
 #1: stderr all=off uptime,level,tags

Environment Variables:
JAVA_HOME=C:\Program Files\BellSoft\LibericaJDK-15-Full\
CLASSPATH=C:\Users\Amirull Azmi.DESKTOP-91E5MKF\Documents\WEB PROJECT\WeonAndroid\android\\gradle\wrapper\gradle-wrapper.jar
PATH=C:\Users\Amirull Azmi.DESKTOP-91E5MKF\Documents\WEB PROJECT\WeonAndroid\node_modules\.bin;C:\Users\Amirull Azmi.DESKTOP-91E5MKF\Documents\WEB PROJECT\WeonAndroid\node_modules\.bin;C:\Users\Amirull Azmi.DESKTOP-91E5MKF\Documents\WEB PROJECT\node_modules\.bin;C:\Users\Amirull Azmi.DESKTOP-91E5MKF\Documents\node_modules\.bin;C:\Users\Amirull Azmi.DESKTOP-91E5MKF\node_modules\.bin;C:\Users\node_modules\.bin;C:\node_modules\.bin;C:\Users\Amirull Azmi.DESKTOP-91E5MKF\AppData\Roaming\npm\node_modules\npm\node_modules\@npmcli\run-script\lib\node-gyp-bin;C:\Users\Amirull Azmi.DESKTOP-91E5MKF\Documents\WEB PROJECT\WeonAndroid\node_modules\.bin;C:\Users\Amirull Azmi.DESKTOP-91E5MKF\Documents\WEB PROJECT\WeonAndroid\node_modules\.bin;C:\Users\Amirull Azmi.DESKTOP-91E5MKF\Documents\WEB PROJECT\node_modules\.bin;C:\Users\Amirull Azmi.DESKTOP-91E5MKF\Documents\node_modules\.bin;C:\Users\Amirull Azmi.DESKTOP-91E5MKF\node_modules\.bin;C:\Users\node_modules\.bin;C:\node_modules\.bin;C:\Users\Amirull Azmi.DESKTOP-91E5MKF\AppData\Roaming\npm\node_modules\npm\node_modules\@npmcli\run-script\lib\node-gyp-bin;C:\Program Files\BellSoft\LibericaJDK-15-Full\bin\;C:\Python312\Scripts\;C:\Python312\;C:\Python311\Scripts\;C:\Python311\;C:\Program Files\Microsoft\jdk-11.0.18.10-hotspot\bin;C:\WINDOWS\system32;C:\WINDOWS;C:\WINDOWS\System32\Wbem;C:\WINDOWS\System32\WindowsPowerShell\v1.0\;C:\WINDOWS\System32\OpenSSH\;C:\xampp\php;C:\ProgramData\ComposerSetup\bin;C:\Program Files\Git\cmd;C:\ProgramData\chocolatey\bin;C:\Program Files (x86)\Bitvise SSH Client;C:\Program Files\PuTTY\;C:\Program Files\nodejs\;C:\Users\Amirull Azmi.DESKTOP-91E5MKF\AppData\Local\Microsoft\WindowsApps;C:\Users\Amirull Azmi.DESKTOP-91E5MKF\AppData\Local\Programs\Microsoft VS Code\bin;C:\Users\Amirull Azmi.DESKTOP-91E5MKF\AppData\Roaming\Composer\vendor\bin;C:\Android\platform-tools;C:\Users\Amirull Azmi.DESKTOP-91E5MKF\AppData\Roaming\npm
USERNAME=Amirull Azmi
LANG=en_US.UTF-8
OS=Windows_NT
PROCESSOR_IDENTIFIER=Intel64 Family 6 Model 78 Stepping 3, GenuineIntel



---------------  S Y S T E M  ---------------

OS:
 Windows 10 , 64 bit Build 19041 (10.0.19041.3636)
OS uptime: 3 days 20:49 hours

CPU: total 4 (initial active 4) (2 cores per cpu, 2 threads per core) family 6 model 78 stepping 3 microcode 0xcc, cmov, cx8, fxsr, mmx, sse, sse2, sse3, ssse3, sse4.1, sse4.2, popcnt, vzeroupper, avx, avx2, aes, clmul, erms, 3dnowpref, lzcnt, ht, tsc, tscinvbit, bmi1, bmi2, adx, fma, clflush, clflushopt

Memory: 4k page, system-wide physical 8066M (510M free)
TotalPageFile size 10114M (AvailPageFile size 0M)
current process WorkingSet (physical memory assigned to process): 32M, peak: 32M
current process commit charge ("private bytes"): 130M, peak: 131M

vm_info: OpenJDK 64-Bit Server VM (15.0.2+10) for windows-amd64 JRE (15.0.2+10), built on Jan 21 2021 08:07:14 by "" with MS VC++ 15.9 (VS2017)

END.
