#
# There is insufficient memory for the Java Runtime Environment to continue.
# Native memory allocation (mmap) failed to map 39845888 bytes for G1 virtual space
# Possible reasons:
#   The system is out of physical RAM or swap space
#   The process is running with CompressedOops enabled, and the Java Heap may be blocking the growth of the native heap
# Possible solutions:
#   Reduce memory load on the system
#   Increase physical memory or swap space
#   Check if swap backing store is full
#   Decrease Java heap size (-Xmx/-Xms)
#   Decrease number of Java threads
#   Decrease Java thread stack sizes (-Xss)
#   Set larger code cache with -XX:ReservedCodeCacheSize=
#   JVM is running with Unscaled Compressed Oops mode in which the Java heap is
#     placed in the first 4GB address space. The Java Heap base address is the
#     maximum limit for the native heap growth. Please use -XX:HeapBaseMinAddress
#     to set the Java Heap base and to place the Java Heap above 4GB virtual address.
# This output file may be truncated or incomplete.
#
#  Out of Memory Error (./src/hotspot/os/windows/os_windows.cpp:3321), pid=12884, tid=1664
#
# JRE version: OpenJDK Runtime Environment (15.0.2+10) (build 15.0.2+10)
# Java VM: OpenJDK 64-Bit Server VM (15.0.2+10, mixed mode, sharing, tiered, compressed oops, g1 gc, windows-amd64)
# No core dump will be written. Minidumps are not enabled by default on client versions of Windows
#

---------------  S U M M A R Y ------------

Command Line: -XX:MaxMetaspaceSize=512m --add-opens=java.base/java.util=ALL-UNNAMED --add-opens=java.base/java.lang=ALL-UNNAMED --add-opens=java.base/java.lang.invoke=ALL-UNNAMED --add-opens=java.prefs/java.util.prefs=ALL-UNNAMED --add-opens=java.base/java.nio.charset=ALL-UNNAMED --add-opens=java.base/java.net=ALL-UNNAMED --add-opens=java.base/java.util.concurrent.atomic=ALL-UNNAMED -Xmx2048m -Dfile.encoding=windows-1252 -Duser.country=ID -Duser.language=en -Duser.variant org.gradle.launcher.daemon.bootstrap.GradleDaemon 8.0.1

Host: Intel(R) Core(TM) i3-6006U CPU @ 2.00GHz, 4 cores, 7G,  Windows 10 , 64 bit Build 19041 (10.0.19041.3636)
Time: Wed Dec 27 01:27:14 2023 SE Asia Standard Time elapsed time: 59.194255 seconds (0d 0h 0m 59s)

---------------  T H R E A D  ---------------

Current thread (0x0000026c45c352a0):  VMThread "VM Thread" [stack: 0x00000093c1200000,0x00000093c1300000] [id=1664]

Stack: [0x00000093c1200000,0x00000093c1300000]
[error occurred during error reporting (printing stack bounds), id 0xc0000005, EXCEPTION_ACCESS_VIOLATION (0xc0000005) at pc=0x0000026c2fbb10ad]

Native frames: (J=compiled Java code, j=interpreted, Vv=VM code, C=native code)
V  [jvm.dll+0x5f7a0a]
V  [jvm.dll+0x796fb9]
V  [jvm.dll+0x798713]
V  [jvm.dll+0x798cc5]
V  [jvm.dll+0x798c7b]
V  [jvm.dll+0x5f6e2f]
V  [jvm.dll+0x5f75f8]
C  [ntdll.dll+0xa23af]
C  [ntdll.dll+0x514b4]
C  [ntdll.dll+0xa0ebe]
C  0x0000026c2fbb10ad

VM_Operation (0x00000093c0eff370): G1Concurrent, mode: safepoint, requested by thread 0x0000026c26333800


---------------  P R O C E S S  ---------------

Threads class SMR info:
_java_thread_list=0x0000026c4b92b090, length=86, elements={
0x0000026c262e2800, 0x0000026c45c381e0, 0x0000026c45c39bb0, 0x0000026c45c587f0,
0x0000026c45c5d4d0, 0x0000026c45c5de90, 0x0000026c45c5ec30, 0x0000026c45c62700,
0x0000026c465e8070, 0x0000026c466aa200, 0x0000026c466ab4b0, 0x0000026c48077c60,
0x0000026c4819dc10, 0x0000026c475e95c0, 0x0000026c47bd10b0, 0x0000026c478edd60,
0x0000026c48073570, 0x0000026c48109880, 0x0000026c47e16ef0, 0x0000026c47e6c200,
0x0000026c481f4d10, 0x0000026c481f51e0, 0x0000026c481f56b0, 0x0000026c481f39d0,
0x0000026c481f5b80, 0x0000026c481f3ea0, 0x0000026c481f4370, 0x0000026c481f6050,
0x0000026c481f3500, 0x0000026c481f6520, 0x0000026c481f2b60, 0x0000026c48dc27f0,
0x0000026c48dc3190, 0x0000026c48dc3b30, 0x0000026c48dc1e50, 0x0000026c48dc1980,
0x0000026c48dc3660, 0x0000026c48dc14b0, 0x0000026c48dc44d0, 0x0000026c48dc0b10,
0x0000026c48dbee30, 0x0000026c48dc4e70, 0x0000026c48dbdaf0, 0x0000026c48dbdfc0,
0x0000026c48dbf300, 0x0000026c48dbe490, 0x0000026c48dbe960, 0x0000026c48dbf7d0,
0x0000026c48dbfca0, 0x0000026c48dc0170, 0x0000026c48dc0640, 0x0000026c483db570,
0x0000026c483da230, 0x0000026c483d8080, 0x0000026c483d8550, 0x0000026c483d93c0,
0x0000026c483dabd0, 0x0000026c483d5530, 0x0000026c483d5ed0, 0x0000026c483d6d40,
0x0000026c483d8a20, 0x0000026c483d7210, 0x0000026c483dc8b0, 0x0000026c483d9890,
0x0000026c483d76e0, 0x0000026c483d8ef0, 0x0000026c483d5a00, 0x0000026c483d5060,
0x0000026c4c99ef00, 0x0000026c4c99e090, 0x0000026c4c99dbc0, 0x0000026c4c9a0be0,
0x0000026c4c99aba0, 0x0000026c4c99fd70, 0x0000026c4c9a1580, 0x0000026c4c99b070,
0x0000026c4c99b540, 0x0000026c4c99ba10, 0x0000026c4c99c3b0, 0x0000026c4c99e560,
0x0000026c4c99c880, 0x0000026c4c99a6d0, 0x0000026c4c99bee0, 0x0000026c4c99d220,
0x0000026c4c99d6f0, 0x0000026c4c99cd50
}

Java Threads: ( => current thread )
  0x0000026c262e2800 JavaThread "main" [_thread_blocked, id=11204, stack(0x00000093c0c00000,0x00000093c0d00000)]
  0x0000026c45c381e0 JavaThread "Reference Handler" daemon [_thread_blocked, id=11068, stack(0x00000093c1300000,0x00000093c1400000)]
  0x0000026c45c39bb0 JavaThread "Finalizer" daemon [_thread_blocked, id=6680, stack(0x00000093c1400000,0x00000093c1500000)]
  0x0000026c45c587f0 JavaThread "Signal Dispatcher" daemon [_thread_blocked, id=3880, stack(0x00000093c1500000,0x00000093c1600000)]
  0x0000026c45c5d4d0 JavaThread "Attach Listener" daemon [_thread_blocked, id=14812, stack(0x00000093c1600000,0x00000093c1700000)]
  0x0000026c45c5de90 JavaThread "Service Thread" daemon [_thread_blocked, id=1524, stack(0x00000093c1700000,0x00000093c1800000)]
  0x0000026c45c5ec30 JavaThread "C2 CompilerThread0" daemon [_thread_blocked, id=9804, stack(0x00000093c1800000,0x00000093c1900000)]
  0x0000026c45c62700 JavaThread "C1 CompilerThread0" daemon [_thread_blocked, id=1440, stack(0x00000093c1900000,0x00000093c1a00000)]
  0x0000026c465e8070 JavaThread "Sweeper thread" daemon [_thread_blocked, id=10928, stack(0x00000093c1a00000,0x00000093c1b00000)]
  0x0000026c466aa200 JavaThread "Common-Cleaner" daemon [_thread_blocked, id=3460, stack(0x00000093c1b00000,0x00000093c1c00000)]
  0x0000026c466ab4b0 JavaThread "Notification Thread" daemon [_thread_blocked, id=14548, stack(0x00000093c1c00000,0x00000093c1d00000)]
  0x0000026c48077c60 JavaThread "Daemon health stats" [_thread_blocked, id=13936, stack(0x00000093c2100000,0x00000093c2200000)]
  0x0000026c4819dc10 JavaThread "Incoming local TCP Connector on port 62747" [_thread_in_native, id=14580, stack(0x00000093c2200000,0x00000093c2300000)]
  0x0000026c475e95c0 JavaThread "Daemon periodic checks" [_thread_blocked, id=8708, stack(0x00000093c2300000,0x00000093c2400000)]
  0x0000026c47bd10b0 JavaThread "Daemon" [_thread_blocked, id=796, stack(0x00000093c2400000,0x00000093c2500000)]
  0x0000026c478edd60 JavaThread "Handler for socket connection from /127.0.0.1:62747 to /127.0.0.1:62748" [_thread_in_native, id=16264, stack(0x00000093c2500000,0x00000093c2600000)]
  0x0000026c48073570 JavaThread "Cancel handler" [_thread_blocked, id=8092, stack(0x00000093c2600000,0x00000093c2700000)]
  0x0000026c48109880 JavaThread "Daemon worker" [_thread_blocked, id=3156, stack(0x00000093c2700000,0x00000093c2800000)]
  0x0000026c47e16ef0 JavaThread "Asynchronous log dispatcher for DefaultDaemonConnection: socket connection from /127.0.0.1:62747 to /127.0.0.1:62748" [_thread_blocked, id=1484, stack(0x00000093c2800000,0x00000093c2900000)]
  0x0000026c47e6c200 JavaThread "Stdin handler" [_thread_blocked, id=14444, stack(0x00000093c2900000,0x00000093c2a00000)]
  0x0000026c481f4d10 JavaThread "Daemon client event forwarder" [_thread_blocked, id=14388, stack(0x00000093c2a00000,0x00000093c2b00000)]
  0x0000026c481f51e0 JavaThread "Cache worker for journal cache (C:\Users\Amirull Azmi.DESKTOP-91E5MKF\.gradle\caches\journal-1)" [_thread_blocked, id=15960, stack(0x00000093c2b00000,0x00000093c2c00000)]
  0x0000026c481f56b0 JavaThread "File lock request listener" [_thread_in_native, id=14376, stack(0x00000093c2c00000,0x00000093c2d00000)]
  0x0000026c481f39d0 JavaThread "Cache worker for file hash cache (C:\Users\Amirull Azmi.DESKTOP-91E5MKF\.gradle\caches\8.0.1\fileHashes)" [_thread_blocked, id=13588, stack(0x00000093c2d00000,0x00000093c2e00000)]
  0x0000026c481f5b80 JavaThread "File watcher server" daemon [_thread_in_native, id=14356, stack(0x00000093c2f00000,0x00000093c3000000)]
  0x0000026c481f3ea0 JavaThread "File watcher consumer" daemon [_thread_blocked, id=14400, stack(0x00000093c3000000,0x00000093c3100000)]
  0x0000026c481f4370 JavaThread "Cache worker for checksums cache (C:\Users\Amirull Azmi.DESKTOP-91E5MKF\Documents\WEB PROJECT\WeonAndroid\android\.gradle\8.0.1\checksums)" [_thread_blocked, id=7712, stack(0x00000093c1e00000,0x00000093c1f00000)]
  0x0000026c481f6050 JavaThread "Cache worker for cache directory md-rule (C:\Users\Amirull Azmi.DESKTOP-91E5MKF\.gradle\caches\8.0.1\md-rule)" [_thread_blocked, id=8992, stack(0x00000093c3100000,0x00000093c3200000)]
  0x0000026c481f3500 JavaThread "Cache worker for file content cache (C:\Users\Amirull Azmi.DESKTOP-91E5MKF\.gradle\caches\8.0.1\fileContent)" [_thread_blocked, id=11196, stack(0x00000093c3200000,0x00000093c3300000)]
  0x0000026c481f6520 JavaThread "Cache worker for file hash cache (C:\Users\Amirull Azmi.DESKTOP-91E5MKF\Documents\WEB PROJECT\WeonAndroid\android\.gradle\8.0.1\fileHashes)" [_thread_blocked, id=18032, stack(0x00000093c3500000,0x00000093c3600000)]
  0x0000026c481f2b60 JavaThread "Cache worker for cache directory md-supplier (C:\Users\Amirull Azmi.DESKTOP-91E5MKF\.gradle\caches\8.0.1\md-supplier)" [_thread_blocked, id=10012, stack(0x00000093c3600000,0x00000093c3700000)]
  0x0000026c48dc27f0 JavaThread "Cache worker for execution history cache (C:\Users\Amirull Azmi.DESKTOP-91E5MKF\.gradle\caches\8.0.1\executionHistory)" [_thread_blocked, id=4848, stack(0x00000093c3400000,0x00000093c3500000)]
  0x0000026c48dc3190 JavaThread "jar transforms" [_thread_blocked, id=13852, stack(0x00000093c3800000,0x00000093c3900000)]
  0x0000026c48dc3b30 JavaThread "jar transforms Thread 2" [_thread_blocked, id=16308, stack(0x00000093c3900000,0x00000093c3a00000)]
  0x0000026c48dc1e50 JavaThread "jar transforms Thread 3" [_thread_blocked, id=10272, stack(0x00000093c3a00000,0x00000093c3b00000)]
  0x0000026c48dc1980 JavaThread "jar transforms Thread 4" [_thread_blocked, id=13524, stack(0x00000093c3b00000,0x00000093c3c00000)]
  0x0000026c48dc3660 JavaThread "Cache worker for kotlin-dsl (C:\Users\Amirull Azmi.DESKTOP-91E5MKF\.gradle\caches\8.0.1\kotlin-dsl)" [_thread_blocked, id=13508, stack(0x00000093c3c00000,0x00000093c3d00000)]
  0x0000026c48dc14b0 JavaThread "Cache worker for dependencies-accessors (C:\Users\Amirull Azmi.DESKTOP-91E5MKF\Documents\WEB PROJECT\WeonAndroid\android\.gradle\8.0.1\dependencies-accessors)" [_thread_blocked, id=14264, stack(0x00000093c3d00000,0x00000093c3e00000)]
  0x0000026c48dc44d0 JavaThread "Cache worker for Build Output Cleanup Cache (C:\Users\Amirull Azmi.DESKTOP-91E5MKF\Documents\WEB PROJECT\WeonAndroid\node_modules\@react-native\gradle-plugin\.gradle\buildOutputCleanup)" [_thread_blocked, id=13512, stack(0x00000093c3e00000,0x00000093c3f00000)]
  0x0000026c48dc0b10 JavaThread "Unconstrained build operations" [_thread_blocked, id=8728, stack(0x00000093c3700000,0x00000093c3800000)]
  0x0000026c48dbee30 JavaThread "Unconstrained build operations Thread 2" [_thread_blocked, id=14536, stack(0x00000093c3f00000,0x00000093c4000000)]
  0x0000026c48dc4e70 JavaThread "Unconstrained build operations Thread 3" [_thread_blocked, id=15156, stack(0x00000093c4000000,0x00000093c4100000)]
  0x0000026c48dbdaf0 JavaThread "Unconstrained build operations Thread 4" [_thread_blocked, id=9288, stack(0x00000093c4100000,0x00000093c4200000)]
  0x0000026c48dbdfc0 JavaThread "Unconstrained build operations Thread 5" [_thread_blocked, id=13688, stack(0x00000093c4200000,0x00000093c4300000)]
  0x0000026c48dbf300 JavaThread "Unconstrained build operations Thread 6" [_thread_blocked, id=3168, stack(0x00000093c4300000,0x00000093c4400000)]
  0x0000026c48dbe490 JavaThread "Unconstrained build operations Thread 7" [_thread_blocked, id=5940, stack(0x00000093c4400000,0x00000093c4500000)]
  0x0000026c48dbe960 JavaThread "Unconstrained build operations Thread 8" [_thread_blocked, id=2240, stack(0x00000093c4500000,0x00000093c4600000)]
  0x0000026c48dbf7d0 JavaThread "Unconstrained build operations Thread 9" [_thread_blocked, id=15688, stack(0x00000093c4600000,0x00000093c4700000)]
  0x0000026c48dbfca0 JavaThread "Unconstrained build operations Thread 10" [_thread_blocked, id=11656, stack(0x00000093c4700000,0x00000093c4800000)]
  0x0000026c48dc0170 JavaThread "Unconstrained build operations Thread 11" [_thread_blocked, id=18224, stack(0x00000093c4800000,0x00000093c4900000)]
  0x0000026c48dc0640 JavaThread "Unconstrained build operations Thread 12" [_thread_blocked, id=15356, stack(0x00000093c4900000,0x00000093c4a00000)]
  0x0000026c483db570 JavaThread "Unconstrained build operations Thread 13" [_thread_blocked, id=14528, stack(0x00000093c4a00000,0x00000093c4b00000)]
  0x0000026c483da230 JavaThread "Unconstrained build operations Thread 14" [_thread_blocked, id=8864, stack(0x00000093c4b00000,0x00000093c4c00000)]
  0x0000026c483d8080 JavaThread "Unconstrained build operations Thread 15" [_thread_blocked, id=12344, stack(0x00000093c4c00000,0x00000093c4d00000)]
  0x0000026c483d8550 JavaThread "Unconstrained build operations Thread 16" [_thread_blocked, id=16140, stack(0x00000093c4d00000,0x00000093c4e00000)]
  0x0000026c483d93c0 JavaThread "Unconstrained build operations Thread 17" [_thread_blocked, id=13736, stack(0x00000093c4e00000,0x00000093c4f00000)]
  0x0000026c483dabd0 JavaThread "Unconstrained build operations Thread 18" [_thread_blocked, id=8292, stack(0x00000093c4f00000,0x00000093c5000000)]
  0x0000026c483d5530 JavaThread "Unconstrained build operations Thread 19" [_thread_blocked, id=6444, stack(0x00000093c5000000,0x00000093c5100000)]
  0x0000026c483d5ed0 JavaThread "Unconstrained build operations Thread 20" [_thread_blocked, id=8396, stack(0x00000093c5100000,0x00000093c5200000)]
  0x0000026c483d6d40 JavaThread "Unconstrained build operations Thread 21" [_thread_blocked, id=16292, stack(0x00000093c5200000,0x00000093c5300000)]
  0x0000026c483d8a20 JavaThread "Unconstrained build operations Thread 22" [_thread_blocked, id=14656, stack(0x00000093c5300000,0x00000093c5400000)]
  0x0000026c483d7210 JavaThread "Unconstrained build operations Thread 23" [_thread_blocked, id=11944, stack(0x00000093c5400000,0x00000093c5500000)]
  0x0000026c483dc8b0 JavaThread "Unconstrained build operations Thread 24" [_thread_blocked, id=1016, stack(0x00000093c5500000,0x00000093c5600000)]
  0x0000026c483d9890 JavaThread "Unconstrained build operations Thread 25" [_thread_blocked, id=13980, stack(0x00000093c5600000,0x00000093c5700000)]
  0x0000026c483d76e0 JavaThread "Unconstrained build operations Thread 26" [_thread_blocked, id=6760, stack(0x00000093c5700000,0x00000093c5800000)]
  0x0000026c483d8ef0 JavaThread "Memory manager" [_thread_blocked, id=17236, stack(0x00000093c5900000,0x00000093c5a00000)]
  0x0000026c483d5a00 JavaThread "Cache worker for Build Output Cleanup Cache (C:\Users\Amirull Azmi.DESKTOP-91E5MKF\Documents\WEB PROJECT\WeonAndroid\android\.gradle\buildOutputCleanup)" [_thread_blocked, id=17212, stack(0x00000093c5a00000,0x00000093c5b00000)]
  0x0000026c483d5060 JavaThread "included builds" [_thread_blocked, id=12336, stack(0x00000093c5b00000,0x00000093c5c00000)]
  0x0000026c4c99ef00 JavaThread "Execution worker" [_thread_blocked, id=6480, stack(0x00000093c5c00000,0x00000093c5d00000)]
  0x0000026c4c99e090 JavaThread "Execution worker Thread 2" [_thread_blocked, id=13260, stack(0x00000093c5d00000,0x00000093c5e00000)]
  0x0000026c4c99dbc0 JavaThread "Execution worker Thread 3" [_thread_blocked, id=17216, stack(0x00000093c5e00000,0x00000093c5f00000)]
  0x0000026c4c9a0be0 JavaThread "Cache worker for execution history cache (C:\Users\Amirull Azmi.DESKTOP-91E5MKF\Documents\WEB PROJECT\WeonAndroid\node_modules\@react-native\gradle-plugin\.gradle\8.0.1\executionHistory)" [_thread_blocked, id=10208, stack(0x00000093c5f00000,0x00000093c6000000)]
  0x0000026c4c99aba0 JavaThread "Unconstrained build operations Thread 27" [_thread_blocked, id=15640, stack(0x00000093c6200000,0x00000093c6300000)]
  0x0000026c4c99fd70 JavaThread "Unconstrained build operations Thread 28" [_thread_blocked, id=15396, stack(0x00000093c6300000,0x00000093c6400000)]
  0x0000026c4c9a1580 JavaThread "Unconstrained build operations Thread 29" [_thread_blocked, id=6616, stack(0x00000093c6400000,0x00000093c6500000)]
  0x0000026c4c99b070 JavaThread "Unconstrained build operations Thread 30" [_thread_blocked, id=17668, stack(0x00000093c6500000,0x00000093c6600000)]
  0x0000026c4c99b540 JavaThread "Unconstrained build operations Thread 31" [_thread_blocked, id=17776, stack(0x00000093c6600000,0x00000093c6700000)]
  0x0000026c4c99ba10 JavaThread "Unconstrained build operations Thread 32" [_thread_blocked, id=16284, stack(0x00000093c6700000,0x00000093c6800000)]
  0x0000026c4c99c3b0 JavaThread "Unconstrained build operations Thread 33" [_thread_blocked, id=17688, stack(0x00000093c6800000,0x00000093c6900000)]
  0x0000026c4c99e560 JavaThread "Unconstrained build operations Thread 34" [_thread_blocked, id=8648, stack(0x00000093c6900000,0x00000093c6a00000)]
  0x0000026c4c99c880 JavaThread "Unconstrained build operations Thread 35" [_thread_blocked, id=8280, stack(0x00000093c6a00000,0x00000093c6b00000)]
  0x0000026c4c99a6d0 JavaThread "Unconstrained build operations Thread 36" [_thread_blocked, id=16016, stack(0x00000093c6b00000,0x00000093c6c00000)]
  0x0000026c4c99bee0 JavaThread "Unconstrained build operations Thread 37" [_thread_blocked, id=16208, stack(0x00000093c6c00000,0x00000093c6d00000)]
  0x0000026c4c99d220 JavaThread "Unconstrained build operations Thread 38" [_thread_blocked, id=8896, stack(0x00000093c6d00000,0x00000093c6e00000)]
  0x0000026c4c99d6f0 JavaThread "Unconstrained build operations Thread 39" [_thread_blocked, id=16752, stack(0x00000093c6e00000,0x00000093c6f00000)]
  0x0000026c4c99cd50 JavaThread "Unconstrained build operations Thread 40" [_thread_blocked, id=17816, stack(0x00000093c6f00000,0x00000093c7000000)]

Other Threads:
=>0x0000026c45c352a0 VMThread "VM Thread" [stack: 0x00000093c1200000,0x00000093c1300000] [id=1664]
  0x0000026c466ab980 WatcherThread [stack: 0x00000093c1d00000,0x00000093c1e00000] [id=16944]
  0x0000026c263227a0 GCTaskThread "GC Thread#0" [stack: 0x00000093c0d00000,0x00000093c0e00000] [id=14760]
  0x0000026c46691a60 GCTaskThread "GC Thread#1" [stack: 0x00000093c1f00000,0x00000093c2000000] [id=14700]
  0x0000026c466920c0 GCTaskThread "GC Thread#2" [stack: 0x00000093c2000000,0x00000093c2100000] [id=15860]
  0x0000026c46691d90 GCTaskThread "GC Thread#3" [stack: 0x00000093c2e00000,0x00000093c2f00000] [id=7012]
  0x0000026c26333800 ConcurrentGCThread "G1 Main Marker" [stack: 0x00000093c0e00000,0x00000093c0f00000] [id=13368]
  0x0000026c26334300 ConcurrentGCThread "G1 Conc#0" [stack: 0x00000093c0f00000,0x00000093c1000000] [id=12016]
  0x0000026c263ab210 ConcurrentGCThread "G1 Refine#0" [stack: 0x00000093c1000000,0x00000093c1100000] [id=17204]
  0x0000026c47a60d10 ConcurrentGCThread "G1 Refine#1" [stack: 0x00000093c3300000,0x00000093c3400000] [id=16104]
  0x0000026c263abd20 ConcurrentGCThread "G1 Young RemSet Sampling" [stack: 0x00000093c1100000,0x00000093c1200000] [id=2468]

Threads with active compile tasks:

VM state: at safepoint (normal execution)

VM Mutex/Monitor currently owned by a thread:  ([mutex/lock_event])
[0x0000026c262dc860] Threads_lock - owner thread: 0x0000026c45c352a0
[0x0000026c262dc7d0] Heap_lock - owner thread: 0x0000026c26333800

Heap address: 0x0000000080000000, size: 2048 MB, Compressed Oops mode: 32-bit
CDS archive(s) mapped at: [0x0000000800000000-0x0000000800b50000-0x0000000800b50000), size 11862016, SharedBaseAddress: 0x0000000800000000, ArchiveRelocationMode: 0.
Compressed class space mapped at: 0x0000000800b50000-0x0000000820350000, size: 528482304
Narrow klass base: 0x0000000800000000, Narrow klass shift: 3, Narrow klass range: 0x100000000

GC Precious Log:
 CPUs: 4 total, 4 available
 Memory: 8066M
 Large Page Support: Disabled
 NUMA Support: Disabled
 Compressed Oops: Enabled (32-bit)
 Heap Region Size: 1M
 Heap Min Capacity: 8M
 Heap Initial Capacity: 128M
 Heap Max Capacity: 2G
 Pre-touch: Disabled
 Parallel Workers: 4
 Concurrent Workers: 1
 Concurrent Refinement Workers: 4
 Periodic GC: Disabled

Heap:
 garbage-first heap   total 247808K, used 145193K [0x0000000080000000, 0x0000000100000000)
  region size 1024K, 13 young (13312K), 4 survivors (4096K)
 Metaspace       used 88037K, capacity 89992K, committed 90164K, reserved 593920K
  class space    used 11826K, capacity 12487K, committed 12492K, reserved 516096K

Heap Regions: E=young(eden), S=young(survivor), O=old, HS=humongous(starts), HC=humongous(continues), CS=collection set, F=free, OA=open archive, CA=closed archive, TAMS=top-at-mark-start (previous, next)
|   0|0x0000000080000000, 0x0000000080100000, 0x0000000080100000|100%| O|  |TAMS 0x0000000080100000, 0x0000000080000000| Updating 
|   1|0x0000000080100000, 0x0000000080200000, 0x0000000080200000|100%| O|  |TAMS 0x0000000080200000, 0x0000000080100000| Updating 
|   2|0x0000000080200000, 0x0000000080300000, 0x0000000080300000|100%|HS|  |TAMS 0x0000000080300000, 0x0000000080200000| Complete 
|   3|0x0000000080300000, 0x0000000080400000, 0x0000000080400000|100%|HC|  |TAMS 0x0000000080400000, 0x0000000080300000| Complete 
|   4|0x0000000080400000, 0x0000000080500000, 0x0000000080500000|100%|HC|  |TAMS 0x0000000080500000, 0x0000000080400000| Complete 
|   5|0x0000000080500000, 0x0000000080600000, 0x0000000080600000|100%|HC|  |TAMS 0x0000000080600000, 0x0000000080500000| Complete 
|   6|0x0000000080600000, 0x0000000080700000, 0x0000000080700000|100%| O|  |TAMS 0x0000000080700000, 0x0000000080600000| Updating 
|   7|0x0000000080700000, 0x0000000080800000, 0x0000000080800000|100%| O|  |TAMS 0x0000000080800000, 0x0000000080700000| Updating 
|   8|0x0000000080800000, 0x0000000080900000, 0x0000000080900000|100%| O|  |TAMS 0x0000000080900000, 0x0000000080800000| Updating 
|   9|0x0000000080900000, 0x0000000080a00000, 0x0000000080a00000|100%| O|  |TAMS 0x0000000080a00000, 0x0000000080900000| Updating 
|  10|0x0000000080a00000, 0x0000000080b00000, 0x0000000080b00000|100%| O|  |TAMS 0x0000000080b00000, 0x0000000080a00000| Updating 
|  11|0x0000000080b00000, 0x0000000080c00000, 0x0000000080c00000|100%| O|  |TAMS 0x0000000080c00000, 0x0000000080b00000| Updating 
|  12|0x0000000080c00000, 0x0000000080d00000, 0x0000000080d00000|100%| O|  |TAMS 0x0000000080d00000, 0x0000000080c00000| Updating 
|  13|0x0000000080d00000, 0x0000000080e00000, 0x0000000080e00000|100%| O|  |TAMS 0x0000000080e00000, 0x0000000080d00000| Updating 
|  14|0x0000000080e00000, 0x0000000080f00000, 0x0000000080f00000|100%| O|  |TAMS 0x0000000080f00000, 0x0000000080e00000| Updating 
|  15|0x0000000080f00000, 0x0000000081000000, 0x0000000081000000|100%| O|  |TAMS 0x0000000081000000, 0x0000000080f00000| Updating 
|  16|0x0000000081000000, 0x0000000081100000, 0x0000000081100000|100%| O|  |TAMS 0x0000000081100000, 0x0000000081000000| Updating 
|  17|0x0000000081100000, 0x0000000081200000, 0x0000000081200000|100%| O|  |TAMS 0x0000000081200000, 0x0000000081100000| Updating 
|  18|0x0000000081200000, 0x0000000081300000, 0x0000000081300000|100%| O|  |TAMS 0x0000000081300000, 0x0000000081200000| Updating 
|  19|0x0000000081300000, 0x0000000081400000, 0x0000000081400000|100%| O|  |TAMS 0x0000000081400000, 0x0000000081300000| Updating 
|  20|0x0000000081400000, 0x0000000081500000, 0x0000000081500000|100%| O|  |TAMS 0x0000000081500000, 0x0000000081400000| Updating 
|  21|0x0000000081500000, 0x0000000081600000, 0x0000000081600000|100%| O|  |TAMS 0x0000000081600000, 0x0000000081500000| Updating 
|  22|0x0000000081600000, 0x0000000081700000, 0x0000000081700000|100%| O|  |TAMS 0x0000000081700000, 0x0000000081600000| Updating 
|  23|0x0000000081700000, 0x0000000081800000, 0x0000000081800000|100%| O|  |TAMS 0x0000000081800000, 0x0000000081700000| Updating 
|  24|0x0000000081800000, 0x0000000081900000, 0x0000000081900000|100%| O|  |TAMS 0x0000000081900000, 0x0000000081800000| Updating 
|  25|0x0000000081900000, 0x0000000081a00000, 0x0000000081a00000|100%| O|  |TAMS 0x0000000081a00000, 0x0000000081900000| Updating 
|  26|0x0000000081a00000, 0x0000000081b00000, 0x0000000081b00000|100%| O|  |TAMS 0x0000000081b00000, 0x0000000081a00000| Updating 
|  27|0x0000000081b00000, 0x0000000081c00000, 0x0000000081c00000|100%| O|  |TAMS 0x0000000081c00000, 0x0000000081b00000| Updating 
|  28|0x0000000081c00000, 0x0000000081d00000, 0x0000000081d00000|100%| O|  |TAMS 0x0000000081d00000, 0x0000000081c00000| Updating 
|  29|0x0000000081d00000, 0x0000000081e00000, 0x0000000081e00000|100%|HS|  |TAMS 0x0000000081e00000, 0x0000000081d00000| Complete 
|  30|0x0000000081e00000, 0x0000000081f00000, 0x0000000081f00000|100%|HC|  |TAMS 0x0000000081f00000, 0x0000000081e00000| Complete 
|  31|0x0000000081f00000, 0x0000000082000000, 0x0000000082000000|100%| O|  |TAMS 0x0000000082000000, 0x0000000081f00000| Updating 
|  32|0x0000000082000000, 0x0000000082100000, 0x0000000082100000|100%| O|  |TAMS 0x0000000082100000, 0x0000000082000000| Updating 
|  33|0x0000000082100000, 0x0000000082200000, 0x0000000082200000|100%| O|  |TAMS 0x0000000082200000, 0x0000000082100000| Updating 
|  34|0x0000000082200000, 0x0000000082300000, 0x0000000082300000|100%| O|  |TAMS 0x0000000082300000, 0x0000000082200000| Updating 
|  35|0x0000000082300000, 0x0000000082400000, 0x0000000082400000|100%|HS|  |TAMS 0x0000000082400000, 0x0000000082300000| Complete 
|  36|0x0000000082400000, 0x0000000082500000, 0x0000000082500000|100%|HC|  |TAMS 0x0000000082500000, 0x0000000082400000| Complete 
|  37|0x0000000082500000, 0x0000000082600000, 0x0000000082600000|100%|HC|  |TAMS 0x0000000082600000, 0x0000000082500000| Complete 
|  38|0x0000000082600000, 0x0000000082700000, 0x0000000082700000|100%|HC|  |TAMS 0x0000000082700000, 0x0000000082600000| Complete 
|  39|0x0000000082700000, 0x0000000082800000, 0x0000000082800000|100%| O|  |TAMS 0x0000000082800000, 0x0000000082700000| Updating 
|  40|0x0000000082800000, 0x0000000082900000, 0x0000000082900000|100%| O|  |TAMS 0x0000000082900000, 0x0000000082800000| Updating 
|  41|0x0000000082900000, 0x0000000082a00000, 0x0000000082a00000|100%| O|  |TAMS 0x0000000082a00000, 0x0000000082900000| Updating 
|  42|0x0000000082a00000, 0x0000000082b00000, 0x0000000082b00000|100%| O|  |TAMS 0x0000000082b00000, 0x0000000082a00000| Updating 
|  43|0x0000000082b00000, 0x0000000082c00000, 0x0000000082c00000|100%| O|  |TAMS 0x0000000082c00000, 0x0000000082b00000| Updating 
|  44|0x0000000082c00000, 0x0000000082d00000, 0x0000000082d00000|100%| O|  |TAMS 0x0000000082d00000, 0x0000000082c00000| Updating 
|  45|0x0000000082d00000, 0x0000000082e00000, 0x0000000082e00000|100%| O|  |TAMS 0x0000000082e00000, 0x0000000082d00000| Updating 
|  46|0x0000000082e00000, 0x0000000082f00000, 0x0000000082f00000|100%| O|  |TAMS 0x0000000082f00000, 0x0000000082e00000| Updating 
|  47|0x0000000082f00000, 0x0000000083000000, 0x0000000083000000|100%| O|  |TAMS 0x0000000083000000, 0x0000000082f00000| Updating 
|  48|0x0000000083000000, 0x0000000083100000, 0x0000000083100000|100%| O|  |TAMS 0x0000000083100000, 0x0000000083000000| Updating 
|  49|0x0000000083100000, 0x0000000083200000, 0x0000000083200000|100%| O|  |TAMS 0x0000000083200000, 0x0000000083100000| Updating 
|  50|0x0000000083200000, 0x0000000083300000, 0x0000000083300000|100%| O|  |TAMS 0x0000000083300000, 0x0000000083200000| Updating 
|  51|0x0000000083300000, 0x0000000083400000, 0x0000000083400000|100%| O|  |TAMS 0x0000000083400000, 0x0000000083300000| Updating 
|  52|0x0000000083400000, 0x0000000083500000, 0x0000000083500000|100%| O|  |TAMS 0x0000000083500000, 0x0000000083400000| Updating 
|  53|0x0000000083500000, 0x0000000083600000, 0x0000000083600000|100%| O|  |TAMS 0x0000000083600000, 0x0000000083500000| Updating 
|  54|0x0000000083600000, 0x0000000083700000, 0x0000000083700000|100%| O|  |TAMS 0x0000000083700000, 0x0000000083600000| Updating 
|  55|0x0000000083700000, 0x0000000083800000, 0x0000000083800000|100%| O|  |TAMS 0x0000000083800000, 0x0000000083700000| Updating 
|  56|0x0000000083800000, 0x0000000083900000, 0x0000000083900000|100%| O|  |TAMS 0x0000000083900000, 0x0000000083800000| Updating 
|  57|0x0000000083900000, 0x0000000083a00000, 0x0000000083a00000|100%| O|  |TAMS 0x0000000083a00000, 0x0000000083900000| Updating 
|  58|0x0000000083a00000, 0x0000000083b00000, 0x0000000083b00000|100%| O|  |TAMS 0x0000000083b00000, 0x0000000083a00000| Updating 
|  59|0x0000000083b00000, 0x0000000083c00000, 0x0000000083c00000|100%| O|  |TAMS 0x0000000083c00000, 0x0000000083b00000| Updating 
|  60|0x0000000083c00000, 0x0000000083d00000, 0x0000000083d00000|100%| O|  |TAMS 0x0000000083d00000, 0x0000000083c00000| Updating 
|  61|0x0000000083d00000, 0x0000000083e00000, 0x0000000083e00000|100%| O|  |TAMS 0x0000000083e00000, 0x0000000083d00000| Updating 
|  62|0x0000000083e00000, 0x0000000083f00000, 0x0000000083f00000|100%| O|  |TAMS 0x0000000083f00000, 0x0000000083e00000| Updating 
|  63|0x0000000083f00000, 0x0000000084000000, 0x0000000084000000|100%| O|  |TAMS 0x0000000084000000, 0x0000000083f00000| Updating 
|  64|0x0000000084000000, 0x0000000084100000, 0x0000000084100000|100%|HS|  |TAMS 0x0000000084100000, 0x0000000084000000| Complete 
|  65|0x0000000084100000, 0x0000000084200000, 0x0000000084200000|100%|HS|  |TAMS 0x0000000084200000, 0x0000000084100000| Complete 
|  66|0x0000000084200000, 0x0000000084300000, 0x0000000084300000|100%| O|  |TAMS 0x0000000084300000, 0x0000000084200000| Updating 
|  67|0x0000000084300000, 0x0000000084400000, 0x0000000084400000|100%| O|  |TAMS 0x0000000084400000, 0x0000000084300000| Updating 
|  68|0x0000000084400000, 0x0000000084500000, 0x0000000084500000|100%| O|  |TAMS 0x0000000084500000, 0x0000000084400000| Updating 
|  69|0x0000000084500000, 0x0000000084600000, 0x0000000084600000|100%| O|  |TAMS 0x0000000084600000, 0x0000000084500000| Updating 
|  70|0x0000000084600000, 0x0000000084700000, 0x0000000084700000|100%| O|  |TAMS 0x0000000084700000, 0x0000000084600000| Updating 
|  71|0x0000000084700000, 0x0000000084800000, 0x0000000084800000|100%| O|  |TAMS 0x0000000084800000, 0x0000000084700000| Updating 
|  72|0x0000000084800000, 0x0000000084900000, 0x0000000084900000|100%| O|  |TAMS 0x0000000084900000, 0x0000000084800000| Updating 
|  73|0x0000000084900000, 0x0000000084a00000, 0x0000000084a00000|100%| O|  |TAMS 0x0000000084a00000, 0x0000000084900000| Updating 
|  74|0x0000000084a00000, 0x0000000084b00000, 0x0000000084b00000|100%| O|  |TAMS 0x0000000084b00000, 0x0000000084a00000| Updating 
|  75|0x0000000084b00000, 0x0000000084c00000, 0x0000000084c00000|100%| O|  |TAMS 0x0000000084c00000, 0x0000000084b00000| Updating 
|  76|0x0000000084c00000, 0x0000000084d00000, 0x0000000084d00000|100%| O|  |TAMS 0x0000000084d00000, 0x0000000084c00000| Updating 
|  77|0x0000000084d00000, 0x0000000084e00000, 0x0000000084e00000|100%| O|  |TAMS 0x0000000084e00000, 0x0000000084d00000| Updating 
|  78|0x0000000084e00000, 0x0000000084f00000, 0x0000000084f00000|100%| O|  |TAMS 0x0000000084f00000, 0x0000000084e00000| Updating 
|  79|0x0000000084f00000, 0x0000000085000000, 0x0000000085000000|100%| O|  |TAMS 0x0000000085000000, 0x0000000084f00000| Updating 
|  80|0x0000000085000000, 0x0000000085100000, 0x0000000085100000|100%| O|  |TAMS 0x0000000085100000, 0x0000000085000000| Updating 
|  81|0x0000000085100000, 0x0000000085200000, 0x0000000085200000|100%| O|  |TAMS 0x0000000085200000, 0x0000000085100000| Updating 
|  82|0x0000000085200000, 0x0000000085300000, 0x0000000085300000|100%| O|  |TAMS 0x0000000085300000, 0x0000000085200000| Updating 
|  83|0x0000000085300000, 0x0000000085400000, 0x0000000085400000|100%| O|  |TAMS 0x0000000085400000, 0x0000000085300000| Updating 
|  84|0x0000000085400000, 0x0000000085500000, 0x0000000085500000|100%| O|  |TAMS 0x0000000085500000, 0x0000000085400000| Updating 
|  85|0x0000000085500000, 0x0000000085600000, 0x0000000085600000|100%| O|  |TAMS 0x0000000085600000, 0x0000000085500000| Updating 
|  86|0x0000000085600000, 0x0000000085700000, 0x0000000085700000|100%| O|  |TAMS 0x0000000085700000, 0x0000000085600000| Updating 
|  87|0x0000000085700000, 0x0000000085800000, 0x0000000085800000|100%|HS|  |TAMS 0x0000000085800000, 0x0000000085700000| Complete 
|  88|0x0000000085800000, 0x0000000085900000, 0x0000000085900000|100%|HS|  |TAMS 0x0000000085900000, 0x0000000085800000| Complete 
|  89|0x0000000085900000, 0x0000000085a00000, 0x0000000085a00000|100%|HC|  |TAMS 0x0000000085a00000, 0x0000000085900000| Complete 
|  90|0x0000000085a00000, 0x0000000085b00000, 0x0000000085b00000|100%|HS|  |TAMS 0x0000000085b00000, 0x0000000085a00000| Complete 
|  91|0x0000000085b00000, 0x0000000085c00000, 0x0000000085c00000|100%|HS|  |TAMS 0x0000000085c00000, 0x0000000085b00000| Complete 
|  92|0x0000000085c00000, 0x0000000085d00000, 0x0000000085d00000|100%|HC|  |TAMS 0x0000000085d00000, 0x0000000085c00000| Complete 
|  93|0x0000000085d00000, 0x0000000085e00000, 0x0000000085e00000|100%|HC|  |TAMS 0x0000000085e00000, 0x0000000085d00000| Complete 
|  94|0x0000000085e00000, 0x0000000085f00000, 0x0000000085f00000|100%|HC|  |TAMS 0x0000000085f00000, 0x0000000085e00000| Complete 
|  95|0x0000000085f00000, 0x0000000086000000, 0x0000000086000000|100%| O|  |TAMS 0x0000000086000000, 0x0000000085f00000| Updating 
|  96|0x0000000086000000, 0x0000000086100000, 0x0000000086100000|100%|HS|  |TAMS 0x0000000086100000, 0x0000000086000000| Complete 
|  97|0x0000000086100000, 0x0000000086200000, 0x0000000086200000|100%|HC|  |TAMS 0x0000000086200000, 0x0000000086100000| Complete 
|  98|0x0000000086200000, 0x0000000086300000, 0x0000000086300000|100%| O|  |TAMS 0x0000000086300000, 0x0000000086200000| Updating 
|  99|0x0000000086300000, 0x0000000086400000, 0x0000000086400000|100%| O|  |TAMS 0x0000000086400000, 0x0000000086300000| Updating 
| 100|0x0000000086400000, 0x0000000086500000, 0x0000000086500000|100%| O|  |TAMS 0x0000000086500000, 0x0000000086400000| Updating 
| 101|0x0000000086500000, 0x0000000086600000, 0x0000000086600000|100%| O|  |TAMS 0x0000000086600000, 0x0000000086500000| Updating 
| 102|0x0000000086600000, 0x0000000086700000, 0x0000000086700000|100%| O|  |TAMS 0x0000000086700000, 0x0000000086600000| Updating 
| 103|0x0000000086700000, 0x0000000086800000, 0x0000000086800000|100%| O|  |TAMS 0x0000000086800000, 0x0000000086700000| Updating 
| 104|0x0000000086800000, 0x0000000086900000, 0x0000000086900000|100%| O|  |TAMS 0x0000000086900000, 0x0000000086800000| Updating 
| 105|0x0000000086900000, 0x0000000086a00000, 0x0000000086a00000|100%| O|  |TAMS 0x0000000086a00000, 0x0000000086900000| Updating 
| 106|0x0000000086a00000, 0x0000000086b00000, 0x0000000086b00000|100%| O|  |TAMS 0x0000000086b00000, 0x0000000086a00000| Updating 
| 107|0x0000000086b00000, 0x0000000086c00000, 0x0000000086c00000|100%| O|  |TAMS 0x0000000086c00000, 0x0000000086b00000| Updating 
| 108|0x0000000086c00000, 0x0000000086d00000, 0x0000000086d00000|100%|HS|  |TAMS 0x0000000086d00000, 0x0000000086c00000| Complete 
| 109|0x0000000086d00000, 0x0000000086e00000, 0x0000000086e00000|100%|HC|  |TAMS 0x0000000086e00000, 0x0000000086d00000| Complete 
| 110|0x0000000086e00000, 0x0000000086f00000, 0x0000000086f00000|100%|HS|  |TAMS 0x0000000086f00000, 0x0000000086e00000| Complete 
| 111|0x0000000086f00000, 0x0000000087000000, 0x0000000087000000|100%|HC|  |TAMS 0x0000000087000000, 0x0000000086f00000| Complete 
| 112|0x0000000087000000, 0x0000000087100000, 0x0000000087100000|100%|HC|  |TAMS 0x0000000087100000, 0x0000000087000000| Complete 
| 113|0x0000000087100000, 0x0000000087200000, 0x0000000087200000|100%|HC|  |TAMS 0x0000000087200000, 0x0000000087100000| Complete 
| 114|0x0000000087200000, 0x0000000087300000, 0x0000000087300000|100%| O|  |TAMS 0x0000000087300000, 0x0000000087200000| Updating 
| 115|0x0000000087300000, 0x0000000087400000, 0x0000000087400000|100%| O|  |TAMS 0x0000000087400000, 0x0000000087300000| Updating 
| 116|0x0000000087400000, 0x0000000087500000, 0x0000000087500000|100%| O|  |TAMS 0x0000000087500000, 0x0000000087400000| Updating 
| 117|0x0000000087500000, 0x0000000087600000, 0x0000000087600000|100%| O|  |TAMS 0x0000000087600000, 0x0000000087500000| Updating 
| 118|0x0000000087600000, 0x0000000087700000, 0x0000000087700000|100%| O|  |TAMS 0x0000000087700000, 0x0000000087600000| Updating 
| 119|0x0000000087700000, 0x0000000087800000, 0x0000000087800000|100%| O|  |TAMS 0x0000000087800000, 0x0000000087700000| Updating 
| 120|0x0000000087800000, 0x0000000087900000, 0x0000000087900000|100%| O|  |TAMS 0x0000000087882e00, 0x0000000087800000| Updating 
| 121|0x0000000087900000, 0x0000000087a00000, 0x0000000087a00000|100%| O|  |TAMS 0x0000000087900000, 0x0000000087900000| Untracked 
| 122|0x0000000087a00000, 0x0000000087b00000, 0x0000000087b00000|100%| O|  |TAMS 0x0000000087a00000, 0x0000000087a00000| Untracked 
| 123|0x0000000087b00000, 0x0000000087c00000, 0x0000000087c00000|100%| O|  |TAMS 0x0000000087b00000, 0x0000000087b00000| Untracked 
| 124|0x0000000087c00000, 0x0000000087d00000, 0x0000000087d00000|100%| O|  |TAMS 0x0000000087c00000, 0x0000000087c00000| Untracked 
| 125|0x0000000087d00000, 0x0000000087d99c00, 0x0000000087e00000| 60%| O|  |TAMS 0x0000000087d00000, 0x0000000087d00000| Updating 
| 126|0x0000000087e00000, 0x0000000087f00000, 0x0000000087f00000|100%|HS|  |TAMS 0x0000000087e00000, 0x0000000087e00000| Complete 
| 127|0x0000000087f00000, 0x0000000088000000, 0x0000000088000000|100%|HS|  |TAMS 0x0000000087f00000, 0x0000000087f00000| Complete 
| 128|0x0000000088000000, 0x0000000088100000, 0x0000000088100000|100%|HS|  |TAMS 0x0000000088000000, 0x0000000088000000| Complete 
| 129|0x0000000088100000, 0x0000000088200000, 0x0000000088200000|100%|HS|  |TAMS 0x0000000088100000, 0x0000000088100000| Complete 
| 130|0x0000000088200000, 0x0000000088300000, 0x0000000088300000|100%|HC|  |TAMS 0x0000000088200000, 0x0000000088200000| Complete 
| 131|0x0000000088300000, 0x0000000088400000, 0x0000000088400000|100%|HC|  |TAMS 0x0000000088300000, 0x0000000088300000| Complete 
| 132|0x0000000088400000, 0x0000000088400000, 0x0000000088500000|  0%| F|  |TAMS 0x0000000088400000, 0x0000000088400000| Untracked 
| 133|0x0000000088500000, 0x0000000088500000, 0x0000000088600000|  0%| F|  |TAMS 0x0000000088500000, 0x0000000088500000| Untracked 
| 134|0x0000000088600000, 0x0000000088600000, 0x0000000088700000|  0%| F|  |TAMS 0x0000000088600000, 0x0000000088600000| Untracked 
| 135|0x0000000088700000, 0x0000000088700000, 0x0000000088800000|  0%| F|  |TAMS 0x0000000088700000, 0x0000000088700000| Untracked 
| 136|0x0000000088800000, 0x0000000088800000, 0x0000000088900000|  0%| F|  |TAMS 0x0000000088800000, 0x0000000088800000| Untracked 
| 137|0x0000000088900000, 0x0000000088900000, 0x0000000088a00000|  0%| F|  |TAMS 0x0000000088900000, 0x0000000088900000| Untracked 
| 138|0x0000000088a00000, 0x0000000088a00000, 0x0000000088b00000|  0%| F|  |TAMS 0x0000000088a00000, 0x0000000088a00000| Untracked 
| 139|0x0000000088b00000, 0x0000000088b00000, 0x0000000088c00000|  0%| F|  |TAMS 0x0000000088b00000, 0x0000000088b00000| Untracked 
| 140|0x0000000088c00000, 0x0000000088c00000, 0x0000000088d00000|  0%| F|  |TAMS 0x0000000088c00000, 0x0000000088c00000| Untracked 
| 141|0x0000000088d00000, 0x0000000088d00000, 0x0000000088e00000|  0%| F|  |TAMS 0x0000000088d00000, 0x0000000088d00000| Untracked 
| 142|0x0000000088e00000, 0x0000000088e00000, 0x0000000088f00000|  0%| F|  |TAMS 0x0000000088e00000, 0x0000000088e00000| Untracked 
| 143|0x0000000088f00000, 0x0000000088f00000, 0x0000000089000000|  0%| F|  |TAMS 0x0000000088f00000, 0x0000000088f00000| Untracked 
| 144|0x0000000089000000, 0x0000000089000000, 0x0000000089100000|  0%| F|  |TAMS 0x0000000089000000, 0x0000000089000000| Untracked 
| 145|0x0000000089100000, 0x0000000089100000, 0x0000000089200000|  0%| F|  |TAMS 0x0000000089100000, 0x0000000089100000| Untracked 
| 146|0x0000000089200000, 0x0000000089200000, 0x0000000089300000|  0%| F|  |TAMS 0x0000000089200000, 0x0000000089200000| Untracked 
| 147|0x0000000089300000, 0x0000000089300000, 0x0000000089400000|  0%| F|  |TAMS 0x0000000089300000, 0x0000000089300000| Untracked 
| 148|0x0000000089400000, 0x0000000089400000, 0x0000000089500000|  0%| F|  |TAMS 0x0000000089400000, 0x0000000089400000| Untracked 
| 149|0x0000000089500000, 0x0000000089500000, 0x0000000089600000|  0%| F|  |TAMS 0x0000000089500000, 0x0000000089500000| Untracked 
| 150|0x0000000089600000, 0x0000000089600000, 0x0000000089700000|  0%| F|  |TAMS 0x0000000089600000, 0x0000000089600000| Untracked 
| 151|0x0000000089700000, 0x0000000089700000, 0x0000000089800000|  0%| F|  |TAMS 0x0000000089700000, 0x0000000089700000| Untracked 
| 152|0x0000000089800000, 0x0000000089800000, 0x0000000089900000|  0%| F|  |TAMS 0x0000000089800000, 0x0000000089800000| Untracked 
| 153|0x0000000089900000, 0x0000000089900000, 0x0000000089a00000|  0%| F|  |TAMS 0x0000000089900000, 0x0000000089900000| Untracked 
| 154|0x0000000089a00000, 0x0000000089a00000, 0x0000000089b00000|  0%| F|  |TAMS 0x0000000089a00000, 0x0000000089a00000| Untracked 
| 155|0x0000000089b00000, 0x0000000089b00000, 0x0000000089c00000|  0%| F|  |TAMS 0x0000000089b00000, 0x0000000089b00000| Untracked 
| 156|0x0000000089c00000, 0x0000000089c00000, 0x0000000089d00000|  0%| F|  |TAMS 0x0000000089c00000, 0x0000000089c00000| Untracked 
| 157|0x0000000089d00000, 0x0000000089d00000, 0x0000000089e00000|  0%| F|  |TAMS 0x0000000089d00000, 0x0000000089d00000| Untracked 
| 158|0x0000000089e00000, 0x0000000089e00000, 0x0000000089f00000|  0%| F|  |TAMS 0x0000000089e00000, 0x0000000089e00000| Untracked 
| 159|0x0000000089f00000, 0x0000000089f00000, 0x000000008a000000|  0%| F|  |TAMS 0x0000000089f00000, 0x0000000089f00000| Untracked 
| 160|0x000000008a000000, 0x000000008a000000, 0x000000008a100000|  0%| F|  |TAMS 0x000000008a000000, 0x000000008a000000| Untracked 
| 161|0x000000008a100000, 0x000000008a100000, 0x000000008a200000|  0%| F|  |TAMS 0x000000008a100000, 0x000000008a100000| Untracked 
| 162|0x000000008a200000, 0x000000008a200000, 0x000000008a300000|  0%| F|  |TAMS 0x000000008a200000, 0x000000008a200000| Untracked 
| 163|0x000000008a300000, 0x000000008a300000, 0x000000008a400000|  0%| F|  |TAMS 0x000000008a300000, 0x000000008a300000| Untracked 
| 164|0x000000008a400000, 0x000000008a400000, 0x000000008a500000|  0%| F|  |TAMS 0x000000008a400000, 0x000000008a400000| Untracked 
| 165|0x000000008a500000, 0x000000008a500000, 0x000000008a600000|  0%| F|  |TAMS 0x000000008a500000, 0x000000008a500000| Untracked 
| 166|0x000000008a600000, 0x000000008a600000, 0x000000008a700000|  0%| F|  |TAMS 0x000000008a600000, 0x000000008a600000| Untracked 
| 167|0x000000008a700000, 0x000000008a700000, 0x000000008a800000|  0%| F|  |TAMS 0x000000008a700000, 0x000000008a700000| Untracked 
| 168|0x000000008a800000, 0x000000008a800000, 0x000000008a900000|  0%| F|  |TAMS 0x000000008a800000, 0x000000008a800000| Untracked 
| 169|0x000000008a900000, 0x000000008a900000, 0x000000008aa00000|  0%| F|  |TAMS 0x000000008a900000, 0x000000008a900000| Untracked 
| 170|0x000000008aa00000, 0x000000008aa00000, 0x000000008ab00000|  0%| F|  |TAMS 0x000000008aa00000, 0x000000008aa00000| Untracked 
| 171|0x000000008ab00000, 0x000000008ab00000, 0x000000008ac00000|  0%| F|  |TAMS 0x000000008ab00000, 0x000000008ab00000| Untracked 
| 172|0x000000008ac00000, 0x000000008ac00000, 0x000000008ad00000|  0%| F|  |TAMS 0x000000008ac00000, 0x000000008ac00000| Untracked 
| 173|0x000000008ad00000, 0x000000008ad00000, 0x000000008ae00000|  0%| F|  |TAMS 0x000000008ad00000, 0x000000008ad00000| Untracked 
| 174|0x000000008ae00000, 0x000000008ae00000, 0x000000008af00000|  0%| F|  |TAMS 0x000000008ae00000, 0x000000008ae00000| Untracked 
| 175|0x000000008af00000, 0x000000008af00000, 0x000000008b000000|  0%| F|  |TAMS 0x000000008af00000, 0x000000008af00000| Untracked 
| 176|0x000000008b000000, 0x000000008b000000, 0x000000008b100000|  0%| F|  |TAMS 0x000000008b000000, 0x000000008b000000| Untracked 
| 177|0x000000008b100000, 0x000000008b100000, 0x000000008b200000|  0%| F|  |TAMS 0x000000008b100000, 0x000000008b100000| Untracked 
| 178|0x000000008b200000, 0x000000008b200000, 0x000000008b300000|  0%| F|  |TAMS 0x000000008b200000, 0x000000008b200000| Untracked 
| 179|0x000000008b300000, 0x000000008b300000, 0x000000008b400000|  0%| F|  |TAMS 0x000000008b300000, 0x000000008b300000| Untracked 
| 180|0x000000008b400000, 0x000000008b400000, 0x000000008b500000|  0%| F|  |TAMS 0x000000008b400000, 0x000000008b400000| Untracked 
| 181|0x000000008b500000, 0x000000008b500000, 0x000000008b600000|  0%| F|  |TAMS 0x000000008b500000, 0x000000008b500000| Untracked 
| 182|0x000000008b600000, 0x000000008b600000, 0x000000008b700000|  0%| F|  |TAMS 0x000000008b600000, 0x000000008b600000| Untracked 
| 183|0x000000008b700000, 0x000000008b700000, 0x000000008b800000|  0%| F|  |TAMS 0x000000008b700000, 0x000000008b700000| Untracked 
| 184|0x000000008b800000, 0x000000008b8308f0, 0x000000008b900000| 18%| S|CS|TAMS 0x000000008b800000, 0x000000008b800000| Complete 
| 185|0x000000008b900000, 0x000000008ba00000, 0x000000008ba00000|100%| S|CS|TAMS 0x000000008b900000, 0x000000008b900000| Complete 
| 186|0x000000008ba00000, 0x000000008bb00000, 0x000000008bb00000|100%| S|CS|TAMS 0x000000008ba00000, 0x000000008ba00000| Complete 
| 187|0x000000008bb00000, 0x000000008bc00000, 0x000000008bc00000|100%| S|CS|TAMS 0x000000008bb00000, 0x000000008bb00000| Complete 
| 188|0x000000008bc00000, 0x000000008bc00000, 0x000000008bd00000|  0%| F|  |TAMS 0x000000008bc00000, 0x000000008bc00000| Untracked 
| 189|0x000000008bd00000, 0x000000008bd00000, 0x000000008be00000|  0%| F|  |TAMS 0x000000008bd00000, 0x000000008bd00000| Untracked 
| 190|0x000000008be00000, 0x000000008be00000, 0x000000008bf00000|  0%| F|  |TAMS 0x000000008be00000, 0x000000008be00000| Untracked 
| 191|0x000000008bf00000, 0x000000008bf00000, 0x000000008c000000|  0%| F|  |TAMS 0x000000008bf00000, 0x000000008bf00000| Untracked 
| 192|0x000000008c000000, 0x000000008c000000, 0x000000008c100000|  0%| F|  |TAMS 0x000000008c000000, 0x000000008c000000| Untracked 
| 193|0x000000008c100000, 0x000000008c100000, 0x000000008c200000|  0%| F|  |TAMS 0x000000008c100000, 0x000000008c100000| Untracked 
| 194|0x000000008c200000, 0x000000008c200000, 0x000000008c300000|  0%| F|  |TAMS 0x000000008c200000, 0x000000008c200000| Untracked 
| 195|0x000000008c300000, 0x000000008c375d58, 0x000000008c400000| 46%| E|  |TAMS 0x000000008c300000, 0x000000008c300000| Complete 
| 196|0x000000008c400000, 0x000000008c500000, 0x000000008c500000|100%| E|CS|TAMS 0x000000008c400000, 0x000000008c400000| Complete 
| 197|0x000000008c500000, 0x000000008c600000, 0x000000008c600000|100%| E|CS|TAMS 0x000000008c500000, 0x000000008c500000| Complete 
| 198|0x000000008c600000, 0x000000008c700000, 0x000000008c700000|100%| E|  |TAMS 0x000000008c600000, 0x000000008c600000| Complete 
| 199|0x000000008c700000, 0x000000008c800000, 0x000000008c800000|100%| E|CS|TAMS 0x000000008c700000, 0x000000008c700000| Complete 
| 200|0x000000008c800000, 0x000000008c900000, 0x000000008c900000|100%| E|CS|TAMS 0x000000008c800000, 0x000000008c800000| Complete 
| 201|0x000000008c900000, 0x000000008ca00000, 0x000000008ca00000|100%| E|CS|TAMS 0x000000008c900000, 0x000000008c900000| Complete 
| 202|0x000000008ca00000, 0x000000008cb00000, 0x000000008cb00000|100%| E|CS|TAMS 0x000000008ca00000, 0x000000008ca00000| Complete 
| 203|0x000000008cb00000, 0x000000008cc00000, 0x000000008cc00000|100%| E|CS|TAMS 0x000000008cb00000, 0x000000008cb00000| Complete 

Card table byte_map: [0x0000026c3efb0000,0x0000026c3f3b0000] _byte_map_base: 0x0000026c3ebb0000

Marking Bits (Prev, Next): (CMBitMap*) 0x0000026c26322ee0, (CMBitMap*) 0x0000026c26322ea0
 Prev Bits: [0x0000026c417b0000, 0x0000026c437b0000)
 Next Bits: [0x0000026c3f7b0000, 0x0000026c417b0000)

Polling page: 0x0000026c24120000

Metaspace:

Usage:
  Non-class:     75.69 MB capacity,    74.42 MB ( 98%) used,     1.12 MB (  1%) free+waste,   143.06 KB ( <1%) overhead. 
      Class:     12.19 MB capacity,    11.55 MB ( 95%) used,   599.91 KB (  5%) free+waste,    60.25 KB ( <1%) overhead. 
       Both:     87.88 MB capacity,    85.97 MB ( 98%) used,     1.71 MB (  2%) free+waste,   203.31 KB ( <1%) overhead. 

Virtual space:
  Non-class space:       76.00 MB reserved,      75.85 MB (>99%) committed 
      Class space:      504.00 MB reserved,      12.20 MB (  2%) committed 
             Both:      580.00 MB reserved,      88.05 MB ( 15%) committed 

Chunk freelists:
   Non-Class:  3.00 KB
       Class:  0 bytes
        Both:  3.00 KB

MaxMetaspaceSize: 512.00 MB
CompressedClassSpaceSize: 504.00 MB

CodeHeap 'non-profiled nmethods': size=120000Kb used=5858Kb max_used=5858Kb free=114141Kb
 bounds [0x0000026c37680000, 0x0000026c37c40000, 0x0000026c3ebb0000]
CodeHeap 'profiled nmethods': size=120000Kb used=20145Kb max_used=20145Kb free=99855Kb
 bounds [0x0000026c30150000, 0x0000026c31500000, 0x0000026c37680000]
CodeHeap 'non-nmethods': size=5760Kb used=2418Kb max_used=2571Kb free=3342Kb
 bounds [0x0000026c2fbb0000, 0x0000026c2fe50000, 0x0000026c30150000]
 total_blobs=10890 nmethods=9975 adapters=826
 compilation: enabled
              stopped_count=0, restarted_count=0
 full_count=0

Compilation events (20 events):
Event: 58.903 Thread 0x0000026c4c938280 nmethod 11530 0x0000026c37820210 code [0x0000026c378203a0, 0x0000026c37820678]
Event: 58.903 Thread 0x0000026c4c938280 11546       4       java.util.regex.Pattern$$Lambda$10/0x0000000800b59f98::is (13 bytes)
Event: 58.904 Thread 0x0000026c4c938280 nmethod 11546 0x0000026c3781ff10 code [0x0000026c37820080, 0x0000026c378200f8]
Event: 58.904 Thread 0x0000026c4c938280 11547       4       com.google.common.collect.ImmutableSet$Builder::<init> (31 bytes)
Event: 58.912 Thread 0x0000026c4c938280 nmethod 11547 0x0000026c3781f790 code [0x0000026c3781f920, 0x0000026c3781fdd8]
Event: 58.927 Thread 0x0000026c4c938280 11548       4       java.util.StringTokenizer::skipDelimiters (116 bytes)
Event: 58.939 Thread 0x0000026c4c938280 nmethod 11548 0x0000026c3781ee90 code [0x0000026c3781f020, 0x0000026c3781f418]
Event: 58.951 Thread 0x0000026c45c5ec30 nmethod 11529% 0x0000026c37c33310 code [0x0000026c37c335a0, 0x0000026c37c35f00]
Event: 59.113 Thread 0x0000026c45c5ec30 11549       4       java.lang.StringLatin1::compareToCI (108 bytes)
Event: 59.124 Thread 0x0000026c45c5ec30 nmethod 11549 0x0000026c3781e490 code [0x0000026c3781e640, 0x0000026c3781eb38]
Event: 59.133 Thread 0x0000026c45c5ec30 11550   !   4       jdk.internal.loader.URLClassPath$JarLoader::ensureOpen (36 bytes)
Event: 59.139 Thread 0x0000026c45c5ec30 nmethod 11550 0x0000026c3781dd10 code [0x0000026c3781dee0, 0x0000026c3781e190]
Event: 59.139 Thread 0x0000026c45c5ec30 11551   !   4       java.util.zip.ZipFile$Source::readFullyAt (74 bytes)
Event: 59.146 Thread 0x0000026c45c5ec30 nmethod 11551 0x0000026c37c37710 code [0x0000026c37c378c0, 0x0000026c37c37cd8]
Event: 59.152 Thread 0x0000026c45c62700 11552       3       java.io.BufferedReader::fill (170 bytes)
Event: 59.153 Thread 0x0000026c45c62700 nmethod 11552 0x0000026c314fd790 code [0x0000026c314fd980, 0x0000026c314fe028]
Event: 59.158 Thread 0x0000026c45c5ec30 11553       4       java.util.LinkedList::indexOf (73 bytes)
Event: 59.163 Thread 0x0000026c45c5ec30 nmethod 11553 0x0000026c37c38010 code [0x0000026c37c381a0, 0x0000026c37c38418]
Event: 59.166 Thread 0x0000026c45c5ec30 11554       4       java.nio.CharBuffer::position (6 bytes)
Event: 59.167 Thread 0x0000026c45c5ec30 nmethod 11554 0x0000026c37c38590 code [0x0000026c37c38700, 0x0000026c37c387b8]

GC Heap History (20 events):
Event: 37.821 GC heap before
{Heap before GC invocations=30 (full 0):
 garbage-first heap   total 119808K, used 83729K [0x0000000080000000, 0x0000000100000000)
  region size 1024K, 18 young (18432K), 1 survivors (1024K)
 Metaspace       used 70474K, capacity 71568K, committed 71860K, reserved 579584K
  class space    used 9314K, capacity 9720K, committed 9804K, reserved 516096K
}
Event: 37.828 GC heap after
{Heap after GC invocations=31 (full 0):
 garbage-first heap   total 144384K, used 70995K [0x0000000080000000, 0x0000000100000000)
  region size 1024K, 3 young (3072K), 3 survivors (3072K)
 Metaspace       used 70474K, capacity 71568K, committed 71860K, reserved 579584K
  class space    used 9314K, capacity 9720K, committed 9804K, reserved 516096K
}
Event: 38.675 GC heap before
{Heap before GC invocations=32 (full 0):
 garbage-first heap   total 167936K, used 119123K [0x0000000080000000, 0x0000000100000000)
  region size 1024K, 43 young (44032K), 3 survivors (3072K)
 Metaspace       used 72491K, capacity 73589K, committed 73908K, reserved 581632K
  class space    used 9575K, capacity 9982K, committed 10060K, reserved 516096K
}
Event: 38.685 GC heap after
{Heap after GC invocations=33 (full 0):
 garbage-first heap   total 167936K, used 75015K [0x0000000080000000, 0x0000000100000000)
  region size 1024K, 6 young (6144K), 6 survivors (6144K)
 Metaspace       used 72491K, capacity 73589K, committed 73908K, reserved 581632K
  class space    used 9575K, capacity 9982K, committed 10060K, reserved 516096K
}
Event: 39.872 GC heap before
{Heap before GC invocations=33 (full 0):
 garbage-first heap   total 167936K, used 129287K [0x0000000080000000, 0x0000000100000000)
  region size 1024K, 59 young (60416K), 6 survivors (6144K)
 Metaspace       used 75727K, capacity 76904K, committed 77236K, reserved 583680K
  class space    used 10002K, capacity 10445K, committed 10572K, reserved 516096K
}
Event: 39.886 GC heap after
{Heap after GC invocations=34 (full 0):
 garbage-first heap   total 167936K, used 79152K [0x0000000080000000, 0x0000000100000000)
  region size 1024K, 8 young (8192K), 8 survivors (8192K)
 Metaspace       used 75727K, capacity 76904K, committed 77236K, reserved 583680K
  class space    used 10002K, capacity 10445K, committed 10572K, reserved 516096K
}
Event: 51.897 GC heap before
{Heap before GC invocations=34 (full 0):
 garbage-first heap   total 167936K, used 131376K [0x0000000080000000, 0x0000000100000000)
  region size 1024K, 59 young (60416K), 8 survivors (8192K)
 Metaspace       used 79954K, capacity 81037K, committed 81204K, reserved 587776K
  class space    used 10711K, capacity 11135K, committed 11212K, reserved 516096K
}
Event: 51.915 GC heap after
{Heap after GC invocations=35 (full 0):
 garbage-first heap   total 167936K, used 83337K [0x0000000080000000, 0x0000000100000000)
  region size 1024K, 8 young (8192K), 8 survivors (8192K)
 Metaspace       used 79954K, capacity 81037K, committed 81204K, reserved 587776K
  class space    used 10711K, capacity 11135K, committed 11212K, reserved 516096K
}
Event: 52.932 GC heap before
{Heap before GC invocations=35 (full 0):
 garbage-first heap   total 167936K, used 133513K [0x0000000080000000, 0x0000000100000000)
  region size 1024K, 57 young (58368K), 8 survivors (8192K)
 Metaspace       used 82949K, capacity 84295K, committed 84532K, reserved 589824K
  class space    used 11148K, capacity 11619K, committed 11724K, reserved 516096K
}
Event: 52.956 GC heap after
{Heap after GC invocations=36 (full 0):
 garbage-first heap   total 167936K, used 89186K [0x0000000080000000, 0x0000000100000000)
  region size 1024K, 6 young (6144K), 6 survivors (6144K)
 Metaspace       used 82949K, capacity 84295K, committed 84532K, reserved 589824K
  class space    used 11148K, capacity 11619K, committed 11724K, reserved 516096K
}
Event: 53.482 GC heap before
{Heap before GC invocations=37 (full 0):
 garbage-first heap   total 167936K, used 101474K [0x0000000080000000, 0x0000000100000000)
  region size 1024K, 20 young (20480K), 6 survivors (6144K)
 Metaspace       used 83317K, capacity 84735K, committed 85044K, reserved 589824K
  class space    used 11185K, capacity 11655K, committed 11724K, reserved 516096K
}
Event: 53.498 GC heap after
{Heap after GC invocations=38 (full 0):
 garbage-first heap   total 167936K, used 91454K [0x0000000080000000, 0x0000000100000000)
  region size 1024K, 3 young (3072K), 3 survivors (3072K)
 Metaspace       used 83317K, capacity 84735K, committed 85044K, reserved 589824K
  class space    used 11185K, capacity 11655K, committed 11724K, reserved 516096K
}
Event: 54.627 GC heap before
{Heap before GC invocations=39 (full 0):
 garbage-first heap   total 184320K, used 141630K [0x0000000080000000, 0x0000000100000000)
  region size 1024K, 42 young (43008K), 3 survivors (3072K)
 Metaspace       used 85764K, capacity 87275K, committed 87476K, reserved 591872K
  class space    used 11515K, capacity 12033K, committed 12108K, reserved 516096K
}
Event: 54.639 GC heap after
{Heap after GC invocations=40 (full 0):
 garbage-first heap   total 184320K, used 109288K [0x0000000080000000, 0x0000000100000000)
  region size 1024K, 6 young (6144K), 6 survivors (6144K)
 Metaspace       used 85764K, capacity 87275K, committed 87476K, reserved 591872K
  class space    used 11515K, capacity 12033K, committed 12108K, reserved 516096K
}
Event: 55.353 GC heap before
{Heap before GC invocations=40 (full 0):
 garbage-first heap   total 184320K, used 133864K [0x0000000080000000, 0x0000000100000000)
  region size 1024K, 32 young (32768K), 6 survivors (6144K)
 Metaspace       used 87208K, capacity 88862K, committed 89012K, reserved 593920K
  class space    used 11743K, capacity 12322K, committed 12364K, reserved 516096K
}
Event: 55.371 GC heap after
{Heap after GC invocations=41 (full 0):
 garbage-first heap   total 184320K, used 113540K [0x0000000080000000, 0x0000000100000000)
  region size 1024K, 4 young (4096K), 4 survivors (4096K)
 Metaspace       used 87208K, capacity 88862K, committed 89012K, reserved 593920K
  class space    used 11743K, capacity 12322K, committed 12364K, reserved 516096K
}
Event: 58.218 GC heap before
{Heap before GC invocations=42 (full 0):
 garbage-first heap   total 208896K, used 152452K [0x0000000080000000, 0x0000000100000000)
  region size 1024K, 37 young (37888K), 4 survivors (4096K)
 Metaspace       used 87945K, capacity 89850K, committed 89908K, reserved 593920K
  class space    used 11820K, capacity 12475K, committed 12492K, reserved 516096K
}
Event: 58.241 GC heap after
{Heap after GC invocations=43 (full 0):
 garbage-first heap   total 208896K, used 128523K [0x0000000080000000, 0x0000000100000000)
  region size 1024K, 5 young (5120K), 5 survivors (5120K)
 Metaspace       used 87945K, capacity 89850K, committed 89908K, reserved 593920K
  class space    used 11820K, capacity 12475K, committed 12492K, reserved 516096K
}
Event: 58.837 GC heap before
{Heap before GC invocations=43 (full 0):
 garbage-first heap   total 208896K, used 142859K [0x0000000080000000, 0x0000000100000000)
  region size 1024K, 21 young (21504K), 5 survivors (5120K)
 Metaspace       used 88037K, capacity 89992K, committed 90164K, reserved 593920K
  class space    used 11826K, capacity 12487K, committed 12492K, reserved 516096K
}
Event: 58.855 GC heap after
{Heap after GC invocations=44 (full 0):
 garbage-first heap   total 208896K, used 131881K [0x0000000080000000, 0x0000000100000000)
  region size 1024K, 4 young (4096K), 4 survivors (4096K)
 Metaspace       used 88037K, capacity 89992K, committed 90164K, reserved 593920K
  class space    used 11826K, capacity 12487K, committed 12492K, reserved 516096K
}

Deoptimization events (20 events):
Event: 56.007 Thread 0x0000026c48109880 DEOPT PACKING pc=0x0000026c37bccaac sp=0x00000093c27f31a0
Event: 56.007 Thread 0x0000026c48109880 DEOPT UNPACKING pc=0x0000026c2fbfe42f sp=0x00000093c27f30f8 mode 2
Event: 57.020 Thread 0x0000026c48109880 DEOPT PACKING pc=0x0000026c30b60afa sp=0x00000093c27f87c0
Event: 57.020 Thread 0x0000026c48109880 DEOPT UNPACKING pc=0x0000026c2fbfe23f sp=0x00000093c27f7c20 mode 0
Event: 58.431 Thread 0x0000026c48109880 Uncommon trap: trap_request=0xffffff45 fr.pc=0x0000026c3798678c relative=0x00000000000006ec
Event: 58.431 Thread 0x0000026c48109880 Uncommon trap: reason=unstable_if action=reinterpret pc=0x0000026c3798678c method=org.gradle.internal.snapshot.VfsRelativePath.isPrefix(Ljava/lang/String;ILjava/lang/String;ILorg/gradle/internal/snapshot/CaseSensitivity;)Z @ 101 c2
Event: 58.431 Thread 0x0000026c48109880 DEOPT PACKING pc=0x0000026c3798678c sp=0x00000093c27f88f0
Event: 58.431 Thread 0x0000026c48109880 DEOPT UNPACKING pc=0x0000026c2fbfe42f sp=0x00000093c27f8878 mode 2
Event: 58.573 Thread 0x0000026c48dc1980 DEOPT PACKING pc=0x0000026c30dca721 sp=0x00000093c3bfe800
Event: 58.573 Thread 0x0000026c48dc1980 DEOPT UNPACKING pc=0x0000026c2fbfe23f sp=0x00000093c3bfdcc8 mode 0
Event: 58.575 Thread 0x0000026c48dc1980 Uncommon trap: trap_request=0xffffff45 fr.pc=0x0000026c376d01a8 relative=0x0000000000000508
Event: 58.575 Thread 0x0000026c48dc1980 Uncommon trap: reason=unstable_if action=reinterpret pc=0x0000026c376d01a8 method=java.util.concurrent.ConcurrentLinkedQueue.poll()Ljava/lang/Object; @ 24 c2
Event: 58.575 Thread 0x0000026c48dc1980 DEOPT PACKING pc=0x0000026c376d01a8 sp=0x00000093c3bfe3a0
Event: 58.575 Thread 0x0000026c48dc1980 DEOPT UNPACKING pc=0x0000026c2fbfe42f sp=0x00000093c3bfe358 mode 2
Event: 58.597 Thread 0x0000026c48109880 Uncommon trap: trap_request=0xfffffff4 fr.pc=0x0000026c378dd6e8 relative=0x0000000000000828
Event: 58.597 Thread 0x0000026c48109880 Uncommon trap: reason=null_check action=make_not_entrant pc=0x0000026c378dd6e8 method=java.lang.ThreadLocal$ThreadLocalMap.expungeStaleEntry(I)I @ 51 c2
Event: 58.597 Thread 0x0000026c48109880 DEOPT PACKING pc=0x0000026c378dd6e8 sp=0x00000093c27f95d0
Event: 58.597 Thread 0x0000026c48109880 DEOPT UNPACKING pc=0x0000026c2fbfe42f sp=0x00000093c27f9480 mode 2
Event: 59.113 Thread 0x0000026c48109880 DEOPT PACKING pc=0x0000026c30dca721 sp=0x00000093c27f8160
Event: 59.113 Thread 0x0000026c48109880 DEOPT UNPACKING pc=0x0000026c2fbfe23f sp=0x00000093c27f7628 mode 0

Classes unloaded (0 events):
No events

Classes redefined (0 events):
No events

Internal exceptions (20 events):
Event: 57.028 Thread 0x0000026c48109880 Exception <a 'java/lang/ClassNotFoundException'{0x000000008bf7e600}: build_6g1v5ery853s3lpdsqklwgmp5BeanInfo> (0x000000008bf7e600) 
thrown [./src/hotspot/share/classfile/systemDictionary.cpp, line 295]
Event: 57.029 Thread 0x0000026c48109880 Exception <a 'java/lang/ClassNotFoundException'{0x000000008bf84e80}: build_6g1v5ery853s3lpdsqklwgmp5Customizer> (0x000000008bf84e80) 
thrown [./src/hotspot/share/classfile/systemDictionary.cpp, line 295]
Event: 57.386 Thread 0x0000026c48109880 Exception <a 'java/lang/ClassNotFoundException'{0x000000008bedaf60}: build_6g1v5ery853s3lpdsqklwgmp5$_run_closure1BeanInfo> (0x000000008bedaf60) 
thrown [./src/hotspot/share/classfile/systemDictionary.cpp, line 295]
Event: 57.387 Thread 0x0000026c48109880 Exception <a 'java/lang/ClassNotFoundException'{0x000000008bee4bc0}: build_6g1v5ery853s3lpdsqklwgmp5$_run_closure1Customizer> (0x000000008bee4bc0) 
thrown [./src/hotspot/share/classfile/systemDictionary.cpp, line 295]
Event: 57.398 Thread 0x0000026c48109880 Exception <a 'java/lang/ClassNotFoundException'{0x000000008bd39838}: build_6g1v5ery853s3lpdsqklwgmp5$_run_closure1$_closure7BeanInfo> (0x000000008bd39838) 
thrown [./src/hotspot/share/classfile/systemDictionary.cpp, line 295]
Event: 57.399 Thread 0x0000026c48109880 Exception <a 'java/lang/ClassNotFoundException'{0x000000008bd43d58}: build_6g1v5ery853s3lpdsqklwgmp5$_run_closure1$_closure7Customizer> (0x000000008bd43d58) 
thrown [./src/hotspot/share/classfile/systemDictionary.cpp, line 295]
Event: 57.411 Thread 0x0000026c48109880 Exception <a 'java/lang/ClassNotFoundException'{0x000000008bc6f360}: org/gradle/api/internal/file/collections/DefaultConfigurableFileTreeBeanInfo> (0x000000008bc6f360) 
thrown [./src/hotspot/share/classfile/systemDictionary.cpp, line 295]
Event: 57.412 Thread 0x0000026c48109880 Exception <a 'java/lang/ClassNotFoundException'{0x000000008bc83468}: org/gradle/api/internal/file/CompositeFileTreeBeanInfo> (0x000000008bc83468) 
thrown [./src/hotspot/share/classfile/systemDictionary.cpp, line 295]
Event: 57.417 Thread 0x0000026c48109880 Exception <a 'java/lang/ClassNotFoundException'{0x000000008bc979a0}: org/gradle/api/internal/file/CompositeFileCollectionBeanInfo> (0x000000008bc979a0) 
thrown [./src/hotspot/share/classfile/systemDictionary.cpp, line 295]
Event: 57.418 Thread 0x0000026c48109880 Exception <a 'java/lang/ClassNotFoundException'{0x000000008bcac978}: org/gradle/api/internal/file/AbstractFileCollectionBeanInfo> (0x000000008bcac978) 
thrown [./src/hotspot/share/classfile/systemDictionary.cpp, line 295]
Event: 57.419 Thread 0x0000026c48109880 Exception <a 'java/lang/ClassNotFoundException'{0x000000008bcc13d0}: org/gradle/api/internal/file/AbstractFileCollectionCustomizer> (0x000000008bcc13d0) 
thrown [./src/hotspot/share/classfile/systemDictionary.cpp, line 295]
Event: 57.444 Thread 0x0000026c48109880 Exception <a 'java/lang/ClassNotFoundException'{0x000000008bce71a8}: org/gradle/api/internal/file/CompositeFileCollectionCustomizer> (0x000000008bce71a8) 
thrown [./src/hotspot/share/classfile/systemDictionary.cpp, line 295]
Event: 57.446 Thread 0x0000026c48109880 Exception <a 'java/lang/ClassNotFoundException'{0x000000008bb039b8}: org/gradle/api/internal/file/CompositeFileTreeCustomizer> (0x000000008bb039b8) 
thrown [./src/hotspot/share/classfile/systemDictionary.cpp, line 295]
Event: 57.448 Thread 0x0000026c48109880 Exception <a 'java/lang/ClassNotFoundException'{0x000000008bb237b0}: org/gradle/api/internal/file/collections/DefaultConfigurableFileTreeCustomizer> (0x000000008bb237b0) 
thrown [./src/hotspot/share/classfile/systemDictionary.cpp, line 295]
Event: 57.513 Thread 0x0000026c48109880 Exception <a 'java/lang/NoClassDefFoundError'{0x000000008b949d60}: org/jetbrains/kotlin/gradle/plugin/KotlinBasePluginWrapper> (0x000000008b949d60) 
thrown [./src/hotspot/share/oops/constantPool.cpp, line 804]
Event: 57.541 Thread 0x0000026c48109880 Exception <a 'java/lang/ClassNotFoundException'{0x000000008b819d68}: build_5osnjcl52lbl5182zhf1ls63qBeanInfo> (0x000000008b819d68) 
thrown [./src/hotspot/share/classfile/systemDictionary.cpp, line 295]
Event: 57.541 Thread 0x0000026c48109880 Exception <a 'java/lang/ClassNotFoundException'{0x000000008b8205e8}: build_5osnjcl52lbl5182zhf1ls63qCustomizer> (0x000000008b8205e8) 
thrown [./src/hotspot/share/classfile/systemDictionary.cpp, line 295]
Event: 58.597 Thread 0x0000026c48109880 Implicit null exception at 0x0000026c378dd040 to 0x0000026c378dd6c0
Event: 58.806 Thread 0x0000026c48109880 Exception <a 'java/lang/ClassNotFoundException'{0x000000008bd7be90}: build_5osnjcl52lbl5182zhf1ls63qBeanInfo> (0x000000008bd7be90) 
thrown [./src/hotspot/share/classfile/systemDictionary.cpp, line 295]
Event: 58.806 Thread 0x0000026c48109880 Exception <a 'java/lang/ClassNotFoundException'{0x000000008bd826b0}: build_5osnjcl52lbl5182zhf1ls63qCustomizer> (0x000000008bd826b0) 
thrown [./src/hotspot/share/classfile/systemDictionary.cpp, line 295]

Events (20 events):
Event: 56.023 loading class java/nio/file/PathsBeanInfo
Event: 56.023 loading class java/nio/file/PathsBeanInfo done
Event: 56.024 loading class java/nio/file/PathsCustomizer
Event: 56.024 loading class java/nio/file/PathsCustomizer done
Event: 56.024 loading class java/nio/file/PathsCustomizer
Event: 56.024 loading class java/nio/file/PathsCustomizer done
Event: 56.599 loading class java/lang/BooleanBeanInfo
Event: 56.599 loading class java/lang/BooleanBeanInfo done
Event: 56.600 loading class java/lang/BooleanBeanInfo
Event: 56.600 loading class java/lang/BooleanBeanInfo done
Event: 56.600 loading class java/lang/BooleanCustomizer
Event: 56.600 loading class java/lang/BooleanCustomizer done
Event: 56.601 loading class java/lang/BooleanCustomizer
Event: 56.601 loading class java/lang/BooleanCustomizer done
Event: 58.218 Executing VM operation: G1CollectForAllocation
Event: 58.242 Executing VM operation: G1CollectForAllocation done
Event: 58.837 Executing VM operation: G1TryInitiateConcMark
Event: 58.855 Executing VM operation: G1TryInitiateConcMark done
Event: 59.113 Thread 0x0000026c4c938280 Thread exited: 0x0000026c4c938280
Event: 59.182 Executing VM operation: G1Concurrent


Dynamic libraries:
0x00007ff6ab8b0000 - 0x00007ff6ab8bd000 	C:\Program Files\BellSoft\LibericaJDK-15-Full\bin\java.exe
0x00007fff9cc30000 - 0x00007fff9ce28000 	C:\WINDOWS\SYSTEM32\ntdll.dll
0x00007fff9ad00000 - 0x00007fff9adbd000 	C:\WINDOWS\System32\KERNEL32.DLL
0x00007fff9a410000 - 0x00007fff9a706000 	C:\WINDOWS\System32\KERNELBASE.dll
0x00007fff9a310000 - 0x00007fff9a410000 	C:\WINDOWS\System32\ucrtbase.dll
0x00007fff95500000 - 0x00007fff95518000 	C:\Program Files\BellSoft\LibericaJDK-15-Full\bin\jli.dll
0x00007fff9b310000 - 0x00007fff9b4ae000 	C:\WINDOWS\System32\USER32.dll
0x00007fff9a910000 - 0x00007fff9a932000 	C:\WINDOWS\System32\win32u.dll
0x00007fff9b640000 - 0x00007fff9b66c000 	C:\WINDOWS\System32\GDI32.dll
0x00007fff9aa20000 - 0x00007fff9ab3a000 	C:\WINDOWS\System32\gdi32full.dll
0x00007fff9a870000 - 0x00007fff9a90d000 	C:\WINDOWS\System32\msvcp_win.dll
0x00007fff94e60000 - 0x00007fff94e75000 	C:\Program Files\BellSoft\LibericaJDK-15-Full\bin\VCRUNTIME140.dll
0x00007fff996f0000 - 0x00007fff9998a000 	C:\WINDOWS\WinSxS\amd64_microsoft.windows.common-controls_6595b64144ccf1df_6.0.19041.3636_none_60b6a03d71f818d5\COMCTL32.dll
0x00007fff9b270000 - 0x00007fff9b30e000 	C:\WINDOWS\System32\msvcrt.dll
0x00007fff9bc50000 - 0x00007fff9bc80000 	C:\WINDOWS\System32\IMM32.DLL
0x00007fff75560000 - 0x00007fff755fb000 	C:\Program Files\BellSoft\LibericaJDK-15-Full\bin\msvcp140.dll
0x00007fff58500000 - 0x00007fff59090000 	C:\Program Files\BellSoft\LibericaJDK-15-Full\bin\server\jvm.dll
0x00007fff9b680000 - 0x00007fff9b72f000 	C:\WINDOWS\System32\ADVAPI32.dll
0x00007fff9ae40000 - 0x00007fff9aedc000 	C:\WINDOWS\System32\sechost.dll
0x00007fff9c430000 - 0x00007fff9c556000 	C:\WINDOWS\System32\RPCRT4.dll
0x00007fff9b260000 - 0x00007fff9b268000 	C:\WINDOWS\System32\PSAPI.DLL
0x00007fff97560000 - 0x00007fff97569000 	C:\WINDOWS\SYSTEM32\WSOCK32.dll
0x00007fff9cb80000 - 0x00007fff9cbeb000 	C:\WINDOWS\System32\WS2_32.dll
0x00007fff99b20000 - 0x00007fff99b47000 	C:\WINDOWS\SYSTEM32\WINMM.dll
0x00007fff90460000 - 0x00007fff9046a000 	C:\WINDOWS\SYSTEM32\VERSION.dll
0x00007fff97b60000 - 0x00007fff97b72000 	C:\WINDOWS\SYSTEM32\kernel.appcore.dll
0x00007fff95870000 - 0x00007fff9587a000 	C:\Program Files\BellSoft\LibericaJDK-15-Full\bin\jimage.dll
0x00007fff99bd0000 - 0x00007fff99db4000 	C:\WINDOWS\SYSTEM32\DBGHELP.DLL
0x00007fff99aa0000 - 0x00007fff99ad4000 	C:\WINDOWS\SYSTEM32\dbgcore.DLL
0x00007fff9a990000 - 0x00007fff9aa12000 	C:\WINDOWS\System32\bcryptPrimitives.dll
0x00007fff90ae0000 - 0x00007fff90b05000 	C:\Program Files\BellSoft\LibericaJDK-15-Full\bin\java.dll
0x00007fff9bce0000 - 0x00007fff9c425000 	C:\WINDOWS\System32\SHELL32.dll
0x00007fff97d60000 - 0x00007fff984fb000 	C:\WINDOWS\SYSTEM32\windows.storage.dll
0x00007fff9aee0000 - 0x00007fff9b234000 	C:\WINDOWS\System32\combase.dll
0x00007fff99650000 - 0x00007fff9967d000 	C:\WINDOWS\SYSTEM32\Wldp.dll
0x00007fff9c560000 - 0x00007fff9c60d000 	C:\WINDOWS\System32\SHCORE.dll
0x00007fff9bc80000 - 0x00007fff9bcd5000 	C:\WINDOWS\System32\shlwapi.dll
0x00007fff9a240000 - 0x00007fff9a265000 	C:\WINDOWS\SYSTEM32\profapi.dll
0x00007fff8fad0000 - 0x00007fff8fae9000 	C:\Program Files\BellSoft\LibericaJDK-15-Full\bin\net.dll
0x00007fff8df60000 - 0x00007fff8e06a000 	C:\WINDOWS\SYSTEM32\WINHTTP.dll
0x00007fff99510000 - 0x00007fff9957a000 	C:\WINDOWS\system32\mswsock.dll
0x00007fff8f330000 - 0x00007fff8f342000 	C:\Program Files\BellSoft\LibericaJDK-15-Full\bin\nio.dll
0x00007fff8f310000 - 0x00007fff8f328000 	C:\Program Files\BellSoft\LibericaJDK-15-Full\bin\zip.dll
0x00007fff957f0000 - 0x00007fff95800000 	C:\Program Files\BellSoft\LibericaJDK-15-Full\bin\verify.dll
0x00007fff8f2e0000 - 0x00007fff8f307000 	C:\Users\Amirull Azmi.DESKTOP-91E5MKF\.gradle\native\68d5fa5c4cc2d200863cafc0d521ce42e7d3e7ee720ec0a83991735586a16f82\windows-amd64\native-platform.dll
0x00007fff66ea0000 - 0x00007fff66fe4000 	C:\Users\Amirull Azmi.DESKTOP-91E5MKF\.gradle\native\e376f236ea51e6404a007f0833ffe2c6e607c4080706a723a18a27aeea778392\windows-amd64\native-platform-file-events.dll
0x00007fff95790000 - 0x00007fff95799000 	C:\Program Files\BellSoft\LibericaJDK-15-Full\bin\management.dll
0x00007fff8ffe0000 - 0x00007fff8ffeb000 	C:\Program Files\BellSoft\LibericaJDK-15-Full\bin\management_ext.dll
0x00007fff99ee0000 - 0x00007fff99ef8000 	C:\WINDOWS\SYSTEM32\CRYPTSP.dll
0x00007fff98d30000 - 0x00007fff98d64000 	C:\WINDOWS\system32\rsaenh.dll
0x00007fff9abf0000 - 0x00007fff9ac17000 	C:\WINDOWS\System32\bcrypt.dll
0x00007fff9a200000 - 0x00007fff9a22e000 	C:\WINDOWS\SYSTEM32\USERENV.dll
0x00007fff99480000 - 0x00007fff9948c000 	C:\WINDOWS\SYSTEM32\CRYPTBASE.dll
0x00007fff99090000 - 0x00007fff990cb000 	C:\WINDOWS\SYSTEM32\IPHLPAPI.DLL
0x00007fff9b670000 - 0x00007fff9b678000 	C:\WINDOWS\System32\NSI.dll
0x00007fff8ca70000 - 0x00007fff8ca87000 	C:\WINDOWS\SYSTEM32\dhcpcsvc6.DLL
0x00007fff8fe40000 - 0x00007fff8fe5d000 	C:\WINDOWS\SYSTEM32\dhcpcsvc.DLL
0x00007fff990d0000 - 0x00007fff9919a000 	C:\WINDOWS\SYSTEM32\DNSAPI.dll

dbghelp: loaded successfully - version: 4.0.5 - missing functions: none
symbol engine: initialized successfully - sym options: 0x614 - pdb path: .;C:\Program Files\BellSoft\LibericaJDK-15-Full\bin;C:\WINDOWS\SYSTEM32;C:\WINDOWS\WinSxS\amd64_microsoft.windows.common-controls_6595b64144ccf1df_6.0.19041.3636_none_60b6a03d71f818d5;C:\Program Files\BellSoft\LibericaJDK-15-Full\bin\server;C:\Users\Amirull Azmi.DESKTOP-91E5MKF\.gradle\native\68d5fa5c4cc2d200863cafc0d521ce42e7d3e7ee720ec0a83991735586a16f82\windows-amd64;C:\Users\Amirull Azmi.DESKTOP-91E5MKF\.gradle\native\e376f236ea51e6404a007f0833ffe2c6e607c4080706a723a18a27aeea778392\windows-amd64

VM Arguments:
jvm_args: -XX:MaxMetaspaceSize=512m --add-opens=java.base/java.util=ALL-UNNAMED --add-opens=java.base/java.lang=ALL-UNNAMED --add-opens=java.base/java.lang.invoke=ALL-UNNAMED --add-opens=java.prefs/java.util.prefs=ALL-UNNAMED --add-opens=java.base/java.nio.charset=ALL-UNNAMED --add-opens=java.base/java.net=ALL-UNNAMED --add-opens=java.base/java.util.concurrent.atomic=ALL-UNNAMED -Xmx2048m -Dfile.encoding=windows-1252 -Duser.country=ID -Duser.language=en -Duser.variant 
java_command: org.gradle.launcher.daemon.bootstrap.GradleDaemon 8.0.1
java_class_path (initial): C:\Users\Amirull Azmi.DESKTOP-91E5MKF\.gradle\wrapper\dists\gradle-8.0.1-all\aro4hu1c3oeioove7l0i4i14o\gradle-8.0.1\lib\gradle-launcher-8.0.1.jar
Launcher Type: SUN_STANDARD

[Global flags]
     intx CICompilerCount                          = 3                                         {product} {ergonomic}
   size_t CompressedClassSpaceSize                 = 528482304                                 {product} {ergonomic}
     uint ConcGCThreads                            = 1                                         {product} {ergonomic}
     uint G1ConcRefinementThreads                  = 4                                         {product} {ergonomic}
   size_t G1HeapRegionSize                         = 1048576                                   {product} {ergonomic}
    uintx GCDrainStackTargetSize                   = 64                                        {product} {ergonomic}
   size_t InitialHeapSize                          = 134217728                                 {product} {ergonomic}
   size_t MarkStackSize                            = 4194304                                   {product} {ergonomic}
   size_t MaxHeapSize                              = 2147483648                                {product} {command line}
   size_t MaxMetaspaceSize                         = 536870912                                 {product} {command line}
   size_t MaxNewSize                               = 1287651328                                {product} {ergonomic}
   size_t MinHeapDeltaBytes                        = 1048576                                   {product} {ergonomic}
   size_t MinHeapSize                              = 8388608                                   {product} {ergonomic}
    uintx NonNMethodCodeHeapSize                   = 5832780                                {pd product} {ergonomic}
    uintx NonProfiledCodeHeapSize                  = 122912730                              {pd product} {ergonomic}
    uintx ProfiledCodeHeapSize                     = 122912730                              {pd product} {ergonomic}
    uintx ReservedCodeCacheSize                    = 251658240                              {pd product} {ergonomic}
     bool SegmentedCodeCache                       = true                                      {product} {ergonomic}
   size_t SoftMaxHeapSize                          = 2147483648                             {manageable} {ergonomic}
     bool UseCompressedClassPointers               = true                                 {lp64_product} {ergonomic}
     bool UseCompressedOops                        = true                                 {lp64_product} {ergonomic}
     bool UseG1GC                                  = true                                      {product} {ergonomic}
     bool UseLargePagesIndividualAllocation        = false                                  {pd product} {ergonomic}

Logging:
Log output configuration:
 #0: stdout all=warning uptime,level,tags
 #1: stderr all=off uptime,level,tags

Environment Variables:
JAVA_HOME=C:\Program Files\BellSoft\LibericaJDK-15-Full\
CLASSPATH=C:\Users\Amirull Azmi.DESKTOP-91E5MKF\Documents\WEB PROJECT\WeonAndroid\android\\gradle\wrapper\gradle-wrapper.jar
PATH=C:\Users\Amirull Azmi.DESKTOP-91E5MKF\Documents\WEB PROJECT\WeonAndroid\node_modules\.bin;C:\Users\Amirull Azmi.DESKTOP-91E5MKF\Documents\WEB PROJECT\WeonAndroid\node_modules\.bin;C:\Users\Amirull Azmi.DESKTOP-91E5MKF\Documents\WEB PROJECT\node_modules\.bin;C:\Users\Amirull Azmi.DESKTOP-91E5MKF\Documents\node_modules\.bin;C:\Users\Amirull Azmi.DESKTOP-91E5MKF\node_modules\.bin;C:\Users\node_modules\.bin;C:\node_modules\.bin;C:\Users\Amirull Azmi.DESKTOP-91E5MKF\AppData\Roaming\npm\node_modules\npm\node_modules\@npmcli\run-script\lib\node-gyp-bin;C:\Users\Amirull Azmi.DESKTOP-91E5MKF\Documents\WEB PROJECT\WeonAndroid\node_modules\.bin;C:\Users\Amirull Azmi.DESKTOP-91E5MKF\Documents\WEB PROJECT\WeonAndroid\node_modules\.bin;C:\Users\Amirull Azmi.DESKTOP-91E5MKF\Documents\WEB PROJECT\node_modules\.bin;C:\Users\Amirull Azmi.DESKTOP-91E5MKF\Documents\node_modules\.bin;C:\Users\Amirull Azmi.DESKTOP-91E5MKF\node_modules\.bin;C:\Users\node_modules\.bin;C:\node_modules\.bin;C:\Users\Amirull Azmi.DESKTOP-91E5MKF\AppData\Roaming\npm\node_modules\npm\node_modules\@npmcli\run-script\lib\node-gyp-bin;C:\Program Files\BellSoft\LibericaJDK-15-Full\bin\;C:\Python312\Scripts\;C:\Python312\;C:\Python311\Scripts\;C:\Python311\;C:\Program Files\Microsoft\jdk-11.0.18.10-hotspot\bin;C:\WINDOWS\system32;C:\WINDOWS;C:\WINDOWS\System32\Wbem;C:\WINDOWS\System32\WindowsPowerShell\v1.0\;C:\WINDOWS\System32\OpenSSH\;C:\xampp\php;C:\ProgramData\ComposerSetup\bin;C:\Program Files\Git\cmd;C:\ProgramData\chocolatey\bin;C:\Program Files (x86)\Bitvise SSH Client;C:\Program Files\PuTTY\;C:\Program Files\nodejs\;C:\Users\Amirull Azmi.DESKTOP-91E5MKF\AppData\Local\Microsoft\WindowsApps;C:\Users\Amirull Azmi.DESKTOP-91E5MKF\AppData\Local\Programs\Microsoft VS Code\bin;C:\Users\Amirull Azmi.DESKTOP-91E5MKF\AppData\Roaming\Composer\vendor\bin;C:\Android\platform-tools;C:\Users\Amirull Azmi.DESKTOP-91E5MKF\AppData\Roaming\npm
USERNAME=Amirull Azmi
LANG=en_US.UTF-8
OS=Windows_NT
PROCESSOR_IDENTIFIER=Intel64 Family 6 Model 78 Stepping 3, GenuineIntel



---------------  S Y S T E M  ---------------

OS:
 Windows 10 , 64 bit Build 19041 (10.0.19041.3636)
OS uptime: 0 days 9:58 hours

CPU: total 4 (initial active 4) (2 cores per cpu, 2 threads per core) family 6 model 78 stepping 3 microcode 0xcc, cmov, cx8, fxsr, mmx, sse, sse2, sse3, ssse3, sse4.1, sse4.2, popcnt, vzeroupper, avx, avx2, aes, clmul, erms, 3dnowpref, lzcnt, ht, tsc, tscinvbit, bmi1, bmi2, adx, fma, clflush, clflushopt

Memory: 4k page, system-wide physical 8066M (609M free)
TotalPageFile size 10114M (AvailPageFile size 7M)
current process WorkingSet (physical memory assigned to process): 482M, peak: 485M
current process commit charge ("private bytes"): 519M, peak: 557M

vm_info: OpenJDK 64-Bit Server VM (15.0.2+10) for windows-amd64 JRE (15.0.2+10), built on Jan 21 2021 08:07:14 by "" with MS VC++ 15.9 (VS2017)

END.
