#
# There is insufficient memory for the Java Runtime Environment to continue.
# Native memory allocation (mmap) failed to map 28311552 bytes for G1 virtual space
# Possible reasons:
#   The system is out of physical RAM or swap space
#   The process is running with CompressedOops enabled, and the Java Heap may be blocking the growth of the native heap
# Possible solutions:
#   Reduce memory load on the system
#   Increase physical memory or swap space
#   Check if swap backing store is full
#   Decrease Java heap size (-Xmx/-Xms)
#   Decrease number of Java threads
#   Decrease Java thread stack sizes (-Xss)
#   Set larger code cache with -XX:ReservedCodeCacheSize=
#   JVM is running with Unscaled Compressed Oops mode in which the Java heap is
#     placed in the first 4GB address space. The Java Heap base address is the
#     maximum limit for the native heap growth. Please use -XX:HeapBaseMinAddress
#     to set the Java Heap base and to place the Java Heap above 4GB virtual address.
# This output file may be truncated or incomplete.
#
#  Out of Memory Error (./src/hotspot/os/windows/os_windows.cpp:3321), pid=12740, tid=8
#
# JRE version: OpenJDK Runtime Environment (15.0.2+10) (build 15.0.2+10)
# Java VM: OpenJDK 64-Bit Server VM (15.0.2+10, mixed mode, sharing, tiered, compressed oops, g1 gc, windows-amd64)
# No core dump will be written. Minidumps are not enabled by default on client versions of Windows
#

---------------  S U M M A R Y ------------

Command Line: -XX:MaxMetaspaceSize=512m --add-opens=java.base/java.util=ALL-UNNAMED --add-opens=java.base/java.lang=ALL-UNNAMED --add-opens=java.base/java.lang.invoke=ALL-UNNAMED --add-opens=java.prefs/java.util.prefs=ALL-UNNAMED --add-opens=java.base/java.nio.charset=ALL-UNNAMED --add-opens=java.base/java.net=ALL-UNNAMED --add-opens=java.base/java.util.concurrent.atomic=ALL-UNNAMED -Xmx2048m -Dfile.encoding=windows-1252 -Duser.country=ID -Duser.language=en -Duser.variant org.gradle.launcher.daemon.bootstrap.GradleDaemon 8.0.1

Host: Intel(R) Core(TM) i3-6006U CPU @ 2.00GHz, 4 cores, 7G,  Windows 10 , 64 bit Build 19041 (10.0.19041.3636)
Time: Wed Dec 27 01:24:15 2023 SE Asia Standard Time elapsed time: 89.396158 seconds (0d 0h 1m 29s)

---------------  T H R E A D  ---------------

Current thread (0x000002dfec3279d0):  VMThread "VM Thread" [stack: 0x000000f784700000,0x000000f784800000] [id=8]

Stack: [0x000000f784700000,0x000000f784800000]
[error occurred during error reporting (printing stack bounds), id 0xc0000005, EXCEPTION_ACCESS_VIOLATION (0xc0000005) at pc=0x000002dfd62a10ad]

Native frames: (J=compiled Java code, j=interpreted, Vv=VM code, C=native code)
V  [jvm.dll+0x5f7a0a]
V  [jvm.dll+0x796fb9]
V  [jvm.dll+0x798713]
V  [jvm.dll+0x798cc5]
V  [jvm.dll+0x798c7b]
V  [jvm.dll+0x5f6e2f]
V  [jvm.dll+0x5f75f8]
C  [ntdll.dll+0xa23af]
C  [ntdll.dll+0x514b4]
C  [ntdll.dll+0xa0ebe]
C  0x000002dfd62a10ad

VM_Operation (0x000000f7843ff740): G1Concurrent, mode: safepoint, requested by thread 0x000002dfcca25d90


---------------  P R O C E S S  ---------------

Threads class SMR info:
_java_thread_list=0x000002dff052d200, length=86, elements={
0x000002dfcc9d2cb0, 0x000002dfec32c0b0, 0x000002dfec32cb90, 0x000002dfec3467b0,
0x000002dfec34b090, 0x000002dfec34ba50, 0x000002dfec34c7f0, 0x000002dfec34e2b0,
0x000002dfec3c2e40, 0x000002dfecdac390, 0x000002dfecdb1570, 0x000002dfeda0b030,
0x000002dfeda0b9d0, 0x000002dfeda09350, 0x000002dfeda0a1c0, 0x000002dfeda0c370,
0x000002dfeda08e80, 0x000002dfeda0bea0, 0x000002dfeda0c840, 0x000002dfeda09820,
0x000002dfeda09cf0, 0x000002dfeda0a690, 0x000002dfeda0ab60, 0x000002dfeda0b500,
0x000002dfef6d3a70, 0x000002dfef6d35a0, 0x000002dfef6d30d0, 0x000002dfef6d5c20,
0x000002dfef6d4410, 0x000002dfef6d6a90, 0x000002dfef6d3f40, 0x000002dfef6d8770,
0x000002dfef6d82a0, 0x000002dfef6d60f0, 0x000002dfef6d9110, 0x000002dfef6d5280,
0x000002dfef6d7900, 0x000002dfef6d2730, 0x000002dfef6d5750, 0x000002dfef6d2c00,
0x000002dfef6d6f60, 0x000002dfef6d7430, 0x000002dfef6d7dd0, 0x000002dfee879000,
0x000002dfee87a340, 0x000002dfee879e70, 0x000002dfee877320, 0x000002dfee875fe0,
0x000002dfee87a810, 0x000002dfee875b10, 0x000002dfee87ace0, 0x000002dfee8794d0,
0x000002dfee877cc0, 0x000002dfee878190, 0x000002dfee878b30, 0x000002dfee8799a0,
0x000002dfee87bb50, 0x000002dfee87c020, 0x000002dfee8747d0, 0x000002dfee878660,
0x000002dfee87b680, 0x000002dfee87b1b0, 0x000002dfee874ca0, 0x000002dfee875170,
0x000002dfee875640, 0x000002dfee876980, 0x000002dfef8ea1a0, 0x000002dfef8ebe80,
0x000002dfef8eb010, 0x000002dfef8ec350, 0x000002dfef8ed690, 0x000002dfef8e5e40,
0x000002dfef8e8e60, 0x000002dfef8e9800, 0x000002dfef8eab40, 0x000002dfef8eb4e0,
0x000002dfef8e84c0, 0x000002dfef8e9330, 0x000002dfef8eb9b0, 0x000002dfef8ea670,
0x000002dfef8e6310, 0x000002dfef8e8990, 0x000002dfef8e67e0, 0x000002dfef8e6cb0,
0x000002dfef8e7180, 0x000002dfef8e9cd0
}

Java Threads: ( => current thread )
  0x000002dfcc9d2cb0 JavaThread "main" [_thread_blocked, id=15908, stack(0x000000f784100000,0x000000f784200000)]
  0x000002dfec32c0b0 JavaThread "Reference Handler" daemon [_thread_blocked, id=7636, stack(0x000000f784800000,0x000000f784900000)]
  0x000002dfec32cb90 JavaThread "Finalizer" daemon [_thread_blocked, id=14184, stack(0x000000f784900000,0x000000f784a00000)]
  0x000002dfec3467b0 JavaThread "Signal Dispatcher" daemon [_thread_blocked, id=14280, stack(0x000000f784a00000,0x000000f784b00000)]
  0x000002dfec34b090 JavaThread "Attach Listener" daemon [_thread_blocked, id=12856, stack(0x000000f784b00000,0x000000f784c00000)]
  0x000002dfec34ba50 JavaThread "Service Thread" daemon [_thread_blocked, id=13332, stack(0x000000f784c00000,0x000000f784d00000)]
  0x000002dfec34c7f0 JavaThread "C2 CompilerThread0" daemon [_thread_blocked, id=13812, stack(0x000000f784d00000,0x000000f784e00000)]
  0x000002dfec34e2b0 JavaThread "C1 CompilerThread0" daemon [_thread_blocked, id=12884, stack(0x000000f784e00000,0x000000f784f00000)]
  0x000002dfec3c2e40 JavaThread "Sweeper thread" daemon [_thread_blocked, id=18232, stack(0x000000f784f00000,0x000000f785000000)]
  0x000002dfecdac390 JavaThread "Common-Cleaner" daemon [_thread_blocked, id=13568, stack(0x000000f785000000,0x000000f785100000)]
  0x000002dfecdb1570 JavaThread "Notification Thread" daemon [_thread_blocked, id=17840, stack(0x000000f785100000,0x000000f785200000)]
  0x000002dfeda0b030 JavaThread "Daemon health stats" [_thread_blocked, id=14940, stack(0x000000f785500000,0x000000f785600000)]
  0x000002dfeda0b9d0 JavaThread "Incoming local TCP Connector on port 55796" [_thread_in_native, id=13828, stack(0x000000f785600000,0x000000f785700000)]
  0x000002dfeda09350 JavaThread "Daemon periodic checks" [_thread_blocked, id=15072, stack(0x000000f785700000,0x000000f785800000)]
  0x000002dfeda0a1c0 JavaThread "Daemon" [_thread_blocked, id=16156, stack(0x000000f785800000,0x000000f785900000)]
  0x000002dfeda0c370 JavaThread "Handler for socket connection from /127.0.0.1:55796 to /127.0.0.1:55797" [_thread_in_native, id=18392, stack(0x000000f785900000,0x000000f785a00000)]
  0x000002dfeda08e80 JavaThread "Cancel handler" [_thread_blocked, id=6508, stack(0x000000f785a00000,0x000000f785b00000)]
  0x000002dfeda0bea0 JavaThread "Daemon worker" [_thread_blocked, id=14548, stack(0x000000f785b00000,0x000000f785c00000)]
  0x000002dfeda0c840 JavaThread "Asynchronous log dispatcher for DefaultDaemonConnection: socket connection from /127.0.0.1:55796 to /127.0.0.1:55797" [_thread_blocked, id=17204, stack(0x000000f785c00000,0x000000f785d00000)]
  0x000002dfeda09820 JavaThread "Stdin handler" [_thread_blocked, id=11204, stack(0x000000f785d00000,0x000000f785e00000)]
  0x000002dfeda09cf0 JavaThread "Daemon client event forwarder" [_thread_blocked, id=14760, stack(0x000000f785e00000,0x000000f785f00000)]
  0x000002dfeda0a690 JavaThread "Cache worker for journal cache (C:\Users\Amirull Azmi.DESKTOP-91E5MKF\.gradle\caches\journal-1)" [_thread_blocked, id=13368, stack(0x000000f785f00000,0x000000f786000000)]
  0x000002dfeda0ab60 JavaThread "File lock request listener" [_thread_in_native, id=12016, stack(0x000000f786000000,0x000000f786100000)]
  0x000002dfeda0b500 JavaThread "Cache worker for file hash cache (C:\Users\Amirull Azmi.DESKTOP-91E5MKF\.gradle\caches\8.0.1\fileHashes)" [_thread_blocked, id=2468, stack(0x000000f786100000,0x000000f786200000)]
  0x000002dfef6d3a70 JavaThread "File watcher server" daemon [_thread_in_native, id=11068, stack(0x000000f786300000,0x000000f786400000)]
  0x000002dfef6d35a0 JavaThread "File watcher consumer" daemon [_thread_blocked, id=6680, stack(0x000000f786400000,0x000000f786500000)]
  0x000002dfef6d30d0 JavaThread "Cache worker for checksums cache (C:\Users\Amirull Azmi.DESKTOP-91E5MKF\Documents\WEB PROJECT\WeonAndroid\android\.gradle\8.0.1\checksums)" [_thread_blocked, id=3880, stack(0x000000f786500000,0x000000f786600000)]
  0x000002dfef6d5c20 JavaThread "Cache worker for cache directory md-rule (C:\Users\Amirull Azmi.DESKTOP-91E5MKF\.gradle\caches\8.0.1\md-rule)" [_thread_blocked, id=14812, stack(0x000000f786600000,0x000000f786700000)]
  0x000002dfef6d4410 JavaThread "Cache worker for file content cache (C:\Users\Amirull Azmi.DESKTOP-91E5MKF\.gradle\caches\8.0.1\fileContent)" [_thread_blocked, id=9804, stack(0x000000f786800000,0x000000f786900000)]
  0x000002dfef6d6a90 JavaThread "Cache worker for file hash cache (C:\Users\Amirull Azmi.DESKTOP-91E5MKF\Documents\WEB PROJECT\WeonAndroid\android\.gradle\8.0.1\fileHashes)" [_thread_blocked, id=1524, stack(0x000000f786700000,0x000000f786800000)]
  0x000002dfef6d3f40 JavaThread "Cache worker for cache directory md-supplier (C:\Users\Amirull Azmi.DESKTOP-91E5MKF\.gradle\caches\8.0.1\md-supplier)" [_thread_blocked, id=10928, stack(0x000000f786a00000,0x000000f786b00000)]
  0x000002dfef6d8770 JavaThread "Cache worker for execution history cache (C:\Users\Amirull Azmi.DESKTOP-91E5MKF\.gradle\caches\8.0.1\executionHistory)" [_thread_blocked, id=3460, stack(0x000000f786b00000,0x000000f786c00000)]
  0x000002dfef6d82a0 JavaThread "jar transforms" [_thread_blocked, id=9024, stack(0x000000f786d00000,0x000000f786e00000)]
  0x000002dfef6d60f0 JavaThread "jar transforms Thread 2" [_thread_blocked, id=3632, stack(0x000000f786e00000,0x000000f786f00000)]
  0x000002dfef6d9110 JavaThread "jar transforms Thread 3" [_thread_blocked, id=8752, stack(0x000000f786f00000,0x000000f787000000)]
  0x000002dfef6d5280 JavaThread "jar transforms Thread 4" [_thread_blocked, id=9900, stack(0x000000f787000000,0x000000f787100000)]
  0x000002dfef6d7900 JavaThread "Cache worker for kotlin-dsl (C:\Users\Amirull Azmi.DESKTOP-91E5MKF\.gradle\caches\8.0.1\kotlin-dsl)" [_thread_blocked, id=15324, stack(0x000000f787200000,0x000000f787300000)]
  0x000002dfef6d2730 JavaThread "Cache worker for dependencies-accessors (C:\Users\Amirull Azmi.DESKTOP-91E5MKF\Documents\WEB PROJECT\WeonAndroid\android\.gradle\8.0.1\dependencies-accessors)" [_thread_blocked, id=14700, stack(0x000000f787100000,0x000000f787200000)]
  0x000002dfef6d5750 JavaThread "Cache worker for Build Output Cleanup Cache (C:\Users\Amirull Azmi.DESKTOP-91E5MKF\Documents\WEB PROJECT\WeonAndroid\node_modules\@react-native\gradle-plugin\.gradle\buildOutputCleanup)" [_thread_blocked, id=15860, stack(0x000000f787300000,0x000000f787400000)]
  0x000002dfef6d2c00 JavaThread "Unconstrained build operations" [_thread_blocked, id=17992, stack(0x000000f787500000,0x000000f787600000)]
  0x000002dfef6d6f60 JavaThread "Unconstrained build operations Thread 2" [_thread_blocked, id=17940, stack(0x000000f787600000,0x000000f787700000)]
  0x000002dfef6d7430 JavaThread "Unconstrained build operations Thread 3" [_thread_blocked, id=10624, stack(0x000000f787700000,0x000000f787800000)]
  0x000002dfef6d7dd0 JavaThread "Unconstrained build operations Thread 4" [_thread_blocked, id=14272, stack(0x000000f787800000,0x000000f787900000)]
  0x000002dfee879000 JavaThread "Unconstrained build operations Thread 5" [_thread_blocked, id=17952, stack(0x000000f787900000,0x000000f787a00000)]
  0x000002dfee87a340 JavaThread "Unconstrained build operations Thread 6" [_thread_blocked, id=16624, stack(0x000000f787a00000,0x000000f787b00000)]
  0x000002dfee879e70 JavaThread "Unconstrained build operations Thread 7" [_thread_blocked, id=13412, stack(0x000000f787b00000,0x000000f787c00000)]
  0x000002dfee877320 JavaThread "Unconstrained build operations Thread 8" [_thread_blocked, id=3992, stack(0x000000f787c00000,0x000000f787d00000)]
  0x000002dfee875fe0 JavaThread "Unconstrained build operations Thread 9" [_thread_blocked, id=14984, stack(0x000000f787d00000,0x000000f787e00000)]
  0x000002dfee87a810 JavaThread "Unconstrained build operations Thread 10" [_thread_blocked, id=17476, stack(0x000000f787e00000,0x000000f787f00000)]
  0x000002dfee875b10 JavaThread "Unconstrained build operations Thread 11" [_thread_blocked, id=16024, stack(0x000000f787f00000,0x000000f788000000)]
  0x000002dfee87ace0 JavaThread "Unconstrained build operations Thread 12" [_thread_blocked, id=16412, stack(0x000000f788000000,0x000000f788100000)]
  0x000002dfee8794d0 JavaThread "Unconstrained build operations Thread 13" [_thread_blocked, id=11624, stack(0x000000f788100000,0x000000f788200000)]
  0x000002dfee877cc0 JavaThread "Unconstrained build operations Thread 14" [_thread_blocked, id=15476, stack(0x000000f788200000,0x000000f788300000)]
  0x000002dfee878190 JavaThread "Unconstrained build operations Thread 15" [_thread_blocked, id=15772, stack(0x000000f788300000,0x000000f788400000)]
  0x000002dfee878b30 JavaThread "Unconstrained build operations Thread 16" [_thread_blocked, id=16012, stack(0x000000f788400000,0x000000f788500000)]
  0x000002dfee8799a0 JavaThread "Unconstrained build operations Thread 17" [_thread_blocked, id=12316, stack(0x000000f788500000,0x000000f788600000)]
  0x000002dfee87bb50 JavaThread "Unconstrained build operations Thread 18" [_thread_blocked, id=17352, stack(0x000000f788600000,0x000000f788700000)]
  0x000002dfee87c020 JavaThread "Unconstrained build operations Thread 19" [_thread_blocked, id=17680, stack(0x000000f788700000,0x000000f788800000)]
  0x000002dfee8747d0 JavaThread "Unconstrained build operations Thread 20" [_thread_blocked, id=17328, stack(0x000000f788800000,0x000000f788900000)]
  0x000002dfee878660 JavaThread "Unconstrained build operations Thread 21" [_thread_blocked, id=9616, stack(0x000000f788900000,0x000000f788a00000)]
  0x000002dfee87b680 JavaThread "Unconstrained build operations Thread 22" [_thread_blocked, id=16576, stack(0x000000f788a00000,0x000000f788b00000)]
  0x000002dfee87b1b0 JavaThread "Unconstrained build operations Thread 23" [_thread_blocked, id=17148, stack(0x000000f788b00000,0x000000f788c00000)]
  0x000002dfee874ca0 JavaThread "Unconstrained build operations Thread 24" [_thread_blocked, id=17256, stack(0x000000f788c00000,0x000000f788d00000)]
  0x000002dfee875170 JavaThread "Unconstrained build operations Thread 25" [_thread_blocked, id=16416, stack(0x000000f788d00000,0x000000f788e00000)]
  0x000002dfee875640 JavaThread "Unconstrained build operations Thread 26" [_thread_blocked, id=17908, stack(0x000000f788e00000,0x000000f788f00000)]
  0x000002dfee876980 JavaThread "Memory manager" [_thread_blocked, id=18124, stack(0x000000f788f00000,0x000000f789000000)]
  0x000002dfef8ea1a0 JavaThread "Cache worker for Build Output Cleanup Cache (C:\Users\Amirull Azmi.DESKTOP-91E5MKF\Documents\WEB PROJECT\WeonAndroid\android\.gradle\buildOutputCleanup)" [_thread_blocked, id=11752, stack(0x000000f787400000,0x000000f787500000)]
  0x000002dfef8ebe80 JavaThread "included builds" [_thread_blocked, id=15560, stack(0x000000f789100000,0x000000f789200000)]
  0x000002dfef8eb010 JavaThread "Execution worker" [_thread_blocked, id=16980, stack(0x000000f789200000,0x000000f789300000)]
  0x000002dfef8ec350 JavaThread "Execution worker Thread 2" [_thread_blocked, id=4988, stack(0x000000f789300000,0x000000f789400000)]
  0x000002dfef8ed690 JavaThread "Execution worker Thread 3" [_thread_blocked, id=15212, stack(0x000000f789400000,0x000000f789500000)]
  0x000002dfef8e5e40 JavaThread "Cache worker for execution history cache (C:\Users\Amirull Azmi.DESKTOP-91E5MKF\Documents\WEB PROJECT\WeonAndroid\node_modules\@react-native\gradle-plugin\.gradle\8.0.1\executionHistory)" [_thread_blocked, id=13676, stack(0x000000f789500000,0x000000f789600000)]
  0x000002dfef8e8e60 JavaThread "Unconstrained build operations Thread 27" [_thread_blocked, id=17544, stack(0x000000f789000000,0x000000f789100000)]
  0x000002dfef8e9800 JavaThread "Unconstrained build operations Thread 28" [_thread_blocked, id=15336, stack(0x000000f789600000,0x000000f789700000)]
  0x000002dfef8eab40 JavaThread "Unconstrained build operations Thread 29" [_thread_blocked, id=432, stack(0x000000f789700000,0x000000f789800000)]
  0x000002dfef8eb4e0 JavaThread "Unconstrained build operations Thread 30" [_thread_blocked, id=15508, stack(0x000000f789800000,0x000000f789900000)]
  0x000002dfef8e84c0 JavaThread "Unconstrained build operations Thread 31" [_thread_blocked, id=16260, stack(0x000000f789900000,0x000000f789a00000)]
  0x000002dfef8e9330 JavaThread "Unconstrained build operations Thread 32" [_thread_blocked, id=13840, stack(0x000000f789a00000,0x000000f789b00000)]
  0x000002dfef8eb9b0 JavaThread "Unconstrained build operations Thread 33" [_thread_blocked, id=17760, stack(0x000000f789b00000,0x000000f789c00000)]
  0x000002dfef8ea670 JavaThread "Unconstrained build operations Thread 34" [_thread_blocked, id=15328, stack(0x000000f789c00000,0x000000f789d00000)]
  0x000002dfef8e6310 JavaThread "Unconstrained build operations Thread 35" [_thread_blocked, id=15448, stack(0x000000f789d00000,0x000000f789e00000)]
  0x000002dfef8e8990 JavaThread "Unconstrained build operations Thread 36" [_thread_blocked, id=13888, stack(0x000000f789e00000,0x000000f789f00000)]
  0x000002dfef8e67e0 JavaThread "Unconstrained build operations Thread 37" [_thread_blocked, id=18236, stack(0x000000f789f00000,0x000000f78a000000)]
  0x000002dfef8e6cb0 JavaThread "Unconstrained build operations Thread 38" [_thread_blocked, id=17264, stack(0x000000f78a000000,0x000000f78a100000)]
  0x000002dfef8e7180 JavaThread "Unconstrained build operations Thread 39" [_thread_blocked, id=16240, stack(0x000000f78a100000,0x000000f78a200000)]
  0x000002dfef8e9cd0 JavaThread "Unconstrained build operations Thread 40" [_thread_blocked, id=15096, stack(0x000000f78a200000,0x000000f78a300000)]

Other Threads:
=>0x000002dfec3279d0 VMThread "VM Thread" [stack: 0x000000f784700000,0x000000f784800000] [id=8]
  0x000002dfecdb1a40 WatcherThread [stack: 0x000000f785200000,0x000000f785300000] [id=15856]
  0x000002dfcca14d30 GCTaskThread "GC Thread#0" [stack: 0x000000f784200000,0x000000f784300000] [id=18196]
  0x000002dfecd8d780 GCTaskThread "GC Thread#1" [stack: 0x000000f785300000,0x000000f785400000] [id=16824]
  0x000002dfecd8e110 GCTaskThread "GC Thread#2" [stack: 0x000000f785400000,0x000000f785500000] [id=12948]
  0x000002dfecd8eaa0 GCTaskThread "GC Thread#3" [stack: 0x000000f786200000,0x000000f786300000] [id=1664]
  0x000002dfcca25d90 ConcurrentGCThread "G1 Main Marker" [stack: 0x000000f784300000,0x000000f784400000] [id=13620]
  0x000002dfcca26890 ConcurrentGCThread "G1 Conc#0" [stack: 0x000000f784400000,0x000000f784500000] [id=13348]
  0x000002dfcca9e1a0 ConcurrentGCThread "G1 Refine#0" [stack: 0x000000f784500000,0x000000f784600000] [id=14316]
  0x000002dfefbddc00 ConcurrentGCThread "G1 Refine#1" [stack: 0x000000f786900000,0x000000f786a00000] [id=1440]
  0x000002dff0855b60 ConcurrentGCThread "G1 Refine#2" [stack: 0x000000f783e00000,0x000000f783f00000] [id=13936]
  0x000002dfcca9ecb0 ConcurrentGCThread "G1 Young RemSet Sampling" [stack: 0x000000f784600000,0x000000f784700000] [id=3448]

Threads with active compile tasks:
C2 CompilerThread0    89436 11636       4       java.util.LinkedList::indexOf (73 bytes)

VM state: at safepoint (normal execution)

VM Mutex/Monitor currently owned by a thread:  ([mutex/lock_event])
[0x000002dfcc9ce420] Threads_lock - owner thread: 0x000002dfec3279d0
[0x000002dfcc9cdd60] Heap_lock - owner thread: 0x000002dfcca25d90

Heap address: 0x0000000080000000, size: 2048 MB, Compressed Oops mode: 32-bit
CDS archive(s) mapped at: [0x0000000800000000-0x0000000800b50000-0x0000000800b50000), size 11862016, SharedBaseAddress: 0x0000000800000000, ArchiveRelocationMode: 0.
Compressed class space mapped at: 0x0000000800b50000-0x0000000820350000, size: 528482304
Narrow klass base: 0x0000000800000000, Narrow klass shift: 3, Narrow klass range: 0x100000000

GC Precious Log:
 CPUs: 4 total, 4 available
 Memory: 8066M
 Large Page Support: Disabled
 NUMA Support: Disabled
 Compressed Oops: Enabled (32-bit)
 Heap Region Size: 1M
 Heap Min Capacity: 8M
 Heap Initial Capacity: 128M
 Heap Max Capacity: 2G
 Pre-touch: Disabled
 Parallel Workers: 4
 Concurrent Workers: 1
 Concurrent Refinement Workers: 4
 Periodic GC: Disabled

Heap:
 garbage-first heap   total 239616K, used 140908K [0x0000000080000000, 0x0000000100000000)
  region size 1024K, 11 young (11264K), 3 survivors (3072K)
 Metaspace       used 88165K, capacity 90111K, committed 90288K, reserved 593920K
  class space    used 11826K, capacity 12487K, committed 12544K, reserved 516096K

Heap Regions: E=young(eden), S=young(survivor), O=old, HS=humongous(starts), HC=humongous(continues), CS=collection set, F=free, OA=open archive, CA=closed archive, TAMS=top-at-mark-start (previous, next)
|   0|0x0000000080000000, 0x0000000080100000, 0x0000000080100000|100%| O|  |TAMS 0x0000000080100000, 0x0000000080000000| Updating 
|   1|0x0000000080100000, 0x0000000080200000, 0x0000000080200000|100%| O|  |TAMS 0x0000000080200000, 0x0000000080100000| Updating 
|   2|0x0000000080200000, 0x0000000080300000, 0x0000000080300000|100%|HS|  |TAMS 0x0000000080300000, 0x0000000080200000| Complete 
|   3|0x0000000080300000, 0x0000000080400000, 0x0000000080400000|100%|HC|  |TAMS 0x0000000080400000, 0x0000000080300000| Complete 
|   4|0x0000000080400000, 0x0000000080500000, 0x0000000080500000|100%|HC|  |TAMS 0x0000000080500000, 0x0000000080400000| Complete 
|   5|0x0000000080500000, 0x0000000080600000, 0x0000000080600000|100%|HC|  |TAMS 0x0000000080600000, 0x0000000080500000| Complete 
|   6|0x0000000080600000, 0x0000000080700000, 0x0000000080700000|100%| O|  |TAMS 0x0000000080700000, 0x0000000080600000| Updating 
|   7|0x0000000080700000, 0x0000000080800000, 0x0000000080800000|100%| O|  |TAMS 0x0000000080800000, 0x0000000080700000| Updating 
|   8|0x0000000080800000, 0x0000000080900000, 0x0000000080900000|100%| O|  |TAMS 0x0000000080900000, 0x0000000080800000| Updating 
|   9|0x0000000080900000, 0x0000000080a00000, 0x0000000080a00000|100%| O|  |TAMS 0x0000000080a00000, 0x0000000080900000| Updating 
|  10|0x0000000080a00000, 0x0000000080b00000, 0x0000000080b00000|100%| O|  |TAMS 0x0000000080b00000, 0x0000000080a00000| Updating 
|  11|0x0000000080b00000, 0x0000000080c00000, 0x0000000080c00000|100%| O|  |TAMS 0x0000000080c00000, 0x0000000080b00000| Updating 
|  12|0x0000000080c00000, 0x0000000080d00000, 0x0000000080d00000|100%| O|  |TAMS 0x0000000080d00000, 0x0000000080c00000| Updating 
|  13|0x0000000080d00000, 0x0000000080e00000, 0x0000000080e00000|100%| O|  |TAMS 0x0000000080e00000, 0x0000000080d00000| Updating 
|  14|0x0000000080e00000, 0x0000000080f00000, 0x0000000080f00000|100%| O|  |TAMS 0x0000000080f00000, 0x0000000080e00000| Updating 
|  15|0x0000000080f00000, 0x0000000081000000, 0x0000000081000000|100%| O|  |TAMS 0x0000000081000000, 0x0000000080f00000| Updating 
|  16|0x0000000081000000, 0x0000000081100000, 0x0000000081100000|100%| O|  |TAMS 0x0000000081100000, 0x0000000081000000| Updating 
|  17|0x0000000081100000, 0x0000000081200000, 0x0000000081200000|100%| O|  |TAMS 0x0000000081200000, 0x0000000081100000| Updating 
|  18|0x0000000081200000, 0x00000000812f4e00, 0x0000000081300000| 95%| O|  |TAMS 0x00000000812f4e00, 0x0000000081200000| Updating 
|  19|0x0000000081300000, 0x0000000081400000, 0x0000000081400000|100%| O|  |TAMS 0x0000000081400000, 0x0000000081300000| Updating 
|  20|0x0000000081400000, 0x0000000081500000, 0x0000000081500000|100%| O|  |TAMS 0x0000000081500000, 0x0000000081400000| Updating 
|  21|0x0000000081500000, 0x0000000081600000, 0x0000000081600000|100%| O|  |TAMS 0x0000000081600000, 0x0000000081500000| Updating 
|  22|0x0000000081600000, 0x0000000081700000, 0x0000000081700000|100%| O|  |TAMS 0x0000000081700000, 0x0000000081600000| Updating 
|  23|0x0000000081700000, 0x0000000081800000, 0x0000000081800000|100%| O|  |TAMS 0x0000000081800000, 0x0000000081700000| Updating 
|  24|0x0000000081800000, 0x0000000081900000, 0x0000000081900000|100%| O|  |TAMS 0x0000000081900000, 0x0000000081800000| Updating 
|  25|0x0000000081900000, 0x0000000081a00000, 0x0000000081a00000|100%| O|  |TAMS 0x0000000081a00000, 0x0000000081900000| Updating 
|  26|0x0000000081a00000, 0x0000000081b00000, 0x0000000081b00000|100%|HS|  |TAMS 0x0000000081b00000, 0x0000000081a00000| Complete 
|  27|0x0000000081b00000, 0x0000000081c00000, 0x0000000081c00000|100%|HC|  |TAMS 0x0000000081c00000, 0x0000000081b00000| Complete 
|  28|0x0000000081c00000, 0x0000000081d00000, 0x0000000081d00000|100%| O|  |TAMS 0x0000000081d00000, 0x0000000081c00000| Updating 
|  29|0x0000000081d00000, 0x0000000081e00000, 0x0000000081e00000|100%|HS|  |TAMS 0x0000000081e00000, 0x0000000081d00000| Complete 
|  30|0x0000000081e00000, 0x0000000081f00000, 0x0000000081f00000|100%|HC|  |TAMS 0x0000000081f00000, 0x0000000081e00000| Complete 
|  31|0x0000000081f00000, 0x0000000082000000, 0x0000000082000000|100%| O|  |TAMS 0x0000000082000000, 0x0000000081f00000| Updating 
|  32|0x0000000082000000, 0x0000000082100000, 0x0000000082100000|100%| O|  |TAMS 0x0000000082100000, 0x0000000082000000| Updating 
|  33|0x0000000082100000, 0x0000000082200000, 0x0000000082200000|100%| O|  |TAMS 0x0000000082200000, 0x0000000082100000| Updating 
|  34|0x0000000082200000, 0x0000000082300000, 0x0000000082300000|100%| O|  |TAMS 0x0000000082300000, 0x0000000082200000| Updating 
|  35|0x0000000082300000, 0x0000000082400000, 0x0000000082400000|100%| O|  |TAMS 0x0000000082400000, 0x0000000082300000| Updating 
|  36|0x0000000082400000, 0x0000000082500000, 0x0000000082500000|100%| O|  |TAMS 0x0000000082500000, 0x0000000082400000| Updating 
|  37|0x0000000082500000, 0x0000000082600000, 0x0000000082600000|100%|HS|  |TAMS 0x0000000082600000, 0x0000000082500000| Complete 
|  38|0x0000000082600000, 0x0000000082700000, 0x0000000082700000|100%|HC|  |TAMS 0x0000000082700000, 0x0000000082600000| Complete 
|  39|0x0000000082700000, 0x0000000082800000, 0x0000000082800000|100%|HC|  |TAMS 0x0000000082800000, 0x0000000082700000| Complete 
|  40|0x0000000082800000, 0x0000000082900000, 0x0000000082900000|100%|HC|  |TAMS 0x0000000082900000, 0x0000000082800000| Complete 
|  41|0x0000000082900000, 0x0000000082a00000, 0x0000000082a00000|100%| O|  |TAMS 0x0000000082a00000, 0x0000000082900000| Updating 
|  42|0x0000000082a00000, 0x0000000082b00000, 0x0000000082b00000|100%| O|  |TAMS 0x0000000082b00000, 0x0000000082a00000| Updating 
|  43|0x0000000082b00000, 0x0000000082c00000, 0x0000000082c00000|100%| O|  |TAMS 0x0000000082c00000, 0x0000000082b00000| Updating 
|  44|0x0000000082c00000, 0x0000000082d00000, 0x0000000082d00000|100%| O|  |TAMS 0x0000000082d00000, 0x0000000082c00000| Updating 
|  45|0x0000000082d00000, 0x0000000082e00000, 0x0000000082e00000|100%| O|  |TAMS 0x0000000082e00000, 0x0000000082d00000| Updating 
|  46|0x0000000082e00000, 0x0000000082f00000, 0x0000000082f00000|100%| O|  |TAMS 0x0000000082f00000, 0x0000000082e00000| Updating 
|  47|0x0000000082f00000, 0x0000000083000000, 0x0000000083000000|100%| O|  |TAMS 0x0000000083000000, 0x0000000082f00000| Updating 
|  48|0x0000000083000000, 0x0000000083100000, 0x0000000083100000|100%| O|  |TAMS 0x0000000083100000, 0x0000000083000000| Updating 
|  49|0x0000000083100000, 0x0000000083200000, 0x0000000083200000|100%|HS|  |TAMS 0x0000000083200000, 0x0000000083100000| Complete 
|  50|0x0000000083200000, 0x0000000083300000, 0x0000000083300000|100%|HC|  |TAMS 0x0000000083300000, 0x0000000083200000| Complete 
|  51|0x0000000083300000, 0x0000000083400000, 0x0000000083400000|100%|HC|  |TAMS 0x0000000083400000, 0x0000000083300000| Complete 
|  52|0x0000000083400000, 0x0000000083500000, 0x0000000083500000|100%|HC|  |TAMS 0x0000000083500000, 0x0000000083400000| Complete 
|  53|0x0000000083500000, 0x0000000083600000, 0x0000000083600000|100%| O|  |TAMS 0x0000000083600000, 0x0000000083500000| Updating 
|  54|0x0000000083600000, 0x0000000083700000, 0x0000000083700000|100%| O|  |TAMS 0x0000000083700000, 0x0000000083600000| Updating 
|  55|0x0000000083700000, 0x0000000083800000, 0x0000000083800000|100%| O|  |TAMS 0x0000000083800000, 0x0000000083700000| Updating 
|  56|0x0000000083800000, 0x0000000083900000, 0x0000000083900000|100%| O|  |TAMS 0x0000000083900000, 0x0000000083800000| Updating 
|  57|0x0000000083900000, 0x0000000083a00000, 0x0000000083a00000|100%| O|  |TAMS 0x0000000083a00000, 0x0000000083900000| Updating 
|  58|0x0000000083a00000, 0x0000000083b00000, 0x0000000083b00000|100%| O|  |TAMS 0x0000000083b00000, 0x0000000083a00000| Updating 
|  59|0x0000000083b00000, 0x0000000083c00000, 0x0000000083c00000|100%| O|  |TAMS 0x0000000083c00000, 0x0000000083b00000| Updating 
|  60|0x0000000083c00000, 0x0000000083d00000, 0x0000000083d00000|100%| O|  |TAMS 0x0000000083d00000, 0x0000000083c00000| Updating 
|  61|0x0000000083d00000, 0x0000000083e00000, 0x0000000083e00000|100%| O|  |TAMS 0x0000000083e00000, 0x0000000083d00000| Updating 
|  62|0x0000000083e00000, 0x0000000083f00000, 0x0000000083f00000|100%| O|  |TAMS 0x0000000083f00000, 0x0000000083e00000| Updating 
|  63|0x0000000083f00000, 0x0000000084000000, 0x0000000084000000|100%|HS|  |TAMS 0x0000000084000000, 0x0000000083f00000| Complete 
|  64|0x0000000084000000, 0x0000000084100000, 0x0000000084100000|100%| O|  |TAMS 0x000000008405f000, 0x0000000084000000| Updating 
|  65|0x0000000084100000, 0x0000000084200000, 0x0000000084200000|100%| O|  |TAMS 0x0000000084100000, 0x0000000084100000| Untracked 
|  66|0x0000000084200000, 0x0000000084300000, 0x0000000084300000|100%| O|  |TAMS 0x0000000084200000, 0x0000000084200000| Untracked 
|  67|0x0000000084300000, 0x0000000084400000, 0x0000000084400000|100%|HS|  |TAMS 0x0000000084400000, 0x0000000084300000| Complete 
|  68|0x0000000084400000, 0x0000000084500000, 0x0000000084500000|100%| O|  |TAMS 0x0000000084400000, 0x0000000084400000| Untracked 
|  69|0x0000000084500000, 0x0000000084600000, 0x0000000084600000|100%| O|  |TAMS 0x0000000084600000, 0x0000000084500000| Updating 
|  70|0x0000000084600000, 0x0000000084700000, 0x0000000084700000|100%| O|  |TAMS 0x0000000084600000, 0x0000000084600000| Untracked 
|  71|0x0000000084700000, 0x0000000084800000, 0x0000000084800000|100%| O|  |TAMS 0x0000000084800000, 0x0000000084700000| Updating 
|  72|0x0000000084800000, 0x0000000084900000, 0x0000000084900000|100%| O|  |TAMS 0x0000000084900000, 0x0000000084800000| Updating 
|  73|0x0000000084900000, 0x0000000084a00000, 0x0000000084a00000|100%| O|  |TAMS 0x0000000084a00000, 0x0000000084900000| Updating 
|  74|0x0000000084a00000, 0x0000000084b00000, 0x0000000084b00000|100%| O|  |TAMS 0x0000000084b00000, 0x0000000084a00000| Updating 
|  75|0x0000000084b00000, 0x0000000084c00000, 0x0000000084c00000|100%| O|  |TAMS 0x0000000084c00000, 0x0000000084b00000| Updating 
|  76|0x0000000084c00000, 0x0000000084d00000, 0x0000000084d00000|100%| O|  |TAMS 0x0000000084d00000, 0x0000000084c00000| Updating 
|  77|0x0000000084d00000, 0x0000000084e00000, 0x0000000084e00000|100%| O|  |TAMS 0x0000000084e00000, 0x0000000084d00000| Updating 
|  78|0x0000000084e00000, 0x0000000084f00000, 0x0000000084f00000|100%| O|  |TAMS 0x0000000084f00000, 0x0000000084e00000| Updating 
|  79|0x0000000084f00000, 0x0000000085000000, 0x0000000085000000|100%| O|  |TAMS 0x0000000085000000, 0x0000000084f00000| Updating 
|  80|0x0000000085000000, 0x0000000085100000, 0x0000000085100000|100%| O|  |TAMS 0x0000000085100000, 0x0000000085000000| Updating 
|  81|0x0000000085100000, 0x0000000085200000, 0x0000000085200000|100%| O|  |TAMS 0x0000000085200000, 0x0000000085100000| Updating 
|  82|0x0000000085200000, 0x0000000085300000, 0x0000000085300000|100%| O|  |TAMS 0x0000000085300000, 0x0000000085200000| Updating 
|  83|0x0000000085300000, 0x0000000085400000, 0x0000000085400000|100%| O|  |TAMS 0x0000000085400000, 0x0000000085300000| Updating 
|  84|0x0000000085400000, 0x0000000085500000, 0x0000000085500000|100%| O|  |TAMS 0x0000000085500000, 0x0000000085400000| Updating 
|  85|0x0000000085500000, 0x0000000085600000, 0x0000000085600000|100%| O|  |TAMS 0x0000000085600000, 0x0000000085500000| Updating 
|  86|0x0000000085600000, 0x0000000085700000, 0x0000000085700000|100%| O|  |TAMS 0x0000000085700000, 0x0000000085600000| Updating 
|  87|0x0000000085700000, 0x0000000085800000, 0x0000000085800000|100%| O|  |TAMS 0x0000000085800000, 0x0000000085700000| Updating 
|  88|0x0000000085800000, 0x0000000085900000, 0x0000000085900000|100%| O|  |TAMS 0x0000000085900000, 0x0000000085800000| Updating 
|  89|0x0000000085900000, 0x0000000085a00000, 0x0000000085a00000|100%| O|  |TAMS 0x0000000085a00000, 0x0000000085900000| Updating 
|  90|0x0000000085a00000, 0x0000000085b00000, 0x0000000085b00000|100%| O|  |TAMS 0x0000000085b00000, 0x0000000085a00000| Updating 
|  91|0x0000000085b00000, 0x0000000085c00000, 0x0000000085c00000|100%| O|  |TAMS 0x0000000085c00000, 0x0000000085b00000| Updating 
|  92|0x0000000085c00000, 0x0000000085d00000, 0x0000000085d00000|100%| O|  |TAMS 0x0000000085d00000, 0x0000000085c00000| Updating 
|  93|0x0000000085d00000, 0x0000000085e00000, 0x0000000085e00000|100%| O|  |TAMS 0x0000000085e00000, 0x0000000085d00000| Updating 
|  94|0x0000000085e00000, 0x0000000085f00000, 0x0000000085f00000|100%|HS|  |TAMS 0x0000000085f00000, 0x0000000085e00000| Complete 
|  95|0x0000000085f00000, 0x0000000086000000, 0x0000000086000000|100%|HS|  |TAMS 0x0000000086000000, 0x0000000085f00000| Complete 
|  96|0x0000000086000000, 0x0000000086100000, 0x0000000086100000|100%|HC|  |TAMS 0x0000000086100000, 0x0000000086000000| Complete 
|  97|0x0000000086100000, 0x0000000086200000, 0x0000000086200000|100%|HS|  |TAMS 0x0000000086200000, 0x0000000086100000| Complete 
|  98|0x0000000086200000, 0x0000000086300000, 0x0000000086300000|100%|HS|  |TAMS 0x0000000086300000, 0x0000000086200000| Complete 
|  99|0x0000000086300000, 0x0000000086400000, 0x0000000086400000|100%|HC|  |TAMS 0x0000000086400000, 0x0000000086300000| Complete 
| 100|0x0000000086400000, 0x0000000086500000, 0x0000000086500000|100%|HC|  |TAMS 0x0000000086500000, 0x0000000086400000| Complete 
| 101|0x0000000086500000, 0x0000000086600000, 0x0000000086600000|100%|HC|  |TAMS 0x0000000086600000, 0x0000000086500000| Complete 
| 102|0x0000000086600000, 0x0000000086700000, 0x0000000086700000|100%| O|  |TAMS 0x0000000086700000, 0x0000000086600000| Updating 
| 103|0x0000000086700000, 0x0000000086800000, 0x0000000086800000|100%|HS|  |TAMS 0x0000000086800000, 0x0000000086700000| Complete 
| 104|0x0000000086800000, 0x0000000086900000, 0x0000000086900000|100%|HC|  |TAMS 0x0000000086900000, 0x0000000086800000| Complete 
| 105|0x0000000086900000, 0x0000000086a00000, 0x0000000086a00000|100%| O|  |TAMS 0x0000000086a00000, 0x0000000086900000| Updating 
| 106|0x0000000086a00000, 0x0000000086b00000, 0x0000000086b00000|100%| O|  |TAMS 0x0000000086b00000, 0x0000000086a00000| Updating 
| 107|0x0000000086b00000, 0x0000000086c00000, 0x0000000086c00000|100%| O|  |TAMS 0x0000000086c00000, 0x0000000086b00000| Updating 
| 108|0x0000000086c00000, 0x0000000086d00000, 0x0000000086d00000|100%| O|  |TAMS 0x0000000086d00000, 0x0000000086c00000| Updating 
| 109|0x0000000086d00000, 0x0000000086e00000, 0x0000000086e00000|100%| O|  |TAMS 0x0000000086e00000, 0x0000000086d00000| Updating 
| 110|0x0000000086e00000, 0x0000000086f00000, 0x0000000086f00000|100%| O|  |TAMS 0x0000000086f00000, 0x0000000086e00000| Updating 
| 111|0x0000000086f00000, 0x0000000087000000, 0x0000000087000000|100%| O|  |TAMS 0x0000000087000000, 0x0000000086f00000| Updating 
| 112|0x0000000087000000, 0x0000000087100000, 0x0000000087100000|100%| O|  |TAMS 0x0000000087100000, 0x0000000087000000| Updating 
| 113|0x0000000087100000, 0x0000000087200000, 0x0000000087200000|100%| O|  |TAMS 0x0000000087200000, 0x0000000087100000| Updating 
| 114|0x0000000087200000, 0x0000000087300000, 0x0000000087300000|100%| O|  |TAMS 0x0000000087300000, 0x0000000087200000| Updating 
| 115|0x0000000087300000, 0x0000000087400000, 0x0000000087400000|100%| O|  |TAMS 0x0000000087400000, 0x0000000087300000| Updating 
| 116|0x0000000087400000, 0x0000000087500000, 0x0000000087500000|100%| O|  |TAMS 0x0000000087500000, 0x0000000087400000| Updating 
| 117|0x0000000087500000, 0x0000000087600000, 0x0000000087600000|100%| O|  |TAMS 0x0000000087600000, 0x0000000087500000| Updating 
| 118|0x0000000087600000, 0x0000000087700000, 0x0000000087700000|100%| O|  |TAMS 0x0000000087700000, 0x0000000087600000| Updating 
| 119|0x0000000087700000, 0x0000000087800000, 0x0000000087800000|100%| O|  |TAMS 0x0000000087800000, 0x0000000087700000| Updating 
| 120|0x0000000087800000, 0x0000000087900000, 0x0000000087900000|100%| O|  |TAMS 0x0000000087900000, 0x0000000087800000| Updating 
| 121|0x0000000087900000, 0x0000000087a00000, 0x0000000087a00000|100%| O|  |TAMS 0x0000000087a00000, 0x0000000087900000| Updating 
| 122|0x0000000087a00000, 0x0000000087ab3400, 0x0000000087b00000| 70%| O|  |TAMS 0x0000000087a00000, 0x0000000087a00000| Updating 
| 123|0x0000000087b00000, 0x0000000087c00000, 0x0000000087c00000|100%|HS|  |TAMS 0x0000000087b00000, 0x0000000087b00000| Complete 
| 124|0x0000000087c00000, 0x0000000087d00000, 0x0000000087d00000|100%|HS|  |TAMS 0x0000000087c00000, 0x0000000087c00000| Complete 
| 125|0x0000000087d00000, 0x0000000087e00000, 0x0000000087e00000|100%|HS|  |TAMS 0x0000000087d00000, 0x0000000087d00000| Complete 
| 126|0x0000000087e00000, 0x0000000087f00000, 0x0000000087f00000|100%|HS|  |TAMS 0x0000000087e00000, 0x0000000087e00000| Complete 
| 127|0x0000000087f00000, 0x0000000088000000, 0x0000000088000000|100%|HC|  |TAMS 0x0000000087f00000, 0x0000000087f00000| Complete 
| 128|0x0000000088000000, 0x0000000088100000, 0x0000000088100000|100%|HC|  |TAMS 0x0000000088000000, 0x0000000088000000| Complete 
| 129|0x0000000088100000, 0x0000000088100000, 0x0000000088200000|  0%| F|  |TAMS 0x0000000088100000, 0x0000000088100000| Untracked 
| 130|0x0000000088200000, 0x0000000088200000, 0x0000000088300000|  0%| F|  |TAMS 0x0000000088200000, 0x0000000088200000| Untracked 
| 131|0x0000000088300000, 0x0000000088300000, 0x0000000088400000|  0%| F|  |TAMS 0x0000000088300000, 0x0000000088300000| Untracked 
| 132|0x0000000088400000, 0x0000000088400000, 0x0000000088500000|  0%| F|  |TAMS 0x0000000088400000, 0x0000000088400000| Untracked 
| 133|0x0000000088500000, 0x0000000088500000, 0x0000000088600000|  0%| F|  |TAMS 0x0000000088500000, 0x0000000088500000| Untracked 
| 134|0x0000000088600000, 0x0000000088600000, 0x0000000088700000|  0%| F|  |TAMS 0x0000000088600000, 0x0000000088600000| Untracked 
| 135|0x0000000088700000, 0x0000000088700000, 0x0000000088800000|  0%| F|  |TAMS 0x0000000088700000, 0x0000000088700000| Untracked 
| 136|0x0000000088800000, 0x0000000088800000, 0x0000000088900000|  0%| F|  |TAMS 0x0000000088800000, 0x0000000088800000| Untracked 
| 137|0x0000000088900000, 0x0000000088900000, 0x0000000088a00000|  0%| F|  |TAMS 0x0000000088900000, 0x0000000088900000| Untracked 
| 138|0x0000000088a00000, 0x0000000088a00000, 0x0000000088b00000|  0%| F|  |TAMS 0x0000000088a00000, 0x0000000088a00000| Untracked 
| 139|0x0000000088b00000, 0x0000000088b00000, 0x0000000088c00000|  0%| F|  |TAMS 0x0000000088b00000, 0x0000000088b00000| Untracked 
| 140|0x0000000088c00000, 0x0000000088c00000, 0x0000000088d00000|  0%| F|  |TAMS 0x0000000088c00000, 0x0000000088c00000| Untracked 
| 141|0x0000000088d00000, 0x0000000088d00000, 0x0000000088e00000|  0%| F|  |TAMS 0x0000000088d00000, 0x0000000088d00000| Untracked 
| 142|0x0000000088e00000, 0x0000000088e00000, 0x0000000088f00000|  0%| F|  |TAMS 0x0000000088e00000, 0x0000000088e00000| Untracked 
| 143|0x0000000088f00000, 0x0000000088f00000, 0x0000000089000000|  0%| F|  |TAMS 0x0000000088f00000, 0x0000000088f00000| Untracked 
| 144|0x0000000089000000, 0x0000000089000000, 0x0000000089100000|  0%| F|  |TAMS 0x0000000089000000, 0x0000000089000000| Untracked 
| 145|0x0000000089100000, 0x0000000089100000, 0x0000000089200000|  0%| F|  |TAMS 0x0000000089100000, 0x0000000089100000| Untracked 
| 146|0x0000000089200000, 0x0000000089200000, 0x0000000089300000|  0%| F|  |TAMS 0x0000000089200000, 0x0000000089200000| Untracked 
| 147|0x0000000089300000, 0x0000000089300000, 0x0000000089400000|  0%| F|  |TAMS 0x0000000089300000, 0x0000000089300000| Untracked 
| 148|0x0000000089400000, 0x0000000089400000, 0x0000000089500000|  0%| F|  |TAMS 0x0000000089400000, 0x0000000089400000| Untracked 
| 149|0x0000000089500000, 0x0000000089500000, 0x0000000089600000|  0%| F|  |TAMS 0x0000000089500000, 0x0000000089500000| Untracked 
| 150|0x0000000089600000, 0x0000000089600000, 0x0000000089700000|  0%| F|  |TAMS 0x0000000089600000, 0x0000000089600000| Untracked 
| 151|0x0000000089700000, 0x0000000089700000, 0x0000000089800000|  0%| F|  |TAMS 0x0000000089700000, 0x0000000089700000| Untracked 
| 152|0x0000000089800000, 0x0000000089800000, 0x0000000089900000|  0%| F|  |TAMS 0x0000000089800000, 0x0000000089800000| Untracked 
| 153|0x0000000089900000, 0x0000000089900000, 0x0000000089a00000|  0%| F|  |TAMS 0x0000000089900000, 0x0000000089900000| Untracked 
| 154|0x0000000089a00000, 0x0000000089a00000, 0x0000000089b00000|  0%| F|  |TAMS 0x0000000089a00000, 0x0000000089a00000| Untracked 
| 155|0x0000000089b00000, 0x0000000089b00000, 0x0000000089c00000|  0%| F|  |TAMS 0x0000000089b00000, 0x0000000089b00000| Untracked 
| 156|0x0000000089c00000, 0x0000000089c00000, 0x0000000089d00000|  0%| F|  |TAMS 0x0000000089c00000, 0x0000000089c00000| Untracked 
| 157|0x0000000089d00000, 0x0000000089d00000, 0x0000000089e00000|  0%| F|  |TAMS 0x0000000089d00000, 0x0000000089d00000| Untracked 
| 158|0x0000000089e00000, 0x0000000089e00000, 0x0000000089f00000|  0%| F|  |TAMS 0x0000000089e00000, 0x0000000089e00000| Untracked 
| 159|0x0000000089f00000, 0x0000000089f00000, 0x000000008a000000|  0%| F|  |TAMS 0x0000000089f00000, 0x0000000089f00000| Untracked 
| 160|0x000000008a000000, 0x000000008a000000, 0x000000008a100000|  0%| F|  |TAMS 0x000000008a000000, 0x000000008a000000| Untracked 
| 161|0x000000008a100000, 0x000000008a100000, 0x000000008a200000|  0%| F|  |TAMS 0x000000008a100000, 0x000000008a100000| Untracked 
| 162|0x000000008a200000, 0x000000008a200000, 0x000000008a300000|  0%| F|  |TAMS 0x000000008a200000, 0x000000008a200000| Untracked 
| 163|0x000000008a300000, 0x000000008a300000, 0x000000008a400000|  0%| F|  |TAMS 0x000000008a300000, 0x000000008a300000| Untracked 
| 164|0x000000008a400000, 0x000000008a400000, 0x000000008a500000|  0%| F|  |TAMS 0x000000008a400000, 0x000000008a400000| Untracked 
| 165|0x000000008a500000, 0x000000008a500000, 0x000000008a600000|  0%| F|  |TAMS 0x000000008a500000, 0x000000008a500000| Untracked 
| 166|0x000000008a600000, 0x000000008a600000, 0x000000008a700000|  0%| F|  |TAMS 0x000000008a600000, 0x000000008a600000| Untracked 
| 167|0x000000008a700000, 0x000000008a700000, 0x000000008a800000|  0%| F|  |TAMS 0x000000008a700000, 0x000000008a700000| Untracked 
| 168|0x000000008a800000, 0x000000008a800000, 0x000000008a900000|  0%| F|  |TAMS 0x000000008a800000, 0x000000008a800000| Untracked 
| 169|0x000000008a900000, 0x000000008a900000, 0x000000008aa00000|  0%| F|  |TAMS 0x000000008a900000, 0x000000008a900000| Untracked 
| 170|0x000000008aa00000, 0x000000008aa00000, 0x000000008ab00000|  0%| F|  |TAMS 0x000000008aa00000, 0x000000008aa00000| Untracked 
| 171|0x000000008ab00000, 0x000000008ab00000, 0x000000008ac00000|  0%| F|  |TAMS 0x000000008ab00000, 0x000000008ab00000| Untracked 
| 172|0x000000008ac00000, 0x000000008ac00000, 0x000000008ad00000|  0%| F|  |TAMS 0x000000008ac00000, 0x000000008ac00000| Untracked 
| 173|0x000000008ad00000, 0x000000008ad00000, 0x000000008ae00000|  0%| F|  |TAMS 0x000000008ad00000, 0x000000008ad00000| Untracked 
| 174|0x000000008ae00000, 0x000000008ae00000, 0x000000008af00000|  0%| F|  |TAMS 0x000000008ae00000, 0x000000008ae00000| Untracked 
| 175|0x000000008af00000, 0x000000008af00000, 0x000000008b000000|  0%| F|  |TAMS 0x000000008af00000, 0x000000008af00000| Untracked 
| 176|0x000000008b000000, 0x000000008b000000, 0x000000008b100000|  0%| F|  |TAMS 0x000000008b000000, 0x000000008b000000| Untracked 
| 177|0x000000008b100000, 0x000000008b100000, 0x000000008b200000|  0%| F|  |TAMS 0x000000008b100000, 0x000000008b100000| Untracked 
| 178|0x000000008b200000, 0x000000008b200000, 0x000000008b300000|  0%| F|  |TAMS 0x000000008b200000, 0x000000008b200000| Untracked 
| 179|0x000000008b300000, 0x000000008b300000, 0x000000008b400000|  0%| F|  |TAMS 0x000000008b300000, 0x000000008b300000| Untracked 
| 180|0x000000008b400000, 0x000000008b400000, 0x000000008b500000|  0%| F|  |TAMS 0x000000008b400000, 0x000000008b400000| Untracked 
| 181|0x000000008b500000, 0x000000008b500000, 0x000000008b600000|  0%| F|  |TAMS 0x000000008b500000, 0x000000008b500000| Untracked 
| 182|0x000000008b600000, 0x000000008b600000, 0x000000008b700000|  0%| F|  |TAMS 0x000000008b600000, 0x000000008b600000| Untracked 
| 183|0x000000008b700000, 0x000000008b700000, 0x000000008b800000|  0%| F|  |TAMS 0x000000008b700000, 0x000000008b700000| Untracked 
| 184|0x000000008b800000, 0x000000008b800000, 0x000000008b900000|  0%| F|  |TAMS 0x000000008b800000, 0x000000008b800000| Untracked 
| 185|0x000000008b900000, 0x000000008b900000, 0x000000008ba00000|  0%| F|  |TAMS 0x000000008b900000, 0x000000008b900000| Untracked 
| 186|0x000000008ba00000, 0x000000008ba00000, 0x000000008bb00000|  0%| F|  |TAMS 0x000000008ba00000, 0x000000008ba00000| Untracked 
| 187|0x000000008bb00000, 0x000000008bb00000, 0x000000008bc00000|  0%| F|  |TAMS 0x000000008bb00000, 0x000000008bb00000| Untracked 
| 188|0x000000008bc00000, 0x000000008bc00000, 0x000000008bd00000|  0%| F|  |TAMS 0x000000008bc00000, 0x000000008bc00000| Untracked 
| 189|0x000000008bd00000, 0x000000008bd00000, 0x000000008be00000|  0%| F|  |TAMS 0x000000008bd00000, 0x000000008bd00000| Untracked 
| 190|0x000000008be00000, 0x000000008be00000, 0x000000008bf00000|  0%| F|  |TAMS 0x000000008be00000, 0x000000008be00000| Untracked 
| 191|0x000000008bf00000, 0x000000008bff2e18, 0x000000008c000000| 94%| S|CS|TAMS 0x000000008bf00000, 0x000000008bf00000| Complete 
| 192|0x000000008c000000, 0x000000008c100000, 0x000000008c100000|100%| S|CS|TAMS 0x000000008c000000, 0x000000008c000000| Complete 
| 193|0x000000008c100000, 0x000000008c200000, 0x000000008c200000|100%| S|CS|TAMS 0x000000008c100000, 0x000000008c100000| Complete 
| 194|0x000000008c200000, 0x000000008c200000, 0x000000008c300000|  0%| F|  |TAMS 0x000000008c200000, 0x000000008c200000| Untracked 
| 195|0x000000008c300000, 0x000000008c300000, 0x000000008c400000|  0%| F|  |TAMS 0x000000008c300000, 0x000000008c300000| Untracked 
| 196|0x000000008c400000, 0x000000008c400000, 0x000000008c500000|  0%| F|  |TAMS 0x000000008c400000, 0x000000008c400000| Untracked 
| 197|0x000000008c500000, 0x000000008c500000, 0x000000008c600000|  0%| F|  |TAMS 0x000000008c500000, 0x000000008c500000| Untracked 
| 198|0x000000008c600000, 0x000000008c600000, 0x000000008c700000|  0%| F|  |TAMS 0x000000008c600000, 0x000000008c600000| Untracked 
| 199|0x000000008c700000, 0x000000008c780800, 0x000000008c800000| 50%| E|  |TAMS 0x000000008c700000, 0x000000008c700000| Complete 
| 200|0x000000008c800000, 0x000000008c900000, 0x000000008c900000|100%| E|CS|TAMS 0x000000008c800000, 0x000000008c800000| Complete 
| 201|0x000000008c900000, 0x000000008ca00000, 0x000000008ca00000|100%| E|  |TAMS 0x000000008c900000, 0x000000008c900000| Complete 
| 202|0x000000008ca00000, 0x000000008cb00000, 0x000000008cb00000|100%| E|CS|TAMS 0x000000008ca00000, 0x000000008ca00000| Complete 
| 203|0x000000008cb00000, 0x000000008cc00000, 0x000000008cc00000|100%| E|CS|TAMS 0x000000008cb00000, 0x000000008cb00000| Complete 
| 204|0x000000008cc00000, 0x000000008cd00000, 0x000000008cd00000|100%| E|CS|TAMS 0x000000008cc00000, 0x000000008cc00000| Complete 
| 205|0x000000008cd00000, 0x000000008ce00000, 0x000000008ce00000|100%| E|CS|TAMS 0x000000008cd00000, 0x000000008cd00000| Complete 
| 206|0x000000008ce00000, 0x000000008cf00000, 0x000000008cf00000|100%| E|CS|TAMS 0x000000008ce00000, 0x000000008ce00000| Complete 

Card table byte_map: [0x000002dfe56a0000,0x000002dfe5aa0000] _byte_map_base: 0x000002dfe52a0000

Marking Bits (Prev, Next): (CMBitMap*) 0x000002dfcca15470, (CMBitMap*) 0x000002dfcca15430
 Prev Bits: [0x000002dfe7ea0000, 0x000002dfe9ea0000)
 Next Bits: [0x000002dfe5ea0000, 0x000002dfe7ea0000)

Polling page: 0x000002dfcab80000

Metaspace:

Usage:
  Non-class:     75.80 MB capacity,    74.55 MB ( 98%) used,     1.12 MB (  1%) free+waste,   143.00 KB ( <1%) overhead. 
      Class:     12.19 MB capacity,    11.55 MB ( 95%) used,   599.81 KB (  5%) free+waste,    60.25 KB ( <1%) overhead. 
       Both:     88.00 MB capacity,    86.10 MB ( 98%) used,     1.70 MB (  2%) free+waste,   203.25 KB ( <1%) overhead. 

Virtual space:
  Non-class space:       76.00 MB reserved,      75.92 MB (>99%) committed 
      Class space:      504.00 MB reserved,      12.25 MB (  2%) committed 
             Both:      580.00 MB reserved,      88.17 MB ( 15%) committed 

Chunk freelists:
   Non-Class:  0 bytes
       Class:  0 bytes
        Both:  0 bytes

MaxMetaspaceSize: 512.00 MB
CompressedClassSpaceSize: 504.00 MB

CodeHeap 'non-profiled nmethods': size=120000Kb used=5814Kb max_used=6042Kb free=114185Kb
 bounds [0x000002dfddd70000, 0x000002dfde360000, 0x000002dfe52a0000]
CodeHeap 'profiled nmethods': size=120000Kb used=20386Kb max_used=20386Kb free=99613Kb
 bounds [0x000002dfd6840000, 0x000002dfd7c30000, 0x000002dfddd70000]
CodeHeap 'non-nmethods': size=5760Kb used=2411Kb max_used=2565Kb free=3349Kb
 bounds [0x000002dfd62a0000, 0x000002dfd6550000, 0x000002dfd6840000]
 total_blobs=10965 nmethods=10051 adapters=826
 compilation: enabled
              stopped_count=0, restarted_count=0
 full_count=0

Compilation events (20 events):
Event: 88.960 Thread 0x000002dfec34c7f0 nmethod 11627 0x000002dfddec4f10 code [0x000002dfddec50a0, 0x000002dfddec5158]
Event: 88.961 Thread 0x000002dfec34c7f0 11617       4       groovy.lang.MetaClassImpl::isGenericGetMethod (44 bytes)
Event: 88.964 Thread 0x000002dfec34c7f0 nmethod 11617 0x000002dfddec4990 code [0x000002dfddec4b20, 0x000002dfddec4d48]
Event: 88.964 Thread 0x000002dfec34c7f0 11614   !   4       org.gradle.internal.serialize.kryo.KryoBackedDecoder::readBoolean (15 bytes)
Event: 88.972 Thread 0x000002dfec34c7f0 nmethod 11614 0x000002dfde289310 code [0x000002dfde2894c0, 0x000002dfde289888]
Event: 88.973 Thread 0x000002dfec34c7f0 11615       4       com.esotericsoftware.kryo.io.Input::readBoolean (32 bytes)
Event: 88.979 Thread 0x000002dfec34c7f0 nmethod 11615 0x000002dfde288c10 code [0x000002dfde288da0, 0x000002dfde289078]
Event: 89.152 Thread 0x000002dfec34c7f0 11630       4       java.lang.Exception::<init> (7 bytes)
Event: 89.153 Thread 0x000002dfec34c7f0 nmethod 11630 0x000002dfddec4690 code [0x000002dfddec4820, 0x000002dfddec48a8]
Event: 89.329 Thread 0x000002dfec34e2b0 11631       3       java.util.concurrent.locks.ReentrantReadWriteLock$ReadLock::lock (9 bytes)
Event: 89.330 Thread 0x000002dfec34e2b0 nmethod 11631 0x000002dfd7c26090 code [0x000002dfd7c26240, 0x000002dfd7c26388]
Event: 89.330 Thread 0x000002dfec34e2b0 11632       3       java.util.concurrent.locks.AbstractQueuedSynchronizer::acquireShared (20 bytes)
Event: 89.330 Thread 0x000002dfec34e2b0 nmethod 11632 0x000002dfd7c26490 code [0x000002dfd7c26640, 0x000002dfd7c268b8]
Event: 89.330 Thread 0x000002dfec34e2b0 11633       3       java.util.concurrent.locks.ReentrantReadWriteLock$ReadLock::unlock (10 bytes)
Event: 89.330 Thread 0x000002dfec34e2b0 nmethod 11633 0x000002dfd7c26990 code [0x000002dfd7c26b40, 0x000002dfd7c26df8]
Event: 89.330 Thread 0x000002dfec34e2b0 11634       3       java.util.concurrent.locks.ReentrantReadWriteLock$Sync::tryReleaseShared (146 bytes)
Event: 89.331 Thread 0x000002dfec34e2b0 nmethod 11634 0x000002dfd7c26f10 code [0x000002dfd7c27160, 0x000002dfd7c27c98]
Event: 89.365 Thread 0x000002dfec34e2b0 11635       3       java.io.BufferedReader::fill (170 bytes)
Event: 89.366 Thread 0x000002dfec34e2b0 nmethod 11635 0x000002dfd7c28090 code [0x000002dfd7c28280, 0x000002dfd7c28928]
Event: 89.372 Thread 0x000002dfec34c7f0 11636       4       java.util.LinkedList::indexOf (73 bytes)

GC Heap History (20 events):
Event: 63.514 GC heap before
{Heap before GC invocations=36 (full 0):
 garbage-first heap   total 168960K, used 102635K [0x0000000080000000, 0x0000000100000000)
  region size 1024K, 27 young (27648K), 5 survivors (5120K)
 Metaspace       used 74611K, capacity 75731K, committed 75952K, reserved 583680K
  class space    used 9793K, capacity 10208K, committed 10240K, reserved 516096K
}
Event: 63.522 GC heap after
{Heap after GC invocations=37 (full 0):
 garbage-first heap   total 168960K, used 82622K [0x0000000080000000, 0x0000000100000000)
  region size 1024K, 2 young (2048K), 2 survivors (2048K)
 Metaspace       used 74611K, capacity 75731K, committed 75952K, reserved 583680K
  class space    used 9793K, capacity 10208K, committed 10240K, reserved 516096K
}
Event: 80.987 GC heap before
{Heap before GC invocations=38 (full 0):
 garbage-first heap   total 168960K, used 133822K [0x0000000080000000, 0x0000000100000000)
  region size 1024K, 51 young (52224K), 2 survivors (2048K)
 Metaspace       used 76160K, capacity 77394K, committed 77488K, reserved 583680K
  class space    used 10030K, capacity 10459K, committed 10496K, reserved 516096K
}
Event: 80.998 GC heap after
{Heap after GC invocations=39 (full 0):
 garbage-first heap   total 168960K, used 86288K [0x0000000080000000, 0x0000000100000000)
  region size 1024K, 6 young (6144K), 6 survivors (6144K)
 Metaspace       used 76160K, capacity 77394K, committed 77488K, reserved 583680K
  class space    used 10030K, capacity 10459K, committed 10496K, reserved 516096K
}
Event: 82.531 GC heap before
{Heap before GC invocations=39 (full 0):
 garbage-first heap   total 168960K, used 134416K [0x0000000080000000, 0x0000000100000000)
  region size 1024K, 53 young (54272K), 6 survivors (6144K)
 Metaspace       used 81477K, capacity 82596K, committed 82736K, reserved 587776K
  class space    used 10929K, capacity 11333K, committed 11392K, reserved 516096K
}
Event: 82.548 GC heap after
{Heap after GC invocations=40 (full 0):
 garbage-first heap   total 168960K, used 90048K [0x0000000080000000, 0x0000000100000000)
  region size 1024K, 4 young (4096K), 4 survivors (4096K)
 Metaspace       used 81477K, capacity 82596K, committed 82736K, reserved 587776K
  class space    used 10929K, capacity 11333K, committed 11392K, reserved 516096K
}
Event: 84.299 GC heap before
{Heap before GC invocations=41 (full 0):
 garbage-first heap   total 168960K, used 136128K [0x0000000080000000, 0x0000000100000000)
  region size 1024K, 49 young (50176K), 4 survivors (4096K)
 Metaspace       used 83202K, capacity 84542K, committed 84784K, reserved 589824K
  class space    used 11147K, capacity 11619K, committed 11648K, reserved 516096K
}
Event: 84.317 GC heap after
{Heap after GC invocations=42 (full 0):
 garbage-first heap   total 168960K, used 95392K [0x0000000080000000, 0x0000000100000000)
  region size 1024K, 7 young (7168K), 7 survivors (7168K)
 Metaspace       used 83202K, capacity 84542K, committed 84784K, reserved 589824K
  class space    used 11147K, capacity 11619K, committed 11648K, reserved 516096K
}
Event: 84.489 GC heap before
{Heap before GC invocations=42 (full 0):
 garbage-first heap   total 168960K, used 101536K [0x0000000080000000, 0x0000000100000000)
  region size 1024K, 14 young (14336K), 7 survivors (7168K)
 Metaspace       used 83514K, capacity 84859K, committed 85168K, reserved 589824K
  class space    used 11185K, capacity 11656K, committed 11776K, reserved 516096K
}
Event: 84.510 GC heap after
{Heap after GC invocations=43 (full 0):
 garbage-first heap   total 168960K, used 96636K [0x0000000080000000, 0x0000000100000000)
  region size 1024K, 2 young (2048K), 2 survivors (2048K)
 Metaspace       used 83514K, capacity 84859K, committed 85168K, reserved 589824K
  class space    used 11185K, capacity 11656K, committed 11776K, reserved 516096K
}
Event: 85.523 GC heap before
{Heap before GC invocations=44 (full 0):
 garbage-first heap   total 184320K, used 145788K [0x0000000080000000, 0x0000000100000000)
  region size 1024K, 40 young (40960K), 2 survivors (2048K)
 Metaspace       used 85792K, capacity 87240K, committed 87472K, reserved 591872K
  class space    used 11484K, capacity 12001K, committed 12032K, reserved 516096K
}
Event: 85.534 GC heap after
{Heap after GC invocations=45 (full 0):
 garbage-first heap   total 184320K, used 114194K [0x0000000080000000, 0x0000000100000000)
  region size 1024K, 5 young (5120K), 5 survivors (5120K)
 Metaspace       used 85792K, capacity 87240K, committed 87472K, reserved 591872K
  class space    used 11484K, capacity 12001K, committed 12032K, reserved 516096K
}
Event: 85.732 GC heap before
{Heap before GC invocations=45 (full 0):
 garbage-first heap   total 184320K, used 118290K [0x0000000080000000, 0x0000000100000000)
  region size 1024K, 9 young (9216K), 5 survivors (5120K)
 Metaspace       used 86255K, capacity 87752K, committed 87856K, reserved 591872K
  class space    used 11593K, capacity 12129K, committed 12160K, reserved 516096K
}
Event: 85.780 GC heap after
{Heap after GC invocations=46 (full 0):
 garbage-first heap   total 184320K, used 107343K [0x0000000080000000, 0x0000000100000000)
  region size 1024K, 1 young (1024K), 1 survivors (1024K)
 Metaspace       used 86255K, capacity 87752K, committed 87856K, reserved 591872K
  class space    used 11593K, capacity 12129K, committed 12160K, reserved 516096K
}
Event: 86.565 GC heap before
{Heap before GC invocations=46 (full 0):
 garbage-first heap   total 184320K, used 129871K [0x0000000080000000, 0x0000000100000000)
  region size 1024K, 24 young (24576K), 1 survivors (1024K)
 Metaspace       used 87374K, capacity 89051K, committed 89392K, reserved 593920K
  class space    used 11743K, capacity 12322K, committed 12416K, reserved 516096K
}
Event: 86.577 GC heap after
{Heap after GC invocations=47 (full 0):
 garbage-first heap   total 184320K, used 110035K [0x0000000080000000, 0x0000000100000000)
  region size 1024K, 4 young (4096K), 4 survivors (4096K)
 Metaspace       used 87374K, capacity 89051K, committed 89392K, reserved 593920K
  class space    used 11743K, capacity 12322K, committed 12416K, reserved 516096K
}
Event: 88.355 GC heap before
{Heap before GC invocations=48 (full 0):
 garbage-first heap   total 211968K, used 153043K [0x0000000080000000, 0x0000000100000000)
  region size 1024K, 40 young (40960K), 4 survivors (4096K)
 Metaspace       used 88090K, capacity 89969K, committed 90288K, reserved 593920K
  class space    used 11820K, capacity 12475K, committed 12544K, reserved 516096K
}
Event: 88.380 GC heap after
{Heap after GC invocations=49 (full 0):
 garbage-first heap   total 211968K, used 125263K [0x0000000080000000, 0x0000000100000000)
  region size 1024K, 5 young (5120K), 5 survivors (5120K)
 Metaspace       used 88090K, capacity 89969K, committed 90288K, reserved 593920K
  class space    used 11820K, capacity 12475K, committed 12544K, reserved 516096K
}
Event: 88.902 GC heap before
{Heap before GC invocations=49 (full 0):
 garbage-first heap   total 211968K, used 136527K [0x0000000080000000, 0x0000000100000000)
  region size 1024K, 18 young (18432K), 5 survivors (5120K)
 Metaspace       used 88165K, capacity 90111K, committed 90288K, reserved 593920K
  class space    used 11826K, capacity 12487K, committed 12544K, reserved 516096K
}
Event: 88.918 GC heap after
{Heap after GC invocations=50 (full 0):
 garbage-first heap   total 211968K, used 128620K [0x0000000080000000, 0x0000000100000000)
  region size 1024K, 3 young (3072K), 3 survivors (3072K)
 Metaspace       used 88165K, capacity 90111K, committed 90288K, reserved 593920K
  class space    used 11826K, capacity 12487K, committed 12544K, reserved 516096K
}

Deoptimization events (20 events):
Event: 87.400 Thread 0x000002dfeda0bea0 DEOPT PACKING pc=0x000002dfd7a9762e sp=0x000000f785bf9900
Event: 87.400 Thread 0x000002dfeda0bea0 DEOPT UNPACKING pc=0x000002dfd62ee23f sp=0x000000f785bf8ea0 mode 0
Event: 87.451 Thread 0x000002dfeda0bea0 DEOPT PACKING pc=0x000002dfd6c1b01b sp=0x000000f785bf6630
Event: 87.451 Thread 0x000002dfeda0bea0 DEOPT UNPACKING pc=0x000002dfd62ee23f sp=0x000000f785bf5ae0 mode 0
Event: 88.392 Thread 0x000002dfeda0bea0 Uncommon trap: trap_request=0xffffff45 fr.pc=0x000002dfde0671c4 relative=0x00000000000008a4
Event: 88.392 Thread 0x000002dfeda0bea0 Uncommon trap: reason=unstable_if action=reinterpret pc=0x000002dfde0671c4 method=org.gradle.internal.snapshot.VfsRelativePath.isPrefix(Ljava/lang/String;ILjava/lang/String;ILorg/gradle/internal/snapshot/CaseSensitivity;)Z @ 101 c2
Event: 88.392 Thread 0x000002dfeda0bea0 DEOPT PACKING pc=0x000002dfde0671c4 sp=0x000000f785bf8ce0
Event: 88.392 Thread 0x000002dfeda0bea0 DEOPT UNPACKING pc=0x000002dfd62ee42f sp=0x000000f785bf8c68 mode 2
Event: 88.530 Thread 0x000002dfeda0bea0 Uncommon trap: trap_request=0xfffffff4 fr.pc=0x000002dfdddb57e8 relative=0x0000000000000828
Event: 88.530 Thread 0x000002dfeda0bea0 Uncommon trap: reason=null_check action=make_not_entrant pc=0x000002dfdddb57e8 method=java.lang.ThreadLocal$ThreadLocalMap.expungeStaleEntry(I)I @ 51 c2
Event: 88.530 Thread 0x000002dfeda0bea0 DEOPT PACKING pc=0x000002dfdddb57e8 sp=0x000000f785bf9a70
Event: 88.530 Thread 0x000002dfeda0bea0 DEOPT UNPACKING pc=0x000002dfd62ee42f sp=0x000000f785bf9920 mode 2
Event: 88.700 Thread 0x000002dfeda0bea0 DEOPT PACKING pc=0x000002dfd71b2ed9 sp=0x000000f785bf9250
Event: 88.700 Thread 0x000002dfeda0bea0 DEOPT UNPACKING pc=0x000002dfd62ee23f sp=0x000000f785bf8748 mode 0
Event: 88.710 Thread 0x000002dfeda0bea0 DEOPT PACKING pc=0x000002dfd71b2ed9 sp=0x000000f785bf9250
Event: 88.710 Thread 0x000002dfeda0bea0 DEOPT UNPACKING pc=0x000002dfd62ee23f sp=0x000000f785bf8748 mode 0
Event: 88.875 Thread 0x000002dfeda0bea0 Uncommon trap: trap_request=0xffffffcc fr.pc=0x000002dfddffec94 relative=0x0000000000000274
Event: 88.875 Thread 0x000002dfeda0bea0 Uncommon trap: reason=intrinsic_or_type_checked_inlining action=make_not_entrant pc=0x000002dfddffec94 method=java.util.Arrays.copyOfRange([Ljava/lang/Object;IILjava/lang/Class;)[Ljava/lang/Object; @ 84 c2
Event: 88.875 Thread 0x000002dfeda0bea0 DEOPT PACKING pc=0x000002dfddffec94 sp=0x000000f785bf57c0
Event: 88.875 Thread 0x000002dfeda0bea0 DEOPT UNPACKING pc=0x000002dfd62ee42f sp=0x000000f785bf5740 mode 2

Classes unloaded (0 events):
No events

Classes redefined (0 events):
No events

Internal exceptions (20 events):
Event: 87.403 Thread 0x000002dfeda0bea0 Exception <a 'java/lang/ClassNotFoundException'{0x000000008c872800}: build_6g1v5ery853s3lpdsqklwgmp5BeanInfo> (0x000000008c872800) 
thrown [./src/hotspot/share/classfile/systemDictionary.cpp, line 295]
Event: 87.403 Thread 0x000002dfeda0bea0 Exception <a 'java/lang/ClassNotFoundException'{0x000000008c879080}: build_6g1v5ery853s3lpdsqklwgmp5Customizer> (0x000000008c879080) 
thrown [./src/hotspot/share/classfile/systemDictionary.cpp, line 295]
Event: 87.434 Thread 0x000002dfeda0bea0 Exception <a 'java/lang/ClassNotFoundException'{0x000000008c7ca300}: build_6g1v5ery853s3lpdsqklwgmp5$_run_closure1BeanInfo> (0x000000008c7ca300) 
thrown [./src/hotspot/share/classfile/systemDictionary.cpp, line 295]
Event: 87.434 Thread 0x000002dfeda0bea0 Exception <a 'java/lang/ClassNotFoundException'{0x000000008c7d3f60}: build_6g1v5ery853s3lpdsqklwgmp5$_run_closure1Customizer> (0x000000008c7d3f60) 
thrown [./src/hotspot/share/classfile/systemDictionary.cpp, line 295]
Event: 87.444 Thread 0x000002dfeda0bea0 Exception <a 'java/lang/ClassNotFoundException'{0x000000008c628088}: build_6g1v5ery853s3lpdsqklwgmp5$_run_closure1$_closure7BeanInfo> (0x000000008c628088) 
thrown [./src/hotspot/share/classfile/systemDictionary.cpp, line 295]
Event: 87.444 Thread 0x000002dfeda0bea0 Exception <a 'java/lang/ClassNotFoundException'{0x000000008c6325a8}: build_6g1v5ery853s3lpdsqklwgmp5$_run_closure1$_closure7Customizer> (0x000000008c6325a8) 
thrown [./src/hotspot/share/classfile/systemDictionary.cpp, line 295]
Event: 87.454 Thread 0x000002dfeda0bea0 Exception <a 'java/lang/ClassNotFoundException'{0x000000008c55aa78}: org/gradle/api/internal/file/collections/DefaultConfigurableFileTreeBeanInfo> (0x000000008c55aa78) 
thrown [./src/hotspot/share/classfile/systemDictionary.cpp, line 295]
Event: 87.455 Thread 0x000002dfeda0bea0 Exception <a 'java/lang/ClassNotFoundException'{0x000000008c56e8f8}: org/gradle/api/internal/file/CompositeFileTreeBeanInfo> (0x000000008c56e8f8) 
thrown [./src/hotspot/share/classfile/systemDictionary.cpp, line 295]
Event: 87.456 Thread 0x000002dfeda0bea0 Exception <a 'java/lang/ClassNotFoundException'{0x000000008c5830a0}: org/gradle/api/internal/file/CompositeFileCollectionBeanInfo> (0x000000008c5830a0) 
thrown [./src/hotspot/share/classfile/systemDictionary.cpp, line 295]
Event: 87.457 Thread 0x000002dfeda0bea0 Exception <a 'java/lang/ClassNotFoundException'{0x000000008c598078}: org/gradle/api/internal/file/AbstractFileCollectionBeanInfo> (0x000000008c598078) 
thrown [./src/hotspot/share/classfile/systemDictionary.cpp, line 295]
Event: 87.458 Thread 0x000002dfeda0bea0 Exception <a 'java/lang/ClassNotFoundException'{0x000000008c5acad0}: org/gradle/api/internal/file/AbstractFileCollectionCustomizer> (0x000000008c5acad0) 
thrown [./src/hotspot/share/classfile/systemDictionary.cpp, line 295]
Event: 87.460 Thread 0x000002dfeda0bea0 Exception <a 'java/lang/ClassNotFoundException'{0x000000008c5d28a8}: org/gradle/api/internal/file/CompositeFileCollectionCustomizer> (0x000000008c5d28a8) 
thrown [./src/hotspot/share/classfile/systemDictionary.cpp, line 295]
Event: 87.462 Thread 0x000002dfeda0bea0 Exception <a 'java/lang/ClassNotFoundException'{0x000000008c5eebd8}: org/gradle/api/internal/file/CompositeFileTreeCustomizer> (0x000000008c5eebd8) 
thrown [./src/hotspot/share/classfile/systemDictionary.cpp, line 295]
Event: 87.463 Thread 0x000002dfeda0bea0 Exception <a 'java/lang/ClassNotFoundException'{0x000000008c40ee20}: org/gradle/api/internal/file/collections/DefaultConfigurableFileTreeCustomizer> (0x000000008c40ee20) 
thrown [./src/hotspot/share/classfile/systemDictionary.cpp, line 295]
Event: 87.513 Thread 0x000002dfeda0bea0 Exception <a 'java/lang/NoClassDefFoundError'{0x000000008c231250}: org/jetbrains/kotlin/gradle/plugin/KotlinBasePluginWrapper> (0x000000008c231250) 
thrown [./src/hotspot/share/oops/constantPool.cpp, line 804]
Event: 87.544 Thread 0x000002dfeda0bea0 Exception <a 'java/lang/ClassNotFoundException'{0x000000008c2edb28}: build_5osnjcl52lbl5182zhf1ls63qBeanInfo> (0x000000008c2edb28) 
thrown [./src/hotspot/share/classfile/systemDictionary.cpp, line 295]
Event: 87.545 Thread 0x000002dfeda0bea0 Exception <a 'java/lang/ClassNotFoundException'{0x000000008c2f43a8}: build_5osnjcl52lbl5182zhf1ls63qCustomizer> (0x000000008c2f43a8) 
thrown [./src/hotspot/share/classfile/systemDictionary.cpp, line 295]
Event: 88.530 Thread 0x000002dfeda0bea0 Implicit null exception at 0x000002dfdddb5140 to 0x000002dfdddb57c0
Event: 88.868 Thread 0x000002dfeda0bea0 Exception <a 'java/lang/ClassNotFoundException'{0x000000008c4dc220}: build_5osnjcl52lbl5182zhf1ls63qBeanInfo> (0x000000008c4dc220) 
thrown [./src/hotspot/share/classfile/systemDictionary.cpp, line 295]
Event: 88.868 Thread 0x000002dfeda0bea0 Exception <a 'java/lang/ClassNotFoundException'{0x000000008c34c540}: build_5osnjcl52lbl5182zhf1ls63qCustomizer> (0x000000008c34c540) 
thrown [./src/hotspot/share/classfile/systemDictionary.cpp, line 295]

Events (20 events):
Event: 86.843 loading class java/nio/file/PathsCustomizer done
Event: 86.937 Executing VM operation: G1Concurrent
Event: 86.946 Executing VM operation: G1Concurrent done
Event: 87.173 Executing VM operation: G1Concurrent
Event: 87.174 Executing VM operation: G1Concurrent done
Event: 87.283 loading class java/lang/BooleanBeanInfo
Event: 87.283 loading class java/lang/BooleanBeanInfo done
Event: 87.283 loading class java/lang/BooleanBeanInfo
Event: 87.283 loading class java/lang/BooleanBeanInfo done
Event: 87.283 loading class java/lang/BooleanCustomizer
Event: 87.283 loading class java/lang/BooleanCustomizer done
Event: 87.284 loading class java/lang/BooleanCustomizer
Event: 87.284 loading class java/lang/BooleanCustomizer done
Event: 87.760 Executing VM operation: ICBufferFull
Event: 87.760 Executing VM operation: ICBufferFull done
Event: 88.354 Executing VM operation: G1CollectForAllocation
Event: 88.380 Executing VM operation: G1CollectForAllocation done
Event: 88.902 Executing VM operation: G1TryInitiateConcMark
Event: 88.923 Executing VM operation: G1TryInitiateConcMark done
Event: 89.377 Executing VM operation: G1Concurrent


Dynamic libraries:
0x00007ff7457a0000 - 0x00007ff7457ad000 	C:\Program Files\BellSoft\LibericaJDK-15-Full\bin\java.exe
0x00007fff9cc30000 - 0x00007fff9ce28000 	C:\WINDOWS\SYSTEM32\ntdll.dll
0x00007fff9ad00000 - 0x00007fff9adbd000 	C:\WINDOWS\System32\KERNEL32.DLL
0x00007fff9a410000 - 0x00007fff9a706000 	C:\WINDOWS\System32\KERNELBASE.dll
0x00007fff9a310000 - 0x00007fff9a410000 	C:\WINDOWS\System32\ucrtbase.dll
0x00007fff8fad0000 - 0x00007fff8fae5000 	C:\Program Files\BellSoft\LibericaJDK-15-Full\bin\VCRUNTIME140.dll
0x00007fff90af0000 - 0x00007fff90b08000 	C:\Program Files\BellSoft\LibericaJDK-15-Full\bin\jli.dll
0x00007fff9b310000 - 0x00007fff9b4ae000 	C:\WINDOWS\System32\USER32.dll
0x00007fff996f0000 - 0x00007fff9998a000 	C:\WINDOWS\WinSxS\amd64_microsoft.windows.common-controls_6595b64144ccf1df_6.0.19041.3636_none_60b6a03d71f818d5\COMCTL32.dll
0x00007fff9a910000 - 0x00007fff9a932000 	C:\WINDOWS\System32\win32u.dll
0x00007fff9b270000 - 0x00007fff9b30e000 	C:\WINDOWS\System32\msvcrt.dll
0x00007fff9b640000 - 0x00007fff9b66c000 	C:\WINDOWS\System32\GDI32.dll
0x00007fff9aa20000 - 0x00007fff9ab3a000 	C:\WINDOWS\System32\gdi32full.dll
0x00007fff9a870000 - 0x00007fff9a90d000 	C:\WINDOWS\System32\msvcp_win.dll
0x00007fff9bc50000 - 0x00007fff9bc80000 	C:\WINDOWS\System32\IMM32.DLL
0x00007fff78920000 - 0x00007fff789bb000 	C:\Program Files\BellSoft\LibericaJDK-15-Full\bin\msvcp140.dll
0x00007fff58500000 - 0x00007fff59090000 	C:\Program Files\BellSoft\LibericaJDK-15-Full\bin\server\jvm.dll
0x00007fff9b680000 - 0x00007fff9b72f000 	C:\WINDOWS\System32\ADVAPI32.dll
0x00007fff9ae40000 - 0x00007fff9aedc000 	C:\WINDOWS\System32\sechost.dll
0x00007fff9c430000 - 0x00007fff9c556000 	C:\WINDOWS\System32\RPCRT4.dll
0x00007fff9b260000 - 0x00007fff9b268000 	C:\WINDOWS\System32\PSAPI.DLL
0x00007fff97560000 - 0x00007fff97569000 	C:\WINDOWS\SYSTEM32\WSOCK32.dll
0x00007fff9cb80000 - 0x00007fff9cbeb000 	C:\WINDOWS\System32\WS2_32.dll
0x00007fff99b20000 - 0x00007fff99b47000 	C:\WINDOWS\SYSTEM32\WINMM.dll
0x00007fff90460000 - 0x00007fff9046a000 	C:\WINDOWS\SYSTEM32\VERSION.dll
0x00007fff97b60000 - 0x00007fff97b72000 	C:\WINDOWS\SYSTEM32\kernel.appcore.dll
0x00007fff957f0000 - 0x00007fff957fa000 	C:\Program Files\BellSoft\LibericaJDK-15-Full\bin\jimage.dll
0x00007fff99bd0000 - 0x00007fff99db4000 	C:\WINDOWS\SYSTEM32\DBGHELP.DLL
0x00007fff99aa0000 - 0x00007fff99ad4000 	C:\WINDOWS\SYSTEM32\dbgcore.DLL
0x00007fff9a990000 - 0x00007fff9aa12000 	C:\WINDOWS\System32\bcryptPrimitives.dll
0x00007fff8f320000 - 0x00007fff8f345000 	C:\Program Files\BellSoft\LibericaJDK-15-Full\bin\java.dll
0x00007fff9bce0000 - 0x00007fff9c425000 	C:\WINDOWS\System32\SHELL32.dll
0x00007fff97d60000 - 0x00007fff984fb000 	C:\WINDOWS\SYSTEM32\windows.storage.dll
0x00007fff9aee0000 - 0x00007fff9b234000 	C:\WINDOWS\System32\combase.dll
0x00007fff99650000 - 0x00007fff9967d000 	C:\WINDOWS\SYSTEM32\Wldp.dll
0x00007fff9c560000 - 0x00007fff9c60d000 	C:\WINDOWS\System32\SHCORE.dll
0x00007fff9bc80000 - 0x00007fff9bcd5000 	C:\WINDOWS\System32\shlwapi.dll
0x00007fff9a240000 - 0x00007fff9a265000 	C:\WINDOWS\SYSTEM32\profapi.dll
0x00007fff8f300000 - 0x00007fff8f319000 	C:\Program Files\BellSoft\LibericaJDK-15-Full\bin\net.dll
0x00007fff8df60000 - 0x00007fff8e06a000 	C:\WINDOWS\SYSTEM32\WINHTTP.dll
0x00007fff99510000 - 0x00007fff9957a000 	C:\WINDOWS\system32\mswsock.dll
0x00007fff8f2e0000 - 0x00007fff8f2f2000 	C:\Program Files\BellSoft\LibericaJDK-15-Full\bin\nio.dll
0x00007fff8f200000 - 0x00007fff8f218000 	C:\Program Files\BellSoft\LibericaJDK-15-Full\bin\zip.dll
0x00007fff95790000 - 0x00007fff957a0000 	C:\Program Files\BellSoft\LibericaJDK-15-Full\bin\verify.dll
0x00007fff8e2c0000 - 0x00007fff8e2e7000 	C:\Users\Amirull Azmi.DESKTOP-91E5MKF\.gradle\native\68d5fa5c4cc2d200863cafc0d521ce42e7d3e7ee720ec0a83991735586a16f82\windows-amd64\native-platform.dll
0x00007fff66ea0000 - 0x00007fff66fe4000 	C:\Users\Amirull Azmi.DESKTOP-91E5MKF\.gradle\native\e376f236ea51e6404a007f0833ffe2c6e607c4080706a723a18a27aeea778392\windows-amd64\native-platform-file-events.dll
0x00007fff95500000 - 0x00007fff95509000 	C:\Program Files\BellSoft\LibericaJDK-15-Full\bin\management.dll
0x00007fff94e60000 - 0x00007fff94e6b000 	C:\Program Files\BellSoft\LibericaJDK-15-Full\bin\management_ext.dll
0x00007fff99ee0000 - 0x00007fff99ef8000 	C:\WINDOWS\SYSTEM32\CRYPTSP.dll
0x00007fff98d30000 - 0x00007fff98d64000 	C:\WINDOWS\system32\rsaenh.dll
0x00007fff9abf0000 - 0x00007fff9ac17000 	C:\WINDOWS\System32\bcrypt.dll
0x00007fff9a200000 - 0x00007fff9a22e000 	C:\WINDOWS\SYSTEM32\USERENV.dll
0x00007fff99480000 - 0x00007fff9948c000 	C:\WINDOWS\SYSTEM32\CRYPTBASE.dll
0x00007fff99090000 - 0x00007fff990cb000 	C:\WINDOWS\SYSTEM32\IPHLPAPI.DLL
0x00007fff9b670000 - 0x00007fff9b678000 	C:\WINDOWS\System32\NSI.dll
0x00007fff8ca70000 - 0x00007fff8ca87000 	C:\WINDOWS\SYSTEM32\dhcpcsvc6.DLL
0x00007fff8fe40000 - 0x00007fff8fe5d000 	C:\WINDOWS\SYSTEM32\dhcpcsvc.DLL
0x00007fff990d0000 - 0x00007fff9919a000 	C:\WINDOWS\SYSTEM32\DNSAPI.dll

dbghelp: loaded successfully - version: 4.0.5 - missing functions: none
symbol engine: initialized successfully - sym options: 0x614 - pdb path: .;C:\Program Files\BellSoft\LibericaJDK-15-Full\bin;C:\WINDOWS\SYSTEM32;C:\WINDOWS\WinSxS\amd64_microsoft.windows.common-controls_6595b64144ccf1df_6.0.19041.3636_none_60b6a03d71f818d5;C:\Program Files\BellSoft\LibericaJDK-15-Full\bin\server;C:\Users\Amirull Azmi.DESKTOP-91E5MKF\.gradle\native\68d5fa5c4cc2d200863cafc0d521ce42e7d3e7ee720ec0a83991735586a16f82\windows-amd64;C:\Users\Amirull Azmi.DESKTOP-91E5MKF\.gradle\native\e376f236ea51e6404a007f0833ffe2c6e607c4080706a723a18a27aeea778392\windows-amd64

VM Arguments:
jvm_args: -XX:MaxMetaspaceSize=512m --add-opens=java.base/java.util=ALL-UNNAMED --add-opens=java.base/java.lang=ALL-UNNAMED --add-opens=java.base/java.lang.invoke=ALL-UNNAMED --add-opens=java.prefs/java.util.prefs=ALL-UNNAMED --add-opens=java.base/java.nio.charset=ALL-UNNAMED --add-opens=java.base/java.net=ALL-UNNAMED --add-opens=java.base/java.util.concurrent.atomic=ALL-UNNAMED -Xmx2048m -Dfile.encoding=windows-1252 -Duser.country=ID -Duser.language=en -Duser.variant 
java_command: org.gradle.launcher.daemon.bootstrap.GradleDaemon 8.0.1
java_class_path (initial): C:\Users\Amirull Azmi.DESKTOP-91E5MKF\.gradle\wrapper\dists\gradle-8.0.1-all\aro4hu1c3oeioove7l0i4i14o\gradle-8.0.1\lib\gradle-launcher-8.0.1.jar
Launcher Type: SUN_STANDARD

[Global flags]
     intx CICompilerCount                          = 3                                         {product} {ergonomic}
   size_t CompressedClassSpaceSize                 = 528482304                                 {product} {ergonomic}
     uint ConcGCThreads                            = 1                                         {product} {ergonomic}
     uint G1ConcRefinementThreads                  = 4                                         {product} {ergonomic}
   size_t G1HeapRegionSize                         = 1048576                                   {product} {ergonomic}
    uintx GCDrainStackTargetSize                   = 64                                        {product} {ergonomic}
   size_t InitialHeapSize                          = 134217728                                 {product} {ergonomic}
   size_t MarkStackSize                            = 4194304                                   {product} {ergonomic}
   size_t MaxHeapSize                              = 2147483648                                {product} {command line}
   size_t MaxMetaspaceSize                         = 536870912                                 {product} {command line}
   size_t MaxNewSize                               = 1287651328                                {product} {ergonomic}
   size_t MinHeapDeltaBytes                        = 1048576                                   {product} {ergonomic}
   size_t MinHeapSize                              = 8388608                                   {product} {ergonomic}
    uintx NonNMethodCodeHeapSize                   = 5832780                                {pd product} {ergonomic}
    uintx NonProfiledCodeHeapSize                  = 122912730                              {pd product} {ergonomic}
    uintx ProfiledCodeHeapSize                     = 122912730                              {pd product} {ergonomic}
    uintx ReservedCodeCacheSize                    = 251658240                              {pd product} {ergonomic}
     bool SegmentedCodeCache                       = true                                      {product} {ergonomic}
   size_t SoftMaxHeapSize                          = 2147483648                             {manageable} {ergonomic}
     bool UseCompressedClassPointers               = true                                 {lp64_product} {ergonomic}
     bool UseCompressedOops                        = true                                 {lp64_product} {ergonomic}
     bool UseG1GC                                  = true                                      {product} {ergonomic}
     bool UseLargePagesIndividualAllocation        = false                                  {pd product} {ergonomic}

Logging:
Log output configuration:
 #0: stdout all=warning uptime,level,tags
 #1: stderr all=off uptime,level,tags

Environment Variables:
JAVA_HOME=C:\Program Files\BellSoft\LibericaJDK-15-Full\
CLASSPATH=C:\Users\Amirull Azmi.DESKTOP-91E5MKF\Documents\WEB PROJECT\WeonAndroid\android\\gradle\wrapper\gradle-wrapper.jar
PATH=C:\Users\Amirull Azmi.DESKTOP-91E5MKF\Documents\WEB PROJECT\WeonAndroid\node_modules\.bin;C:\Users\Amirull Azmi.DESKTOP-91E5MKF\Documents\WEB PROJECT\WeonAndroid\node_modules\.bin;C:\Users\Amirull Azmi.DESKTOP-91E5MKF\Documents\WEB PROJECT\node_modules\.bin;C:\Users\Amirull Azmi.DESKTOP-91E5MKF\Documents\node_modules\.bin;C:\Users\Amirull Azmi.DESKTOP-91E5MKF\node_modules\.bin;C:\Users\node_modules\.bin;C:\node_modules\.bin;C:\Users\Amirull Azmi.DESKTOP-91E5MKF\AppData\Roaming\npm\node_modules\npm\node_modules\@npmcli\run-script\lib\node-gyp-bin;C:\Users\Amirull Azmi.DESKTOP-91E5MKF\Documents\WEB PROJECT\WeonAndroid\node_modules\.bin;C:\Users\Amirull Azmi.DESKTOP-91E5MKF\Documents\WEB PROJECT\WeonAndroid\node_modules\.bin;C:\Users\Amirull Azmi.DESKTOP-91E5MKF\Documents\WEB PROJECT\node_modules\.bin;C:\Users\Amirull Azmi.DESKTOP-91E5MKF\Documents\node_modules\.bin;C:\Users\Amirull Azmi.DESKTOP-91E5MKF\node_modules\.bin;C:\Users\node_modules\.bin;C:\node_modules\.bin;C:\Users\Amirull Azmi.DESKTOP-91E5MKF\AppData\Roaming\npm\node_modules\npm\node_modules\@npmcli\run-script\lib\node-gyp-bin;C:\Program Files\BellSoft\LibericaJDK-15-Full\bin\;C:\Python312\Scripts\;C:\Python312\;C:\Python311\Scripts\;C:\Python311\;C:\Program Files\Microsoft\jdk-11.0.18.10-hotspot\bin;C:\WINDOWS\system32;C:\WINDOWS;C:\WINDOWS\System32\Wbem;C:\WINDOWS\System32\WindowsPowerShell\v1.0\;C:\WINDOWS\System32\OpenSSH\;C:\xampp\php;C:\ProgramData\ComposerSetup\bin;C:\Program Files\Git\cmd;C:\ProgramData\chocolatey\bin;C:\Program Files (x86)\Bitvise SSH Client;C:\Program Files\PuTTY\;C:\Program Files\nodejs\;C:\Users\Amirull Azmi.DESKTOP-91E5MKF\AppData\Local\Microsoft\WindowsApps;C:\Users\Amirull Azmi.DESKTOP-91E5MKF\AppData\Local\Programs\Microsoft VS Code\bin;C:\Users\Amirull Azmi.DESKTOP-91E5MKF\AppData\Roaming\Composer\vendor\bin;C:\Android\platform-tools;C:\Users\Amirull Azmi.DESKTOP-91E5MKF\AppData\Roaming\npm
USERNAME=Amirull Azmi
LANG=en_US.UTF-8
OS=Windows_NT
PROCESSOR_IDENTIFIER=Intel64 Family 6 Model 78 Stepping 3, GenuineIntel



---------------  S Y S T E M  ---------------

OS:
 Windows 10 , 64 bit Build 19041 (10.0.19041.3636)
OS uptime: 0 days 9:55 hours

CPU: total 4 (initial active 4) (2 cores per cpu, 2 threads per core) family 6 model 78 stepping 3 microcode 0xcc, cmov, cx8, fxsr, mmx, sse, sse2, sse3, ssse3, sse4.1, sse4.2, popcnt, vzeroupper, avx, avx2, aes, clmul, erms, 3dnowpref, lzcnt, ht, tsc, tscinvbit, bmi1, bmi2, adx, fma, clflush, clflushopt

Memory: 4k page, system-wide physical 8066M (334M free)
TotalPageFile size 10114M (AvailPageFile size 21M)
current process WorkingSet (physical memory assigned to process): 421M, peak: 442M
current process commit charge ("private bytes"): 499M, peak: 526M

vm_info: OpenJDK 64-Bit Server VM (15.0.2+10) for windows-amd64 JRE (15.0.2+10), built on Jan 21 2021 08:07:14 by "" with MS VC++ 15.9 (VS2017)

END.
