#
# There is insufficient memory for the Java Runtime Environment to continue.
# Native memory allocation (malloc) failed to allocate 921664 bytes for Chunk::new
# Possible reasons:
#   The system is out of physical RAM or swap space
#   The process is running with CompressedOops enabled, and the Java Heap may be blocking the growth of the native heap
# Possible solutions:
#   Reduce memory load on the system
#   Increase physical memory or swap space
#   Check if swap backing store is full
#   Decrease Java heap size (-Xmx/-Xms)
#   Decrease number of Java threads
#   Decrease Java thread stack sizes (-Xss)
#   Set larger code cache with -XX:ReservedCodeCacheSize=
#   JVM is running with Unscaled Compressed Oops mode in which the Java heap is
#     placed in the first 4GB address space. The Java Heap base address is the
#     maximum limit for the native heap growth. Please use -XX:HeapBaseMinAddress
#     to set the Java Heap base and to place the Java Heap above 4GB virtual address.
# This output file may be truncated or incomplete.
#
#  Out of Memory Error (./src/hotspot/share/memory/arena.cpp:195), pid=9024, tid=17884
#
# JRE version: OpenJDK Runtime Environment (15.0.2+10) (build 15.0.2+10)
# Java VM: OpenJDK 64-Bit Server VM (15.0.2+10, mixed mode, sharing, tiered, compressed oops, g1 gc, windows-amd64)
# No core dump will be written. Minidumps are not enabled by default on client versions of Windows
#

---------------  S U M M A R Y ------------

Command Line: -XX:MaxMetaspaceSize=512m --add-opens=java.base/java.util=ALL-UNNAMED --add-opens=java.base/java.lang=ALL-UNNAMED --add-opens=java.base/java.lang.invoke=ALL-UNNAMED --add-opens=java.prefs/java.util.prefs=ALL-UNNAMED --add-opens=java.base/java.nio.charset=ALL-UNNAMED --add-opens=java.base/java.net=ALL-UNNAMED --add-opens=java.base/java.util.concurrent.atomic=ALL-UNNAMED -Xmx2048m -Dfile.encoding=windows-1252 -Duser.country=ID -Duser.language=en -Duser.variant org.gradle.launcher.daemon.bootstrap.GradleDaemon 8.0.1

Host: Intel(R) Core(TM) i3-6006U CPU @ 2.00GHz, 4 cores, 7G,  Windows 10 , 64 bit Build 19041 (10.0.19041.3636)
Time: Wed Dec 27 01:29:03 2023 SE Asia Standard Time elapsed time: 58.252540 seconds (0d 0h 0m 58s)

---------------  T H R E A D  ---------------

Current thread (0x000002927f202560):  JavaThread "C2 CompilerThread1" daemon [_thread_in_native, id=17884, stack(0x000000bb46200000,0x000000bb46300000)]


Current CompileTask:
C2:  58252 13261       4       java.lang.Class::annotationData (44 bytes)

Stack: [0x000000bb46200000,0x000000bb46300000]
Native frames: (J=compiled Java code, j=interpreted, Vv=VM code, C=native code)
V  [jvm.dll+0x5f7a0a]
V  [jvm.dll+0x796fb9]
V  [jvm.dll+0x798713]
V  [jvm.dll+0x798d63]
V  [jvm.dll+0x1fc4f8]
V  [jvm.dll+0x996aa]
V  [jvm.dll+0x99d9c]
V  [jvm.dll+0x30fda5]
V  [jvm.dll+0x2d91e8]
V  [jvm.dll+0x2d854a]
V  [jvm.dll+0x1d2139]
V  [jvm.dll+0x1d1578]
V  [jvm.dll+0x164597]
V  [jvm.dll+0x1e0454]
V  [jvm.dll+0x1de59b]
V  [jvm.dll+0x75bb9d]
V  [jvm.dll+0x754a9a]
V  [jvm.dll+0x5f67b6]
C  [ucrtbase.dll+0x21bb2]
C  [KERNEL32.DLL+0x17344]
C  [ntdll.dll+0x526b1]


---------------  P R O C E S S  ---------------

Threads class SMR info:
_java_thread_list=0x000002920ff954c0, length=87, elements={
0x000002926c9c3310, 0x000002927d31f750, 0x000002927d320230, 0x000002927d33b320,
0x000002927d33dbf0, 0x000002927d33e5b0, 0x000002927d33f350, 0x000002927d340e10,
0x000002927d363440, 0x000002927dd8dfc0, 0x000002927dd96c30, 0x000002920f088200,
0x000002920f10d9c0, 0x000002920f912010, 0x000002927f601020, 0x000002920f978630,
0x000002920f6e3b10, 0x000002921012fed0, 0x000002927eaaa090, 0x000002927ebf5220,
0x0000029210377270, 0x0000029210379420, 0x0000029210377740, 0x00000292103798f0,
0x0000029210376400, 0x0000029210379dc0, 0x00000292103768d0, 0x0000029210376da0,
0x00000292103780e0, 0x00000292103785b0, 0x0000029210378a80, 0x00000292124cf060,
0x00000292124cc510, 0x00000292124cad00, 0x00000292124cb1d0, 0x00000292124cc040,
0x00000292124cceb0, 0x00000292124cfed0, 0x00000292124cf530, 0x00000292124cb6a0,
0x00000292124d1210, 0x00000292124cfa00, 0x00000292124d03a0, 0x00000292124d16e0,
0x00000292124cdd20, 0x00000292124d0870, 0x00000292124cd850, 0x00000292124cd380,
0x00000292124ce1f0, 0x00000292124d0d40, 0x00000292124d1bb0, 0x00000292124ce6c0,
0x00000292124ceb90, 0x0000029210787440, 0x0000029210789ac0, 0x0000029210785c30,
0x0000029210786aa0, 0x0000029210783a80, 0x0000029210788780, 0x00000292107882b0,
0x0000029210789120, 0x0000029210786f70, 0x0000029210787910, 0x0000029210787de0,
0x00000292107830e0, 0x0000029210783f50, 0x0000029210788c50, 0x00000292107835b0,
0x0000029210789f90, 0x0000029210784420, 0x00000292107848f0, 0x0000029210784dc0,
0x0000029210785290, 0x0000029210785760, 0x00000292107865d0, 0x000002921067d310,
0x000002921067c970, 0x000002921067d7e0, 0x0000029210681b40, 0x000002921067b630,
0x000002921067dcb0, 0x00000292106824e0, 0x000002921067e180, 0x000002921067bb00,
0x0000029210681670, 0x000002921067ce40, 0x000002927f202560
}

Java Threads: ( => current thread )
  0x000002926c9c3310 JavaThread "main" [_thread_blocked, id=13676, stack(0x000000bb45000000,0x000000bb45100000)]
  0x000002927d31f750 JavaThread "Reference Handler" daemon [_thread_blocked, id=15248, stack(0x000000bb45700000,0x000000bb45800000)]
  0x000002927d320230 JavaThread "Finalizer" daemon [_thread_blocked, id=17672, stack(0x000000bb45800000,0x000000bb45900000)]
  0x000002927d33b320 JavaThread "Signal Dispatcher" daemon [_thread_blocked, id=14636, stack(0x000000bb45900000,0x000000bb45a00000)]
  0x000002927d33dbf0 JavaThread "Attach Listener" daemon [_thread_blocked, id=16108, stack(0x000000bb45a00000,0x000000bb45b00000)]
  0x000002927d33e5b0 JavaThread "Service Thread" daemon [_thread_blocked, id=17188, stack(0x000000bb45b00000,0x000000bb45c00000)]
  0x000002927d33f350 JavaThread "C2 CompilerThread0" daemon [_thread_in_native, id=17184, stack(0x000000bb45c00000,0x000000bb45d00000)]
  0x000002927d340e10 JavaThread "C1 CompilerThread0" daemon [_thread_in_native, id=18400, stack(0x000000bb45d00000,0x000000bb45e00000)]
  0x000002927d363440 JavaThread "Sweeper thread" daemon [_thread_blocked, id=18172, stack(0x000000bb45e00000,0x000000bb45f00000)]
  0x000002927dd8dfc0 JavaThread "Common-Cleaner" daemon [_thread_blocked, id=17500, stack(0x000000bb45f00000,0x000000bb46000000)]
  0x000002927dd96c30 JavaThread "Notification Thread" daemon [_thread_blocked, id=15740, stack(0x000000bb46000000,0x000000bb46100000)]
  0x000002920f088200 JavaThread "Daemon health stats" [_thread_blocked, id=13352, stack(0x000000bb46500000,0x000000bb46600000)]
  0x000002920f10d9c0 JavaThread "Incoming local TCP Connector on port 63129" [_thread_in_native, id=14524, stack(0x000000bb46600000,0x000000bb46700000)]
  0x000002920f912010 JavaThread "Daemon periodic checks" [_thread_blocked, id=18008, stack(0x000000bb46700000,0x000000bb46800000)]
  0x000002927f601020 JavaThread "Daemon" [_thread_blocked, id=14208, stack(0x000000bb46800000,0x000000bb46900000)]
  0x000002920f978630 JavaThread "Handler for socket connection from /127.0.0.1:63129 to /127.0.0.1:63130" [_thread_in_native, id=3736, stack(0x000000bb46900000,0x000000bb46a00000)]
  0x000002920f6e3b10 JavaThread "Cancel handler" [_thread_blocked, id=9180, stack(0x000000bb46a00000,0x000000bb46b00000)]
  0x000002921012fed0 JavaThread "Daemon worker" [_thread_in_Java, id=6556, stack(0x000000bb46b00000,0x000000bb46c00000)]
  0x000002927eaaa090 JavaThread "Asynchronous log dispatcher for DefaultDaemonConnection: socket connection from /127.0.0.1:63129 to /127.0.0.1:63130" [_thread_blocked, id=7528, stack(0x000000bb46c00000,0x000000bb46d00000)]
  0x000002927ebf5220 JavaThread "Stdin handler" [_thread_blocked, id=18168, stack(0x000000bb46d00000,0x000000bb46e00000)]
  0x0000029210377270 JavaThread "Daemon client event forwarder" [_thread_blocked, id=13952, stack(0x000000bb46e00000,0x000000bb46f00000)]
  0x0000029210379420 JavaThread "Cache worker for journal cache (C:\Users\Amirull Azmi.DESKTOP-91E5MKF\.gradle\caches\journal-1)" [_thread_blocked, id=16504, stack(0x000000bb46f00000,0x000000bb47000000)]
  0x0000029210377740 JavaThread "File lock request listener" [_thread_in_native, id=15636, stack(0x000000bb47000000,0x000000bb47100000)]
  0x00000292103798f0 JavaThread "Cache worker for file hash cache (C:\Users\Amirull Azmi.DESKTOP-91E5MKF\.gradle\caches\8.0.1\fileHashes)" [_thread_blocked, id=14712, stack(0x000000bb47100000,0x000000bb47200000)]
  0x0000029210376400 JavaThread "File watcher server" daemon [_thread_in_native, id=6204, stack(0x000000bb47300000,0x000000bb47400000)]
  0x0000029210379dc0 JavaThread "File watcher consumer" daemon [_thread_blocked, id=7708, stack(0x000000bb47400000,0x000000bb47500000)]
  0x00000292103768d0 JavaThread "Cache worker for checksums cache (C:\Users\Amirull Azmi.DESKTOP-91E5MKF\Documents\WEB PROJECT\WeonAndroid\android\.gradle\8.0.1\checksums)" [_thread_blocked, id=11964, stack(0x000000bb47500000,0x000000bb47600000)]
  0x0000029210376da0 JavaThread "Cache worker for cache directory md-rule (C:\Users\Amirull Azmi.DESKTOP-91E5MKF\.gradle\caches\8.0.1\md-rule)" [_thread_blocked, id=16424, stack(0x000000bb47600000,0x000000bb47700000)]
  0x00000292103780e0 JavaThread "Cache worker for file content cache (C:\Users\Amirull Azmi.DESKTOP-91E5MKF\.gradle\caches\8.0.1\fileContent)" [_thread_blocked, id=16984, stack(0x000000bb47700000,0x000000bb47800000)]
  0x00000292103785b0 JavaThread "Cache worker for file hash cache (C:\Users\Amirull Azmi.DESKTOP-91E5MKF\Documents\WEB PROJECT\WeonAndroid\android\.gradle\8.0.1\fileHashes)" [_thread_blocked, id=18204, stack(0x000000bb47800000,0x000000bb47900000)]
  0x0000029210378a80 JavaThread "Cache worker for cache directory md-supplier (C:\Users\Amirull Azmi.DESKTOP-91E5MKF\.gradle\caches\8.0.1\md-supplier)" [_thread_blocked, id=17008, stack(0x000000bb47900000,0x000000bb47a00000)]
  0x00000292124cf060 JavaThread "Cache worker for execution history cache (C:\Users\Amirull Azmi.DESKTOP-91E5MKF\.gradle\caches\8.0.1\executionHistory)" [_thread_blocked, id=17080, stack(0x000000bb47a00000,0x000000bb47b00000)]
  0x00000292124cc510 JavaThread "jar transforms" [_thread_blocked, id=3688, stack(0x000000bb47b00000,0x000000bb47c00000)]
  0x00000292124cad00 JavaThread "jar transforms Thread 2" [_thread_blocked, id=18112, stack(0x000000bb47c00000,0x000000bb47d00000)]
  0x00000292124cb1d0 JavaThread "jar transforms Thread 3" [_thread_blocked, id=7116, stack(0x000000bb47d00000,0x000000bb47e00000)]
  0x00000292124cc040 JavaThread "jar transforms Thread 4" [_thread_blocked, id=18408, stack(0x000000bb47e00000,0x000000bb47f00000)]
  0x00000292124cceb0 JavaThread "Cache worker for kotlin-dsl (C:\Users\Amirull Azmi.DESKTOP-91E5MKF\.gradle\caches\8.0.1\kotlin-dsl)" [_thread_blocked, id=11204, stack(0x000000bb47f00000,0x000000bb48000000)]
  0x00000292124cfed0 JavaThread "Cache worker for dependencies-accessors (C:\Users\Amirull Azmi.DESKTOP-91E5MKF\Documents\WEB PROJECT\WeonAndroid\android\.gradle\8.0.1\dependencies-accessors)" [_thread_blocked, id=10012, stack(0x000000bb48000000,0x000000bb48100000)]
  0x00000292124cf530 JavaThread "Cache worker for Build Output Cleanup Cache (C:\Users\Amirull Azmi.DESKTOP-91E5MKF\Documents\WEB PROJECT\WeonAndroid\node_modules\@react-native\gradle-plugin\.gradle\buildOutputCleanup)" [_thread_blocked, id=3156, stack(0x000000bb48100000,0x000000bb48200000)]
  0x00000292124cb6a0 JavaThread "Unconstrained build operations" [_thread_blocked, id=16208, stack(0x000000bb48200000,0x000000bb48300000)]
  0x00000292124d1210 JavaThread "Unconstrained build operations Thread 2" [_thread_blocked, id=8896, stack(0x000000bb48300000,0x000000bb48400000)]
  0x00000292124cfa00 JavaThread "Unconstrained build operations Thread 3" [_thread_blocked, id=16752, stack(0x000000bb48400000,0x000000bb48500000)]
  0x00000292124d03a0 JavaThread "Unconstrained build operations Thread 4" [_thread_blocked, id=17840, stack(0x000000bb48500000,0x000000bb48600000)]
  0x00000292124d16e0 JavaThread "Unconstrained build operations Thread 5" [_thread_blocked, id=15944, stack(0x000000bb48600000,0x000000bb48700000)]
  0x00000292124cdd20 JavaThread "Unconstrained build operations Thread 6" [_thread_blocked, id=14184, stack(0x000000bb48700000,0x000000bb48800000)]
  0x00000292124d0870 JavaThread "Unconstrained build operations Thread 7" [_thread_blocked, id=11176, stack(0x000000bb48800000,0x000000bb48900000)]
  0x00000292124cd850 JavaThread "Unconstrained build operations Thread 8" [_thread_blocked, id=1664, stack(0x000000bb48900000,0x000000bb48a00000)]
  0x00000292124cd380 JavaThread "Unconstrained build operations Thread 9" [_thread_blocked, id=10376, stack(0x000000bb48a00000,0x000000bb48b00000)]
  0x00000292124ce1f0 JavaThread "Unconstrained build operations Thread 10" [_thread_blocked, id=17968, stack(0x000000bb48b00000,0x000000bb48c00000)]
  0x00000292124d0d40 JavaThread "Unconstrained build operations Thread 11" [_thread_blocked, id=13480, stack(0x000000bb48c00000,0x000000bb48d00000)]
  0x00000292124d1bb0 JavaThread "Unconstrained build operations Thread 12" [_thread_blocked, id=16288, stack(0x000000bb48d00000,0x000000bb48e00000)]
  0x00000292124ce6c0 JavaThread "Unconstrained build operations Thread 13" [_thread_blocked, id=16644, stack(0x000000bb48e00000,0x000000bb48f00000)]
  0x00000292124ceb90 JavaThread "Unconstrained build operations Thread 14" [_thread_blocked, id=16680, stack(0x000000bb48f00000,0x000000bb49000000)]
  0x0000029210787440 JavaThread "Unconstrained build operations Thread 15" [_thread_blocked, id=15444, stack(0x000000bb49000000,0x000000bb49100000)]
  0x0000029210789ac0 JavaThread "Unconstrained build operations Thread 16" [_thread_blocked, id=3700, stack(0x000000bb49100000,0x000000bb49200000)]
  0x0000029210785c30 JavaThread "Unconstrained build operations Thread 17" [_thread_blocked, id=18208, stack(0x000000bb49200000,0x000000bb49300000)]
  0x0000029210786aa0 JavaThread "Unconstrained build operations Thread 18" [_thread_blocked, id=18116, stack(0x000000bb49300000,0x000000bb49400000)]
  0x0000029210783a80 JavaThread "Unconstrained build operations Thread 19" [_thread_blocked, id=3432, stack(0x000000bb49400000,0x000000bb49500000)]
  0x0000029210788780 JavaThread "Unconstrained build operations Thread 20" [_thread_blocked, id=17976, stack(0x000000bb49500000,0x000000bb49600000)]
  0x00000292107882b0 JavaThread "Unconstrained build operations Thread 21" [_thread_blocked, id=12320, stack(0x000000bb49600000,0x000000bb49700000)]
  0x0000029210789120 JavaThread "Unconstrained build operations Thread 22" [_thread_blocked, id=12928, stack(0x000000bb49700000,0x000000bb49800000)]
  0x0000029210786f70 JavaThread "Unconstrained build operations Thread 23" [_thread_blocked, id=11040, stack(0x000000bb49800000,0x000000bb49900000)]
  0x0000029210787910 JavaThread "Unconstrained build operations Thread 24" [_thread_blocked, id=14824, stack(0x000000bb49900000,0x000000bb49a00000)]
  0x0000029210787de0 JavaThread "Unconstrained build operations Thread 25" [_thread_blocked, id=14820, stack(0x000000bb49a00000,0x000000bb49b00000)]
  0x00000292107830e0 JavaThread "Unconstrained build operations Thread 26" [_thread_blocked, id=16908, stack(0x000000bb49b00000,0x000000bb49c00000)]
  0x0000029210783f50 JavaThread "Memory manager" [_thread_blocked, id=12856, stack(0x000000bb49c00000,0x000000bb49d00000)]
  0x0000029210788c50 JavaThread "Cache worker for Build Output Cleanup Cache (C:\Users\Amirull Azmi.DESKTOP-91E5MKF\Documents\WEB PROJECT\WeonAndroid\android\.gradle\buildOutputCleanup)" [_thread_blocked, id=15572, stack(0x000000bb49d00000,0x000000bb49e00000)]
  0x00000292107835b0 JavaThread "included builds" [_thread_blocked, id=3364, stack(0x000000bb49e00000,0x000000bb49f00000)]
  0x0000029210789f90 JavaThread "Execution worker" [_thread_blocked, id=11668, stack(0x000000bb49f00000,0x000000bb4a000000)]
  0x0000029210784420 JavaThread "Execution worker Thread 2" [_thread_blocked, id=14640, stack(0x000000bb4a000000,0x000000bb4a100000)]
  0x00000292107848f0 JavaThread "Execution worker Thread 3" [_thread_blocked, id=13656, stack(0x000000bb4a100000,0x000000bb4a200000)]
  0x0000029210784dc0 JavaThread "Cache worker for execution history cache (C:\Users\Amirull Azmi.DESKTOP-91E5MKF\Documents\WEB PROJECT\WeonAndroid\node_modules\@react-native\gradle-plugin\.gradle\8.0.1\executionHistory)" [_thread_blocked, id=9536, stack(0x000000bb4a200000,0x000000bb4a300000)]
  0x0000029210785290 JavaThread "Unconstrained build operations Thread 27" [_thread_blocked, id=16880, stack(0x000000bb4a300000,0x000000bb4a400000)]
  0x0000029210785760 JavaThread "Unconstrained build operations Thread 28" [_thread_blocked, id=13832, stack(0x000000bb4a400000,0x000000bb4a500000)]
  0x00000292107865d0 JavaThread "Unconstrained build operations Thread 29" [_thread_blocked, id=6244, stack(0x000000bb4a500000,0x000000bb4a600000)]
  0x000002921067d310 JavaThread "Unconstrained build operations Thread 30" [_thread_blocked, id=13296, stack(0x000000bb4a600000,0x000000bb4a700000)]
  0x000002921067c970 JavaThread "Unconstrained build operations Thread 31" [_thread_blocked, id=14916, stack(0x000000bb4a700000,0x000000bb4a800000)]
  0x000002921067d7e0 JavaThread "Unconstrained build operations Thread 32" [_thread_blocked, id=15340, stack(0x000000bb4a800000,0x000000bb4a900000)]
  0x0000029210681b40 JavaThread "Unconstrained build operations Thread 33" [_thread_blocked, id=3080, stack(0x000000bb4a900000,0x000000bb4aa00000)]
  0x000002921067b630 JavaThread "Unconstrained build operations Thread 34" [_thread_blocked, id=6448, stack(0x000000bb4aa00000,0x000000bb4ab00000)]
  0x000002921067dcb0 JavaThread "Unconstrained build operations Thread 35" [_thread_blocked, id=10728, stack(0x000000bb4ab00000,0x000000bb4ac00000)]
  0x00000292106824e0 JavaThread "Unconstrained build operations Thread 36" [_thread_blocked, id=16828, stack(0x000000bb4ac00000,0x000000bb4ad00000)]
  0x000002921067e180 JavaThread "Unconstrained build operations Thread 37" [_thread_blocked, id=16524, stack(0x000000bb4ad00000,0x000000bb4ae00000)]
  0x000002921067bb00 JavaThread "Unconstrained build operations Thread 38" [_thread_blocked, id=13768, stack(0x000000bb4ae00000,0x000000bb4af00000)]
  0x0000029210681670 JavaThread "Unconstrained build operations Thread 39" [_thread_blocked, id=18084, stack(0x000000bb4af00000,0x000000bb4b000000)]
  0x000002921067ce40 JavaThread "Unconstrained build operations Thread 40" [_thread_blocked, id=5396, stack(0x000000bb4b000000,0x000000bb4b100000)]
=>0x000002927f202560 JavaThread "C2 CompilerThread1" daemon [_thread_in_native, id=17884, stack(0x000000bb46200000,0x000000bb46300000)]

Other Threads:
  0x000002927d31bfb0 VMThread "VM Thread" [stack: 0x000000bb45600000,0x000000bb45700000] [id=9616]
  0x000002927dd97100 WatcherThread [stack: 0x000000bb46100000,0x000000bb46200000] [id=17984]
  0x000002926ca03ed0 GCTaskThread "GC Thread#0" [stack: 0x000000bb45100000,0x000000bb45200000] [id=17544]
  0x000002927dd7e410 GCTaskThread "GC Thread#1" [stack: 0x000000bb46300000,0x000000bb46400000] [id=14696]
  0x000002927dd7d750 GCTaskThread "GC Thread#2" [stack: 0x000000bb46400000,0x000000bb46500000] [id=12724]
  0x000002927dd7bdd0 GCTaskThread "GC Thread#3" [stack: 0x000000bb47200000,0x000000bb47300000] [id=14220]
  0x000002926ca14f30 ConcurrentGCThread "G1 Main Marker" [stack: 0x000000bb45200000,0x000000bb45300000] [id=15336]
  0x000002926ca171e0 ConcurrentGCThread "G1 Conc#0" [stack: 0x000000bb45300000,0x000000bb45400000] [id=432]
  0x000002926ca8e7d0 ConcurrentGCThread "G1 Refine#0" [stack: 0x000000bb45400000,0x000000bb45500000] [id=16416]
  0x0000029217a0b0d0 ConcurrentGCThread "G1 Refine#1" [stack: 0x000000bb4b200000,0x000000bb4b300000] [id=16840]
  0x0000029217a0b790 ConcurrentGCThread "G1 Refine#2" [stack: 0x000000bb4b300000,0x000000bb4b400000] [id=14624]
  0x0000029217a09ff0 ConcurrentGCThread "G1 Refine#3" [stack: 0x000000bb4b400000,0x000000bb4b500000] [id=6468]
  0x000002926ca8f2e0 ConcurrentGCThread "G1 Young RemSet Sampling" [stack: 0x000000bb45500000,0x000000bb45600000] [id=18124]

Threads with active compile tasks:
C2 CompilerThread0    58319 13271       4       java.lang.reflect.Method::invoke (65 bytes)
C1 CompilerThread0    58319 13331       3       com.sun.xml.bind.v2.model.impl.RuntimeClassInfoImpl$RuntimePropertySeed::getName (10 bytes)
C2 CompilerThread1    58320 13261       4       java.lang.Class::annotationData (44 bytes)

VM state: not at safepoint (normal execution)

VM Mutex/Monitor currently owned by a thread: None

Heap address: 0x0000000080000000, size: 2048 MB, Compressed Oops mode: 32-bit
CDS archive(s) mapped at: [0x0000000800000000-0x0000000800b50000-0x0000000800b50000), size 11862016, SharedBaseAddress: 0x0000000800000000, ArchiveRelocationMode: 0.
Compressed class space mapped at: 0x0000000800b50000-0x0000000820350000, size: 528482304
Narrow klass base: 0x0000000800000000, Narrow klass shift: 3, Narrow klass range: 0x100000000

GC Precious Log:
 CPUs: 4 total, 4 available
 Memory: 8066M
 Large Page Support: Disabled
 NUMA Support: Disabled
 Compressed Oops: Enabled (32-bit)
 Heap Region Size: 1M
 Heap Min Capacity: 8M
 Heap Initial Capacity: 128M
 Heap Max Capacity: 2G
 Pre-touch: Disabled
 Parallel Workers: 4
 Concurrent Workers: 1
 Concurrent Refinement Workers: 4
 Periodic GC: Disabled

Heap:
 garbage-first heap   total 324608K, used 242882K [0x0000000080000000, 0x0000000100000000)
  region size 1024K, 54 young (55296K), 8 survivors (8192K)
 Metaspace       used 99672K, capacity 102679K, committed 102888K, reserved 608256K
  class space    used 13381K, capacity 14436K, committed 14464K, reserved 516096K

Heap Regions: E=young(eden), S=young(survivor), O=old, HS=humongous(starts), HC=humongous(continues), CS=collection set, F=free, OA=open archive, CA=closed archive, TAMS=top-at-mark-start (previous, next)
|   0|0x0000000080000000, 0x0000000080100000, 0x0000000080100000|100%| O|  |TAMS 0x0000000080100000, 0x0000000080000000| Untracked 
|   1|0x0000000080100000, 0x0000000080200000, 0x0000000080200000|100%| O|  |TAMS 0x0000000080200000, 0x0000000080100000| Untracked 
|   2|0x0000000080200000, 0x0000000080300000, 0x0000000080300000|100%|HS|  |TAMS 0x0000000080300000, 0x0000000080200000| Complete 
|   3|0x0000000080300000, 0x0000000080400000, 0x0000000080400000|100%|HC|  |TAMS 0x0000000080400000, 0x0000000080300000| Complete 
|   4|0x0000000080400000, 0x0000000080500000, 0x0000000080500000|100%|HC|  |TAMS 0x0000000080500000, 0x0000000080400000| Complete 
|   5|0x0000000080500000, 0x0000000080600000, 0x0000000080600000|100%|HC|  |TAMS 0x0000000080600000, 0x0000000080500000| Complete 
|   6|0x0000000080600000, 0x0000000080700000, 0x0000000080700000|100%| O|  |TAMS 0x0000000080700000, 0x0000000080600000| Untracked 
|   7|0x0000000080700000, 0x0000000080800000, 0x0000000080800000|100%| O|  |TAMS 0x0000000080800000, 0x0000000080700000| Untracked 
|   8|0x0000000080800000, 0x0000000080900000, 0x0000000080900000|100%| O|  |TAMS 0x0000000080900000, 0x0000000080800000| Untracked 
|   9|0x0000000080900000, 0x0000000080a00000, 0x0000000080a00000|100%| O|  |TAMS 0x0000000080a00000, 0x0000000080900000| Untracked 
|  10|0x0000000080a00000, 0x0000000080b00000, 0x0000000080b00000|100%| O|  |TAMS 0x0000000080b00000, 0x0000000080a00000| Untracked 
|  11|0x0000000080b00000, 0x0000000080c00000, 0x0000000080c00000|100%| O|  |TAMS 0x0000000080c00000, 0x0000000080b00000| Untracked 
|  12|0x0000000080c00000, 0x0000000080d00000, 0x0000000080d00000|100%| O|  |TAMS 0x0000000080d00000, 0x0000000080c00000| Untracked 
|  13|0x0000000080d00000, 0x0000000080e00000, 0x0000000080e00000|100%| O|  |TAMS 0x0000000080e00000, 0x0000000080d00000| Untracked 
|  14|0x0000000080e00000, 0x0000000080f00000, 0x0000000080f00000|100%| O|  |TAMS 0x0000000080f00000, 0x0000000080e00000| Untracked 
|  15|0x0000000080f00000, 0x0000000081000000, 0x0000000081000000|100%| O|  |TAMS 0x0000000081000000, 0x0000000080f00000| Untracked 
|  16|0x0000000081000000, 0x0000000081100000, 0x0000000081100000|100%| O|  |TAMS 0x0000000081100000, 0x0000000081000000| Untracked 
|  17|0x0000000081100000, 0x0000000081200000, 0x0000000081200000|100%| O|  |TAMS 0x0000000081200000, 0x0000000081100000| Untracked 
|  18|0x0000000081200000, 0x0000000081300000, 0x0000000081300000|100%| O|  |TAMS 0x0000000081300000, 0x0000000081200000| Untracked 
|  19|0x0000000081300000, 0x0000000081400000, 0x0000000081400000|100%| O|  |TAMS 0x0000000081400000, 0x0000000081300000| Untracked 
|  20|0x0000000081400000, 0x0000000081500000, 0x0000000081500000|100%| O|  |TAMS 0x0000000081500000, 0x0000000081400000| Untracked 
|  21|0x0000000081500000, 0x0000000081600000, 0x0000000081600000|100%| O|  |TAMS 0x0000000081600000, 0x0000000081500000| Untracked 
|  22|0x0000000081600000, 0x0000000081700000, 0x0000000081700000|100%| O|  |TAMS 0x0000000081700000, 0x0000000081600000| Untracked 
|  23|0x0000000081700000, 0x0000000081800000, 0x0000000081800000|100%| O|  |TAMS 0x0000000081800000, 0x0000000081700000| Untracked 
|  24|0x0000000081800000, 0x0000000081900000, 0x0000000081900000|100%| O|  |TAMS 0x0000000081900000, 0x0000000081800000| Untracked 
|  25|0x0000000081900000, 0x0000000081a00000, 0x0000000081a00000|100%| O|  |TAMS 0x0000000081a00000, 0x0000000081900000| Untracked 
|  26|0x0000000081a00000, 0x0000000081b00000, 0x0000000081b00000|100%| O|  |TAMS 0x0000000081b00000, 0x0000000081a00000| Untracked 
|  27|0x0000000081b00000, 0x0000000081c00000, 0x0000000081c00000|100%| O|  |TAMS 0x0000000081c00000, 0x0000000081b00000| Untracked 
|  28|0x0000000081c00000, 0x0000000081d00000, 0x0000000081d00000|100%| O|  |TAMS 0x0000000081d00000, 0x0000000081c00000| Untracked 
|  29|0x0000000081d00000, 0x0000000081e00000, 0x0000000081e00000|100%| O|  |TAMS 0x0000000081e00000, 0x0000000081d00000| Untracked 
|  30|0x0000000081e00000, 0x0000000081f00000, 0x0000000081f00000|100%|HS|  |TAMS 0x0000000081f00000, 0x0000000081e00000| Complete 
|  31|0x0000000081f00000, 0x0000000082000000, 0x0000000082000000|100%|HC|  |TAMS 0x0000000082000000, 0x0000000081f00000| Complete 
|  32|0x0000000082000000, 0x0000000082100000, 0x0000000082100000|100%| O|  |TAMS 0x0000000082100000, 0x0000000082000000| Untracked 
|  33|0x0000000082100000, 0x0000000082200000, 0x0000000082200000|100%| O|  |TAMS 0x0000000082200000, 0x0000000082100000| Untracked 
|  34|0x0000000082200000, 0x0000000082300000, 0x0000000082300000|100%| O|  |TAMS 0x0000000082300000, 0x0000000082200000| Untracked 
|  35|0x0000000082300000, 0x0000000082400000, 0x0000000082400000|100%| O|  |TAMS 0x0000000082400000, 0x0000000082300000| Untracked 
|  36|0x0000000082400000, 0x0000000082500000, 0x0000000082500000|100%| O|  |TAMS 0x0000000082500000, 0x0000000082400000| Untracked 
|  37|0x0000000082500000, 0x0000000082600000, 0x0000000082600000|100%| O|  |TAMS 0x0000000082600000, 0x0000000082500000| Untracked 
|  38|0x0000000082600000, 0x0000000082700000, 0x0000000082700000|100%|HS|  |TAMS 0x0000000082700000, 0x0000000082600000| Complete 
|  39|0x0000000082700000, 0x0000000082800000, 0x0000000082800000|100%|HC|  |TAMS 0x0000000082800000, 0x0000000082700000| Complete 
|  40|0x0000000082800000, 0x0000000082900000, 0x0000000082900000|100%|HC|  |TAMS 0x0000000082900000, 0x0000000082800000| Complete 
|  41|0x0000000082900000, 0x0000000082a00000, 0x0000000082a00000|100%|HC|  |TAMS 0x0000000082a00000, 0x0000000082900000| Complete 
|  42|0x0000000082a00000, 0x0000000082b00000, 0x0000000082b00000|100%| O|  |TAMS 0x0000000082b00000, 0x0000000082a00000| Untracked 
|  43|0x0000000082b00000, 0x0000000082c00000, 0x0000000082c00000|100%| O|  |TAMS 0x0000000082c00000, 0x0000000082b00000| Untracked 
|  44|0x0000000082c00000, 0x0000000082d00000, 0x0000000082d00000|100%| O|  |TAMS 0x0000000082d00000, 0x0000000082c00000| Untracked 
|  45|0x0000000082d00000, 0x0000000082e00000, 0x0000000082e00000|100%| O|  |TAMS 0x0000000082e00000, 0x0000000082d00000| Untracked 
|  46|0x0000000082e00000, 0x0000000082f00000, 0x0000000082f00000|100%| O|  |TAMS 0x0000000082f00000, 0x0000000082e00000| Untracked 
|  47|0x0000000082f00000, 0x0000000083000000, 0x0000000083000000|100%| O|  |TAMS 0x0000000083000000, 0x0000000082f00000| Untracked 
|  48|0x0000000083000000, 0x0000000083100000, 0x0000000083100000|100%| O|  |TAMS 0x0000000083100000, 0x0000000083000000| Untracked 
|  49|0x0000000083100000, 0x0000000083200000, 0x0000000083200000|100%| O|  |TAMS 0x0000000083200000, 0x0000000083100000| Untracked 
|  50|0x0000000083200000, 0x0000000083300000, 0x0000000083300000|100%| O|  |TAMS 0x0000000083300000, 0x0000000083200000| Untracked 
|  51|0x0000000083300000, 0x0000000083400000, 0x0000000083400000|100%|HS|  |TAMS 0x0000000083400000, 0x0000000083300000| Complete 
|  52|0x0000000083400000, 0x0000000083500000, 0x0000000083500000|100%|HC|  |TAMS 0x0000000083500000, 0x0000000083400000| Complete 
|  53|0x0000000083500000, 0x0000000083600000, 0x0000000083600000|100%| O|  |TAMS 0x0000000083600000, 0x0000000083500000| Untracked 
|  54|0x0000000083600000, 0x0000000083700000, 0x0000000083700000|100%| O|  |TAMS 0x0000000083700000, 0x0000000083600000| Untracked 
|  55|0x0000000083700000, 0x0000000083800000, 0x0000000083800000|100%| O|  |TAMS 0x0000000083800000, 0x0000000083700000| Untracked 
|  56|0x0000000083800000, 0x0000000083900000, 0x0000000083900000|100%| O|  |TAMS 0x0000000083900000, 0x0000000083800000| Untracked 
|  57|0x0000000083900000, 0x0000000083a00000, 0x0000000083a00000|100%| O|  |TAMS 0x0000000083a00000, 0x0000000083900000| Untracked 
|  58|0x0000000083a00000, 0x0000000083b00000, 0x0000000083b00000|100%| O|  |TAMS 0x0000000083b00000, 0x0000000083a00000| Untracked 
|  59|0x0000000083b00000, 0x0000000083c00000, 0x0000000083c00000|100%| O|  |TAMS 0x0000000083c00000, 0x0000000083b00000| Untracked 
|  60|0x0000000083c00000, 0x0000000083d00000, 0x0000000083d00000|100%| O|  |TAMS 0x0000000083d00000, 0x0000000083c00000| Untracked 
|  61|0x0000000083d00000, 0x0000000083e00000, 0x0000000083e00000|100%| O|  |TAMS 0x0000000083e00000, 0x0000000083d00000| Untracked 
|  62|0x0000000083e00000, 0x0000000083f00000, 0x0000000083f00000|100%| O|  |TAMS 0x0000000083f00000, 0x0000000083e00000| Untracked 
|  63|0x0000000083f00000, 0x0000000084000000, 0x0000000084000000|100%| O|  |TAMS 0x0000000084000000, 0x0000000083f00000| Untracked 
|  64|0x0000000084000000, 0x0000000084100000, 0x0000000084100000|100%| O|  |TAMS 0x0000000084100000, 0x0000000084000000| Untracked 
|  65|0x0000000084100000, 0x0000000084200000, 0x0000000084200000|100%|HS|  |TAMS 0x0000000084200000, 0x0000000084100000| Complete 
|  66|0x0000000084200000, 0x0000000084300000, 0x0000000084300000|100%|HS|  |TAMS 0x0000000084300000, 0x0000000084200000| Complete 
|  67|0x0000000084300000, 0x0000000084400000, 0x0000000084400000|100%| O|  |TAMS 0x0000000084400000, 0x0000000084300000| Untracked 
|  68|0x0000000084400000, 0x0000000084500000, 0x0000000084500000|100%| O|  |TAMS 0x0000000084500000, 0x0000000084400000| Untracked 
|  69|0x0000000084500000, 0x0000000084600000, 0x0000000084600000|100%| O|  |TAMS 0x0000000084600000, 0x0000000084500000| Untracked 
|  70|0x0000000084600000, 0x0000000084700000, 0x0000000084700000|100%| O|  |TAMS 0x0000000084700000, 0x0000000084600000| Untracked 
|  71|0x0000000084700000, 0x0000000084800000, 0x0000000084800000|100%|HS|  |TAMS 0x0000000084800000, 0x0000000084700000| Complete 
|  72|0x0000000084800000, 0x0000000084900000, 0x0000000084900000|100%|HC|  |TAMS 0x0000000084900000, 0x0000000084800000| Complete 
|  73|0x0000000084900000, 0x0000000084a00000, 0x0000000084a00000|100%| O|  |TAMS 0x0000000084a00000, 0x0000000084900000| Untracked 
|  74|0x0000000084a00000, 0x0000000084b00000, 0x0000000084b00000|100%| O|  |TAMS 0x0000000084b00000, 0x0000000084a00000| Untracked 
|  75|0x0000000084b00000, 0x0000000084c00000, 0x0000000084c00000|100%| O|  |TAMS 0x0000000084c00000, 0x0000000084b00000| Untracked 
|  76|0x0000000084c00000, 0x0000000084d00000, 0x0000000084d00000|100%| O|  |TAMS 0x0000000084d00000, 0x0000000084c00000| Untracked 
|  77|0x0000000084d00000, 0x0000000084e00000, 0x0000000084e00000|100%| O|  |TAMS 0x0000000084e00000, 0x0000000084d00000| Untracked 
|  78|0x0000000084e00000, 0x0000000084f00000, 0x0000000084f00000|100%| O|  |TAMS 0x0000000084f00000, 0x0000000084e00000| Untracked 
|  79|0x0000000084f00000, 0x0000000085000000, 0x0000000085000000|100%|HS|  |TAMS 0x0000000085000000, 0x0000000084f00000| Complete 
|  80|0x0000000085000000, 0x0000000085100000, 0x0000000085100000|100%|HS|  |TAMS 0x0000000085100000, 0x0000000085000000| Complete 
|  81|0x0000000085100000, 0x0000000085200000, 0x0000000085200000|100%| O|  |TAMS 0x0000000085200000, 0x0000000085100000| Untracked 
|  82|0x0000000085200000, 0x0000000085300000, 0x0000000085300000|100%|HS|  |TAMS 0x0000000085300000, 0x0000000085200000| Complete 
|  83|0x0000000085300000, 0x0000000085400000, 0x0000000085400000|100%|HC|  |TAMS 0x0000000085400000, 0x0000000085300000| Complete 
|  84|0x0000000085400000, 0x0000000085500000, 0x0000000085500000|100%|HS|  |TAMS 0x0000000085500000, 0x0000000085400000| Complete 
|  85|0x0000000085500000, 0x0000000085600000, 0x0000000085600000|100%|HC|  |TAMS 0x0000000085600000, 0x0000000085500000| Complete 
|  86|0x0000000085600000, 0x0000000085700000, 0x0000000085700000|100%|HC|  |TAMS 0x0000000085700000, 0x0000000085600000| Complete 
|  87|0x0000000085700000, 0x0000000085800000, 0x0000000085800000|100%|HC|  |TAMS 0x0000000085800000, 0x0000000085700000| Complete 
|  88|0x0000000085800000, 0x0000000085900000, 0x0000000085900000|100%| O|  |TAMS 0x0000000085900000, 0x0000000085800000| Untracked 
|  89|0x0000000085900000, 0x0000000085a00000, 0x0000000085a00000|100%| O|  |TAMS 0x0000000085a00000, 0x0000000085900000| Untracked 
|  90|0x0000000085a00000, 0x0000000085b00000, 0x0000000085b00000|100%| O|  |TAMS 0x0000000085b00000, 0x0000000085a00000| Untracked 
|  91|0x0000000085b00000, 0x0000000085c00000, 0x0000000085c00000|100%| O|  |TAMS 0x0000000085c00000, 0x0000000085b00000| Untracked 
|  92|0x0000000085c00000, 0x0000000085d00000, 0x0000000085d00000|100%| O|  |TAMS 0x0000000085d00000, 0x0000000085c00000| Untracked 
|  93|0x0000000085d00000, 0x0000000085e00000, 0x0000000085e00000|100%| O|  |TAMS 0x0000000085e00000, 0x0000000085d00000| Untracked 
|  94|0x0000000085e00000, 0x0000000085f00000, 0x0000000085f00000|100%| O|  |TAMS 0x0000000085f00000, 0x0000000085e00000| Untracked 
|  95|0x0000000085f00000, 0x0000000086000000, 0x0000000086000000|100%| O|  |TAMS 0x0000000086000000, 0x0000000085f00000| Untracked 
|  96|0x0000000086000000, 0x0000000086100000, 0x0000000086100000|100%| O|  |TAMS 0x0000000086100000, 0x0000000086000000| Untracked 
|  97|0x0000000086100000, 0x0000000086200000, 0x0000000086200000|100%| O|  |TAMS 0x0000000086200000, 0x0000000086100000| Untracked 
|  98|0x0000000086200000, 0x0000000086300000, 0x0000000086300000|100%| O|  |TAMS 0x0000000086300000, 0x0000000086200000| Untracked 
|  99|0x0000000086300000, 0x0000000086400000, 0x0000000086400000|100%| O|  |TAMS 0x0000000086400000, 0x0000000086300000| Untracked 
| 100|0x0000000086400000, 0x0000000086500000, 0x0000000086500000|100%| O|  |TAMS 0x0000000086500000, 0x0000000086400000| Untracked 
| 101|0x0000000086500000, 0x0000000086600000, 0x0000000086600000|100%| O|  |TAMS 0x0000000086600000, 0x0000000086500000| Untracked 
| 102|0x0000000086600000, 0x0000000086700000, 0x0000000086700000|100%| O|  |TAMS 0x0000000086700000, 0x0000000086600000| Untracked 
| 103|0x0000000086700000, 0x0000000086800000, 0x0000000086800000|100%| O|  |TAMS 0x0000000086800000, 0x0000000086700000| Untracked 
| 104|0x0000000086800000, 0x0000000086900000, 0x0000000086900000|100%| O|  |TAMS 0x0000000086900000, 0x0000000086800000| Untracked 
| 105|0x0000000086900000, 0x0000000086a00000, 0x0000000086a00000|100%| O|  |TAMS 0x0000000086a00000, 0x0000000086900000| Untracked 
| 106|0x0000000086a00000, 0x0000000086b00000, 0x0000000086b00000|100%| O|  |TAMS 0x0000000086b00000, 0x0000000086a00000| Untracked 
| 107|0x0000000086b00000, 0x0000000086c00000, 0x0000000086c00000|100%| O|  |TAMS 0x0000000086c00000, 0x0000000086b00000| Untracked 
| 108|0x0000000086c00000, 0x0000000086d00000, 0x0000000086d00000|100%|HS|  |TAMS 0x0000000086d00000, 0x0000000086c00000| Complete 
| 109|0x0000000086d00000, 0x0000000086e00000, 0x0000000086e00000|100%|HC|  |TAMS 0x0000000086e00000, 0x0000000086d00000| Complete 
| 110|0x0000000086e00000, 0x0000000086f00000, 0x0000000086f00000|100%| O|  |TAMS 0x0000000086f00000, 0x0000000086e00000| Untracked 
| 111|0x0000000086f00000, 0x0000000087000000, 0x0000000087000000|100%| O|  |TAMS 0x0000000087000000, 0x0000000086f00000| Untracked 
| 112|0x0000000087000000, 0x0000000087100000, 0x0000000087100000|100%| O|  |TAMS 0x0000000087100000, 0x0000000087000000| Untracked 
| 113|0x0000000087100000, 0x0000000087200000, 0x0000000087200000|100%| O|  |TAMS 0x0000000087200000, 0x0000000087100000| Untracked 
| 114|0x0000000087200000, 0x0000000087300000, 0x0000000087300000|100%| O|  |TAMS 0x0000000087300000, 0x0000000087200000| Untracked 
| 115|0x0000000087300000, 0x0000000087400000, 0x0000000087400000|100%| O|  |TAMS 0x0000000087400000, 0x0000000087300000| Untracked 
| 116|0x0000000087400000, 0x0000000087500000, 0x0000000087500000|100%|HS|  |TAMS 0x0000000087500000, 0x0000000087400000| Complete 
| 117|0x0000000087500000, 0x0000000087600000, 0x0000000087600000|100%|HC|  |TAMS 0x0000000087600000, 0x0000000087500000| Complete 
| 118|0x0000000087600000, 0x0000000087700000, 0x0000000087700000|100%|HS|  |TAMS 0x0000000087700000, 0x0000000087600000| Complete 
| 119|0x0000000087700000, 0x0000000087800000, 0x0000000087800000|100%|HC|  |TAMS 0x0000000087800000, 0x0000000087700000| Complete 
| 120|0x0000000087800000, 0x0000000087900000, 0x0000000087900000|100%|HC|  |TAMS 0x0000000087900000, 0x0000000087800000| Complete 
| 121|0x0000000087900000, 0x0000000087a00000, 0x0000000087a00000|100%|HC|  |TAMS 0x0000000087a00000, 0x0000000087900000| Complete 
| 122|0x0000000087a00000, 0x0000000087b00000, 0x0000000087b00000|100%|HS|  |TAMS 0x0000000087b00000, 0x0000000087a00000| Complete 
| 123|0x0000000087b00000, 0x0000000087c00000, 0x0000000087c00000|100%|HS|  |TAMS 0x0000000087c00000, 0x0000000087b00000| Complete 
| 124|0x0000000087c00000, 0x0000000087d00000, 0x0000000087d00000|100%|HS|  |TAMS 0x0000000087d00000, 0x0000000087c00000| Complete 
| 125|0x0000000087d00000, 0x0000000087e00000, 0x0000000087e00000|100%|HS|  |TAMS 0x0000000087e00000, 0x0000000087d00000| Complete 
| 126|0x0000000087e00000, 0x0000000087f00000, 0x0000000087f00000|100%|HC|  |TAMS 0x0000000087f00000, 0x0000000087e00000| Complete 
| 127|0x0000000087f00000, 0x0000000088000000, 0x0000000088000000|100%|HC|  |TAMS 0x0000000088000000, 0x0000000087f00000| Complete 
| 128|0x0000000088000000, 0x0000000088100000, 0x0000000088100000|100%| O|  |TAMS 0x0000000088100000, 0x0000000088000000| Untracked 
| 129|0x0000000088100000, 0x0000000088200000, 0x0000000088200000|100%| O|  |TAMS 0x0000000088200000, 0x0000000088100000| Untracked 
| 130|0x0000000088200000, 0x0000000088300000, 0x0000000088300000|100%| O|  |TAMS 0x0000000088300000, 0x0000000088200000| Untracked 
| 131|0x0000000088300000, 0x0000000088400000, 0x0000000088400000|100%| O|  |TAMS 0x0000000088400000, 0x0000000088300000| Untracked 
| 132|0x0000000088400000, 0x0000000088500000, 0x0000000088500000|100%| O|  |TAMS 0x0000000088500000, 0x0000000088400000| Untracked 
| 133|0x0000000088500000, 0x0000000088600000, 0x0000000088600000|100%| O|  |TAMS 0x0000000088600000, 0x0000000088500000| Untracked 
| 134|0x0000000088600000, 0x0000000088700000, 0x0000000088700000|100%| O|  |TAMS 0x0000000088700000, 0x0000000088600000| Untracked 
| 135|0x0000000088700000, 0x0000000088800000, 0x0000000088800000|100%| O|  |TAMS 0x0000000088800000, 0x0000000088700000| Untracked 
| 136|0x0000000088800000, 0x0000000088900000, 0x0000000088900000|100%| O|  |TAMS 0x0000000088900000, 0x0000000088800000| Untracked 
| 137|0x0000000088900000, 0x0000000088a00000, 0x0000000088a00000|100%| O|  |TAMS 0x0000000088a00000, 0x0000000088900000| Untracked 
| 138|0x0000000088a00000, 0x0000000088b00000, 0x0000000088b00000|100%| O|  |TAMS 0x0000000088b00000, 0x0000000088a00000| Untracked 
| 139|0x0000000088b00000, 0x0000000088c00000, 0x0000000088c00000|100%| O|  |TAMS 0x0000000088c00000, 0x0000000088b00000| Untracked 
| 140|0x0000000088c00000, 0x0000000088d00000, 0x0000000088d00000|100%| O|  |TAMS 0x0000000088d00000, 0x0000000088c00000| Untracked 
| 141|0x0000000088d00000, 0x0000000088e00000, 0x0000000088e00000|100%| O|  |TAMS 0x0000000088e00000, 0x0000000088d00000| Untracked 
| 142|0x0000000088e00000, 0x0000000088f00000, 0x0000000088f00000|100%| O|  |TAMS 0x0000000088f00000, 0x0000000088e00000| Untracked 
| 143|0x0000000088f00000, 0x0000000089000000, 0x0000000089000000|100%| O|  |TAMS 0x0000000089000000, 0x0000000088f00000| Untracked 
| 144|0x0000000089000000, 0x0000000089100000, 0x0000000089100000|100%| O|  |TAMS 0x0000000089100000, 0x0000000089000000| Untracked 
| 145|0x0000000089100000, 0x0000000089200000, 0x0000000089200000|100%| O|  |TAMS 0x0000000089200000, 0x0000000089100000| Untracked 
| 146|0x0000000089200000, 0x0000000089300000, 0x0000000089300000|100%| O|  |TAMS 0x0000000089300000, 0x0000000089200000| Untracked 
| 147|0x0000000089300000, 0x0000000089400000, 0x0000000089400000|100%| O|  |TAMS 0x0000000089400000, 0x0000000089300000| Untracked 
| 148|0x0000000089400000, 0x0000000089500000, 0x0000000089500000|100%| O|  |TAMS 0x0000000089500000, 0x0000000089400000| Untracked 
| 149|0x0000000089500000, 0x0000000089600000, 0x0000000089600000|100%| O|  |TAMS 0x0000000089600000, 0x0000000089500000| Untracked 
| 150|0x0000000089600000, 0x0000000089700000, 0x0000000089700000|100%| O|  |TAMS 0x0000000089700000, 0x0000000089600000| Untracked 
| 151|0x0000000089700000, 0x0000000089800000, 0x0000000089800000|100%| O|  |TAMS 0x0000000089800000, 0x0000000089700000| Untracked 
| 152|0x0000000089800000, 0x0000000089900000, 0x0000000089900000|100%| O|  |TAMS 0x0000000089900000, 0x0000000089800000| Untracked 
| 153|0x0000000089900000, 0x0000000089a00000, 0x0000000089a00000|100%| O|  |TAMS 0x0000000089a00000, 0x0000000089900000| Untracked 
| 154|0x0000000089a00000, 0x0000000089b00000, 0x0000000089b00000|100%| O|  |TAMS 0x0000000089b00000, 0x0000000089a00000| Untracked 
| 155|0x0000000089b00000, 0x0000000089c00000, 0x0000000089c00000|100%| O|  |TAMS 0x0000000089c00000, 0x0000000089b00000| Untracked 
| 156|0x0000000089c00000, 0x0000000089d00000, 0x0000000089d00000|100%|HS|  |TAMS 0x0000000089d00000, 0x0000000089c00000| Complete 
| 157|0x0000000089d00000, 0x0000000089e00000, 0x0000000089e00000|100%|HS|  |TAMS 0x0000000089e00000, 0x0000000089d00000| Complete 
| 158|0x0000000089e00000, 0x0000000089f00000, 0x0000000089f00000|100%|HS|  |TAMS 0x0000000089f00000, 0x0000000089e00000| Complete 
| 159|0x0000000089f00000, 0x000000008a000000, 0x000000008a000000|100%|HC|  |TAMS 0x000000008a000000, 0x0000000089f00000| Complete 
| 160|0x000000008a000000, 0x000000008a100000, 0x000000008a100000|100%|HC|  |TAMS 0x000000008a100000, 0x000000008a000000| Complete 
| 161|0x000000008a100000, 0x000000008a200000, 0x000000008a200000|100%| O|  |TAMS 0x000000008a100000, 0x000000008a100000| Untracked 
| 162|0x000000008a200000, 0x000000008a300000, 0x000000008a300000|100%| O|  |TAMS 0x000000008a300000, 0x000000008a200000| Untracked 
| 163|0x000000008a300000, 0x000000008a400000, 0x000000008a400000|100%| O|  |TAMS 0x000000008a335600, 0x000000008a300000| Untracked 
| 164|0x000000008a400000, 0x000000008a500000, 0x000000008a500000|100%| O|  |TAMS 0x000000008a400000, 0x000000008a400000| Untracked 
| 165|0x000000008a500000, 0x000000008a600000, 0x000000008a600000|100%| O|  |TAMS 0x000000008a500000, 0x000000008a500000| Untracked 
| 166|0x000000008a600000, 0x000000008a700000, 0x000000008a700000|100%| O|  |TAMS 0x000000008a600000, 0x000000008a600000| Untracked 
| 167|0x000000008a700000, 0x000000008a800000, 0x000000008a800000|100%| O|  |TAMS 0x000000008a700000, 0x000000008a700000| Untracked 
| 168|0x000000008a800000, 0x000000008a900000, 0x000000008a900000|100%| O|  |TAMS 0x000000008a800000, 0x000000008a800000| Untracked 
| 169|0x000000008a900000, 0x000000008aa00000, 0x000000008aa00000|100%| O|  |TAMS 0x000000008a900000, 0x000000008a900000| Untracked 
| 170|0x000000008aa00000, 0x000000008ab00000, 0x000000008ab00000|100%|HS|  |TAMS 0x000000008aa00000, 0x000000008aa00000| Complete 
| 171|0x000000008ab00000, 0x000000008ac00000, 0x000000008ac00000|100%|HC|  |TAMS 0x000000008ab00000, 0x000000008ab00000| Complete 
| 172|0x000000008ac00000, 0x000000008ad00000, 0x000000008ad00000|100%|HS|  |TAMS 0x000000008ac00000, 0x000000008ac00000| Complete 
| 173|0x000000008ad00000, 0x000000008ae00000, 0x000000008ae00000|100%|HS|  |TAMS 0x000000008ad00000, 0x000000008ad00000| Complete 
| 174|0x000000008ae00000, 0x000000008af00000, 0x000000008af00000|100%|HC|  |TAMS 0x000000008ae00000, 0x000000008ae00000| Complete 
| 175|0x000000008af00000, 0x000000008b000000, 0x000000008b000000|100%|HC|  |TAMS 0x000000008af00000, 0x000000008af00000| Complete 
| 176|0x000000008b000000, 0x000000008b100000, 0x000000008b100000|100%|HC|  |TAMS 0x000000008b000000, 0x000000008b000000| Complete 
| 177|0x000000008b100000, 0x000000008b200000, 0x000000008b200000|100%| O|  |TAMS 0x000000008b100000, 0x000000008b100000| Untracked 
| 178|0x000000008b200000, 0x000000008b300000, 0x000000008b300000|100%| O|  |TAMS 0x000000008b200000, 0x000000008b200000| Untracked 
| 179|0x000000008b300000, 0x000000008b400000, 0x000000008b400000|100%| O|  |TAMS 0x000000008b300000, 0x000000008b300000| Untracked 
| 180|0x000000008b400000, 0x000000008b500000, 0x000000008b500000|100%| O|  |TAMS 0x000000008b400000, 0x000000008b400000| Untracked 
| 181|0x000000008b500000, 0x000000008b600000, 0x000000008b600000|100%| O|  |TAMS 0x000000008b500000, 0x000000008b500000| Untracked 
| 182|0x000000008b600000, 0x000000008b700000, 0x000000008b700000|100%| O|  |TAMS 0x000000008b600000, 0x000000008b600000| Untracked 
| 183|0x000000008b700000, 0x000000008b800000, 0x000000008b800000|100%| O|  |TAMS 0x000000008b700000, 0x000000008b700000| Untracked 
| 184|0x000000008b800000, 0x000000008b830800, 0x000000008b900000| 18%| O|  |TAMS 0x000000008b800000, 0x000000008b800000| Untracked 
| 185|0x000000008b900000, 0x000000008b900000, 0x000000008ba00000|  0%| F|  |TAMS 0x000000008b900000, 0x000000008b900000| Untracked 
| 186|0x000000008ba00000, 0x000000008ba00000, 0x000000008bb00000|  0%| F|  |TAMS 0x000000008ba00000, 0x000000008ba00000| Untracked 
| 187|0x000000008bb00000, 0x000000008bb00000, 0x000000008bc00000|  0%| F|  |TAMS 0x000000008bb00000, 0x000000008bb00000| Untracked 
| 188|0x000000008bc00000, 0x000000008bc00000, 0x000000008bd00000|  0%| F|  |TAMS 0x000000008bc00000, 0x000000008bc00000| Untracked 
| 189|0x000000008bd00000, 0x000000008bd00000, 0x000000008be00000|  0%| F|  |TAMS 0x000000008bd00000, 0x000000008bd00000| Untracked 
| 190|0x000000008be00000, 0x000000008be00000, 0x000000008bf00000|  0%| F|  |TAMS 0x000000008be00000, 0x000000008be00000| Untracked 
| 191|0x000000008bf00000, 0x000000008bf00000, 0x000000008c000000|  0%| F|  |TAMS 0x000000008bf00000, 0x000000008bf00000| Untracked 
| 192|0x000000008c000000, 0x000000008c000000, 0x000000008c100000|  0%| F|  |TAMS 0x000000008c000000, 0x000000008c000000| Untracked 
| 193|0x000000008c100000, 0x000000008c100000, 0x000000008c200000|  0%| F|  |TAMS 0x000000008c100000, 0x000000008c100000| Untracked 
| 194|0x000000008c200000, 0x000000008c200000, 0x000000008c300000|  0%| F|  |TAMS 0x000000008c200000, 0x000000008c200000| Untracked 
| 195|0x000000008c300000, 0x000000008c300000, 0x000000008c400000|  0%| F|  |TAMS 0x000000008c300000, 0x000000008c300000| Untracked 
| 196|0x000000008c400000, 0x000000008c400000, 0x000000008c500000|  0%| F|  |TAMS 0x000000008c400000, 0x000000008c400000| Untracked 
| 197|0x000000008c500000, 0x000000008c500000, 0x000000008c600000|  0%| F|  |TAMS 0x000000008c500000, 0x000000008c500000| Untracked 
| 198|0x000000008c600000, 0x000000008c600000, 0x000000008c700000|  0%| F|  |TAMS 0x000000008c600000, 0x000000008c600000| Untracked 
| 199|0x000000008c700000, 0x000000008c700000, 0x000000008c800000|  0%| F|  |TAMS 0x000000008c700000, 0x000000008c700000| Untracked 
| 200|0x000000008c800000, 0x000000008c800000, 0x000000008c900000|  0%| F|  |TAMS 0x000000008c800000, 0x000000008c800000| Untracked 
| 201|0x000000008c900000, 0x000000008c900000, 0x000000008ca00000|  0%| F|  |TAMS 0x000000008c900000, 0x000000008c900000| Untracked 
| 202|0x000000008ca00000, 0x000000008ca00000, 0x000000008cb00000|  0%| F|  |TAMS 0x000000008ca00000, 0x000000008ca00000| Untracked 
| 203|0x000000008cb00000, 0x000000008cb00000, 0x000000008cc00000|  0%| F|  |TAMS 0x000000008cb00000, 0x000000008cb00000| Untracked 
| 204|0x000000008cc00000, 0x000000008cc00000, 0x000000008cd00000|  0%| F|  |TAMS 0x000000008cc00000, 0x000000008cc00000| Untracked 
| 205|0x000000008cd00000, 0x000000008cd00000, 0x000000008ce00000|  0%| F|  |TAMS 0x000000008cd00000, 0x000000008cd00000| Untracked 
| 206|0x000000008ce00000, 0x000000008ce00000, 0x000000008cf00000|  0%| F|  |TAMS 0x000000008ce00000, 0x000000008ce00000| Untracked 
| 207|0x000000008cf00000, 0x000000008cf00000, 0x000000008d000000|  0%| F|  |TAMS 0x000000008cf00000, 0x000000008cf00000| Untracked 
| 208|0x000000008d000000, 0x000000008d000000, 0x000000008d100000|  0%| F|  |TAMS 0x000000008d000000, 0x000000008d000000| Untracked 
| 209|0x000000008d100000, 0x000000008d100000, 0x000000008d200000|  0%| F|  |TAMS 0x000000008d100000, 0x000000008d100000| Untracked 
| 210|0x000000008d200000, 0x000000008d200000, 0x000000008d300000|  0%| F|  |TAMS 0x000000008d200000, 0x000000008d200000| Untracked 
| 211|0x000000008d300000, 0x000000008d300000, 0x000000008d400000|  0%| F|  |TAMS 0x000000008d300000, 0x000000008d300000| Untracked 
| 212|0x000000008d400000, 0x000000008d400000, 0x000000008d500000|  0%| F|  |TAMS 0x000000008d400000, 0x000000008d400000| Untracked 
| 213|0x000000008d500000, 0x000000008d500000, 0x000000008d600000|  0%| F|  |TAMS 0x000000008d500000, 0x000000008d500000| Untracked 
| 214|0x000000008d600000, 0x000000008d600000, 0x000000008d700000|  0%| F|  |TAMS 0x000000008d600000, 0x000000008d600000| Untracked 
| 215|0x000000008d700000, 0x000000008d700000, 0x000000008d800000|  0%| F|  |TAMS 0x000000008d700000, 0x000000008d700000| Untracked 
| 216|0x000000008d800000, 0x000000008d800000, 0x000000008d900000|  0%| F|  |TAMS 0x000000008d800000, 0x000000008d800000| Untracked 
| 217|0x000000008d900000, 0x000000008d900000, 0x000000008da00000|  0%| F|  |TAMS 0x000000008d900000, 0x000000008d900000| Untracked 
| 218|0x000000008da00000, 0x000000008da00000, 0x000000008db00000|  0%| F|  |TAMS 0x000000008da00000, 0x000000008da00000| Untracked 
| 219|0x000000008db00000, 0x000000008db00000, 0x000000008dc00000|  0%| F|  |TAMS 0x000000008db00000, 0x000000008db00000| Untracked 
| 220|0x000000008dc00000, 0x000000008dc00000, 0x000000008dd00000|  0%| F|  |TAMS 0x000000008dc00000, 0x000000008dc00000| Untracked 
| 221|0x000000008dd00000, 0x000000008dd00000, 0x000000008de00000|  0%| F|  |TAMS 0x000000008dd00000, 0x000000008dd00000| Untracked 
| 222|0x000000008de00000, 0x000000008de00000, 0x000000008df00000|  0%| F|  |TAMS 0x000000008de00000, 0x000000008de00000| Untracked 
| 223|0x000000008df00000, 0x000000008df00000, 0x000000008e000000|  0%| F|  |TAMS 0x000000008df00000, 0x000000008df00000| Untracked 
| 224|0x000000008e000000, 0x000000008e000000, 0x000000008e100000|  0%| F|  |TAMS 0x000000008e000000, 0x000000008e000000| Untracked 
| 225|0x000000008e100000, 0x000000008e100000, 0x000000008e200000|  0%| F|  |TAMS 0x000000008e100000, 0x000000008e100000| Untracked 
| 226|0x000000008e200000, 0x000000008e200000, 0x000000008e300000|  0%| F|  |TAMS 0x000000008e200000, 0x000000008e200000| Untracked 
| 227|0x000000008e300000, 0x000000008e300000, 0x000000008e400000|  0%| F|  |TAMS 0x000000008e300000, 0x000000008e300000| Untracked 
| 228|0x000000008e400000, 0x000000008e400000, 0x000000008e500000|  0%| F|  |TAMS 0x000000008e400000, 0x000000008e400000| Untracked 
| 229|0x000000008e500000, 0x000000008e500000, 0x000000008e600000|  0%| F|  |TAMS 0x000000008e500000, 0x000000008e500000| Untracked 
| 230|0x000000008e600000, 0x000000008e600000, 0x000000008e700000|  0%| F|  |TAMS 0x000000008e600000, 0x000000008e600000| Untracked 
| 231|0x000000008e700000, 0x000000008e700000, 0x000000008e800000|  0%| F|  |TAMS 0x000000008e700000, 0x000000008e700000| Untracked 
| 232|0x000000008e800000, 0x000000008e800000, 0x000000008e900000|  0%| F|  |TAMS 0x000000008e800000, 0x000000008e800000| Untracked 
| 233|0x000000008e900000, 0x000000008e900000, 0x000000008ea00000|  0%| F|  |TAMS 0x000000008e900000, 0x000000008e900000| Untracked 
| 234|0x000000008ea00000, 0x000000008ea00000, 0x000000008eb00000|  0%| F|  |TAMS 0x000000008ea00000, 0x000000008ea00000| Untracked 
| 235|0x000000008eb00000, 0x000000008eb00000, 0x000000008ec00000|  0%| F|  |TAMS 0x000000008eb00000, 0x000000008eb00000| Untracked 
| 236|0x000000008ec00000, 0x000000008ec00000, 0x000000008ed00000|  0%| F|  |TAMS 0x000000008ec00000, 0x000000008ec00000| Untracked 
| 237|0x000000008ed00000, 0x000000008ed00000, 0x000000008ee00000|  0%| F|  |TAMS 0x000000008ed00000, 0x000000008ed00000| Untracked 
| 238|0x000000008ee00000, 0x000000008ee00000, 0x000000008ef00000|  0%| F|  |TAMS 0x000000008ee00000, 0x000000008ee00000| Untracked 
| 239|0x000000008ef00000, 0x000000008ef00000, 0x000000008f000000|  0%| F|  |TAMS 0x000000008ef00000, 0x000000008ef00000| Untracked 
| 240|0x000000008f000000, 0x000000008f000000, 0x000000008f100000|  0%| F|  |TAMS 0x000000008f000000, 0x000000008f000000| Untracked 
| 241|0x000000008f100000, 0x000000008f100000, 0x000000008f200000|  0%| F|  |TAMS 0x000000008f100000, 0x000000008f100000| Untracked 
| 242|0x000000008f200000, 0x000000008f200000, 0x000000008f300000|  0%| F|  |TAMS 0x000000008f200000, 0x000000008f200000| Untracked 
| 243|0x000000008f300000, 0x000000008f300000, 0x000000008f400000|  0%| F|  |TAMS 0x000000008f300000, 0x000000008f300000| Untracked 
| 244|0x000000008f400000, 0x000000008f400000, 0x000000008f500000|  0%| F|  |TAMS 0x000000008f400000, 0x000000008f400000| Untracked 
| 245|0x000000008f500000, 0x000000008f500000, 0x000000008f600000|  0%| F|  |TAMS 0x000000008f500000, 0x000000008f500000| Untracked 
| 246|0x000000008f600000, 0x000000008f600000, 0x000000008f700000|  0%| F|  |TAMS 0x000000008f600000, 0x000000008f600000| Untracked 
| 247|0x000000008f700000, 0x000000008f700000, 0x000000008f800000|  0%| F|  |TAMS 0x000000008f700000, 0x000000008f700000| Untracked 
| 248|0x000000008f800000, 0x000000008f900000, 0x000000008f900000|100%| S|CS|TAMS 0x000000008f800000, 0x000000008f800000| Complete 
| 249|0x000000008f900000, 0x000000008fa00000, 0x000000008fa00000|100%| S|CS|TAMS 0x000000008f900000, 0x000000008f900000| Complete 
| 250|0x000000008fa00000, 0x000000008fb00000, 0x000000008fb00000|100%| S|CS|TAMS 0x000000008fa00000, 0x000000008fa00000| Complete 
| 251|0x000000008fb00000, 0x000000008fc00000, 0x000000008fc00000|100%| S|CS|TAMS 0x000000008fb00000, 0x000000008fb00000| Complete 
| 252|0x000000008fc00000, 0x000000008fd00000, 0x000000008fd00000|100%| S|CS|TAMS 0x000000008fc00000, 0x000000008fc00000| Complete 
| 253|0x000000008fd00000, 0x000000008fe00000, 0x000000008fe00000|100%| S|CS|TAMS 0x000000008fd00000, 0x000000008fd00000| Complete 
| 254|0x000000008fe00000, 0x000000008ff00000, 0x000000008ff00000|100%| S|CS|TAMS 0x000000008fe00000, 0x000000008fe00000| Complete 
| 255|0x000000008ff00000, 0x0000000090000000, 0x0000000090000000|100%| S|CS|TAMS 0x000000008ff00000, 0x000000008ff00000| Complete 
| 256|0x0000000090000000, 0x0000000090000000, 0x0000000090100000|  0%| F|  |TAMS 0x0000000090000000, 0x0000000090000000| Untracked 
| 257|0x0000000090100000, 0x0000000090100000, 0x0000000090200000|  0%| F|  |TAMS 0x0000000090100000, 0x0000000090100000| Untracked 
| 258|0x0000000090200000, 0x0000000090200000, 0x0000000090300000|  0%| F|  |TAMS 0x0000000090200000, 0x0000000090200000| Untracked 
| 259|0x0000000090300000, 0x0000000090300000, 0x0000000090400000|  0%| F|  |TAMS 0x0000000090300000, 0x0000000090300000| Untracked 
| 260|0x0000000090400000, 0x0000000090400000, 0x0000000090500000|  0%| F|  |TAMS 0x0000000090400000, 0x0000000090400000| Untracked 
| 261|0x0000000090500000, 0x0000000090500000, 0x0000000090600000|  0%| F|  |TAMS 0x0000000090500000, 0x0000000090500000| Untracked 
| 262|0x0000000090600000, 0x0000000090600000, 0x0000000090700000|  0%| F|  |TAMS 0x0000000090600000, 0x0000000090600000| Untracked 
| 263|0x0000000090700000, 0x0000000090700000, 0x0000000090800000|  0%| F|  |TAMS 0x0000000090700000, 0x0000000090700000| Untracked 
| 264|0x0000000090800000, 0x0000000090800000, 0x0000000090900000|  0%| F|  |TAMS 0x0000000090800000, 0x0000000090800000| Untracked 
| 265|0x0000000090900000, 0x0000000090900000, 0x0000000090a00000|  0%| F|  |TAMS 0x0000000090900000, 0x0000000090900000| Untracked 
| 266|0x0000000090a00000, 0x0000000090a00000, 0x0000000090b00000|  0%| F|  |TAMS 0x0000000090a00000, 0x0000000090a00000| Untracked 
| 267|0x0000000090b00000, 0x0000000090b00000, 0x0000000090c00000|  0%| F|  |TAMS 0x0000000090b00000, 0x0000000090b00000| Untracked 
| 268|0x0000000090c00000, 0x0000000090c00000, 0x0000000090d00000|  0%| F|  |TAMS 0x0000000090c00000, 0x0000000090c00000| Untracked 
| 269|0x0000000090d00000, 0x0000000090d00000, 0x0000000090e00000|  0%| F|  |TAMS 0x0000000090d00000, 0x0000000090d00000| Untracked 
| 270|0x0000000090e00000, 0x0000000090e00000, 0x0000000090f00000|  0%| F|  |TAMS 0x0000000090e00000, 0x0000000090e00000| Untracked 
| 271|0x0000000090f00000, 0x0000000090f80800, 0x0000000091000000| 50%| E|  |TAMS 0x0000000090f00000, 0x0000000090f00000| Complete 
| 272|0x0000000091000000, 0x0000000091100000, 0x0000000091100000|100%| E|CS|TAMS 0x0000000091000000, 0x0000000091000000| Complete 
| 273|0x0000000091100000, 0x0000000091200000, 0x0000000091200000|100%| E|CS|TAMS 0x0000000091100000, 0x0000000091100000| Complete 
| 274|0x0000000091200000, 0x0000000091300000, 0x0000000091300000|100%| E|CS|TAMS 0x0000000091200000, 0x0000000091200000| Complete 
| 275|0x0000000091300000, 0x0000000091400000, 0x0000000091400000|100%| E|CS|TAMS 0x0000000091300000, 0x0000000091300000| Complete 
| 276|0x0000000091400000, 0x0000000091500000, 0x0000000091500000|100%| E|CS|TAMS 0x0000000091400000, 0x0000000091400000| Complete 
| 277|0x0000000091500000, 0x0000000091600000, 0x0000000091600000|100%| E|CS|TAMS 0x0000000091500000, 0x0000000091500000| Complete 
| 278|0x0000000091600000, 0x0000000091700000, 0x0000000091700000|100%| E|CS|TAMS 0x0000000091600000, 0x0000000091600000| Complete 
| 279|0x0000000091700000, 0x0000000091800000, 0x0000000091800000|100%| E|CS|TAMS 0x0000000091700000, 0x0000000091700000| Complete 
| 280|0x0000000091800000, 0x0000000091900000, 0x0000000091900000|100%| E|CS|TAMS 0x0000000091800000, 0x0000000091800000| Complete 
| 281|0x0000000091900000, 0x0000000091a00000, 0x0000000091a00000|100%| E|CS|TAMS 0x0000000091900000, 0x0000000091900000| Complete 
| 282|0x0000000091a00000, 0x0000000091b00000, 0x0000000091b00000|100%| E|CS|TAMS 0x0000000091a00000, 0x0000000091a00000| Complete 
| 283|0x0000000091b00000, 0x0000000091c00000, 0x0000000091c00000|100%| E|CS|TAMS 0x0000000091b00000, 0x0000000091b00000| Complete 
| 284|0x0000000091c00000, 0x0000000091d00000, 0x0000000091d00000|100%| E|CS|TAMS 0x0000000091c00000, 0x0000000091c00000| Complete 
| 285|0x0000000091d00000, 0x0000000091e00000, 0x0000000091e00000|100%| E|CS|TAMS 0x0000000091d00000, 0x0000000091d00000| Complete 
| 286|0x0000000091e00000, 0x0000000091f00000, 0x0000000091f00000|100%| E|CS|TAMS 0x0000000091e00000, 0x0000000091e00000| Complete 
| 287|0x0000000091f00000, 0x0000000092000000, 0x0000000092000000|100%| E|CS|TAMS 0x0000000091f00000, 0x0000000091f00000| Complete 
| 288|0x0000000092000000, 0x0000000092100000, 0x0000000092100000|100%| E|CS|TAMS 0x0000000092000000, 0x0000000092000000| Complete 
| 289|0x0000000092100000, 0x0000000092200000, 0x0000000092200000|100%| E|CS|TAMS 0x0000000092100000, 0x0000000092100000| Complete 
| 290|0x0000000092200000, 0x0000000092300000, 0x0000000092300000|100%| E|CS|TAMS 0x0000000092200000, 0x0000000092200000| Complete 
| 291|0x0000000092300000, 0x0000000092400000, 0x0000000092400000|100%| E|CS|TAMS 0x0000000092300000, 0x0000000092300000| Complete 
| 292|0x0000000092400000, 0x0000000092500000, 0x0000000092500000|100%| E|CS|TAMS 0x0000000092400000, 0x0000000092400000| Complete 
| 293|0x0000000092500000, 0x0000000092600000, 0x0000000092600000|100%| E|CS|TAMS 0x0000000092500000, 0x0000000092500000| Complete 
| 294|0x0000000092600000, 0x0000000092700000, 0x0000000092700000|100%| E|CS|TAMS 0x0000000092600000, 0x0000000092600000| Complete 
| 295|0x0000000092700000, 0x0000000092800000, 0x0000000092800000|100%| E|CS|TAMS 0x0000000092700000, 0x0000000092700000| Complete 
| 296|0x0000000092800000, 0x0000000092900000, 0x0000000092900000|100%| E|CS|TAMS 0x0000000092800000, 0x0000000092800000| Complete 
| 297|0x0000000092900000, 0x0000000092a00000, 0x0000000092a00000|100%| E|CS|TAMS 0x0000000092900000, 0x0000000092900000| Complete 
| 298|0x0000000092a00000, 0x0000000092b00000, 0x0000000092b00000|100%| E|CS|TAMS 0x0000000092a00000, 0x0000000092a00000| Complete 
| 299|0x0000000092b00000, 0x0000000092c00000, 0x0000000092c00000|100%| E|CS|TAMS 0x0000000092b00000, 0x0000000092b00000| Complete 
| 300|0x0000000092c00000, 0x0000000092d00000, 0x0000000092d00000|100%| E|CS|TAMS 0x0000000092c00000, 0x0000000092c00000| Complete 
| 301|0x0000000092d00000, 0x0000000092e00000, 0x0000000092e00000|100%| E|CS|TAMS 0x0000000092d00000, 0x0000000092d00000| Complete 
| 302|0x0000000092e00000, 0x0000000092f00000, 0x0000000092f00000|100%| E|CS|TAMS 0x0000000092e00000, 0x0000000092e00000| Complete 
| 303|0x0000000092f00000, 0x0000000093000000, 0x0000000093000000|100%| E|CS|TAMS 0x0000000092f00000, 0x0000000092f00000| Complete 
| 304|0x0000000093000000, 0x0000000093100000, 0x0000000093100000|100%| E|CS|TAMS 0x0000000093000000, 0x0000000093000000| Complete 
| 305|0x0000000093100000, 0x0000000093200000, 0x0000000093200000|100%| E|CS|TAMS 0x0000000093100000, 0x0000000093100000| Complete 
| 306|0x0000000093200000, 0x0000000093300000, 0x0000000093300000|100%| E|CS|TAMS 0x0000000093200000, 0x0000000093200000| Complete 
| 307|0x0000000093300000, 0x0000000093400000, 0x0000000093400000|100%| E|CS|TAMS 0x0000000093300000, 0x0000000093300000| Complete 
| 308|0x0000000093400000, 0x0000000093500000, 0x0000000093500000|100%| E|CS|TAMS 0x0000000093400000, 0x0000000093400000| Complete 
| 309|0x0000000093500000, 0x0000000093600000, 0x0000000093600000|100%| E|CS|TAMS 0x0000000093500000, 0x0000000093500000| Complete 
| 310|0x0000000093600000, 0x0000000093700000, 0x0000000093700000|100%| E|CS|TAMS 0x0000000093600000, 0x0000000093600000| Complete 
| 311|0x0000000093700000, 0x0000000093800000, 0x0000000093800000|100%| E|CS|TAMS 0x0000000093700000, 0x0000000093700000| Complete 
| 312|0x0000000093800000, 0x0000000093900000, 0x0000000093900000|100%| E|CS|TAMS 0x0000000093800000, 0x0000000093800000| Complete 
| 313|0x0000000093900000, 0x0000000093a00000, 0x0000000093a00000|100%| E|CS|TAMS 0x0000000093900000, 0x0000000093900000| Complete 
| 314|0x0000000093a00000, 0x0000000093b00000, 0x0000000093b00000|100%| E|CS|TAMS 0x0000000093a00000, 0x0000000093a00000| Complete 
| 315|0x0000000093b00000, 0x0000000093c00000, 0x0000000093c00000|100%| E|CS|TAMS 0x0000000093b00000, 0x0000000093b00000| Complete 
| 316|0x0000000093c00000, 0x0000000093d00000, 0x0000000093d00000|100%| E|CS|TAMS 0x0000000093c00000, 0x0000000093c00000| Complete 

Card table byte_map: [0x0000029276690000,0x0000029276a90000] _byte_map_base: 0x0000029276290000

Marking Bits (Prev, Next): (CMBitMap*) 0x000002926ca04610, (CMBitMap*) 0x000002926ca045d0
 Prev Bits: [0x0000029278e90000, 0x000002927ae90000)
 Next Bits: [0x0000029276e90000, 0x0000029278e90000)

Polling page: 0x000002926a740000

Metaspace:

Usage:
  Non-class:     86.24 MB capacity,    84.29 MB ( 98%) used,     1.78 MB (  2%) free+waste,   170.56 KB ( <1%) overhead. 
      Class:     14.10 MB capacity,    13.07 MB ( 93%) used,   978.27 KB (  7%) free+waste,    74.69 KB ( <1%) overhead. 
       Both:    100.33 MB capacity,    97.36 MB ( 97%) used,     2.74 MB (  3%) free+waste,   245.25 KB ( <1%) overhead. 

Virtual space:
  Non-class space:       90.00 MB reserved,      86.35 MB ( 96%) committed 
      Class space:      504.00 MB reserved,      14.13 MB (  3%) committed 
             Both:      594.00 MB reserved,     100.48 MB ( 17%) committed 

Chunk freelists:
   Non-Class:  53.00 KB
       Class:  28.00 KB
        Both:  81.00 KB

MaxMetaspaceSize: 512.00 MB
CompressedClassSpaceSize: 504.00 MB

CodeHeap 'non-profiled nmethods': size=120000Kb used=7128Kb max_used=7128Kb free=112871Kb
 bounds [0x0000029207ad0000, 0x00000292081d0000, 0x000002920f000000]
CodeHeap 'profiled nmethods': size=120000Kb used=23784Kb max_used=23784Kb free=96215Kb
 bounds [0x00000292005a0000, 0x0000029201ce0000, 0x0000029207ad0000]
CodeHeap 'non-nmethods': size=5760Kb used=2417Kb max_used=2510Kb free=3342Kb
 bounds [0x0000029200000000, 0x0000029200290000, 0x00000292005a0000]
 total_blobs=12611 nmethods=11694 adapters=828
 compilation: enabled
              stopped_count=0, restarted_count=0
 full_count=0

Compilation events (20 events):
Event: 58.234 Thread 0x000002927d340e10 nmethod 13295 0x00000292081c5990 code [0x00000292081c5b20, 0x00000292081c5bd8]
Event: 58.236 Thread 0x000002927d340e10 13296       3       com.sun.xml.bind.v2.model.annotation.RuntimeInlineAnnotationReader::getPackageAnnotation (11 bytes)
Event: 58.236 Thread 0x000002927d340e10 nmethod 13296 0x0000029201cbcf90 code [0x0000029201cbd140, 0x0000029201cbd368]
Event: 58.236 Thread 0x000002927d340e10 13298       2       java.util.Collections$UnmodifiableList::get (11 bytes)
Event: 58.236 Thread 0x000002927d340e10 nmethod 13298 0x0000029201cbd410 code [0x0000029201cbd5a0, 0x0000029201cbd6c8]
Event: 58.236 Thread 0x000002927d340e10 13297       3       com.sun.xml.bind.v2.model.annotation.RuntimeInlineAnnotationReader::getPackageAnnotation (107 bytes)
Event: 58.237 Thread 0x000002927d340e10 nmethod 13297 0x0000029201cbd790 code [0x0000029201cbda40, 0x0000029201cbe988]
Event: 58.238 Thread 0x000002927d340e10 13300       3       java.util.WeakHashMap::getEntry (72 bytes)
Event: 58.239 Thread 0x000002927d340e10 nmethod 13300 0x0000029201cbee90 code [0x0000029201cbf0a0, 0x0000029201cbf788]
Event: 58.245 Thread 0x000002927d340e10 13301   !   3       sun.reflect.annotation.AnnotationParser::parseEnumValue (155 bytes)
Event: 58.248 Thread 0x000002927d340e10 nmethod 13301 0x0000029201cbfa90 code [0x0000029201cbfe80, 0x0000029201cc1438]
Event: 58.248 Thread 0x000002927d340e10 13302       3       com.sun.xml.bind.v2.model.impl.ClassInfoImpl::getPropertyNameFromSetMethod (26 bytes)
Event: 58.248 Thread 0x000002927d340e10 nmethod 13302 0x0000029201cc1d90 code [0x0000029201cc1f80, 0x0000029201cc2418]
Event: 58.249 Thread 0x000002927d340e10 13303       3       com.sun.xml.bind.v2.model.annotation.RuntimeInlineAnnotationReader::hasFieldAnnotation (10 bytes)
Event: 58.249 Thread 0x000002927d340e10 nmethod 13303 0x0000029201cc2610 code [0x0000029201cc2860, 0x0000029201cc32a8]
Event: 58.249 Thread 0x000002927d340e10 13304       3       com.sun.xml.bind.v2.model.impl.RuntimeClassInfoImpl$RuntimePropertySeed::readAnnotation (11 bytes)
Event: 58.250 Thread 0x000002927d340e10 nmethod 13304 0x0000029201cc3590 code [0x0000029201cc3740, 0x0000029201cc3908]
Event: 58.250 Thread 0x000002927d340e10 13305       3       com.sun.xml.bind.v2.model.impl.FieldPropertySeed::readAnnotation (19 bytes)
Event: 58.250 Thread 0x000002927d340e10 nmethod 13305 0x0000029201cc3a10 code [0x0000029201cc3bc0, 0x0000029201cc3e08]
Event: 58.250 Thread 0x000002927d340e10 13306       3       com.sun.xml.bind.v2.model.annotation.RuntimeInlineAnnotationReader::getFieldAnnotation (11 bytes)

GC Heap History (20 events):
Event: 48.417 GC heap before
{Heap before GC invocations=40 (full 0):
 garbage-first heap   total 215040K, used 167037K [0x0000000080000000, 0x0000000100000000)
  region size 1024K, 54 young (55296K), 1 survivors (1024K)
 Metaspace       used 87253K, capacity 88876K, committed 88936K, reserved 593920K
  class space    used 11736K, capacity 12284K, committed 12288K, reserved 516096K
}
Event: 48.431 GC heap after
{Heap after GC invocations=41 (full 0):
 garbage-first heap   total 215040K, used 117837K [0x0000000080000000, 0x0000000100000000)
  region size 1024K, 7 young (7168K), 7 survivors (7168K)
 Metaspace       used 87253K, capacity 88876K, committed 88936K, reserved 593920K
  class space    used 11736K, capacity 12284K, committed 12288K, reserved 516096K
}
Event: 48.526 GC heap before
{Heap before GC invocations=41 (full 0):
 garbage-first heap   total 215040K, used 125005K [0x0000000080000000, 0x0000000100000000)
  region size 1024K, 15 young (15360K), 7 survivors (7168K)
 Metaspace       used 87280K, capacity 88892K, committed 88936K, reserved 593920K
  class space    used 11739K, capacity 12288K, committed 12288K, reserved 516096K
}
Event: 48.543 GC heap after
{Heap after GC invocations=42 (full 0):
 garbage-first heap   total 215040K, used 119562K [0x0000000080000000, 0x0000000100000000)
  region size 1024K, 2 young (2048K), 2 survivors (2048K)
 Metaspace       used 87280K, capacity 88892K, committed 88936K, reserved 593920K
  class space    used 11739K, capacity 12288K, committed 12288K, reserved 516096K
}
Event: 50.184 GC heap before
{Heap before GC invocations=43 (full 0):
 garbage-first heap   total 222208K, used 184074K [0x0000000080000000, 0x0000000100000000)
  region size 1024K, 54 young (55296K), 2 survivors (2048K)
 Metaspace       used 88063K, capacity 89988K, committed 90216K, reserved 593920K
  class space    used 11823K, capacity 12485K, committed 12544K, reserved 516096K
}
Event: 50.205 GC heap after
{Heap after GC invocations=44 (full 0):
 garbage-first heap   total 222208K, used 145322K [0x0000000080000000, 0x0000000100000000)
  region size 1024K, 7 young (7168K), 7 survivors (7168K)
 Metaspace       used 88063K, capacity 89988K, committed 90216K, reserved 593920K
  class space    used 11823K, capacity 12485K, committed 12544K, reserved 516096K
}
Event: 50.250 GC heap before
{Heap before GC invocations=44 (full 0):
 garbage-first heap   total 222208K, used 147370K [0x0000000080000000, 0x0000000100000000)
  region size 1024K, 10 young (10240K), 7 survivors (7168K)
 Metaspace       used 88063K, capacity 89988K, committed 90216K, reserved 593920K
  class space    used 11823K, capacity 12485K, committed 12544K, reserved 516096K
}
Event: 50.303 GC heap after
{Heap after GC invocations=45 (full 0):
 garbage-first heap   total 222208K, used 137558K [0x0000000080000000, 0x0000000100000000)
  region size 1024K, 2 young (2048K), 2 survivors (2048K)
 Metaspace       used 88063K, capacity 89988K, committed 90216K, reserved 593920K
  class space    used 11823K, capacity 12485K, committed 12544K, reserved 516096K
}
Event: 51.694 GC heap before
{Heap before GC invocations=45 (full 0):
 garbage-first heap   total 222208K, used 179542K [0x0000000080000000, 0x0000000100000000)
  region size 1024K, 43 young (44032K), 2 survivors (2048K)
 Metaspace       used 90604K, capacity 92884K, committed 92904K, reserved 598016K
  class space    used 12165K, capacity 12923K, committed 12928K, reserved 516096K
}
Event: 51.716 GC heap after
{Heap after GC invocations=46 (full 0):
 garbage-first heap   total 222208K, used 145920K [0x0000000080000000, 0x0000000100000000)
  region size 1024K, 6 young (6144K), 6 survivors (6144K)
 Metaspace       used 90604K, capacity 92884K, committed 92904K, reserved 598016K
  class space    used 12165K, capacity 12923K, committed 12928K, reserved 516096K
}
Event: 52.829 GC heap before
{Heap before GC invocations=47 (full 0):
 garbage-first heap   total 265216K, used 180736K [0x0000000080000000, 0x0000000100000000)
  region size 1024K, 37 young (37888K), 6 survivors (6144K)
 Metaspace       used 90858K, capacity 93226K, committed 93288K, reserved 598016K
  class space    used 12191K, capacity 13009K, committed 13056K, reserved 516096K
}
Event: 52.854 GC heap after
{Heap after GC invocations=48 (full 0):
 garbage-first heap   total 265216K, used 158720K [0x0000000080000000, 0x0000000100000000)
  region size 1024K, 5 young (5120K), 5 survivors (5120K)
 Metaspace       used 90858K, capacity 93226K, committed 93288K, reserved 598016K
  class space    used 12191K, capacity 13009K, committed 13056K, reserved 516096K
}
Event: 52.981 GC heap before
{Heap before GC invocations=48 (full 0):
 garbage-first heap   total 265216K, used 164864K [0x0000000080000000, 0x0000000100000000)
  region size 1024K, 12 young (12288K), 5 survivors (5120K)
 Metaspace       used 90886K, capacity 93236K, committed 93288K, reserved 598016K
  class space    used 12192K, capacity 13011K, committed 13056K, reserved 516096K
}
Event: 52.992 GC heap after
{Heap after GC invocations=49 (full 0):
 garbage-first heap   total 265216K, used 161261K [0x0000000080000000, 0x0000000100000000)
  region size 1024K, 2 young (2048K), 2 survivors (2048K)
 Metaspace       used 90886K, capacity 93236K, committed 93288K, reserved 598016K
  class space    used 12192K, capacity 13011K, committed 13056K, reserved 516096K
}
Event: 54.418 GC heap before
{Heap before GC invocations=50 (full 0):
 garbage-first heap   total 304128K, used 215533K [0x0000000080000000, 0x0000000100000000)
  region size 1024K, 51 young (52224K), 2 survivors (2048K)
 Metaspace       used 93062K, capacity 95588K, committed 95720K, reserved 600064K
  class space    used 12473K, capacity 13368K, committed 13440K, reserved 516096K
}
Event: 54.433 GC heap after
{Heap after GC invocations=51 (full 0):
 garbage-first heap   total 304128K, used 173269K [0x0000000080000000, 0x0000000100000000)
  region size 1024K, 7 young (7168K), 7 survivors (7168K)
 Metaspace       used 93062K, capacity 95588K, committed 95720K, reserved 600064K
  class space    used 12473K, capacity 13368K, committed 13440K, reserved 516096K
}
Event: 54.512 GC heap before
{Heap before GC invocations=51 (full 0):
 garbage-first heap   total 304128K, used 176341K [0x0000000080000000, 0x0000000100000000)
  region size 1024K, 11 young (11264K), 7 survivors (7168K)
 Metaspace       used 93080K, capacity 95598K, committed 95720K, reserved 600064K
  class space    used 12474K, capacity 13370K, committed 13440K, reserved 516096K
}
Event: 54.526 GC heap after
{Heap after GC invocations=52 (full 0):
 garbage-first heap   total 304128K, used 175973K [0x0000000080000000, 0x0000000100000000)
  region size 1024K, 3 young (3072K), 3 survivors (3072K)
 Metaspace       used 93080K, capacity 95598K, committed 95720K, reserved 600064K
  class space    used 12474K, capacity 13370K, committed 13440K, reserved 516096K
}
Event: 57.045 GC heap before
{Heap before GC invocations=53 (full 0):
 garbage-first heap   total 324608K, used 241509K [0x0000000080000000, 0x0000000100000000)
  region size 1024K, 61 young (62464K), 3 survivors (3072K)
 Metaspace       used 96462K, capacity 99457K, committed 99560K, reserved 602112K
  class space    used 12917K, capacity 13933K, committed 13952K, reserved 516096K
}
Event: 57.069 GC heap after
{Heap after GC invocations=54 (full 0):
 garbage-first heap   total 324608K, used 196802K [0x0000000080000000, 0x0000000100000000)
  region size 1024K, 8 young (8192K), 8 survivors (8192K)
 Metaspace       used 96462K, capacity 99457K, committed 99560K, reserved 602112K
  class space    used 12917K, capacity 13933K, committed 13952K, reserved 516096K
}

Deoptimization events (20 events):
Event: 58.160 Thread 0x000002921012fed0 Uncommon trap: trap_request=0xffffffde fr.pc=0x0000029207e97a68 relative=0x00000000000000c8
Event: 58.160 Thread 0x000002921012fed0 Uncommon trap: reason=class_check action=maybe_recompile pc=0x0000029207e97a68 method=java.util.Collections$UnmodifiableList.get(I)Ljava/lang/Object; @ 5 c2
Event: 58.160 Thread 0x000002921012fed0 DEOPT PACKING pc=0x0000029207e97a68 sp=0x000000bb46bf79c0
Event: 58.160 Thread 0x000002921012fed0 DEOPT UNPACKING pc=0x000002920004e42f sp=0x000000bb46bf7958 mode 2
Event: 58.160 Thread 0x000002921012fed0 Uncommon trap: trap_request=0xffffffde fr.pc=0x0000029207e97a68 relative=0x00000000000000c8
Event: 58.160 Thread 0x000002921012fed0 Uncommon trap: reason=class_check action=maybe_recompile pc=0x0000029207e97a68 method=java.util.Collections$UnmodifiableList.get(I)Ljava/lang/Object; @ 5 c2
Event: 58.160 Thread 0x000002921012fed0 DEOPT PACKING pc=0x0000029207e97a68 sp=0x000000bb46bf79c0
Event: 58.160 Thread 0x000002921012fed0 DEOPT UNPACKING pc=0x000002920004e42f sp=0x000000bb46bf7958 mode 2
Event: 58.173 Thread 0x000002921012fed0 Uncommon trap: trap_request=0xffffffde fr.pc=0x0000029207e97a68 relative=0x00000000000000c8
Event: 58.174 Thread 0x000002921012fed0 Uncommon trap: reason=class_check action=maybe_recompile pc=0x0000029207e97a68 method=java.util.Collections$UnmodifiableList.get(I)Ljava/lang/Object; @ 5 c2
Event: 58.174 Thread 0x000002921012fed0 DEOPT PACKING pc=0x0000029207e97a68 sp=0x000000bb46bf7cb0
Event: 58.175 Thread 0x000002921012fed0 DEOPT UNPACKING pc=0x000002920004e42f sp=0x000000bb46bf7c48 mode 2
Event: 58.186 Thread 0x000002921012fed0 Uncommon trap: trap_request=0xffffffde fr.pc=0x0000029207e97a68 relative=0x00000000000000c8
Event: 58.186 Thread 0x000002921012fed0 Uncommon trap: reason=class_check action=maybe_recompile pc=0x0000029207e97a68 method=java.util.Collections$UnmodifiableList.get(I)Ljava/lang/Object; @ 5 c2
Event: 58.186 Thread 0x000002921012fed0 DEOPT PACKING pc=0x0000029207e97a68 sp=0x000000bb46bf7aa0
Event: 58.186 Thread 0x000002921012fed0 DEOPT UNPACKING pc=0x000002920004e42f sp=0x000000bb46bf7a38 mode 2
Event: 58.211 Thread 0x000002921012fed0 Uncommon trap: trap_request=0xffffff45 fr.pc=0x0000029207d408d4 relative=0x0000000000000a94
Event: 58.211 Thread 0x000002921012fed0 Uncommon trap: reason=unstable_if action=reinterpret pc=0x0000029207d408d4 method=java.util.HashMap.removeNode(ILjava/lang/Object;Ljava/lang/Object;ZZ)Ljava/util/HashMap$Node; @ 133 c2
Event: 58.211 Thread 0x000002921012fed0 DEOPT PACKING pc=0x0000029207d408d4 sp=0x000000bb46bf7100
Event: 58.211 Thread 0x000002921012fed0 DEOPT UNPACKING pc=0x000002920004e42f sp=0x000000bb46bf7018 mode 2

Classes unloaded (0 events):
No events

Classes redefined (0 events):
No events

Internal exceptions (20 events):
Event: 56.445 Thread 0x000002921012fed0 Exception <a 'java/lang/ClassNotFoundException'{0x00000000912e6268}: build_9nz0p1jbdaw9qqfmvccasr5kxCustomizer> (0x00000000912e6268) 
thrown [./src/hotspot/share/classfile/systemDictionary.cpp, line 295]
Event: 56.530 Thread 0x000002921012fed0 Exception <a 'java/lang/NoClassDefFoundError'{0x0000000090e2b958}: org/jetbrains/kotlin/gradle/plugin/KotlinBasePluginWrapper> (0x0000000090e2b958) 
thrown [./src/hotspot/share/oops/constantPool.cpp, line 804]
Event: 56.558 Thread 0x000002921012fed0 Exception <a 'java/lang/ClassNotFoundException'{0x0000000090d0e848}: build_de697ip11e4ti1d68r984usorBeanInfo> (0x0000000090d0e848) 
thrown [./src/hotspot/share/classfile/systemDictionary.cpp, line 295]
Event: 56.558 Thread 0x000002921012fed0 Exception <a 'java/lang/ClassNotFoundException'{0x0000000090d150c8}: build_de697ip11e4ti1d68r984usorCustomizer> (0x0000000090d150c8) 
thrown [./src/hotspot/share/classfile/systemDictionary.cpp, line 295]
Event: 56.578 Thread 0x000002921012fed0 Exception <a 'java/lang/ClassNotFoundException'{0x0000000090dbe8b0}: build_de697ip11e4ti1d68r984usorBeanInfo> (0x0000000090dbe8b0) 
thrown [./src/hotspot/share/classfile/systemDictionary.cpp, line 295]
Event: 56.579 Thread 0x000002921012fed0 Exception <a 'java/lang/ClassNotFoundException'{0x0000000090dc50d0}: build_de697ip11e4ti1d68r984usorCustomizer> (0x0000000090dc50d0) 
thrown [./src/hotspot/share/classfile/systemDictionary.cpp, line 295]
Event: 56.606 Thread 0x000002921012fed0 Exception <a 'java/lang/ClassNotFoundException'{0x0000000090b0bd88}: build_de697ip11e4ti1d68r984usor$_run_closure1BeanInfo> (0x0000000090b0bd88) 
thrown [./src/hotspot/share/classfile/systemDictionary.cpp, line 295]
Event: 56.607 Thread 0x000002921012fed0 Exception <a 'java/lang/ClassNotFoundException'{0x0000000090b159e8}: build_de697ip11e4ti1d68r984usor$_run_closure1Customizer> (0x0000000090b159e8) 
thrown [./src/hotspot/share/classfile/systemDictionary.cpp, line 295]
Event: 56.681 Thread 0x000002921012fed0 Exception <a 'java/lang/NoClassDefFoundError'{0x0000000090953068}: org/jetbrains/kotlin/gradle/plugin/KotlinBasePluginWrapper> (0x0000000090953068) 
thrown [./src/hotspot/share/oops/constantPool.cpp, line 804]
Event: 56.706 Thread 0x000002921012fed0 Exception <a 'java/lang/ClassNotFoundException'{0x000000009082f310}: build_7m47mq94u2qenxniqrbnjnwcuBeanInfo> (0x000000009082f310) 
thrown [./src/hotspot/share/classfile/systemDictionary.cpp, line 295]
Event: 56.707 Thread 0x000002921012fed0 Exception <a 'java/lang/ClassNotFoundException'{0x0000000090835b90}: build_7m47mq94u2qenxniqrbnjnwcuCustomizer> (0x0000000090835b90) 
thrown [./src/hotspot/share/classfile/systemDictionary.cpp, line 295]
Event: 56.734 Thread 0x000002921012fed0 Exception <a 'java/lang/ClassNotFoundException'{0x000000009070da40}: build_7m47mq94u2qenxniqrbnjnwcuBeanInfo> (0x000000009070da40) 
thrown [./src/hotspot/share/classfile/systemDictionary.cpp, line 295]
Event: 56.735 Thread 0x000002921012fed0 Exception <a 'java/lang/ClassNotFoundException'{0x0000000090714260}: build_7m47mq94u2qenxniqrbnjnwcuCustomizer> (0x0000000090714260) 
thrown [./src/hotspot/share/classfile/systemDictionary.cpp, line 295]
Event: 56.789 Thread 0x000002921012fed0 Exception <a 'java/lang/ClassNotFoundException'{0x000000009066df80}: build_7m47mq94u2qenxniqrbnjnwcu$_run_closure1BeanInfo> (0x000000009066df80) 
thrown [./src/hotspot/share/classfile/systemDictionary.cpp, line 295]
Event: 56.790 Thread 0x000002921012fed0 Exception <a 'java/lang/ClassNotFoundException'{0x0000000090677be0}: build_7m47mq94u2qenxniqrbnjnwcu$_run_closure1Customizer> (0x0000000090677be0) 
thrown [./src/hotspot/share/classfile/systemDictionary.cpp, line 295]
Event: 56.899 Thread 0x000002921012fed0 Exception <a 'java/lang/NoClassDefFoundError'{0x000000009049ef08}: org/jetbrains/kotlin/gradle/plugin/KotlinBasePluginWrapper> (0x000000009049ef08) 
thrown [./src/hotspot/share/oops/constantPool.cpp, line 804]
Event: 57.659 Thread 0x000002921012fed0 Implicit null exception at 0x00000292081a0eb0 to 0x00000292081a0f90
Event: 57.688 Thread 0x000002921012fed0 Implicit null exception at 0x00000292081ae5c0 to 0x00000292081ae70f
Event: 57.846 Thread 0x000002921012fed0 Exception <a 'sun/nio/fs/WindowsException'{0x000000009205bd68}> (0x000000009205bd68) 
thrown [./src/hotspot/share/prims/jni.cpp, line 578]
Event: 57.997 Thread 0x000002921012fed0 Exception <a 'java/lang/NullPointerException'{0x00000000918677c8}> (0x00000000918677c8) 
thrown [./src/hotspot/share/interpreter/linkResolver.cpp, line 1457]

Events (20 events):
Event: 58.020 loading class java/awt/image/WritableRenderedImage done
Event: 58.020 loading class java/awt/image/BufferedImage done
Event: 58.021 loading class java/awt/Graphics2D
Event: 58.021 loading class java/awt/Graphics2D done
Event: 58.024 loading class java/awt/datatransfer/Transferable
Event: 58.024 loading class java/awt/datatransfer/Transferable done
Event: 58.025 loading class javax/xml/transform/Result
Event: 58.026 loading class javax/xml/transform/Result done
Event: 58.026 loading class javax/xml/datatype/XMLGregorianCalendar
Event: 58.027 loading class javax/xml/datatype/XMLGregorianCalendar done
Event: 58.032 loading class javax/xml/namespace/NamespaceContext
Event: 58.032 loading class javax/xml/namespace/NamespaceContext done
Event: 58.033 loading class javax/xml/datatype/Duration
Event: 58.033 loading class javax/xml/datatype/Duration done
Event: 58.075 Executing VM operation: CollectForMetadataAllocation
Event: 58.076 Executing VM operation: CollectForMetadataAllocation done
Event: 58.130 loading class java/lang/Short$ShortCache
Event: 58.130 loading class java/lang/Short$ShortCache done
Event: 58.244 loading class java/lang/Package$1PackageInfoProxy
Event: 58.244 loading class java/lang/Package$1PackageInfoProxy done


Dynamic libraries:
0x00007ff6ab8b0000 - 0x00007ff6ab8bd000 	C:\Program Files\BellSoft\LibericaJDK-15-Full\bin\java.exe
0x00007fff9cc30000 - 0x00007fff9ce28000 	C:\WINDOWS\SYSTEM32\ntdll.dll
0x00007fff9ad00000 - 0x00007fff9adbd000 	C:\WINDOWS\System32\KERNEL32.DLL
0x00007fff9a410000 - 0x00007fff9a706000 	C:\WINDOWS\System32\KERNELBASE.dll
0x00007fff9a310000 - 0x00007fff9a410000 	C:\WINDOWS\System32\ucrtbase.dll
0x00007fff95890000 - 0x00007fff958a5000 	C:\Program Files\BellSoft\LibericaJDK-15-Full\bin\VCRUNTIME140.dll
0x00007fff958b0000 - 0x00007fff958c8000 	C:\Program Files\BellSoft\LibericaJDK-15-Full\bin\jli.dll
0x00007fff9b310000 - 0x00007fff9b4ae000 	C:\WINDOWS\System32\USER32.dll
0x00007fff9a910000 - 0x00007fff9a932000 	C:\WINDOWS\System32\win32u.dll
0x00007fff996f0000 - 0x00007fff9998a000 	C:\WINDOWS\WinSxS\amd64_microsoft.windows.common-controls_6595b64144ccf1df_6.0.19041.3636_none_60b6a03d71f818d5\COMCTL32.dll
0x00007fff9b640000 - 0x00007fff9b66c000 	C:\WINDOWS\System32\GDI32.dll
0x00007fff9b270000 - 0x00007fff9b30e000 	C:\WINDOWS\System32\msvcrt.dll
0x00007fff9aa20000 - 0x00007fff9ab3a000 	C:\WINDOWS\System32\gdi32full.dll
0x00007fff9a870000 - 0x00007fff9a90d000 	C:\WINDOWS\System32\msvcp_win.dll
0x00007fff9bc50000 - 0x00007fff9bc80000 	C:\WINDOWS\System32\IMM32.DLL
0x00007fff78920000 - 0x00007fff789bb000 	C:\Program Files\BellSoft\LibericaJDK-15-Full\bin\msvcp140.dll
0x00007fff58500000 - 0x00007fff59090000 	C:\Program Files\BellSoft\LibericaJDK-15-Full\bin\server\jvm.dll
0x00007fff9b680000 - 0x00007fff9b72f000 	C:\WINDOWS\System32\ADVAPI32.dll
0x00007fff9ae40000 - 0x00007fff9aedc000 	C:\WINDOWS\System32\sechost.dll
0x00007fff9c430000 - 0x00007fff9c556000 	C:\WINDOWS\System32\RPCRT4.dll
0x00007fff9b260000 - 0x00007fff9b268000 	C:\WINDOWS\System32\PSAPI.DLL
0x00007fff97560000 - 0x00007fff97569000 	C:\WINDOWS\SYSTEM32\WSOCK32.dll
0x00007fff99b20000 - 0x00007fff99b47000 	C:\WINDOWS\SYSTEM32\WINMM.dll
0x00007fff9cb80000 - 0x00007fff9cbeb000 	C:\WINDOWS\System32\WS2_32.dll
0x00007fff90460000 - 0x00007fff9046a000 	C:\WINDOWS\SYSTEM32\VERSION.dll
0x00007fff97b60000 - 0x00007fff97b72000 	C:\WINDOWS\SYSTEM32\kernel.appcore.dll
0x00007fff95880000 - 0x00007fff9588a000 	C:\Program Files\BellSoft\LibericaJDK-15-Full\bin\jimage.dll
0x00007fff99bd0000 - 0x00007fff99db4000 	C:\WINDOWS\SYSTEM32\DBGHELP.DLL
0x00007fff99aa0000 - 0x00007fff99ad4000 	C:\WINDOWS\SYSTEM32\dbgcore.DLL
0x00007fff9a990000 - 0x00007fff9aa12000 	C:\WINDOWS\System32\bcryptPrimitives.dll
0x00007fff90ae0000 - 0x00007fff90b05000 	C:\Program Files\BellSoft\LibericaJDK-15-Full\bin\java.dll
0x00007fff9bce0000 - 0x00007fff9c425000 	C:\WINDOWS\System32\SHELL32.dll
0x00007fff97d60000 - 0x00007fff984fb000 	C:\WINDOWS\SYSTEM32\windows.storage.dll
0x00007fff9aee0000 - 0x00007fff9b234000 	C:\WINDOWS\System32\combase.dll
0x00007fff99650000 - 0x00007fff9967d000 	C:\WINDOWS\SYSTEM32\Wldp.dll
0x00007fff9c560000 - 0x00007fff9c60d000 	C:\WINDOWS\System32\SHCORE.dll
0x00007fff9bc80000 - 0x00007fff9bcd5000 	C:\WINDOWS\System32\shlwapi.dll
0x00007fff9a240000 - 0x00007fff9a265000 	C:\WINDOWS\SYSTEM32\profapi.dll
0x00007fff95500000 - 0x00007fff95519000 	C:\Program Files\BellSoft\LibericaJDK-15-Full\bin\net.dll
0x00007fff8df60000 - 0x00007fff8e06a000 	C:\WINDOWS\SYSTEM32\WINHTTP.dll
0x00007fff99510000 - 0x00007fff9957a000 	C:\WINDOWS\system32\mswsock.dll
0x00007fff94e60000 - 0x00007fff94e72000 	C:\Program Files\BellSoft\LibericaJDK-15-Full\bin\nio.dll
0x00007fff8fad0000 - 0x00007fff8fae8000 	C:\Program Files\BellSoft\LibericaJDK-15-Full\bin\zip.dll
0x00007fff95870000 - 0x00007fff95880000 	C:\Program Files\BellSoft\LibericaJDK-15-Full\bin\verify.dll
0x00007fff8f320000 - 0x00007fff8f347000 	C:\Users\Amirull Azmi.DESKTOP-91E5MKF\.gradle\native\68d5fa5c4cc2d200863cafc0d521ce42e7d3e7ee720ec0a83991735586a16f82\windows-amd64\native-platform.dll
0x00007fff754b0000 - 0x00007fff755f4000 	C:\Users\Amirull Azmi.DESKTOP-91E5MKF\.gradle\native\e376f236ea51e6404a007f0833ffe2c6e607c4080706a723a18a27aeea778392\windows-amd64\native-platform-file-events.dll
0x00007fff957f0000 - 0x00007fff957f9000 	C:\Program Files\BellSoft\LibericaJDK-15-Full\bin\management.dll
0x00007fff95790000 - 0x00007fff9579b000 	C:\Program Files\BellSoft\LibericaJDK-15-Full\bin\management_ext.dll
0x00007fff99ee0000 - 0x00007fff99ef8000 	C:\WINDOWS\SYSTEM32\CRYPTSP.dll
0x00007fff98d30000 - 0x00007fff98d64000 	C:\WINDOWS\system32\rsaenh.dll
0x00007fff9abf0000 - 0x00007fff9ac17000 	C:\WINDOWS\System32\bcrypt.dll
0x00007fff9a200000 - 0x00007fff9a22e000 	C:\WINDOWS\SYSTEM32\USERENV.dll
0x00007fff99480000 - 0x00007fff9948c000 	C:\WINDOWS\SYSTEM32\CRYPTBASE.dll
0x00007fff99090000 - 0x00007fff990cb000 	C:\WINDOWS\SYSTEM32\IPHLPAPI.DLL
0x00007fff9b670000 - 0x00007fff9b678000 	C:\WINDOWS\System32\NSI.dll
0x00007fff8ca70000 - 0x00007fff8ca87000 	C:\WINDOWS\SYSTEM32\dhcpcsvc6.DLL
0x00007fff8fe40000 - 0x00007fff8fe5d000 	C:\WINDOWS\SYSTEM32\dhcpcsvc.DLL
0x00007fff990d0000 - 0x00007fff9919a000 	C:\WINDOWS\SYSTEM32\DNSAPI.dll

dbghelp: loaded successfully - version: 4.0.5 - missing functions: none
symbol engine: initialized successfully - sym options: 0x614 - pdb path: .;C:\Program Files\BellSoft\LibericaJDK-15-Full\bin;C:\WINDOWS\SYSTEM32;C:\WINDOWS\WinSxS\amd64_microsoft.windows.common-controls_6595b64144ccf1df_6.0.19041.3636_none_60b6a03d71f818d5;C:\Program Files\BellSoft\LibericaJDK-15-Full\bin\server;C:\Users\Amirull Azmi.DESKTOP-91E5MKF\.gradle\native\68d5fa5c4cc2d200863cafc0d521ce42e7d3e7ee720ec0a83991735586a16f82\windows-amd64;C:\Users\Amirull Azmi.DESKTOP-91E5MKF\.gradle\native\e376f236ea51e6404a007f0833ffe2c6e607c4080706a723a18a27aeea778392\windows-amd64

VM Arguments:
jvm_args: -XX:MaxMetaspaceSize=512m --add-opens=java.base/java.util=ALL-UNNAMED --add-opens=java.base/java.lang=ALL-UNNAMED --add-opens=java.base/java.lang.invoke=ALL-UNNAMED --add-opens=java.prefs/java.util.prefs=ALL-UNNAMED --add-opens=java.base/java.nio.charset=ALL-UNNAMED --add-opens=java.base/java.net=ALL-UNNAMED --add-opens=java.base/java.util.concurrent.atomic=ALL-UNNAMED -Xmx2048m -Dfile.encoding=windows-1252 -Duser.country=ID -Duser.language=en -Duser.variant 
java_command: org.gradle.launcher.daemon.bootstrap.GradleDaemon 8.0.1
java_class_path (initial): C:\Users\Amirull Azmi.DESKTOP-91E5MKF\.gradle\wrapper\dists\gradle-8.0.1-all\aro4hu1c3oeioove7l0i4i14o\gradle-8.0.1\lib\gradle-launcher-8.0.1.jar
Launcher Type: SUN_STANDARD

[Global flags]
     intx CICompilerCount                          = 3                                         {product} {ergonomic}
   size_t CompressedClassSpaceSize                 = 528482304                                 {product} {ergonomic}
     uint ConcGCThreads                            = 1                                         {product} {ergonomic}
     uint G1ConcRefinementThreads                  = 4                                         {product} {ergonomic}
   size_t G1HeapRegionSize                         = 1048576                                   {product} {ergonomic}
    uintx GCDrainStackTargetSize                   = 64                                        {product} {ergonomic}
   size_t InitialHeapSize                          = 134217728                                 {product} {ergonomic}
   size_t MarkStackSize                            = 4194304                                   {product} {ergonomic}
   size_t MaxHeapSize                              = 2147483648                                {product} {command line}
   size_t MaxMetaspaceSize                         = 536870912                                 {product} {command line}
   size_t MaxNewSize                               = 1287651328                                {product} {ergonomic}
   size_t MinHeapDeltaBytes                        = 1048576                                   {product} {ergonomic}
   size_t MinHeapSize                              = 8388608                                   {product} {ergonomic}
    uintx NonNMethodCodeHeapSize                   = 5832780                                {pd product} {ergonomic}
    uintx NonProfiledCodeHeapSize                  = 122912730                              {pd product} {ergonomic}
    uintx ProfiledCodeHeapSize                     = 122912730                              {pd product} {ergonomic}
    uintx ReservedCodeCacheSize                    = 251658240                              {pd product} {ergonomic}
     bool SegmentedCodeCache                       = true                                      {product} {ergonomic}
   size_t SoftMaxHeapSize                          = 2147483648                             {manageable} {ergonomic}
     bool UseCompressedClassPointers               = true                                 {lp64_product} {ergonomic}
     bool UseCompressedOops                        = true                                 {lp64_product} {ergonomic}
     bool UseG1GC                                  = true                                      {product} {ergonomic}
     bool UseLargePagesIndividualAllocation        = false                                  {pd product} {ergonomic}

Logging:
Log output configuration:
 #0: stdout all=warning uptime,level,tags
 #1: stderr all=off uptime,level,tags

Environment Variables:
JAVA_HOME=C:\Program Files\BellSoft\LibericaJDK-15-Full\
CLASSPATH=C:\Users\Amirull Azmi.DESKTOP-91E5MKF\Documents\WEB PROJECT\WeonAndroid\android\\gradle\wrapper\gradle-wrapper.jar
PATH=C:\Users\Amirull Azmi.DESKTOP-91E5MKF\Documents\WEB PROJECT\WeonAndroid\node_modules\.bin;C:\Users\Amirull Azmi.DESKTOP-91E5MKF\Documents\WEB PROJECT\WeonAndroid\node_modules\.bin;C:\Users\Amirull Azmi.DESKTOP-91E5MKF\Documents\WEB PROJECT\node_modules\.bin;C:\Users\Amirull Azmi.DESKTOP-91E5MKF\Documents\node_modules\.bin;C:\Users\Amirull Azmi.DESKTOP-91E5MKF\node_modules\.bin;C:\Users\node_modules\.bin;C:\node_modules\.bin;C:\Users\Amirull Azmi.DESKTOP-91E5MKF\AppData\Roaming\npm\node_modules\npm\node_modules\@npmcli\run-script\lib\node-gyp-bin;C:\Users\Amirull Azmi.DESKTOP-91E5MKF\Documents\WEB PROJECT\WeonAndroid\node_modules\.bin;C:\Users\Amirull Azmi.DESKTOP-91E5MKF\Documents\WEB PROJECT\WeonAndroid\node_modules\.bin;C:\Users\Amirull Azmi.DESKTOP-91E5MKF\Documents\WEB PROJECT\node_modules\.bin;C:\Users\Amirull Azmi.DESKTOP-91E5MKF\Documents\node_modules\.bin;C:\Users\Amirull Azmi.DESKTOP-91E5MKF\node_modules\.bin;C:\Users\node_modules\.bin;C:\node_modules\.bin;C:\Users\Amirull Azmi.DESKTOP-91E5MKF\AppData\Roaming\npm\node_modules\npm\node_modules\@npmcli\run-script\lib\node-gyp-bin;C:\Program Files\BellSoft\LibericaJDK-15-Full\bin\;C:\Python312\Scripts\;C:\Python312\;C:\Python311\Scripts\;C:\Python311\;C:\Program Files\Microsoft\jdk-11.0.18.10-hotspot\bin;C:\WINDOWS\system32;C:\WINDOWS;C:\WINDOWS\System32\Wbem;C:\WINDOWS\System32\WindowsPowerShell\v1.0\;C:\WINDOWS\System32\OpenSSH\;C:\xampp\php;C:\ProgramData\ComposerSetup\bin;C:\Program Files\Git\cmd;C:\ProgramData\chocolatey\bin;C:\Program Files (x86)\Bitvise SSH Client;C:\Program Files\PuTTY\;C:\Program Files\nodejs\;C:\Users\Amirull Azmi.DESKTOP-91E5MKF\AppData\Local\Microsoft\WindowsApps;C:\Users\Amirull Azmi.DESKTOP-91E5MKF\AppData\Local\Programs\Microsoft VS Code\bin;C:\Users\Amirull Azmi.DESKTOP-91E5MKF\AppData\Roaming\Composer\vendor\bin;C:\Android\platform-tools;C:\Users\Amirull Azmi.DESKTOP-91E5MKF\AppData\Roaming\npm
USERNAME=Amirull Azmi
LANG=en_US.UTF-8
OS=Windows_NT
PROCESSOR_IDENTIFIER=Intel64 Family 6 Model 78 Stepping 3, GenuineIntel



---------------  S Y S T E M  ---------------

OS:
 Windows 10 , 64 bit Build 19041 (10.0.19041.3636)
OS uptime: 0 days 10:00 hours

CPU: total 4 (initial active 4) (2 cores per cpu, 2 threads per core) family 6 model 78 stepping 3 microcode 0xcc, cmov, cx8, fxsr, mmx, sse, sse2, sse3, ssse3, sse4.1, sse4.2, popcnt, vzeroupper, avx, avx2, aes, clmul, erms, 3dnowpref, lzcnt, ht, tsc, tscinvbit, bmi1, bmi2, adx, fma, clflush, clflushopt

Memory: 4k page, system-wide physical 8066M (552M free)
TotalPageFile size 10114M (AvailPageFile size 1M)
current process WorkingSet (physical memory assigned to process): 598M, peak: 598M
current process commit charge ("private bytes"): 656M, peak: 657M

vm_info: OpenJDK 64-Bit Server VM (15.0.2+10) for windows-amd64 JRE (15.0.2+10), built on Jan 21 2021 08:07:14 by "" with MS VC++ 15.9 (VS2017)

END.
