#
# There is insufficient memory for the Java Runtime Environment to continue.
# Native memory allocation (malloc) failed to allocate 55776 bytes for Chunk::new
# Possible reasons:
#   The system is out of physical RAM or swap space
#   The process is running with CompressedOops enabled, and the Java Heap may be blocking the growth of the native heap
# Possible solutions:
#   Reduce memory load on the system
#   Increase physical memory or swap space
#   Check if swap backing store is full
#   Decrease Java heap size (-Xmx/-Xms)
#   Decrease number of Java threads
#   Decrease Java thread stack sizes (-Xss)
#   Set larger code cache with -XX:ReservedCodeCacheSize=
#   JVM is running with Unscaled Compressed Oops mode in which the Java heap is
#     placed in the first 4GB address space. The Java Heap base address is the
#     maximum limit for the native heap growth. Please use -XX:HeapBaseMinAddress
#     to set the Java Heap base and to place the Java Heap above 4GB virtual address.
# This output file may be truncated or incomplete.
#
#  Out of Memory Error (./src/hotspot/share/memory/arena.cpp:195), pid=9156, tid=10856
#
# JRE version: OpenJDK Runtime Environment (15.0.2+10) (build 15.0.2+10)
# Java VM: OpenJDK 64-Bit Server VM (15.0.2+10, mixed mode, sharing, tiered, compressed oops, g1 gc, windows-amd64)
# No core dump will be written. Minidumps are not enabled by default on client versions of Windows
#

---------------  S U M M A R Y ------------

Command Line: -XX:MaxMetaspaceSize=512m --add-opens=java.base/java.util=ALL-UNNAMED --add-opens=java.base/java.lang=ALL-UNNAMED --add-opens=java.base/java.lang.invoke=ALL-UNNAMED --add-opens=java.prefs/java.util.prefs=ALL-UNNAMED --add-opens=java.base/java.nio.charset=ALL-UNNAMED --add-opens=java.base/java.net=ALL-UNNAMED --add-opens=java.base/java.util.concurrent.atomic=ALL-UNNAMED -Xmx2048m -Dfile.encoding=windows-1252 -Duser.country=ID -Duser.language=en -Duser.variant org.gradle.launcher.daemon.bootstrap.GradleDaemon 8.0.1

Host: Intel(R) Core(TM) i3-6006U CPU @ 2.00GHz, 4 cores, 7G,  Windows 10 , 64 bit Build 19041 (10.0.19041.3636)
Time: Tue Dec 26 15:19:45 2023 SE Asia Standard Time elapsed time: 17.851664 seconds (0d 0h 0m 17s)

---------------  T H R E A D  ---------------

Current thread (0x0000016f77331180):  JavaThread "C2 CompilerThread0" daemon [_thread_in_native, id=10856, stack(0x0000005072500000,0x0000005072600000)]


Current CompileTask:
C2:  17851 3801       4       org.codehaus.groovy.runtime.metaclass.MetaMethodIndex::addMethodToList (131 bytes)

Stack: [0x0000005072500000,0x0000005072600000]
Native frames: (J=compiled Java code, j=interpreted, Vv=VM code, C=native code)
V  [jvm.dll+0x5f7a0a]
V  [jvm.dll+0x796fb9]
V  [jvm.dll+0x798713]
V  [jvm.dll+0x798d63]
V  [jvm.dll+0x1fc4f8]
V  [jvm.dll+0x996aa]
V  [jvm.dll+0x99d9c]
V  [jvm.dll+0x2f5c6a]
V  [jvm.dll+0x70184d]
V  [jvm.dll+0x511f7e]
V  [jvm.dll+0x1da41a]
V  [jvm.dll+0x1d3ffb]
V  [jvm.dll+0x1d1467]
V  [jvm.dll+0x164597]
V  [jvm.dll+0x1e0454]
V  [jvm.dll+0x1de59b]
V  [jvm.dll+0x75bb9d]
V  [jvm.dll+0x754a9a]
V  [jvm.dll+0x5f67b6]
C  [ucrtbase.dll+0x21bb2]
C  [KERNEL32.DLL+0x17344]
C  [ntdll.dll+0x526b1]


---------------  P R O C E S S  ---------------

Threads class SMR info:
_java_thread_list=0x0000016f795fcc10, length=38, elements={
0x0000016f579b4100, 0x0000016f77310620, 0x0000016f77311100, 0x0000016f7732a130,
0x0000016f7732ea10, 0x0000016f7732f3d0, 0x0000016f77331180, 0x0000016f77347820,
0x0000016f7735c120, 0x0000016f77d7e340, 0x0000016f77d7f050, 0x0000016f7adcdaf0,
0x0000016f78eb2940, 0x0000016f79eeadc0, 0x0000016f7acc6030, 0x0000016f79a3b0c0,
0x0000016f7a138560, 0x0000016f7a138a30, 0x0000016f79b8d8f0, 0x0000016f79b8ddc0,
0x0000016f79a6bf00, 0x0000016f79a6a220, 0x0000016f79a6abc0, 0x0000016f79a6cd70,
0x0000016f79a6ba30, 0x0000016f79a6c3d0, 0x0000016f79a6d710, 0x0000016f79a6b560,
0x0000016f79a6a6f0, 0x0000016f79a6dbe0, 0x0000016f79a6b090, 0x0000016f78091890,
0x0000016f7808cb90, 0x0000016f78090a20, 0x0000016f7808a9e0, 0x0000016f7808d060,
0x0000016f7808ed40, 0x0000016f7808a040
}

Java Threads: ( => current thread )
  0x0000016f579b4100 JavaThread "main" [_thread_blocked, id=8864, stack(0x0000005071900000,0x0000005071a00000)]
  0x0000016f77310620 JavaThread "Reference Handler" daemon [_thread_blocked, id=10652, stack(0x0000005072000000,0x0000005072100000)]
  0x0000016f77311100 JavaThread "Finalizer" daemon [_thread_blocked, id=11136, stack(0x0000005072100000,0x0000005072200000)]
  0x0000016f7732a130 JavaThread "Signal Dispatcher" daemon [_thread_blocked, id=9732, stack(0x0000005072200000,0x0000005072300000)]
  0x0000016f7732ea10 JavaThread "Attach Listener" daemon [_thread_blocked, id=12360, stack(0x0000005072300000,0x0000005072400000)]
  0x0000016f7732f3d0 JavaThread "Service Thread" daemon [_thread_blocked, id=13204, stack(0x0000005072400000,0x0000005072500000)]
=>0x0000016f77331180 JavaThread "C2 CompilerThread0" daemon [_thread_in_native, id=10856, stack(0x0000005072500000,0x0000005072600000)]
  0x0000016f77347820 JavaThread "C1 CompilerThread0" daemon [_thread_blocked, id=12864, stack(0x0000005072600000,0x0000005072700000)]
  0x0000016f7735c120 JavaThread "Sweeper thread" daemon [_thread_blocked, id=12496, stack(0x0000005072700000,0x0000005072800000)]
  0x0000016f77d7e340 JavaThread "Common-Cleaner" daemon [_thread_blocked, id=6524, stack(0x0000005072800000,0x0000005072900000)]
  0x0000016f77d7f050 JavaThread "Notification Thread" daemon [_thread_blocked, id=1312, stack(0x0000005072900000,0x0000005072a00000)]
  0x0000016f7adcdaf0 JavaThread "Daemon health stats" [_thread_blocked, id=10344, stack(0x0000005072e00000,0x0000005072f00000)]
  0x0000016f78eb2940 JavaThread "Incoming local TCP Connector on port 59777" [_thread_in_native, id=9284, stack(0x0000005072d00000,0x0000005072e00000)]
  0x0000016f79eeadc0 JavaThread "Daemon periodic checks" [_thread_blocked, id=6948, stack(0x0000005072f00000,0x0000005073000000)]
  0x0000016f7acc6030 JavaThread "Daemon" [_thread_blocked, id=10132, stack(0x0000005073000000,0x0000005073100000)]
  0x0000016f79a3b0c0 JavaThread "Handler for socket connection from /127.0.0.1:59777 to /127.0.0.1:59778" [_thread_in_native, id=11924, stack(0x0000005073100000,0x0000005073200000)]
  0x0000016f7a138560 JavaThread "Cancel handler" [_thread_blocked, id=6512, stack(0x0000005073200000,0x0000005073300000)]
  0x0000016f7a138a30 JavaThread "Daemon worker" [_thread_in_vm, id=10092, stack(0x0000005073300000,0x0000005073400000)]
  0x0000016f79b8d8f0 JavaThread "Asynchronous log dispatcher for DefaultDaemonConnection: socket connection from /127.0.0.1:59777 to /127.0.0.1:59778" [_thread_blocked, id=3988, stack(0x0000005073400000,0x0000005073500000)]
  0x0000016f79b8ddc0 JavaThread "Stdin handler" [_thread_blocked, id=8336, stack(0x0000005073500000,0x0000005073600000)]
  0x0000016f79a6bf00 JavaThread "Daemon client event forwarder" [_thread_blocked, id=5788, stack(0x0000005073600000,0x0000005073700000)]
  0x0000016f79a6a220 JavaThread "Cache worker for journal cache (C:\Users\Amirull Azmi.DESKTOP-91E5MKF\.gradle\caches\journal-1)" [_thread_blocked, id=9796, stack(0x0000005073700000,0x0000005073800000)]
  0x0000016f79a6abc0 JavaThread "File lock request listener" [_thread_in_native, id=7260, stack(0x0000005073800000,0x0000005073900000)]
  0x0000016f79a6cd70 JavaThread "Cache worker for file hash cache (C:\Users\Amirull Azmi.DESKTOP-91E5MKF\.gradle\caches\8.0.1\fileHashes)" [_thread_blocked, id=8988, stack(0x0000005073900000,0x0000005073a00000)]
  0x0000016f79a6ba30 JavaThread "File lock release action executor" [_thread_blocked, id=2968, stack(0x0000005073c00000,0x0000005073d00000)]
  0x0000016f79a6c3d0 JavaThread "File lock release action executor Thread 2" [_thread_blocked, id=12948, stack(0x0000005073d00000,0x0000005073e00000)]
  0x0000016f79a6d710 JavaThread "File watcher server" daemon [_thread_in_native, id=6140, stack(0x0000005073a00000,0x0000005073b00000)]
  0x0000016f79a6b560 JavaThread "File watcher consumer" daemon [_thread_blocked, id=12876, stack(0x0000005073e00000,0x0000005073f00000)]
  0x0000016f79a6a6f0 JavaThread "Cache worker for checksums cache (C:\Users\Amirull Azmi.DESKTOP-91E5MKF\Documents\WEB PROJECT\WeonAndroid\android\.gradle\8.0.1\checksums)" [_thread_blocked, id=2336, stack(0x0000005073f00000,0x0000005074000000)]
  0x0000016f79a6dbe0 JavaThread "Cache worker for cache directory md-rule (C:\Users\Amirull Azmi.DESKTOP-91E5MKF\.gradle\caches\8.0.1\md-rule)" [_thread_blocked, id=5172, stack(0x0000005074000000,0x0000005074100000)]
  0x0000016f79a6b090 JavaThread "Cache worker for file content cache (C:\Users\Amirull Azmi.DESKTOP-91E5MKF\.gradle\caches\8.0.1\fileContent)" [_thread_blocked, id=12952, stack(0x0000005074100000,0x0000005074200000)]
  0x0000016f78091890 JavaThread "Cache worker for file hash cache (C:\Users\Amirull Azmi.DESKTOP-91E5MKF\Documents\WEB PROJECT\WeonAndroid\android\.gradle\8.0.1\fileHashes)" [_thread_blocked, id=8820, stack(0x0000005074200000,0x0000005074300000)]
  0x0000016f7808cb90 JavaThread "Cache worker for cache directory md-supplier (C:\Users\Amirull Azmi.DESKTOP-91E5MKF\.gradle\caches\8.0.1\md-supplier)" [_thread_blocked, id=7472, stack(0x0000005074300000,0x0000005074400000)]
  0x0000016f78090a20 JavaThread "Cache worker for execution history cache (C:\Users\Amirull Azmi.DESKTOP-91E5MKF\.gradle\caches\8.0.1\executionHistory)" [_thread_blocked, id=11636, stack(0x0000005074400000,0x0000005074500000)]
  0x0000016f7808a9e0 JavaThread "jar transforms" [_thread_blocked, id=7308, stack(0x0000005074600000,0x0000005074700000)]
  0x0000016f7808d060 JavaThread "jar transforms Thread 2" [_thread_blocked, id=11560, stack(0x0000005074700000,0x0000005074800000)]
  0x0000016f7808ed40 JavaThread "jar transforms Thread 3" [_thread_blocked, id=3212, stack(0x0000005074500000,0x0000005074600000)]
  0x0000016f7808a040 JavaThread "jar transforms Thread 4" [_thread_blocked, id=6756, stack(0x0000005074800000,0x0000005074900000)]

Other Threads:
  0x0000016f7730ae70 VMThread "VM Thread" [stack: 0x0000005071f00000,0x0000005072000000] [id=12776]
  0x0000016f77d85a90 WatcherThread [stack: 0x0000005072a00000,0x0000005072b00000] [id=9144]
  0x0000016f579f5a40 GCTaskThread "GC Thread#0" [stack: 0x0000005071a00000,0x0000005071b00000] [id=6328]
  0x0000016f77d70b10 GCTaskThread "GC Thread#1" [stack: 0x0000005072b00000,0x0000005072c00000] [id=3872]
  0x0000016f77d70e40 GCTaskThread "GC Thread#2" [stack: 0x0000005072c00000,0x0000005072d00000] [id=11840]
  0x0000016f77d727c0 GCTaskThread "GC Thread#3" [stack: 0x0000005073b00000,0x0000005073c00000] [id=1868]
  0x0000016f57a06aa0 ConcurrentGCThread "G1 Main Marker" [stack: 0x0000005071b00000,0x0000005071c00000] [id=11160]
  0x0000016f57a075a0 ConcurrentGCThread "G1 Conc#0" [stack: 0x0000005071c00000,0x0000005071d00000] [id=6712]
  0x0000016f57a82b20 ConcurrentGCThread "G1 Refine#0" [stack: 0x0000005071d00000,0x0000005071e00000] [id=11776]
  0x0000016f57a83630 ConcurrentGCThread "G1 Young RemSet Sampling" [stack: 0x0000005071e00000,0x0000005071f00000] [id=4692]

Threads with active compile tasks:
C2 CompilerThread0    17922 3801       4       org.codehaus.groovy.runtime.metaclass.MetaMethodIndex::addMethodToList (131 bytes)

VM state: not at safepoint (normal execution)

VM Mutex/Monitor currently owned by a thread: None

Heap address: 0x0000000080000000, size: 2048 MB, Compressed Oops mode: 32-bit
CDS archive(s) mapped at: [0x0000000800000000-0x0000000800b50000-0x0000000800b50000), size 11862016, SharedBaseAddress: 0x0000000800000000, ArchiveRelocationMode: 0.
Compressed class space mapped at: 0x0000000800b50000-0x0000000820350000, size: 528482304
Narrow klass base: 0x0000000800000000, Narrow klass shift: 3, Narrow klass range: 0x100000000

GC Precious Log:
 CPUs: 4 total, 4 available
 Memory: 8066M
 Large Page Support: Disabled
 NUMA Support: Disabled
 Compressed Oops: Enabled (32-bit)
 Heap Region Size: 1M
 Heap Min Capacity: 8M
 Heap Initial Capacity: 128M
 Heap Max Capacity: 2G
 Pre-touch: Disabled
 Parallel Workers: 4
 Concurrent Workers: 1
 Concurrent Refinement Workers: 4
 Periodic GC: Disabled

Heap:
 garbage-first heap   total 86016K, used 32612K [0x0000000080000000, 0x0000000100000000)
  region size 1024K, 8 young (8192K), 4 survivors (4096K)
 Metaspace       used 32619K, capacity 33184K, committed 33456K, reserved 546816K
  class space    used 4366K, capacity 4530K, committed 4608K, reserved 516096K

Heap Regions: E=young(eden), S=young(survivor), O=old, HS=humongous(starts), HC=humongous(continues), CS=collection set, F=free, OA=open archive, CA=closed archive, TAMS=top-at-mark-start (previous, next)
|   0|0x0000000080000000, 0x0000000080100000, 0x0000000080100000|100%| O|  |TAMS 0x0000000080100000, 0x0000000080000000| Untracked 
|   1|0x0000000080100000, 0x0000000080200000, 0x0000000080200000|100%| O|  |TAMS 0x0000000080200000, 0x0000000080100000| Untracked 
|   2|0x0000000080200000, 0x0000000080300000, 0x0000000080300000|100%|HS|  |TAMS 0x0000000080300000, 0x0000000080200000| Complete 
|   3|0x0000000080300000, 0x0000000080400000, 0x0000000080400000|100%|HC|  |TAMS 0x0000000080400000, 0x0000000080300000| Complete 
|   4|0x0000000080400000, 0x0000000080500000, 0x0000000080500000|100%|HC|  |TAMS 0x0000000080500000, 0x0000000080400000| Complete 
|   5|0x0000000080500000, 0x0000000080600000, 0x0000000080600000|100%|HC|  |TAMS 0x0000000080600000, 0x0000000080500000| Complete 
|   6|0x0000000080600000, 0x0000000080700000, 0x0000000080700000|100%| O|  |TAMS 0x0000000080700000, 0x0000000080600000| Untracked 
|   7|0x0000000080700000, 0x0000000080800000, 0x0000000080800000|100%| O|  |TAMS 0x0000000080800000, 0x0000000080700000| Untracked 
|   8|0x0000000080800000, 0x0000000080900000, 0x0000000080900000|100%| O|  |TAMS 0x0000000080900000, 0x0000000080800000| Untracked 
|   9|0x0000000080900000, 0x0000000080a00000, 0x0000000080a00000|100%| O|  |TAMS 0x0000000080a00000, 0x0000000080900000| Untracked 
|  10|0x0000000080a00000, 0x0000000080b00000, 0x0000000080b00000|100%| O|  |TAMS 0x0000000080a98200, 0x0000000080a00000| Untracked 
|  11|0x0000000080b00000, 0x0000000080c00000, 0x0000000080c00000|100%| O|  |TAMS 0x0000000080b00000, 0x0000000080b00000| Untracked 
|  12|0x0000000080c00000, 0x0000000080d00000, 0x0000000080d00000|100%| O|  |TAMS 0x0000000080c00000, 0x0000000080c00000| Untracked 
|  13|0x0000000080d00000, 0x0000000080e00000, 0x0000000080e00000|100%| O|  |TAMS 0x0000000080d00000, 0x0000000080d00000| Untracked 
|  14|0x0000000080e00000, 0x0000000080f00000, 0x0000000080f00000|100%| O|  |TAMS 0x0000000080e00000, 0x0000000080e00000| Untracked 
|  15|0x0000000080f00000, 0x0000000081000000, 0x0000000081000000|100%| O|  |TAMS 0x0000000080f00000, 0x0000000080f00000| Untracked 
|  16|0x0000000081000000, 0x0000000081100000, 0x0000000081100000|100%| O|  |TAMS 0x0000000081000000, 0x0000000081000000| Untracked 
|  17|0x0000000081100000, 0x0000000081200000, 0x0000000081200000|100%| O|  |TAMS 0x0000000081100000, 0x0000000081100000| Untracked 
|  18|0x0000000081200000, 0x0000000081300000, 0x0000000081300000|100%| O|  |TAMS 0x0000000081200000, 0x0000000081200000| Untracked 
|  19|0x0000000081300000, 0x0000000081320a00, 0x0000000081400000| 12%| O|  |TAMS 0x0000000081300000, 0x0000000081300000| Untracked 
|  20|0x0000000081400000, 0x0000000081400000, 0x0000000081500000|  0%| F|  |TAMS 0x0000000081400000, 0x0000000081400000| Untracked 
|  21|0x0000000081500000, 0x0000000081500000, 0x0000000081600000|  0%| F|  |TAMS 0x0000000081500000, 0x0000000081500000| Untracked 
|  22|0x0000000081600000, 0x0000000081600000, 0x0000000081700000|  0%| F|  |TAMS 0x0000000081600000, 0x0000000081600000| Untracked 
|  23|0x0000000081700000, 0x0000000081800000, 0x0000000081800000|100%| O|  |TAMS 0x0000000081700000, 0x0000000081700000| Untracked 
|  24|0x0000000081800000, 0x0000000081900000, 0x0000000081900000|100%| O|  |TAMS 0x0000000081800000, 0x0000000081800000| Untracked 
|  25|0x0000000081900000, 0x0000000081a00000, 0x0000000081a00000|100%| O|  |TAMS 0x0000000081900000, 0x0000000081900000| Untracked 
|  26|0x0000000081a00000, 0x0000000081b00000, 0x0000000081b00000|100%| O|  |TAMS 0x0000000081a00000, 0x0000000081a00000| Untracked 
|  27|0x0000000081b00000, 0x0000000081b00000, 0x0000000081c00000|  0%| F|  |TAMS 0x0000000081b00000, 0x0000000081b00000| Untracked 
|  28|0x0000000081c00000, 0x0000000081c00000, 0x0000000081d00000|  0%| F|  |TAMS 0x0000000081c00000, 0x0000000081c00000| Untracked 
|  29|0x0000000081d00000, 0x0000000081d00000, 0x0000000081e00000|  0%| F|  |TAMS 0x0000000081d00000, 0x0000000081d00000| Untracked 
|  30|0x0000000081e00000, 0x0000000081e00000, 0x0000000081f00000|  0%| F|  |TAMS 0x0000000081e00000, 0x0000000081e00000| Untracked 
|  31|0x0000000081f00000, 0x0000000081f00000, 0x0000000082000000|  0%| F|  |TAMS 0x0000000081f00000, 0x0000000081f00000| Untracked 
|  32|0x0000000082000000, 0x0000000082000000, 0x0000000082100000|  0%| F|  |TAMS 0x0000000082000000, 0x0000000082000000| Untracked 
|  33|0x0000000082100000, 0x0000000082100000, 0x0000000082200000|  0%| F|  |TAMS 0x0000000082100000, 0x0000000082100000| Untracked 
|  34|0x0000000082200000, 0x0000000082300000, 0x0000000082300000|100%| O|  |TAMS 0x0000000082200000, 0x0000000082200000| Untracked 
|  35|0x0000000082300000, 0x00000000823b8800, 0x0000000082400000| 72%| O|  |TAMS 0x0000000082300000, 0x0000000082300000| Untracked 
|  36|0x0000000082400000, 0x0000000082400000, 0x0000000082500000|  0%| F|  |TAMS 0x0000000082400000, 0x0000000082400000| Untracked 
|  37|0x0000000082500000, 0x0000000082500000, 0x0000000082600000|  0%| F|  |TAMS 0x0000000082500000, 0x0000000082500000| Untracked 
|  38|0x0000000082600000, 0x0000000082600000, 0x0000000082700000|  0%| F|  |TAMS 0x0000000082600000, 0x0000000082600000| Untracked 
|  39|0x0000000082700000, 0x0000000082700000, 0x0000000082800000|  0%| F|  |TAMS 0x0000000082700000, 0x0000000082700000| Untracked 
|  40|0x0000000082800000, 0x0000000082800000, 0x0000000082900000|  0%| F|  |TAMS 0x0000000082800000, 0x0000000082800000| Untracked 
|  41|0x0000000082900000, 0x0000000082900000, 0x0000000082a00000|  0%| F|  |TAMS 0x0000000082900000, 0x0000000082900000| Untracked 
|  42|0x0000000082a00000, 0x0000000082a00000, 0x0000000082b00000|  0%| F|  |TAMS 0x0000000082a00000, 0x0000000082a00000| Untracked 
|  43|0x0000000082b00000, 0x0000000082c00000, 0x0000000082c00000|100%| S|CS|TAMS 0x0000000082b00000, 0x0000000082b00000| Complete 
|  44|0x0000000082c00000, 0x0000000082d00000, 0x0000000082d00000|100%| S|CS|TAMS 0x0000000082c00000, 0x0000000082c00000| Complete 
|  45|0x0000000082d00000, 0x0000000082e00000, 0x0000000082e00000|100%| S|CS|TAMS 0x0000000082d00000, 0x0000000082d00000| Complete 
|  46|0x0000000082e00000, 0x0000000082f00000, 0x0000000082f00000|100%| S|CS|TAMS 0x0000000082e00000, 0x0000000082e00000| Complete 
|  47|0x0000000082f00000, 0x0000000082f00000, 0x0000000083000000|  0%| F|  |TAMS 0x0000000082f00000, 0x0000000082f00000| Untracked 
|  48|0x0000000083000000, 0x0000000083000000, 0x0000000083100000|  0%| F|  |TAMS 0x0000000083000000, 0x0000000083000000| Untracked 
|  49|0x0000000083100000, 0x0000000083100000, 0x0000000083200000|  0%| F|  |TAMS 0x0000000083100000, 0x0000000083100000| Untracked 
|  50|0x0000000083200000, 0x0000000083200000, 0x0000000083300000|  0%| F|  |TAMS 0x0000000083200000, 0x0000000083200000| Untracked 
|  51|0x0000000083300000, 0x0000000083300000, 0x0000000083400000|  0%| F|  |TAMS 0x0000000083300000, 0x0000000083300000| Untracked 
|  52|0x0000000083400000, 0x0000000083400000, 0x0000000083500000|  0%| F|  |TAMS 0x0000000083400000, 0x0000000083400000| Untracked 
|  53|0x0000000083500000, 0x0000000083500000, 0x0000000083600000|  0%| F|  |TAMS 0x0000000083500000, 0x0000000083500000| Untracked 
|  54|0x0000000083600000, 0x0000000083600000, 0x0000000083700000|  0%| F|  |TAMS 0x0000000083600000, 0x0000000083600000| Untracked 
|  55|0x0000000083700000, 0x0000000083700000, 0x0000000083800000|  0%| F|  |TAMS 0x0000000083700000, 0x0000000083700000| Untracked 
|  56|0x0000000083800000, 0x0000000083800000, 0x0000000083900000|  0%| F|  |TAMS 0x0000000083800000, 0x0000000083800000| Untracked 
|  57|0x0000000083900000, 0x0000000083900000, 0x0000000083a00000|  0%| F|  |TAMS 0x0000000083900000, 0x0000000083900000| Untracked 
|  58|0x0000000083a00000, 0x0000000083a00000, 0x0000000083b00000|  0%| F|  |TAMS 0x0000000083a00000, 0x0000000083a00000| Untracked 
|  59|0x0000000083b00000, 0x0000000083b00000, 0x0000000083c00000|  0%| F|  |TAMS 0x0000000083b00000, 0x0000000083b00000| Untracked 
|  60|0x0000000083c00000, 0x0000000083c00000, 0x0000000083d00000|  0%| F|  |TAMS 0x0000000083c00000, 0x0000000083c00000| Untracked 
|  61|0x0000000083d00000, 0x0000000083d00000, 0x0000000083e00000|  0%| F|  |TAMS 0x0000000083d00000, 0x0000000083d00000| Untracked 
|  62|0x0000000083e00000, 0x0000000083e00000, 0x0000000083f00000|  0%| F|  |TAMS 0x0000000083e00000, 0x0000000083e00000| Untracked 
|  63|0x0000000083f00000, 0x0000000083f00000, 0x0000000084000000|  0%| F|  |TAMS 0x0000000083f00000, 0x0000000083f00000| Untracked 
|  64|0x0000000084000000, 0x0000000084000000, 0x0000000084100000|  0%| F|  |TAMS 0x0000000084000000, 0x0000000084000000| Untracked 
|  65|0x0000000084100000, 0x0000000084100000, 0x0000000084200000|  0%| F|  |TAMS 0x0000000084100000, 0x0000000084100000| Untracked 
|  66|0x0000000084200000, 0x0000000084200000, 0x0000000084300000|  0%| F|  |TAMS 0x0000000084200000, 0x0000000084200000| Untracked 
|  67|0x0000000084300000, 0x0000000084300000, 0x0000000084400000|  0%| F|  |TAMS 0x0000000084300000, 0x0000000084300000| Untracked 
|  68|0x0000000084400000, 0x0000000084400000, 0x0000000084500000|  0%| F|  |TAMS 0x0000000084400000, 0x0000000084400000| Untracked 
|  69|0x0000000084500000, 0x0000000084500000, 0x0000000084600000|  0%| F|  |TAMS 0x0000000084500000, 0x0000000084500000| Untracked 
|  70|0x0000000084600000, 0x0000000084600000, 0x0000000084700000|  0%| F|  |TAMS 0x0000000084600000, 0x0000000084600000| Untracked 
|  71|0x0000000084700000, 0x0000000084700000, 0x0000000084800000|  0%| F|  |TAMS 0x0000000084700000, 0x0000000084700000| Untracked 
|  72|0x0000000084800000, 0x0000000084800000, 0x0000000084900000|  0%| F|  |TAMS 0x0000000084800000, 0x0000000084800000| Untracked 
|  73|0x0000000084900000, 0x0000000084900000, 0x0000000084a00000|  0%| F|  |TAMS 0x0000000084900000, 0x0000000084900000| Untracked 
|  74|0x0000000084a00000, 0x0000000084a00000, 0x0000000084b00000|  0%| F|  |TAMS 0x0000000084a00000, 0x0000000084a00000| Untracked 
|  75|0x0000000084b00000, 0x0000000084b00000, 0x0000000084c00000|  0%| F|  |TAMS 0x0000000084b00000, 0x0000000084b00000| Untracked 
|  76|0x0000000084c00000, 0x0000000084c00000, 0x0000000084d00000|  0%| F|  |TAMS 0x0000000084c00000, 0x0000000084c00000| Untracked 
|  77|0x0000000084d00000, 0x0000000084d00000, 0x0000000084e00000|  0%| F|  |TAMS 0x0000000084d00000, 0x0000000084d00000| Untracked 
|  78|0x0000000084e00000, 0x0000000084e00000, 0x0000000084f00000|  0%| F|  |TAMS 0x0000000084e00000, 0x0000000084e00000| Untracked 
|  92|0x0000000085c00000, 0x0000000085c00000, 0x0000000085d00000|  0%| F|  |TAMS 0x0000000085c00000, 0x0000000085c00000| Untracked 
|  93|0x0000000085d00000, 0x0000000085d80800, 0x0000000085e00000| 50%| E|  |TAMS 0x0000000085d00000, 0x0000000085d00000| Complete 
|  94|0x0000000085e00000, 0x0000000085f00000, 0x0000000085f00000|100%| E|CS|TAMS 0x0000000085e00000, 0x0000000085e00000| Complete 
| 126|0x0000000087e00000, 0x0000000087f00000, 0x0000000087f00000|100%| E|CS|TAMS 0x0000000087e00000, 0x0000000087e00000| Complete 
| 127|0x0000000087f00000, 0x0000000088000000, 0x0000000088000000|100%| E|CS|TAMS 0x0000000087f00000, 0x0000000087f00000| Complete 

Card table byte_map: [0x0000016f70680000,0x0000016f70a80000] _byte_map_base: 0x0000016f70280000

Marking Bits (Prev, Next): (CMBitMap*) 0x0000016f579f6180, (CMBitMap*) 0x0000016f579f6140
 Prev Bits: [0x0000016f72e80000, 0x0000016f74e80000)
 Next Bits: [0x0000016f70e80000, 0x0000016f72e80000)

Polling page: 0x0000016f57190000

Metaspace:

Usage:
  Non-class:     27.98 MB capacity,    27.59 MB ( 99%) used,   355.77 KB (  1%) free+waste,    44.50 KB ( <1%) overhead. 
      Class:      4.42 MB capacity,     4.26 MB ( 96%) used,   144.95 KB (  3%) free+waste,    19.00 KB ( <1%) overhead. 
       Both:     32.41 MB capacity,    31.86 MB ( 98%) used,   500.71 KB (  2%) free+waste,    63.50 KB ( <1%) overhead. 

Virtual space:
  Non-class space:       30.00 MB reserved,      28.17 MB ( 94%) committed 
      Class space:      504.00 MB reserved,       4.50 MB ( <1%) committed 
             Both:      534.00 MB reserved,      32.67 MB (  6%) committed 

Chunk freelists:
   Non-Class:  2.00 KB
       Class:  14.00 KB
        Both:  16.00 KB

MaxMetaspaceSize: 512.00 MB
CompressedClassSpaceSize: 504.00 MB

CodeHeap 'non-profiled nmethods': size=120000Kb used=2397Kb max_used=2397Kb free=117602Kb
 bounds [0x0000016f68d50000, 0x0000016f68fc0000, 0x0000016f70280000]
CodeHeap 'profiled nmethods': size=120000Kb used=7709Kb max_used=7709Kb free=112290Kb
 bounds [0x0000016f61820000, 0x0000016f61fb0000, 0x0000016f68d50000]
CodeHeap 'non-nmethods': size=5760Kb used=2297Kb max_used=2320Kb free=3462Kb
 bounds [0x0000016f61280000, 0x0000016f614f0000, 0x0000016f61820000]
 total_blobs=4588 nmethods=3820 adapters=680
 compilation: enabled
              stopped_count=0, restarted_count=0
 full_count=0

Compilation events (20 events):
Event: 17.653 Thread 0x0000016f77347820 3808       1       java.util.stream.Node::getChildCount (2 bytes)
Event: 17.653 Thread 0x0000016f77347820 nmethod 3808 0x0000016f68fa5390 code [0x0000016f68fa5520, 0x0000016f68fa55d8]
Event: 17.658 Thread 0x0000016f77347820 3810       3       java.lang.String::indexOf (113 bytes)
Event: 17.659 Thread 0x0000016f77347820 nmethod 3810 0x0000016f61f96910 code [0x0000016f61f96b00, 0x0000016f61f97068]
Event: 17.796 Thread 0x0000016f77347820 3817       3       jdk.internal.loader.URLClassPath$JarLoader::validIndex (94 bytes)
Event: 17.798 Thread 0x0000016f77347820 nmethod 3817 0x0000016f61f97210 code [0x0000016f61f974e0, 0x0000016f61f98408]
Event: 17.803 Thread 0x0000016f77347820 3818       3       java.beans.MethodDescriptor::<init> (7 bytes)
Event: 17.803 Thread 0x0000016f77347820 nmethod 3818 0x0000016f61f98990 code [0x0000016f61f98b40, 0x0000016f61f98c68]
Event: 17.804 Thread 0x0000016f77347820 3819  s    3       java.beans.MethodDescriptor::setMethod (41 bytes)
Event: 17.807 Thread 0x0000016f77347820 nmethod 3819 0x0000016f61f98d10 code [0x0000016f61f99060, 0x0000016f61f9a7b8]
Event: 17.807 Thread 0x0000016f77347820 3820  s    3       java.beans.MethodDescriptor::setParams (74 bytes)
Event: 17.808 Thread 0x0000016f77347820 nmethod 3820 0x0000016f61f9ae90 code [0x0000016f61f9b0e0, 0x0000016f61f9bcc8]
Event: 17.813 Thread 0x0000016f77347820 3821       3       java.beans.FeatureDescriptor::addTable (20 bytes)
Event: 17.813 Thread 0x0000016f77347820 nmethod 3821 0x0000016f61f9c010 code [0x0000016f61f9c220, 0x0000016f61f9c768]
Event: 17.815 Thread 0x0000016f77347820 3822       3       java.util.Hashtable$Enumerator::hasNext (5 bytes)
Event: 17.816 Thread 0x0000016f77347820 nmethod 3822 0x0000016f61f9c910 code [0x0000016f61f9cac0, 0x0000016f61f9cbe8]
Event: 17.816 Thread 0x0000016f77347820 3823       3       java.beans.PropertyDescriptor::getPropertyType0 (22 bytes)
Event: 17.816 Thread 0x0000016f77347820 nmethod 3823 0x0000016f61f9cc90 code [0x0000016f61f9ce40, 0x0000016f61f9d168]
Event: 17.845 Thread 0x0000016f77347820 3824       3       java.util.concurrent.locks.AbstractQueuedSynchronizer$Node::setStatusRelaxed (12 bytes)
Event: 17.845 Thread 0x0000016f77347820 nmethod 3824 0x0000016f61f9d290 code [0x0000016f61f9d420, 0x0000016f61f9d538]

GC Heap History (14 events):
Event: 1.099 GC heap before
{Heap before GC invocations=0 (full 0):
 garbage-first heap   total 131072K, used 13312K [0x0000000080000000, 0x0000000100000000)
  region size 1024K, 13 young (13312K), 0 survivors (0K)
 Metaspace       used 1117K, capacity 4857K, committed 5120K, reserved 524288K
  class space    used 90K, capacity 467K, committed 512K, reserved 516096K
}
Event: 1.117 GC heap after
{Heap after GC invocations=1 (full 0):
 garbage-first heap   total 131072K, used 3385K [0x0000000080000000, 0x0000000100000000)
  region size 1024K, 2 young (2048K), 2 survivors (2048K)
 Metaspace       used 1117K, capacity 4857K, committed 5120K, reserved 524288K
  class space    used 90K, capacity 467K, committed 512K, reserved 516096K
}
Event: 2.458 GC heap before
{Heap before GC invocations=1 (full 0):
 garbage-first heap   total 131072K, used 22841K [0x0000000080000000, 0x0000000100000000)
  region size 1024K, 17 young (17408K), 2 survivors (2048K)
 Metaspace       used 3526K, capacity 6160K, committed 6400K, reserved 524288K
  class space    used 429K, capacity 708K, committed 768K, reserved 516096K
}
Event: 2.466 GC heap after
{Heap after GC invocations=2 (full 0):
 garbage-first heap   total 131072K, used 10838K [0x0000000080000000, 0x0000000100000000)
  region size 1024K, 3 young (3072K), 3 survivors (3072K)
 Metaspace       used 3526K, capacity 6160K, committed 6400K, reserved 524288K
  class space    used 429K, capacity 708K, committed 768K, reserved 516096K
}
Event: 3.962 GC heap before
{Heap before GC invocations=2 (full 0):
 garbage-first heap   total 131072K, used 35414K [0x0000000080000000, 0x0000000100000000)
  region size 1024K, 27 young (27648K), 3 survivors (3072K)
 Metaspace       used 4413K, capacity 6739K, committed 7040K, reserved 524288K
  class space    used 526K, capacity 773K, committed 896K, reserved 516096K
}
Event: 3.968 GC heap after
{Heap after GC invocations=3 (full 0):
 garbage-first heap   total 131072K, used 11517K [0x0000000080000000, 0x0000000100000000)
  region size 1024K, 1 young (1024K), 1 survivors (1024K)
 Metaspace       used 4413K, capacity 6739K, committed 7040K, reserved 524288K
  class space    used 526K, capacity 773K, committed 896K, reserved 516096K
}
Event: 8.777 GC heap before
{Heap before GC invocations=3 (full 0):
 garbage-first heap   total 131072K, used 88317K [0x0000000080000000, 0x0000000100000000)
  region size 1024K, 76 young (77824K), 1 survivors (1024K)
 Metaspace       used 16309K, capacity 16711K, committed 16768K, reserved 530432K
  class space    used 2282K, capacity 2414K, committed 2432K, reserved 516096K
}
Event: 8.796 GC heap after
{Heap after GC invocations=4 (full 0):
 garbage-first heap   total 131072K, used 19740K [0x0000000080000000, 0x0000000100000000)
  region size 1024K, 9 young (9216K), 9 survivors (9216K)
 Metaspace       used 16309K, capacity 16711K, committed 16768K, reserved 530432K
  class space    used 2282K, capacity 2414K, committed 2432K, reserved 516096K
}
Event: 11.073 GC heap before
{Heap before GC invocations=4 (full 0):
 garbage-first heap   total 131072K, used 52508K [0x0000000080000000, 0x0000000100000000)
  region size 1024K, 42 young (43008K), 9 survivors (9216K)
 Metaspace       used 20819K, capacity 21166K, committed 21296K, reserved 534528K
  class space    used 2985K, capacity 3129K, committed 3200K, reserved 516096K
}
Event: 11.087 GC heap after
{Heap after GC invocations=5 (full 0):
 garbage-first heap   total 131072K, used 22077K [0x0000000080000000, 0x0000000100000000)
  region size 1024K, 3 young (3072K), 3 survivors (3072K)
 Metaspace       used 20819K, capacity 21166K, committed 21296K, reserved 534528K
  class space    used 2985K, capacity 3129K, committed 3200K, reserved 516096K
}
Event: 15.110 GC heap before
{Heap before GC invocations=6 (full 0):
 garbage-first heap   total 86016K, used 69181K [0x0000000080000000, 0x0000000100000000)
  region size 1024K, 50 young (51200K), 3 survivors (3072K)
 Metaspace       used 29659K, capacity 30164K, committed 30256K, reserved 542720K
  class space    used 4043K, capacity 4187K, committed 4224K, reserved 516096K
}
Event: 15.128 GC heap after
{Heap after GC invocations=7 (full 0):
 garbage-first heap   total 86016K, used 26454K [0x0000000080000000, 0x0000000100000000)
  region size 1024K, 7 young (7168K), 7 survivors (7168K)
 Metaspace       used 29659K, capacity 30164K, committed 30256K, reserved 542720K
  class space    used 4043K, capacity 4187K, committed 4224K, reserved 516096K
}
Event: 17.674 GC heap before
{Heap before GC invocations=7 (full 0):
 garbage-first heap   total 86016K, used 66390K [0x0000000080000000, 0x0000000100000000)
  region size 1024K, 44 young (45056K), 7 survivors (7168K)
 Metaspace       used 32554K, capacity 33112K, committed 33200K, reserved 544768K
  class space    used 4356K, capacity 4526K, committed 4608K, reserved 516096K
}
Event: 17.693 GC heap after
{Heap after GC invocations=8 (full 0):
 garbage-first heap   total 86016K, used 29540K [0x0000000080000000, 0x0000000100000000)
  region size 1024K, 4 young (4096K), 4 survivors (4096K)
 Metaspace       used 32554K, capacity 33112K, committed 33200K, reserved 544768K
  class space    used 4356K, capacity 4526K, committed 4608K, reserved 516096K
}

Deoptimization events (20 events):
Event: 17.286 Thread 0x0000016f7a138a30 Uncommon trap: trap_request=0xffffffde fr.pc=0x0000016f68f4342c relative=0x00000000000004cc
Event: 17.286 Thread 0x0000016f7a138a30 Uncommon trap: reason=class_check action=maybe_recompile pc=0x0000016f68f4342c method=java.util.regex.Pattern$Start.match(Ljava/util/regex/Matcher;ILjava/lang/CharSequence;)Z @ 44 c2
Event: 17.286 Thread 0x0000016f7a138a30 DEOPT PACKING pc=0x0000016f68f4342c sp=0x00000050733f97a0
Event: 17.286 Thread 0x0000016f7a138a30 DEOPT UNPACKING pc=0x0000016f612ce42f sp=0x00000050733f9668 mode 2
Event: 17.450 Thread 0x0000016f7a138a30 Uncommon trap: trap_request=0xffffffcc fr.pc=0x0000016f68f98874 relative=0x0000000000001334
Event: 17.450 Thread 0x0000016f7a138a30 Uncommon trap: reason=intrinsic_or_type_checked_inlining action=make_not_entrant pc=0x0000016f68f98874 method=java.util.ArrayList.toArray([Ljava/lang/Object;)[Ljava/lang/Object; @ 36 c2
Event: 17.450 Thread 0x0000016f7a138a30 DEOPT PACKING pc=0x0000016f68f98874 sp=0x00000050733f9f30
Event: 17.450 Thread 0x0000016f7a138a30 DEOPT UNPACKING pc=0x0000016f612ce42f sp=0x00000050733f9e80 mode 2
Event: 17.522 Thread 0x0000016f7adcdaf0 Uncommon trap: trap_request=0xffffffbe fr.pc=0x0000016f68f302ec relative=0x000000000000050c
Event: 17.522 Thread 0x0000016f7adcdaf0 Uncommon trap: reason=profile_predicate action=maybe_recompile pc=0x0000016f68f302ec method=java.util.stream.ReferencePipeline.forEachWithCancel(Ljava/util/Spliterator;Ljava/util/stream/Sink;)Z @ 8 c2
Event: 17.522 Thread 0x0000016f7adcdaf0 DEOPT PACKING pc=0x0000016f68f302ec sp=0x0000005072efef00
Event: 17.522 Thread 0x0000016f7adcdaf0 DEOPT UNPACKING pc=0x0000016f612ce42f sp=0x0000005072efeea0 mode 2
Event: 17.599 Thread 0x0000016f7a138a30 Uncommon trap: trap_request=0xffffff45 fr.pc=0x0000016f68f70010 relative=0x0000000000005dd0
Event: 17.599 Thread 0x0000016f7a138a30 Uncommon trap: reason=unstable_if action=reinterpret pc=0x0000016f68f70010 method=java.net.URLClassLoader.defineClass(Ljava/lang/String;Ljdk/internal/loader/Resource;)Ljava/lang/Class; @ 21 c2
Event: 17.599 Thread 0x0000016f7a138a30 DEOPT PACKING pc=0x0000016f68f70010 sp=0x00000050733f9630
Event: 17.599 Thread 0x0000016f7a138a30 DEOPT UNPACKING pc=0x0000016f612ce42f sp=0x00000050733f9558 mode 2
Event: 17.823 Thread 0x0000016f7a138a30 Uncommon trap: trap_request=0xffffff45 fr.pc=0x0000016f68f85ae0 relative=0x0000000000005da0
Event: 17.823 Thread 0x0000016f7a138a30 Uncommon trap: reason=unstable_if action=reinterpret pc=0x0000016f68f85ae0 method=java.net.URLClassLoader.defineClass(Ljava/lang/String;Ljdk/internal/loader/Resource;)Ljava/lang/Class; @ 21 c2
Event: 17.823 Thread 0x0000016f7a138a30 DEOPT PACKING pc=0x0000016f68f85ae0 sp=0x00000050733f8c40
Event: 17.823 Thread 0x0000016f7a138a30 DEOPT UNPACKING pc=0x0000016f612ce42f sp=0x00000050733f8bc8 mode 2

Classes unloaded (0 events):
No events

Classes redefined (0 events):
No events

Internal exceptions (20 events):
Event: 16.818 Thread 0x0000016f7a138a30 Exception <a 'java/lang/ClassNotFoundException'{0x0000000083c919a0}: org/gradle/initialization/DefaultSettings_DecoratedBeanInfo> (0x0000000083c919a0) 
thrown [./src/hotspot/share/classfile/systemDictionary.cpp, line 295]
Event: 16.819 Thread 0x0000016f7a138a30 Exception <a 'java/lang/ClassNotFoundException'{0x0000000083ca1040}: org/gradle/initialization/DefaultSettingsBeanInfo> (0x0000000083ca1040) 
thrown [./src/hotspot/share/classfile/systemDictionary.cpp, line 295]
Event: 16.820 Thread 0x0000016f7a138a30 Exception <a 'java/lang/ClassNotFoundException'{0x0000000083cb1028}: org/gradle/api/internal/project/AbstractPluginAwareBeanInfo> (0x0000000083cb1028) 
thrown [./src/hotspot/share/classfile/systemDictionary.cpp, line 295]
Event: 16.822 Thread 0x0000016f7a138a30 Exception <a 'java/lang/ClassNotFoundException'{0x0000000083cc0df0}: org/gradle/api/internal/project/AbstractPluginAwareCustomizer> (0x0000000083cc0df0) 
thrown [./src/hotspot/share/classfile/systemDictionary.cpp, line 295]
Event: 16.824 Thread 0x0000016f7a138a30 Exception <a 'java/lang/ClassNotFoundException'{0x0000000083cd6290}: org/gradle/initialization/DefaultSettingsCustomizer> (0x0000000083cd6290) 
thrown [./src/hotspot/share/classfile/systemDictionary.cpp, line 295]
Event: 16.954 Thread 0x0000016f7a138a30 Exception <a 'java/lang/ClassNotFoundException'{0x0000000083b17de0}: org/gradle/initialization/DefaultSettings_DecoratedCustomizer> (0x0000000083b17de0) 
thrown [./src/hotspot/share/classfile/systemDictionary.cpp, line 295]
Event: 16.970 Thread 0x0000016f7a138a30 Exception <a 'java/lang/ClassNotFoundException'{0x0000000083bb4420}: org/gradle/initialization/DefaultProjectDescriptorBeanInfo> (0x0000000083bb4420) 
thrown [./src/hotspot/share/classfile/systemDictionary.cpp, line 295]
Event: 16.971 Thread 0x0000016f7a138a30 Exception <a 'java/lang/ClassNotFoundException'{0x0000000083bc2910}: org/gradle/initialization/DefaultProjectDescriptorCustomizer> (0x0000000083bc2910) 
thrown [./src/hotspot/share/classfile/systemDictionary.cpp, line 295]
Event: 17.284 Thread 0x0000016f7a138a30 Exception <a 'java/lang/ClassNotFoundException'{0x00000000838741a0}: org/gradle/api/internal/plugins/DefaultObjectConfigurationActionBeanInfo> (0x00000000838741a0) 
thrown [./src/hotspot/share/classfile/systemDictionary.cpp, line 295]
Event: 17.285 Thread 0x0000016f7a138a30 Exception <a 'java/lang/ClassNotFoundException'{0x0000000083882960}: org/gradle/api/internal/plugins/DefaultObjectConfigurationActionCustomizer> (0x0000000083882960) 
thrown [./src/hotspot/share/classfile/systemDictionary.cpp, line 295]
Event: 17.607 Thread 0x0000016f7a138a30 Exception <a 'java/lang/ClassNotFoundException'{0x0000000083496ea0}: native_modules_b9zdb8yt93dle2hpieyeyxvt8BeanInfo> (0x0000000083496ea0) 
thrown [./src/hotspot/share/classfile/systemDictionary.cpp, line 295]
Event: 17.608 Thread 0x0000016f7a138a30 Exception <a 'java/lang/ClassNotFoundException'{0x000000008349d340}: native_modules_b9zdb8yt93dle2hpieyeyxvt8Customizer> (0x000000008349d340) 
thrown [./src/hotspot/share/classfile/systemDictionary.cpp, line 295]
Event: 17.616 Thread 0x0000016f7a138a30 Exception <a 'java/lang/ClassNotFoundException'{0x00000000834e64e8}: groovy/lang/ReferenceBeanInfo> (0x00000000834e64e8) 
thrown [./src/hotspot/share/classfile/systemDictionary.cpp, line 295]
Event: 17.618 Thread 0x0000016f7a138a30 Exception <a 'java/lang/ClassNotFoundException'{0x0000000083315a18}: groovy/lang/ReferenceCustomizer> (0x0000000083315a18) 
thrown [./src/hotspot/share/classfile/systemDictionary.cpp, line 295]
Event: 17.625 Thread 0x0000016f7a138a30 Exception <a 'java/lang/ClassNotFoundException'{0x00000000833c72a0}: groovy/lang/GString$1BeanInfo> (0x00000000833c72a0) 
thrown [./src/hotspot/share/classfile/systemDictionary.cpp, line 295]
Event: 17.627 Thread 0x0000016f7a138a30 Exception <a 'java/lang/ClassNotFoundException'{0x00000000833eaf78}: groovy/lang/GStringBeanInfo> (0x00000000833eaf78) 
thrown [./src/hotspot/share/classfile/systemDictionary.cpp, line 295]
Event: 17.628 Thread 0x0000016f7a138a30 Exception <a 'java/lang/ClassNotFoundException'{0x000000008320f0f0}: groovy/lang/GStringCustomizer> (0x000000008320f0f0) 
thrown [./src/hotspot/share/classfile/systemDictionary.cpp, line 295]
Event: 17.646 Thread 0x0000016f7a138a30 Exception <a 'java/lang/ClassNotFoundException'{0x000000008323caf8}: groovy/lang/GString$1Customizer> (0x000000008323caf8) 
thrown [./src/hotspot/share/classfile/systemDictionary.cpp, line 295]
Event: 17.672 Thread 0x0000016f7a138a30 Exception <a 'java/lang/ClassNotFoundException'{0x0000000082fc4798}: org/codehaus/groovy/runtime/GStringImplBeanInfo> (0x0000000082fc4798) 
thrown [./src/hotspot/share/classfile/systemDictionary.cpp, line 295]
Event: 17.802 Thread 0x0000016f7a138a30 Exception <a 'java/lang/ClassNotFoundException'{0x0000000085e4f320}: org/codehaus/groovy/runtime/GStringImplCustomizer> (0x0000000085e4f320) 
thrown [./src/hotspot/share/classfile/systemDictionary.cpp, line 295]

Events (20 events):
Event: 17.340 loading class java/security/cert/CertificateException done
Event: 17.340 loading class java/security/cert/CertificateParsingException done
Event: 17.340 loading class javax/naming/NamingException
Event: 17.341 loading class javax/naming/NamingException done
Event: 17.341 loading class javax/naming/InvalidNameException
Event: 17.341 loading class javax/naming/InvalidNameException done
Event: 17.467 Thread 0x0000016f7808ed40 Thread added: 0x0000016f7808ed40
Event: 17.568 Thread 0x0000016f7808a040 Thread added: 0x0000016f7808a040
Event: 17.646 loading class com/sun/beans/finder/MethodFinder
Event: 17.647 loading class com/sun/beans/finder/AbstractFinder
Event: 17.648 loading class com/sun/beans/finder/AbstractFinder done
Event: 17.648 loading class com/sun/beans/finder/MethodFinder done
Event: 17.648 loading class com/sun/beans/finder/MethodFinder$1
Event: 17.648 loading class com/sun/beans/finder/MethodFinder$1 done
Event: 17.648 loading class com/sun/beans/finder/FinderUtils
Event: 17.648 loading class com/sun/beans/finder/FinderUtils done
Event: 17.674 Executing VM operation: G1CollectForAllocation
Event: 17.694 Executing VM operation: G1CollectForAllocation done
Event: 17.694 Executing VM operation: HandshakeAllThreads
Event: 17.694 Executing VM operation: HandshakeAllThreads done


Dynamic libraries:
0x00007ff770820000 - 0x00007ff77082d000 	C:\Program Files\BellSoft\LibericaJDK-15-Full\bin\java.exe
0x00007ff878830000 - 0x00007ff878a28000 	C:\WINDOWS\SYSTEM32\ntdll.dll
0x00007ff876890000 - 0x00007ff87694d000 	C:\WINDOWS\System32\KERNEL32.DLL
0x00007ff8762e0000 - 0x00007ff8765d6000 	C:\WINDOWS\System32\KERNELBASE.dll
0x00007ff875f80000 - 0x00007ff876080000 	C:\WINDOWS\System32\ucrtbase.dll
0x00007ff86f6d0000 - 0x00007ff86f6e8000 	C:\Program Files\BellSoft\LibericaJDK-15-Full\bin\jli.dll
0x00007ff86f6b0000 - 0x00007ff86f6c5000 	C:\Program Files\BellSoft\LibericaJDK-15-Full\bin\VCRUNTIME140.dll
0x00007ff877b50000 - 0x00007ff877cee000 	C:\WINDOWS\System32\USER32.dll
0x00007ff876700000 - 0x00007ff876722000 	C:\WINDOWS\System32\win32u.dll
0x00007ff862e70000 - 0x00007ff86310a000 	C:\WINDOWS\WinSxS\amd64_microsoft.windows.common-controls_6595b64144ccf1df_6.0.19041.3636_none_60b6a03d71f818d5\COMCTL32.dll
0x00007ff8787c0000 - 0x00007ff8787ec000 	C:\WINDOWS\System32\GDI32.dll
0x00007ff877ea0000 - 0x00007ff877f3e000 	C:\WINDOWS\System32\msvcrt.dll
0x00007ff8765e0000 - 0x00007ff8766fa000 	C:\WINDOWS\System32\gdi32full.dll
0x00007ff876240000 - 0x00007ff8762dd000 	C:\WINDOWS\System32\msvcp_win.dll
0x00007ff877b20000 - 0x00007ff877b50000 	C:\WINDOWS\System32\IMM32.DLL
0x00007ff865680000 - 0x00007ff86571b000 	C:\Program Files\BellSoft\LibericaJDK-15-Full\bin\msvcp140.dll
0x00007ff840240000 - 0x00007ff840dd0000 	C:\Program Files\BellSoft\LibericaJDK-15-Full\bin\server\jvm.dll
0x00007ff877850000 - 0x00007ff8778ff000 	C:\WINDOWS\System32\ADVAPI32.dll
0x00007ff876d70000 - 0x00007ff876e0c000 	C:\WINDOWS\System32\sechost.dll
0x00007ff8772e0000 - 0x00007ff877406000 	C:\WINDOWS\System32\RPCRT4.dll
0x00007ff877ab0000 - 0x00007ff877ab8000 	C:\WINDOWS\System32\PSAPI.DLL
0x00007ff873740000 - 0x00007ff873749000 	C:\WINDOWS\SYSTEM32\WSOCK32.dll
0x00007ff877410000 - 0x00007ff87747b000 	C:\WINDOWS\System32\WS2_32.dll
0x00007ff873780000 - 0x00007ff8737a7000 	C:\WINDOWS\SYSTEM32\WINMM.dll
0x00007ff867460000 - 0x00007ff86746a000 	C:\WINDOWS\SYSTEM32\VERSION.dll
0x00007ff873dd0000 - 0x00007ff873de2000 	C:\WINDOWS\SYSTEM32\kernel.appcore.dll
0x00007ff86f4a0000 - 0x00007ff86f4aa000 	C:\Program Files\BellSoft\LibericaJDK-15-Full\bin\jimage.dll
0x00007ff85f710000 - 0x00007ff85f8f4000 	C:\WINDOWS\SYSTEM32\DBGHELP.DLL
0x00007ff85f6d0000 - 0x00007ff85f704000 	C:\WINDOWS\SYSTEM32\dbgcore.DLL
0x00007ff8761b0000 - 0x00007ff876232000 	C:\WINDOWS\System32\bcryptPrimitives.dll
0x00007ff86dee0000 - 0x00007ff86df05000 	C:\Program Files\BellSoft\LibericaJDK-15-Full\bin\java.dll
0x00007ff877f40000 - 0x00007ff878685000 	C:\WINDOWS\System32\SHELL32.dll
0x00007ff873fd0000 - 0x00007ff87476b000 	C:\WINDOWS\SYSTEM32\windows.storage.dll
0x00007ff8774f0000 - 0x00007ff877844000 	C:\WINDOWS\System32\combase.dll
0x00007ff875950000 - 0x00007ff87597d000 	C:\WINDOWS\SYSTEM32\Wldp.dll
0x00007ff876c10000 - 0x00007ff876cbd000 	C:\WINDOWS\System32\SHCORE.dll
0x00007ff877490000 - 0x00007ff8774e5000 	C:\WINDOWS\System32\shlwapi.dll
0x00007ff875e40000 - 0x00007ff875e65000 	C:\WINDOWS\SYSTEM32\profapi.dll
0x00007ff865b40000 - 0x00007ff865b59000 	C:\Program Files\BellSoft\LibericaJDK-15-Full\bin\net.dll
0x00007ff867a90000 - 0x00007ff867b9a000 	C:\WINDOWS\SYSTEM32\WINHTTP.dll
0x00007ff8756b0000 - 0x00007ff87571a000 	C:\WINDOWS\system32\mswsock.dll
0x00007ff865760000 - 0x00007ff865772000 	C:\Program Files\BellSoft\LibericaJDK-15-Full\bin\nio.dll
0x00007ff865740000 - 0x00007ff865758000 	C:\Program Files\BellSoft\LibericaJDK-15-Full\bin\zip.dll
0x00007ff86f490000 - 0x00007ff86f4a0000 	C:\Program Files\BellSoft\LibericaJDK-15-Full\bin\verify.dll
0x00007ff865650000 - 0x00007ff865677000 	C:\Users\Amirull Azmi.DESKTOP-91E5MKF\.gradle\native\68d5fa5c4cc2d200863cafc0d521ce42e7d3e7ee720ec0a83991735586a16f82\windows-amd64\native-platform.dll
0x00007ff859440000 - 0x00007ff859584000 	C:\Users\Amirull Azmi.DESKTOP-91E5MKF\.gradle\native\e376f236ea51e6404a007f0833ffe2c6e607c4080706a723a18a27aeea778392\windows-amd64\native-platform-file-events.dll
0x00007ff867280000 - 0x00007ff867289000 	C:\Program Files\BellSoft\LibericaJDK-15-Full\bin\management.dll
0x00007ff8671f0000 - 0x00007ff8671fb000 	C:\Program Files\BellSoft\LibericaJDK-15-Full\bin\management_ext.dll
0x00007ff8758a0000 - 0x00007ff8758b8000 	C:\WINDOWS\SYSTEM32\CRYPTSP.dll
0x00007ff874f10000 - 0x00007ff874f44000 	C:\WINDOWS\system32\rsaenh.dll
0x00007ff876180000 - 0x00007ff8761a7000 	C:\WINDOWS\System32\bcrypt.dll
0x00007ff875e00000 - 0x00007ff875e2e000 	C:\WINDOWS\SYSTEM32\USERENV.dll
0x00007ff8758c0000 - 0x00007ff8758cc000 	C:\WINDOWS\SYSTEM32\CRYPTBASE.dll
0x00007ff875350000 - 0x00007ff87538b000 	C:\WINDOWS\SYSTEM32\IPHLPAPI.DLL
0x00007ff8787b0000 - 0x00007ff8787b8000 	C:\WINDOWS\System32\NSI.dll
0x00007ff86b740000 - 0x00007ff86b757000 	C:\WINDOWS\SYSTEM32\dhcpcsvc6.DLL
0x00007ff86bca0000 - 0x00007ff86bcbd000 	C:\WINDOWS\SYSTEM32\dhcpcsvc.DLL
0x00007ff8753a0000 - 0x00007ff87546a000 	C:\WINDOWS\SYSTEM32\DNSAPI.dll

dbghelp: loaded successfully - version: 4.0.5 - missing functions: none
symbol engine: initialized successfully - sym options: 0x614 - pdb path: .;C:\Program Files\BellSoft\LibericaJDK-15-Full\bin;C:\WINDOWS\SYSTEM32;C:\WINDOWS\WinSxS\amd64_microsoft.windows.common-controls_6595b64144ccf1df_6.0.19041.3636_none_60b6a03d71f818d5;C:\Program Files\BellSoft\LibericaJDK-15-Full\bin\server;C:\Users\Amirull Azmi.DESKTOP-91E5MKF\.gradle\native\68d5fa5c4cc2d200863cafc0d521ce42e7d3e7ee720ec0a83991735586a16f82\windows-amd64;C:\Users\Amirull Azmi.DESKTOP-91E5MKF\.gradle\native\e376f236ea51e6404a007f0833ffe2c6e607c4080706a723a18a27aeea778392\windows-amd64

VM Arguments:
jvm_args: -XX:MaxMetaspaceSize=512m --add-opens=java.base/java.util=ALL-UNNAMED --add-opens=java.base/java.lang=ALL-UNNAMED --add-opens=java.base/java.lang.invoke=ALL-UNNAMED --add-opens=java.prefs/java.util.prefs=ALL-UNNAMED --add-opens=java.base/java.nio.charset=ALL-UNNAMED --add-opens=java.base/java.net=ALL-UNNAMED --add-opens=java.base/java.util.concurrent.atomic=ALL-UNNAMED -Xmx2048m -Dfile.encoding=windows-1252 -Duser.country=ID -Duser.language=en -Duser.variant 
java_command: org.gradle.launcher.daemon.bootstrap.GradleDaemon 8.0.1
java_class_path (initial): C:\Users\Amirull Azmi.DESKTOP-91E5MKF\.gradle\wrapper\dists\gradle-8.0.1-all\aro4hu1c3oeioove7l0i4i14o\gradle-8.0.1\lib\gradle-launcher-8.0.1.jar
Launcher Type: SUN_STANDARD

[Global flags]
     intx CICompilerCount                          = 3                                         {product} {ergonomic}
   size_t CompressedClassSpaceSize                 = 528482304                                 {product} {ergonomic}
     uint ConcGCThreads                            = 1                                         {product} {ergonomic}
     uint G1ConcRefinementThreads                  = 4                                         {product} {ergonomic}
   size_t G1HeapRegionSize                         = 1048576                                   {product} {ergonomic}
    uintx GCDrainStackTargetSize                   = 64                                        {product} {ergonomic}
   size_t InitialHeapSize                          = 134217728                                 {product} {ergonomic}
   size_t MarkStackSize                            = 4194304                                   {product} {ergonomic}
   size_t MaxHeapSize                              = 2147483648                                {product} {command line}
   size_t MaxMetaspaceSize                         = 536870912                                 {product} {command line}
   size_t MaxNewSize                               = 1287651328                                {product} {ergonomic}
   size_t MinHeapDeltaBytes                        = 1048576                                   {product} {ergonomic}
   size_t MinHeapSize                              = 8388608                                   {product} {ergonomic}
    uintx NonNMethodCodeHeapSize                   = 5832780                                {pd product} {ergonomic}
    uintx NonProfiledCodeHeapSize                  = 122912730                              {pd product} {ergonomic}
    uintx ProfiledCodeHeapSize                     = 122912730                              {pd product} {ergonomic}
    uintx ReservedCodeCacheSize                    = 251658240                              {pd product} {ergonomic}
     bool SegmentedCodeCache                       = true                                      {product} {ergonomic}
   size_t SoftMaxHeapSize                          = 2147483648                             {manageable} {ergonomic}
     bool UseCompressedClassPointers               = true                                 {lp64_product} {ergonomic}
     bool UseCompressedOops                        = true                                 {lp64_product} {ergonomic}
     bool UseG1GC                                  = true                                      {product} {ergonomic}
     bool UseLargePagesIndividualAllocation        = false                                  {pd product} {ergonomic}

Logging:
Log output configuration:
 #0: stdout all=warning uptime,level,tags
 #1: stderr all=off uptime,level,tags

Environment Variables:
JAVA_HOME=C:\Program Files\BellSoft\LibericaJDK-15-Full\
CLASSPATH=C:\Users\Amirull Azmi.DESKTOP-91E5MKF\Documents\WEB PROJECT\WeonAndroid\android\\gradle\wrapper\gradle-wrapper.jar
PATH=C:\Users\Amirull Azmi.DESKTOP-91E5MKF\Documents\WEB PROJECT\WeonAndroid\node_modules\.bin;C:\Users\Amirull Azmi.DESKTOP-91E5MKF\Documents\WEB PROJECT\WeonAndroid\node_modules\.bin;C:\Users\Amirull Azmi.DESKTOP-91E5MKF\Documents\WEB PROJECT\node_modules\.bin;C:\Users\Amirull Azmi.DESKTOP-91E5MKF\Documents\node_modules\.bin;C:\Users\Amirull Azmi.DESKTOP-91E5MKF\node_modules\.bin;C:\Users\node_modules\.bin;C:\node_modules\.bin;C:\Users\Amirull Azmi.DESKTOP-91E5MKF\AppData\Roaming\npm\node_modules\npm\node_modules\@npmcli\run-script\lib\node-gyp-bin;C:\Users\Amirull Azmi.DESKTOP-91E5MKF\Documents\WEB PROJECT\WeonAndroid\node_modules\.bin;C:\Users\Amirull Azmi.DESKTOP-91E5MKF\Documents\WEB PROJECT\WeonAndroid\node_modules\.bin;C:\Users\Amirull Azmi.DESKTOP-91E5MKF\Documents\WEB PROJECT\node_modules\.bin;C:\Users\Amirull Azmi.DESKTOP-91E5MKF\Documents\node_modules\.bin;C:\Users\Amirull Azmi.DESKTOP-91E5MKF\node_modules\.bin;C:\Users\node_modules\.bin;C:\node_modules\.bin;C:\Users\Amirull Azmi.DESKTOP-91E5MKF\AppData\Roaming\npm\node_modules\npm\node_modules\@npmcli\run-script\lib\node-gyp-bin;C:\Program Files\BellSoft\LibericaJDK-15-Full\bin\;C:\Python312\Scripts\;C:\Python312\;C:\Python311\Scripts\;C:\Python311\;C:\Program Files\Microsoft\jdk-11.0.18.10-hotspot\bin;C:\WINDOWS\system32;C:\WINDOWS;C:\WINDOWS\System32\Wbem;C:\WINDOWS\System32\WindowsPowerShell\v1.0\;C:\WINDOWS\System32\OpenSSH\;C:\xampp\php;C:\ProgramData\ComposerSetup\bin;C:\Program Files\Git\cmd;C:\ProgramData\chocolatey\bin;C:\Program Files (x86)\Bitvise SSH Client;C:\Program Files\PuTTY\;C:\Program Files\nodejs\;C:\Users\Amirull Azmi.DESKTOP-91E5MKF\AppData\Local\Microsoft\WindowsApps;C:\Users\Amirull Azmi.DESKTOP-91E5MKF\AppData\Local\Programs\Microsoft VS Code\bin;C:\Users\Amirull Azmi.DESKTOP-91E5MKF\AppData\Roaming\Composer\vendor\bin;C:\Android\platform-tools;C:\Users\Amirull Azmi.DESKTOP-91E5MKF\AppData\Roaming\npm
USERNAME=Amirull Azmi
LANG=en_US.UTF-8
OS=Windows_NT
PROCESSOR_IDENTIFIER=Intel64 Family 6 Model 78 Stepping 3, GenuineIntel



---------------  S Y S T E M  ---------------

OS:
 Windows 10 , 64 bit Build 19041 (10.0.19041.3636)
OS uptime: 3 days 21:28 hours

CPU: total 4 (initial active 4) (2 cores per cpu, 2 threads per core) family 6 model 78 stepping 3 microcode 0xcc, cmov, cx8, fxsr, mmx, sse, sse2, sse3, ssse3, sse4.1, sse4.2, popcnt, vzeroupper, avx, avx2, aes, clmul, erms, 3dnowpref, lzcnt, ht, tsc, tscinvbit, bmi1, bmi2, adx, fma, clflush, clflushopt

Memory: 4k page, system-wide physical 8066M (350M free)
TotalPageFile size 10114M (AvailPageFile size 0M)
current process WorkingSet (physical memory assigned to process): 231M, peak: 231M
current process commit charge ("private bytes"): 268M, peak: 297M

vm_info: OpenJDK 64-Bit Server VM (15.0.2+10) for windows-amd64 JRE (15.0.2+10), built on Jan 21 2021 08:07:14 by "" with MS VC++ 15.9 (VS2017)

END.
