#
# There is insufficient memory for the Java Runtime Environment to continue.
# Native memory allocation (malloc) failed to allocate 1048576 bytes for AllocateHeap
# Possible reasons:
#   The system is out of physical RAM or swap space
#   The process is running with CompressedOops enabled, and the Java Heap may be blocking the growth of the native heap
# Possible solutions:
#   Reduce memory load on the system
#   Increase physical memory or swap space
#   Check if swap backing store is full
#   Decrease Java heap size (-Xmx/-Xms)
#   Decrease number of Java threads
#   Decrease Java thread stack sizes (-Xss)
#   Set larger code cache with -XX:ReservedCodeCacheSize=
#   JVM is running with Unscaled Compressed Oops mode in which the Java heap is
#     placed in the first 4GB address space. The Java Heap base address is the
#     maximum limit for the native heap growth. Please use -XX:HeapBaseMinAddress
#     to set the Java Heap base and to place the Java Heap above 4GB virtual address.
# This output file may be truncated or incomplete.
#
#  Out of Memory Error (./src/hotspot/share/memory/allocation.cpp:44), pid=240, tid=7040
#
# JRE version: OpenJDK Runtime Environment (15.0.2+10) (build 15.0.2+10)
# Java VM: OpenJDK 64-Bit Server VM (15.0.2+10, mixed mode, sharing, tiered, compressed oops, g1 gc, windows-amd64)
# No core dump will be written. Minidumps are not enabled by default on client versions of Windows
#

---------------  S U M M A R Y ------------

Command Line: -Xmx64m -Xms64m -Dorg.gradle.appname=gradlew org.gradle.wrapper.GradleWrapperMain app:installDebug -PreactNativeDevServerPort=8081

Host: Intel(R) Core(TM) i3-6006U CPU @ 2.00GHz, 4 cores, 7G,  Windows 10 , 64 bit Build 19041 (10.0.19041.3636)
Time: Tue Dec 26 15:19:46 2023 SE Asia Standard Time elapsed time: 25.062116 seconds (0d 0h 0m 25s)

---------------  T H R E A D  ---------------

Current thread (0x000002628797a800):  VMThread "VM Thread" [stack: 0x000000da4c400000,0x000000da4c500000] [id=7040]

Stack: [0x000000da4c400000,0x000000da4c500000]
[error occurred during error reporting (printing stack bounds), id 0xc0000005, EXCEPTION_ACCESS_VIOLATION (0xc0000005) at pc=0x00000262911710ad]

Native frames: (J=compiled Java code, j=interpreted, Vv=VM code, C=native code)
V  [jvm.dll+0x5f7a0a]
V  [jvm.dll+0x796fb9]
V  [jvm.dll+0x798713]
V  [jvm.dll+0x798cc5]
V  [jvm.dll+0x798c7b]
V  [jvm.dll+0x5f6e2f]
V  [jvm.dll+0x5f75f8]
C  [ntdll.dll+0xa23af]
C  [ntdll.dll+0x514b4]
C  [ntdll.dll+0xa0ebe]
C  0x00000262911710ad

VM_Operation (0x000000da4befa540): CollectForMetadataAllocation, mode: safepoint, requested by thread 0x000002628789f7d0


---------------  P R O C E S S  ---------------

Threads class SMR info:
_java_thread_list=0x00000262a32cebc0, length=14, elements={
0x000002628789f7d0, 0x000002628797e090, 0x00000262a2fce3a0, 0x00000262a2feda00,
0x00000262a2ff14d0, 0x00000262a2ff1f80, 0x00000262a2ff2e10, 0x00000262a2ff39b0,
0x00000262a3004c80, 0x00000262a326ba80, 0x00000262a32934f0, 0x00000262a3292b50,
0x00000262a3293020, 0x00000262a3294d00
}

Java Threads: ( => current thread )
  0x000002628789f7d0 JavaThread "main" [_thread_blocked, id=12656, stack(0x000000da4be00000,0x000000da4bf00000)]
  0x000002628797e090 JavaThread "Reference Handler" daemon [_thread_blocked, id=12044, stack(0x000000da4c500000,0x000000da4c600000)]
  0x00000262a2fce3a0 JavaThread "Finalizer" daemon [_thread_blocked, id=6508, stack(0x000000da4c600000,0x000000da4c700000)]
  0x00000262a2feda00 JavaThread "Signal Dispatcher" daemon [_thread_blocked, id=2624, stack(0x000000da4c700000,0x000000da4c800000)]
  0x00000262a2ff14d0 JavaThread "Attach Listener" daemon [_thread_blocked, id=5888, stack(0x000000da4c800000,0x000000da4c900000)]
  0x00000262a2ff1f80 JavaThread "Service Thread" daemon [_thread_blocked, id=12576, stack(0x000000da4c900000,0x000000da4ca00000)]
  0x00000262a2ff2e10 JavaThread "C2 CompilerThread0" daemon [_thread_blocked, id=9928, stack(0x000000da4ca00000,0x000000da4cb00000)]
  0x00000262a2ff39b0 JavaThread "C1 CompilerThread0" daemon [_thread_blocked, id=7880, stack(0x000000da4cb00000,0x000000da4cc00000)]
  0x00000262a3004c80 JavaThread "Sweeper thread" daemon [_thread_blocked, id=3600, stack(0x000000da4cc00000,0x000000da4cd00000)]
  0x00000262a326ba80 JavaThread "Notification Thread" daemon [_thread_blocked, id=10472, stack(0x000000da4cd00000,0x000000da4ce00000)]
  0x00000262a32934f0 JavaThread "Common-Cleaner" daemon [_thread_blocked, id=11680, stack(0x000000da4cf00000,0x000000da4d000000)]
  0x00000262a3292b50 JavaThread "pool-1-thread-1" [_thread_blocked, id=9952, stack(0x000000da4d100000,0x000000da4d200000)]
  0x00000262a3293020 JavaThread "DisconnectableInputStream source reader" daemon [_thread_in_native, id=8552, stack(0x000000da4d500000,0x000000da4d600000)]
  0x00000262a3294d00 JavaThread "Forward input" [_thread_blocked, id=6380, stack(0x000000da4d600000,0x000000da4d700000)]

Other Threads:
=>0x000002628797a800 VMThread "VM Thread" [stack: 0x000000da4c400000,0x000000da4c500000] [id=7040]
  0x00000262a327bf30 WatcherThread [stack: 0x000000da4ce00000,0x000000da4cf00000] [id=12168]
  0x00000262878c0fe0 GCTaskThread "GC Thread#0" [stack: 0x000000da4bf00000,0x000000da4c000000] [id=3448]
  0x00000262a3227810 GCTaskThread "GC Thread#1" [stack: 0x000000da4d000000,0x000000da4d100000] [id=10624]
  0x00000262a3227e70 GCTaskThread "GC Thread#2" [stack: 0x000000da4d200000,0x000000da4d300000] [id=2668]
  0x00000262a32281a0 GCTaskThread "GC Thread#3" [stack: 0x000000da4d300000,0x000000da4d400000] [id=632]
  0x00000262878c4950 ConcurrentGCThread "G1 Main Marker" [stack: 0x000000da4c000000,0x000000da4c100000] [id=11540]
  0x00000262878c5540 ConcurrentGCThread "G1 Conc#0" [stack: 0x000000da4c100000,0x000000da4c200000] [id=2236]
  0x00000262879174b0 ConcurrentGCThread "G1 Refine#0" [stack: 0x000000da4c200000,0x000000da4c300000] [id=10264]
  0x00000262879180b0 ConcurrentGCThread "G1 Young RemSet Sampling" [stack: 0x000000da4c300000,0x000000da4c400000] [id=10584]

Threads with active compile tasks:

VM state: at safepoint (normal execution)

VM Mutex/Monitor currently owned by a thread:  ([mutex/lock_event])
[0x000002628789b020] Threads_lock - owner thread: 0x000002628797a800
[0x000002628789bfe0] Heap_lock - owner thread: 0x000002628789f7d0

Heap address: 0x00000000fc000000, size: 64 MB, Compressed Oops mode: 32-bit
CDS archive(s) mapped at: [0x0000000800000000-0x0000000800b50000-0x0000000800b50000), size 11862016, SharedBaseAddress: 0x0000000800000000, ArchiveRelocationMode: 0.
Compressed class space mapped at: 0x0000000800b50000-0x0000000840b50000, size: 1073741824
Narrow klass base: 0x0000000800000000, Narrow klass shift: 3, Narrow klass range: 0x100000000

GC Precious Log:
 CPUs: 4 total, 4 available
 Memory: 8066M
 Large Page Support: Disabled
 NUMA Support: Disabled
 Compressed Oops: Enabled (32-bit)
 Heap Region Size: 1M
 Heap Min Capacity: 64M
 Heap Initial Capacity: 64M
 Heap Max Capacity: 64M
 Pre-touch: Disabled
 Parallel Workers: 4
 Concurrent Workers: 1
 Concurrent Refinement Workers: 4
 Periodic GC: Disabled

Heap:
 garbage-first heap   total 65536K, used 12772K [0x00000000fc000000, 0x0000000100000000)
  region size 1024K, 2 young (2048K), 2 survivors (2048K)
 Metaspace       used 9247K, capacity 9404K, committed 9472K, reserved 1064960K
  class space    used 1175K, capacity 1261K, committed 1280K, reserved 1048576K

Heap Regions: E=young(eden), S=young(survivor), O=old, HS=humongous(starts), HC=humongous(continues), CS=collection set, F=free, OA=open archive, CA=closed archive, TAMS=top-at-mark-start (previous, next)
|   0|0x00000000fc000000, 0x00000000fc100000, 0x00000000fc100000|100%| O|  |TAMS 0x00000000fc000000, 0x00000000fc100000| Untracked 
|   1|0x00000000fc100000, 0x00000000fc200000, 0x00000000fc200000|100%|HS|  |TAMS 0x00000000fc100000, 0x00000000fc200000| Complete 
|   2|0x00000000fc200000, 0x00000000fc300000, 0x00000000fc300000|100%|HC|  |TAMS 0x00000000fc200000, 0x00000000fc300000| Complete 
|   3|0x00000000fc300000, 0x00000000fc400000, 0x00000000fc400000|100%|HC|  |TAMS 0x00000000fc300000, 0x00000000fc400000| Complete 
|   4|0x00000000fc400000, 0x00000000fc500000, 0x00000000fc500000|100%|HC|  |TAMS 0x00000000fc400000, 0x00000000fc500000| Complete 
|   5|0x00000000fc500000, 0x00000000fc600000, 0x00000000fc600000|100%| O|  |TAMS 0x00000000fc500000, 0x00000000fc600000| Untracked 
|   6|0x00000000fc600000, 0x00000000fc700000, 0x00000000fc700000|100%| O|  |TAMS 0x00000000fc600000, 0x00000000fc700000| Untracked 
|   7|0x00000000fc700000, 0x00000000fc800000, 0x00000000fc800000|100%| O|  |TAMS 0x00000000fc700000, 0x00000000fc7ba800| Untracked 
|   8|0x00000000fc800000, 0x00000000fc900000, 0x00000000fc900000|100%| O|  |TAMS 0x00000000fc800000, 0x00000000fc800000| Untracked 
|   9|0x00000000fc900000, 0x00000000fca00000, 0x00000000fca00000|100%| O|  |TAMS 0x00000000fc900000, 0x00000000fc900000| Untracked 
|  10|0x00000000fca00000, 0x00000000fcadda00, 0x00000000fcb00000| 86%| O|  |TAMS 0x00000000fca00000, 0x00000000fca00000| Untracked 
|  11|0x00000000fcb00000, 0x00000000fcb00000, 0x00000000fcc00000|  0%| F|  |TAMS 0x00000000fcb00000, 0x00000000fcb00000| Untracked 
|  12|0x00000000fcc00000, 0x00000000fcc00000, 0x00000000fcd00000|  0%| F|  |TAMS 0x00000000fcc00000, 0x00000000fcc00000| Untracked 
|  13|0x00000000fcd00000, 0x00000000fcd00000, 0x00000000fce00000|  0%| F|  |TAMS 0x00000000fcd00000, 0x00000000fcd00000| Untracked 
|  14|0x00000000fce00000, 0x00000000fce00000, 0x00000000fcf00000|  0%| F|  |TAMS 0x00000000fce00000, 0x00000000fce00000| Untracked 
|  15|0x00000000fcf00000, 0x00000000fcf00000, 0x00000000fd000000|  0%| F|  |TAMS 0x00000000fcf00000, 0x00000000fcf00000| Untracked 
|  16|0x00000000fd000000, 0x00000000fd000000, 0x00000000fd100000|  0%| F|  |TAMS 0x00000000fd000000, 0x00000000fd000000| Untracked 
|  17|0x00000000fd100000, 0x00000000fd100000, 0x00000000fd200000|  0%| F|  |TAMS 0x00000000fd100000, 0x00000000fd100000| Untracked 
|  18|0x00000000fd200000, 0x00000000fd200000, 0x00000000fd300000|  0%| F|  |TAMS 0x00000000fd200000, 0x00000000fd200000| Untracked 
|  19|0x00000000fd300000, 0x00000000fd300000, 0x00000000fd400000|  0%| F|  |TAMS 0x00000000fd300000, 0x00000000fd300000| Untracked 
|  20|0x00000000fd400000, 0x00000000fd400000, 0x00000000fd500000|  0%| F|  |TAMS 0x00000000fd400000, 0x00000000fd400000| Untracked 
|  21|0x00000000fd500000, 0x00000000fd500000, 0x00000000fd600000|  0%| F|  |TAMS 0x00000000fd500000, 0x00000000fd500000| Untracked 
|  22|0x00000000fd600000, 0x00000000fd600000, 0x00000000fd700000|  0%| F|  |TAMS 0x00000000fd600000, 0x00000000fd600000| Untracked 
|  23|0x00000000fd700000, 0x00000000fd700000, 0x00000000fd800000|  0%| F|  |TAMS 0x00000000fd700000, 0x00000000fd700000| Untracked 
|  24|0x00000000fd800000, 0x00000000fd800000, 0x00000000fd900000|  0%| F|  |TAMS 0x00000000fd800000, 0x00000000fd800000| Untracked 
|  25|0x00000000fd900000, 0x00000000fd900000, 0x00000000fda00000|  0%| F|  |TAMS 0x00000000fd900000, 0x00000000fd900000| Untracked 
|  26|0x00000000fda00000, 0x00000000fda00000, 0x00000000fdb00000|  0%| F|  |TAMS 0x00000000fda00000, 0x00000000fda00000| Untracked 
|  27|0x00000000fdb00000, 0x00000000fdb00000, 0x00000000fdc00000|  0%| F|  |TAMS 0x00000000fdb00000, 0x00000000fdb00000| Untracked 
|  28|0x00000000fdc00000, 0x00000000fdc00000, 0x00000000fdd00000|  0%| F|  |TAMS 0x00000000fdc00000, 0x00000000fdc00000| Untracked 
|  29|0x00000000fdd00000, 0x00000000fdd00000, 0x00000000fde00000|  0%| F|  |TAMS 0x00000000fdd00000, 0x00000000fdd00000| Untracked 
|  30|0x00000000fde00000, 0x00000000fde00000, 0x00000000fdf00000|  0%| F|  |TAMS 0x00000000fde00000, 0x00000000fde00000| Untracked 
|  31|0x00000000fdf00000, 0x00000000fdf00000, 0x00000000fe000000|  0%| F|  |TAMS 0x00000000fdf00000, 0x00000000fdf00000| Untracked 
|  32|0x00000000fe000000, 0x00000000fe000000, 0x00000000fe100000|  0%| F|  |TAMS 0x00000000fe000000, 0x00000000fe000000| Untracked 
|  33|0x00000000fe100000, 0x00000000fe100000, 0x00000000fe200000|  0%| F|  |TAMS 0x00000000fe100000, 0x00000000fe100000| Untracked 
|  34|0x00000000fe200000, 0x00000000fe200000, 0x00000000fe300000|  0%| F|  |TAMS 0x00000000fe200000, 0x00000000fe200000| Untracked 
|  35|0x00000000fe300000, 0x00000000fe300000, 0x00000000fe400000|  0%| F|  |TAMS 0x00000000fe300000, 0x00000000fe300000| Untracked 
|  36|0x00000000fe400000, 0x00000000fe400000, 0x00000000fe500000|  0%| F|  |TAMS 0x00000000fe400000, 0x00000000fe400000| Untracked 
|  37|0x00000000fe500000, 0x00000000fe500000, 0x00000000fe600000|  0%| F|  |TAMS 0x00000000fe500000, 0x00000000fe500000| Untracked 
|  38|0x00000000fe600000, 0x00000000fe600000, 0x00000000fe700000|  0%| F|  |TAMS 0x00000000fe600000, 0x00000000fe600000| Untracked 
|  39|0x00000000fe700000, 0x00000000fe79b678, 0x00000000fe800000| 60%| S|CS|TAMS 0x00000000fe700000, 0x00000000fe700000| Complete 
|  40|0x00000000fe800000, 0x00000000fe900000, 0x00000000fe900000|100%| S|CS|TAMS 0x00000000fe800000, 0x00000000fe800000| Complete 
|  41|0x00000000fe900000, 0x00000000fe900000, 0x00000000fea00000|  0%| F|  |TAMS 0x00000000fe900000, 0x00000000fe900000| Untracked 
|  42|0x00000000fea00000, 0x00000000fea00000, 0x00000000feb00000|  0%| F|  |TAMS 0x00000000fea00000, 0x00000000fea00000| Untracked 
|  43|0x00000000feb00000, 0x00000000feb00000, 0x00000000fec00000|  0%| F|  |TAMS 0x00000000feb00000, 0x00000000feb00000| Untracked 
|  44|0x00000000fec00000, 0x00000000fec00000, 0x00000000fed00000|  0%| F|  |TAMS 0x00000000fec00000, 0x00000000fec00000| Untracked 
|  45|0x00000000fed00000, 0x00000000fed00000, 0x00000000fee00000|  0%| F|  |TAMS 0x00000000fed00000, 0x00000000fed00000| Untracked 
|  46|0x00000000fee00000, 0x00000000fee00000, 0x00000000fef00000|  0%| F|  |TAMS 0x00000000fee00000, 0x00000000fee00000| Untracked 
|  47|0x00000000fef00000, 0x00000000fef00000, 0x00000000ff000000|  0%| F|  |TAMS 0x00000000fef00000, 0x00000000fef00000| Untracked 
|  48|0x00000000ff000000, 0x00000000ff000000, 0x00000000ff100000|  0%| F|  |TAMS 0x00000000ff000000, 0x00000000ff000000| Untracked 
|  49|0x00000000ff100000, 0x00000000ff100000, 0x00000000ff200000|  0%| F|  |TAMS 0x00000000ff100000, 0x00000000ff100000| Untracked 
|  50|0x00000000ff200000, 0x00000000ff200000, 0x00000000ff300000|  0%| F|  |TAMS 0x00000000ff200000, 0x00000000ff200000| Untracked 
|  51|0x00000000ff300000, 0x00000000ff300000, 0x00000000ff400000|  0%| F|  |TAMS 0x00000000ff300000, 0x00000000ff300000| Untracked 
|  52|0x00000000ff400000, 0x00000000ff400000, 0x00000000ff500000|  0%| F|  |TAMS 0x00000000ff400000, 0x00000000ff400000| Untracked 
|  53|0x00000000ff500000, 0x00000000ff500000, 0x00000000ff600000|  0%| F|  |TAMS 0x00000000ff500000, 0x00000000ff500000| Untracked 
|  54|0x00000000ff600000, 0x00000000ff600000, 0x00000000ff700000|  0%| F|  |TAMS 0x00000000ff600000, 0x00000000ff600000| Untracked 
|  55|0x00000000ff700000, 0x00000000ff700000, 0x00000000ff800000|  0%| F|  |TAMS 0x00000000ff700000, 0x00000000ff700000| Untracked 
|  56|0x00000000ff800000, 0x00000000ff800000, 0x00000000ff900000|  0%| F|  |TAMS 0x00000000ff800000, 0x00000000ff800000| Untracked 
|  57|0x00000000ff900000, 0x00000000ff900000, 0x00000000ffa00000|  0%| F|  |TAMS 0x00000000ff900000, 0x00000000ff900000| Untracked 
|  58|0x00000000ffa00000, 0x00000000ffa00000, 0x00000000ffb00000|  0%| F|  |TAMS 0x00000000ffa00000, 0x00000000ffa00000| Untracked 
|  59|0x00000000ffb00000, 0x00000000ffb00000, 0x00000000ffc00000|  0%| F|  |TAMS 0x00000000ffb00000, 0x00000000ffb00000| Untracked 
|  60|0x00000000ffc00000, 0x00000000ffc00000, 0x00000000ffd00000|  0%| F|  |TAMS 0x00000000ffc00000, 0x00000000ffc00000| Untracked 
|  61|0x00000000ffd00000, 0x00000000ffd00000, 0x00000000ffe00000|  0%| F|  |TAMS 0x00000000ffd00000, 0x00000000ffd00000| Untracked 
|  62|0x00000000ffe00000, 0x00000000ffe00000, 0x00000000fff00000|  0%| F|  |TAMS 0x00000000ffe00000, 0x00000000ffe00000| Untracked 
|  63|0x00000000fff00000, 0x00000000fff00000, 0x0000000100000000|  0%| F|  |TAMS 0x00000000fff00000, 0x00000000fff00000| Untracked 

Card table byte_map: [0x00000262876d0000,0x00000262876f0000] _byte_map_base: 0x0000026286ef0000

Marking Bits (Prev, Next): (CMBitMap*) 0x00000262878c17d0, (CMBitMap*) 0x00000262878c1810
 Prev Bits: [0x0000026287710000, 0x0000026287810000)
 Next Bits: [0x00000262a0170000, 0x00000262a0270000)

Polling page: 0x0000026285780000

Metaspace:

Usage:
  Non-class:      7.95 MB capacity,     7.88 MB (>99%) used,    61.20 KB ( <1%) free+waste,    10.19 KB ( <1%) overhead. 
      Class:      1.23 MB capacity,     1.15 MB ( 93%) used,    79.70 KB (  6%) free+waste,     5.38 KB ( <1%) overhead. 
       Both:      9.18 MB capacity,     9.03 MB ( 98%) used,   140.90 KB (  1%) free+waste,    15.56 KB ( <1%) overhead. 

Virtual space:
  Non-class space:       16.00 MB reserved,       8.00 MB ( 50%) committed 
      Class space:        1.00 GB reserved,       1.25 MB ( <1%) committed 
             Both:        1.02 GB reserved,       9.25 MB ( <1%) committed 

Chunk freelists:
   Non-Class:  49.00 KB
       Class:  19.00 KB
        Both:  68.00 KB

MaxMetaspaceSize: 17179869184.00 GB
CompressedClassSpaceSize: 1.00 GB

CodeHeap 'non-profiled nmethods': size=120000Kb used=580Kb max_used=580Kb free=119419Kb
 bounds [0x0000026298c40000, 0x0000026298eb0000, 0x00000262a0170000]
CodeHeap 'profiled nmethods': size=120000Kb used=2946Kb max_used=2946Kb free=117053Kb
 bounds [0x0000026291710000, 0x0000026291a00000, 0x0000026298c40000]
CodeHeap 'non-nmethods': size=5760Kb used=1191Kb max_used=1216Kb free=4568Kb
 bounds [0x0000026291170000, 0x00000262913e0000, 0x0000026291710000]
 total_blobs=1988 nmethods=1534 adapters=367
 compilation: enabled
              stopped_count=0, restarted_count=0
 full_count=0

Compilation events (20 events):
Event: 17.681 Thread 0x00000262a2ff39b0 1524       3       java.util.concurrent.ScheduledThreadPoolExecutor$DelayedWorkQueue::setIndex (16 bytes)
Event: 17.681 Thread 0x00000262a2ff39b0 nmethod 1524 0x00000262919ebf90 code [0x00000262919ec140, 0x00000262919ec478]
Event: 17.681 Thread 0x00000262a2ff39b0 1525       1       org.gradle.internal.logging.console.ThrottlingOutputEventListener::access$000 (5 bytes)
Event: 17.681 Thread 0x00000262a2ff39b0 nmethod 1525 0x0000026298cd0990 code [0x0000026298cd0b20, 0x0000026298cd0bb8]
Event: 17.681 Thread 0x00000262a2ff39b0 1526       1       org.gradle.internal.logging.events.UpdateNowEvent::getLogLevel (2 bytes)
Event: 17.681 Thread 0x00000262a2ff39b0 nmethod 1526 0x0000026298cd0c90 code [0x0000026298cd0e20, 0x0000026298cd0ed8]
Event: 17.721 Thread 0x00000262a2ff39b0 1527       3       java.lang.invoke.VarHandleGuards::guard_LLL_Z (80 bytes)
Event: 17.723 Thread 0x00000262a2ff39b0 nmethod 1527 0x00000262919ec590 code [0x00000262919ec840, 0x00000262919edba8]
Event: 17.839 Thread 0x00000262a2ff39b0 1529       3       java.util.concurrent.locks.LockSupport::setBlocker (12 bytes)
Event: 17.839 Thread 0x00000262a2ff39b0 nmethod 1529 0x00000262919ee190 code [0x00000262919ee340, 0x00000262919ee568]
Event: 18.594 Thread 0x00000262a2ff39b0 1530       3       java.lang.invoke.VarHandleReferences$FieldInstanceReadWrite::compareAndSet (48 bytes)
Event: 18.595 Thread 0x00000262a2ff39b0 nmethod 1530 0x00000262919ee610 code [0x00000262919ee880, 0x00000262919ef328]
Event: 20.105 Thread 0x00000262a2ff39b0 1531       3       java.util.concurrent.ScheduledThreadPoolExecutor$ScheduledFutureTask::getDelay (16 bytes)
Event: 20.106 Thread 0x00000262a2ff39b0 nmethod 1531 0x00000262919ef710 code [0x00000262919ef8c0, 0x00000262919efa48]
Event: 21.352 Thread 0x00000262a2ff39b0 1532       3       java.util.concurrent.locks.ReentrantLock::lock (8 bytes)
Event: 21.352 Thread 0x00000262a2ff39b0 nmethod 1532 0x00000262919efb10 code [0x00000262919efcc0, 0x00000262919eff58]
Event: 21.352 Thread 0x00000262a2ff39b0 1533       3       java.util.concurrent.locks.ReentrantLock$Sync::lock (13 bytes)
Event: 21.353 Thread 0x00000262a2ff39b0 nmethod 1533 0x00000262919f0090 code [0x00000262919f0240, 0x00000262919f0478]
Event: 25.048 Thread 0x00000262a2ff39b0 1534       3       java.lang.AbstractStringBuilder::isLatin1 (19 bytes)
Event: 25.049 Thread 0x00000262a2ff39b0 nmethod 1534 0x00000262919f0510 code [0x00000262919f06a0, 0x00000262919f0818]

GC Heap History (6 events):
Event: 2.130 GC heap before
{Heap before GC invocations=0 (full 0):
 garbage-first heap   total 65536K, used 12288K [0x00000000fc000000, 0x0000000100000000)
  region size 1024K, 13 young (13312K), 0 survivors (0K)
 Metaspace       used 1777K, capacity 4939K, committed 5120K, reserved 1056768K
  class space    used 159K, capacity 473K, committed 512K, reserved 1048576K
}
Event: 2.173 GC heap after
{Heap after GC invocations=1 (full 0):
 garbage-first heap   total 65536K, used 2940K [0x00000000fc000000, 0x0000000100000000)
  region size 1024K, 2 young (2048K), 2 survivors (2048K)
 Metaspace       used 1777K, capacity 4939K, committed 5120K, reserved 1056768K
  class space    used 159K, capacity 473K, committed 512K, reserved 1048576K
}
Event: 5.010 GC heap before
{Heap before GC invocations=1 (full 0):
 garbage-first heap   total 65536K, used 21372K [0x00000000fc000000, 0x0000000100000000)
  region size 1024K, 17 young (17408K), 2 survivors (2048K)
 Metaspace       used 4991K, capacity 7076K, committed 7296K, reserved 1056768K
  class space    used 655K, capacity 885K, committed 896K, reserved 1048576K
}
Event: 5.094 GC heap after
{Heap after GC invocations=2 (full 0):
 garbage-first heap   total 65536K, used 10986K [0x00000000fc000000, 0x0000000100000000)
  region size 1024K, 3 young (3072K), 3 survivors (3072K)
 Metaspace       used 4991K, capacity 7076K, committed 7296K, reserved 1056768K
  class space    used 655K, capacity 885K, committed 896K, reserved 1048576K
}
Event: 25.050 GC heap before
{Heap before GC invocations=2 (full 0):
 garbage-first heap   total 65536K, used 30442K [0x00000000fc000000, 0x0000000100000000)
  region size 1024K, 23 young (23552K), 3 survivors (3072K)
 Metaspace       used 9247K, capacity 9404K, committed 9472K, reserved 1062912K
  class space    used 1175K, capacity 1261K, committed 1280K, reserved 1048576K
}
Event: 25.060 GC heap after
{Heap after GC invocations=3 (full 0):
 garbage-first heap   total 65536K, used 12772K [0x00000000fc000000, 0x0000000100000000)
  region size 1024K, 2 young (2048K), 2 survivors (2048K)
 Metaspace       used 9247K, capacity 9404K, committed 9472K, reserved 1062912K
  class space    used 1175K, capacity 1261K, committed 1280K, reserved 1048576K
}

Deoptimization events (20 events):
Event: 6.587 Thread 0x00000262a32921b0 Uncommon trap: trap_request=0xffffff45 fr.pc=0x0000026298c78988 relative=0x00000000000004c8
Event: 6.587 Thread 0x00000262a32921b0 Uncommon trap: reason=unstable_if action=reinterpret pc=0x0000026298c78988 method=java.lang.AbstractStringBuilder.putStringAt(ILjava/lang/String;)V @ 8 c2
Event: 6.587 Thread 0x00000262a32921b0 DEOPT PACKING pc=0x0000026298c78988 sp=0x000000da4d5fec30
Event: 6.587 Thread 0x00000262a32921b0 DEOPT UNPACKING pc=0x00000262911be42f sp=0x000000da4d5feba0 mode 2
Event: 6.587 Thread 0x00000262a32921b0 Uncommon trap: trap_request=0xffffff45 fr.pc=0x0000026298c5ccd8 relative=0x0000000000000058
Event: 6.587 Thread 0x00000262a32921b0 Uncommon trap: reason=unstable_if action=reinterpret pc=0x0000026298c5ccd8 method=java.lang.AbstractStringBuilder.isLatin1()Z @ 10 c2
Event: 6.587 Thread 0x00000262a32921b0 DEOPT PACKING pc=0x0000026298c5ccd8 sp=0x000000da4d5feb40
Event: 6.587 Thread 0x00000262a32921b0 DEOPT UNPACKING pc=0x00000262911be42f sp=0x000000da4d5fead0 mode 2
Event: 6.587 Thread 0x00000262a32921b0 Uncommon trap: trap_request=0xffffff45 fr.pc=0x0000026298c72584 relative=0x00000000000000e4
Event: 6.587 Thread 0x00000262a32921b0 Uncommon trap: reason=unstable_if action=reinterpret pc=0x0000026298c72584 method=java.lang.String.getBytes([BIB)V @ 5 c2
Event: 6.587 Thread 0x00000262a32921b0 DEOPT PACKING pc=0x0000026298c72584 sp=0x000000da4d5feb50
Event: 6.587 Thread 0x00000262a32921b0 DEOPT UNPACKING pc=0x00000262911be42f sp=0x000000da4d5feb18 mode 2
Event: 6.587 Thread 0x00000262a32921b0 Uncommon trap: trap_request=0xffffff45 fr.pc=0x0000026298c9f824 relative=0x0000000000000384
Event: 6.587 Thread 0x00000262a32921b0 Uncommon trap: reason=unstable_if action=reinterpret pc=0x0000026298c9f824 method=java.lang.AbstractStringBuilder.isLatin1()Z @ 10 c2
Event: 6.587 Thread 0x00000262a32921b0 DEOPT PACKING pc=0x0000026298c9f824 sp=0x000000da4d5fecb0
Event: 6.587 Thread 0x00000262a32921b0 DEOPT UNPACKING pc=0x00000262911be42f sp=0x000000da4d5fec30 mode 2
Event: 13.169 Thread 0x00000262a32921b0 Uncommon trap: trap_request=0xffffff45 fr.pc=0x0000026298c4dd80 relative=0x0000000000000080
Event: 13.169 Thread 0x00000262a32921b0 Uncommon trap: reason=unstable_if action=reinterpret pc=0x0000026298c4dd80 method=java.lang.String.codePointAt(I)I @ 4 c2
Event: 13.169 Thread 0x00000262a32921b0 DEOPT PACKING pc=0x0000026298c4dd80 sp=0x000000da4d5fec40
Event: 13.169 Thread 0x00000262a32921b0 DEOPT UNPACKING pc=0x00000262911be42f sp=0x000000da4d5febd8 mode 2

Classes unloaded (0 events):
No events

Classes redefined (0 events):
No events

Internal exceptions (20 events):
Event: 4.646 Thread 0x000002628789f7d0 Exception <a 'java/lang/NoSuchMethodError'{0x00000000ff5b8fa0}: 'java.lang.Object java.lang.invoke.Invokers$Holder.invoker(java.lang.Object, java.lang.Object, java.lang.Object)'> (0x00000000ff5b8fa0) 
thrown [./src/hotspot/share/interpreter/linkResolver.cpp, line 782]
Event: 4.650 Thread 0x000002628789f7d0 Exception <a 'java/lang/NoSuchMethodError'{0x00000000ff5c3508}: 'java.lang.Object java.lang.invoke.DirectMethodHandle$Holder.invokeStatic(java.lang.Object, java.lang.Object, int)'> (0x00000000ff5c3508) 
thrown [./src/hotspot/share/interpreter/linkResolver.cpp, line 782]
Event: 4.653 Thread 0x000002628789f7d0 Exception <a 'java/lang/NoSuchMethodError'{0x00000000ff5cf5d0}: 'void java.lang.invoke.DelegatingMethodHandle$Holder.delegate(java.lang.Object, java.lang.Object, int, java.lang.Object)'> (0x00000000ff5cf5d0) 
thrown [./src/hotspot/share/interpreter/linkResolver.cpp, line 782]
Event: 4.655 Thread 0x000002628789f7d0 Exception <a 'java/lang/NoSuchMethodError'{0x00000000ff5d3830}: 'int java.lang.invoke.DirectMethodHandle$Holder.invokeSpecial(java.lang.Object, java.lang.Object, java.lang.Object)'> (0x00000000ff5d3830) 
thrown [./src/hotspot/share/interpreter/linkResolver.cpp, line 782]
Event: 4.671 Thread 0x000002628789f7d0 Exception <a 'java/lang/NoSuchMethodError'{0x00000000ff5e75a0}: 'java.lang.Object java.lang.invoke.Invokers$Holder.invokeExact_MT(java.lang.Object, java.lang.Object, java.lang.Object, java.lang.Object)'> (0x00000000ff5e75a0) 
thrown [./src/hotspot/share/interpreter/linkResolver.cpp, line 782]
Event: 5.202 Thread 0x000002628789f7d0 Implicit null exception at 0x0000026298c93793 to 0x0000026298c93bfc
Event: 5.202 Thread 0x000002628789f7d0 Implicit null exception at 0x0000026298c7dd13 to 0x0000026298c7e180
Event: 5.284 Thread 0x000002628789f7d0 Exception <a 'java/lang/NoSuchMethodError'{0x00000000ffd36b18}: 'java.lang.Object java.lang.invoke.DirectMethodHandle$Holder.invokeStatic(java.lang.Object)'> (0x00000000ffd36b18) 
thrown [./src/hotspot/share/interpreter/linkResolver.cpp, line 782]
Event: 5.285 Thread 0x000002628789f7d0 Exception <a 'java/lang/NoSuchMethodError'{0x00000000ffd3a430}: 'java.lang.Object java.lang.invoke.DirectMethodHandle$Holder.invokeStaticInit(java.lang.Object)'> (0x00000000ffd3a430) 
thrown [./src/hotspot/share/interpreter/linkResolver.cpp, line 782]
Event: 5.360 Thread 0x000002628789f7d0 Exception <a 'java/lang/NoSuchMethodError'{0x00000000ffd59aa0}: 'java.lang.Object java.lang.invoke.DirectMethodHandle$Holder.invokeInterface(java.lang.Object, java.lang.Object)'> (0x00000000ffd59aa0) 
thrown [./src/hotspot/share/interpreter/linkResolver.cpp, line 782]
Event: 5.371 Thread 0x000002628789f7d0 Exception <a 'java/lang/NoSuchMethodError'{0x00000000ffd62500}: 'java.lang.Object java.lang.invoke.DirectMethodHandle$Holder.invokeStaticInit(java.lang.Object, java.lang.Object, java.lang.Object)'> (0x00000000ffd62500) 
thrown [./src/hotspot/share/interpreter/linkResolver.cpp, line 782]
Event: 5.692 Thread 0x000002628789f7d0 Exception <a 'java/lang/NoSuchMethodError'{0x00000000ff9e9780}: 'java.lang.Object java.lang.invoke.DirectMethodHandle$Holder.invokeStaticInit(java.lang.Object, int, int, int, int)'> (0x00000000ff9e9780) 
thrown [./src/hotspot/share/interpreter/linkResolver.cpp, line 782]
Event: 5.790 Thread 0x000002628789f7d0 Exception <a 'java/lang/NoSuchMethodError'{0x00000000ff8bd698}: 'java.lang.Object java.lang.invoke.DirectMethodHandle$Holder.invokeStaticInit(java.lang.Object, java.lang.Object, int, int, int, int)'> (0x00000000ff8bd698) 
thrown [./src/hotspot/share/interpreter/linkResolver.cpp, line 782]
Event: 6.071 Thread 0x000002628789f7d0 Exception <a 'java/lang/NoSuchMethodError'{0x00000000ff8ec910}: 'void java.lang.invoke.DirectMethodHandle$Holder.invokeStatic(java.lang.Object, java.lang.Object, java.lang.Object)'> (0x00000000ff8ec910) 
thrown [./src/hotspot/share/interpreter/linkResolver.cpp, line 782]
Event: 6.564 Thread 0x00000262a32921b0 Exception <a 'java/lang/NoSuchMethodError'{0x00000000feb79448}: 'void java.lang.invoke.DirectMethodHandle$Holder.invokeStatic(java.lang.Object, long)'> (0x00000000feb79448) 
thrown [./src/hotspot/share/interpreter/linkResolver.cpp, line 782]
Event: 6.565 Thread 0x00000262a32921b0 Exception <a 'java/lang/NoSuchMethodError'{0x00000000feb7ed60}: 'java.lang.Object java.lang.invoke.DirectMethodHandle$Holder.newInvokeSpecial(java.lang.Object, long)'> (0x00000000feb7ed60) 
thrown [./src/hotspot/share/interpreter/linkResolver.cpp, line 782]
Event: 6.569 Thread 0x00000262a32921b0 Exception <a 'java/lang/NoSuchMethodError'{0x00000000feb89d08}: 'java.lang.Object java.lang.invoke.DirectMethodHandle$Holder.invokeStaticInit(java.lang.Object, java.lang.Object, long, java.lang.Object)'> (0x00000000feb89d08) 
thrown [./src/hotspot/share/interpreter/linkResolver.cpp, line 782]
Event: 6.570 Thread 0x00000262a32921b0 Exception <a 'java/lang/NoSuchMethodError'{0x00000000feb907e8}: 'java.lang.Object java.lang.invoke.DirectMethodHandle$Holder.newInvokeSpecial(java.lang.Object, java.lang.Object, long)'> (0x00000000feb907e8) 
thrown [./src/hotspot/share/interpreter/linkResolver.cpp, line 782]
Event: 6.571 Thread 0x00000262a32921b0 Exception <a 'java/lang/NoSuchMethodError'{0x00000000feb94bd8}: 'java.lang.Object java.lang.invoke.Invokers$Holder.linkToTargetMethod(java.lang.Object, long, java.lang.Object)'> (0x00000000feb94bd8) 
thrown [./src/hotspot/share/interpreter/linkResolver.cpp, line 782]
Event: 25.045 Thread 0x000002628789f7d0 Exception <a 'sun/net/ConnectionResetException'{0x00000000fe912208}: Connection reset> (0x00000000fe912208) 
thrown [./src/hotspot/share/prims/jni.cpp, line 599]

Events (20 events):
Event: 13.259 loading class java/nio/channels/Pipe$SinkChannel
Event: 13.259 loading class java/nio/channels/Pipe$SinkChannel done
Event: 13.259 loading class sun/nio/ch/SinkChannelImpl done
Event: 13.259 loading class sun/nio/ch/SocketChannelImpl$DefaultOptionsHolder
Event: 13.259 loading class sun/nio/ch/SocketChannelImpl$DefaultOptionsHolder done
Event: 13.260 loading class java/lang/invoke/ConstantBootstraps
Event: 13.260 loading class java/lang/invoke/ConstantBootstraps done
Event: 13.275 loading class sun/nio/ch/WindowsSelectorImpl$MapEntry
Event: 13.275 loading class sun/nio/ch/WindowsSelectorImpl$MapEntry done
Event: 13.275 loading class java/nio/channels/spi/AbstractSelector$1
Event: 13.275 loading class java/nio/channels/spi/AbstractSelector$1 done
Event: 13.427 Thread 0x00000262a3293020 Thread added: 0x00000262a3293020
Event: 13.428 loading class java/nio/channels/AsynchronousCloseException
Event: 13.429 loading class java/nio/channels/ClosedChannelException
Event: 13.429 loading class java/nio/channels/ClosedChannelException done
Event: 13.429 loading class java/nio/channels/AsynchronousCloseException done
Event: 13.429 Thread 0x00000262a3294d00 Thread added: 0x00000262a3294d00
Event: 25.045 loading class sun/net/ConnectionResetException
Event: 25.045 loading class sun/net/ConnectionResetException done
Event: 25.050 Executing VM operation: CollectForMetadataAllocation


Dynamic libraries:
0x00007ff770820000 - 0x00007ff77082d000 	C:\Program Files\BellSoft\LibericaJDK-15-Full\bin\java.exe
0x00007ff878830000 - 0x00007ff878a28000 	C:\WINDOWS\SYSTEM32\ntdll.dll
0x00007ff876890000 - 0x00007ff87694d000 	C:\WINDOWS\System32\KERNEL32.DLL
0x00007ff8762e0000 - 0x00007ff8765d6000 	C:\WINDOWS\System32\KERNELBASE.dll
0x00007ff875f80000 - 0x00007ff876080000 	C:\WINDOWS\System32\ucrtbase.dll
0x00007ff86f6d0000 - 0x00007ff86f6e8000 	C:\Program Files\BellSoft\LibericaJDK-15-Full\bin\jli.dll
0x00007ff877b50000 - 0x00007ff877cee000 	C:\WINDOWS\System32\USER32.dll
0x00007ff876700000 - 0x00007ff876722000 	C:\WINDOWS\System32\win32u.dll
0x00007ff86f6b0000 - 0x00007ff86f6c5000 	C:\Program Files\BellSoft\LibericaJDK-15-Full\bin\VCRUNTIME140.dll
0x00007ff8787c0000 - 0x00007ff8787ec000 	C:\WINDOWS\System32\GDI32.dll
0x00007ff8765e0000 - 0x00007ff8766fa000 	C:\WINDOWS\System32\gdi32full.dll
0x00007ff876240000 - 0x00007ff8762dd000 	C:\WINDOWS\System32\msvcp_win.dll
0x00007ff862e70000 - 0x00007ff86310a000 	C:\WINDOWS\WinSxS\amd64_microsoft.windows.common-controls_6595b64144ccf1df_6.0.19041.3636_none_60b6a03d71f818d5\COMCTL32.dll
0x00007ff877ea0000 - 0x00007ff877f3e000 	C:\WINDOWS\System32\msvcrt.dll
0x00007ff877b20000 - 0x00007ff877b50000 	C:\WINDOWS\System32\IMM32.DLL
0x00007ff865680000 - 0x00007ff86571b000 	C:\Program Files\BellSoft\LibericaJDK-15-Full\bin\msvcp140.dll
0x00007ff840240000 - 0x00007ff840dd0000 	C:\Program Files\BellSoft\LibericaJDK-15-Full\bin\server\jvm.dll
0x00007ff877850000 - 0x00007ff8778ff000 	C:\WINDOWS\System32\ADVAPI32.dll
0x00007ff876d70000 - 0x00007ff876e0c000 	C:\WINDOWS\System32\sechost.dll
0x00007ff8772e0000 - 0x00007ff877406000 	C:\WINDOWS\System32\RPCRT4.dll
0x00007ff877ab0000 - 0x00007ff877ab8000 	C:\WINDOWS\System32\PSAPI.DLL
0x00007ff873780000 - 0x00007ff8737a7000 	C:\WINDOWS\SYSTEM32\WINMM.dll
0x00007ff873740000 - 0x00007ff873749000 	C:\WINDOWS\SYSTEM32\WSOCK32.dll
0x00007ff867460000 - 0x00007ff86746a000 	C:\WINDOWS\SYSTEM32\VERSION.dll
0x00007ff877410000 - 0x00007ff87747b000 	C:\WINDOWS\System32\WS2_32.dll
0x00007ff873dd0000 - 0x00007ff873de2000 	C:\WINDOWS\SYSTEM32\kernel.appcore.dll
0x00007ff86f4a0000 - 0x00007ff86f4aa000 	C:\Program Files\BellSoft\LibericaJDK-15-Full\bin\jimage.dll
0x00007ff85f710000 - 0x00007ff85f8f4000 	C:\WINDOWS\SYSTEM32\DBGHELP.DLL
0x00007ff85f6d0000 - 0x00007ff85f704000 	C:\WINDOWS\SYSTEM32\dbgcore.DLL
0x00007ff8761b0000 - 0x00007ff876232000 	C:\WINDOWS\System32\bcryptPrimitives.dll
0x00007ff86dee0000 - 0x00007ff86df05000 	C:\Program Files\BellSoft\LibericaJDK-15-Full\bin\java.dll
0x00007ff877f40000 - 0x00007ff878685000 	C:\WINDOWS\System32\SHELL32.dll
0x00007ff873fd0000 - 0x00007ff87476b000 	C:\WINDOWS\SYSTEM32\windows.storage.dll
0x00007ff8774f0000 - 0x00007ff877844000 	C:\WINDOWS\System32\combase.dll
0x00007ff875950000 - 0x00007ff87597d000 	C:\WINDOWS\SYSTEM32\Wldp.dll
0x00007ff876c10000 - 0x00007ff876cbd000 	C:\WINDOWS\System32\SHCORE.dll
0x00007ff877490000 - 0x00007ff8774e5000 	C:\WINDOWS\System32\shlwapi.dll
0x00007ff875e40000 - 0x00007ff875e65000 	C:\WINDOWS\SYSTEM32\profapi.dll
0x00007ff865b40000 - 0x00007ff865b59000 	C:\Program Files\BellSoft\LibericaJDK-15-Full\bin\net.dll
0x00007ff867a90000 - 0x00007ff867b9a000 	C:\WINDOWS\SYSTEM32\WINHTTP.dll
0x00007ff8756b0000 - 0x00007ff87571a000 	C:\WINDOWS\system32\mswsock.dll
0x00007ff865760000 - 0x00007ff865772000 	C:\Program Files\BellSoft\LibericaJDK-15-Full\bin\nio.dll
0x00007ff865740000 - 0x00007ff865758000 	C:\Program Files\BellSoft\LibericaJDK-15-Full\bin\zip.dll
0x00007ff86f490000 - 0x00007ff86f4a0000 	C:\Program Files\BellSoft\LibericaJDK-15-Full\bin\verify.dll
0x00007ff865650000 - 0x00007ff865677000 	C:\Users\Amirull Azmi.DESKTOP-91E5MKF\.gradle\native\68d5fa5c4cc2d200863cafc0d521ce42e7d3e7ee720ec0a83991735586a16f82\windows-amd64\native-platform.dll
0x00007ff867280000 - 0x00007ff867289000 	C:\Program Files\BellSoft\LibericaJDK-15-Full\bin\management.dll
0x00007ff8671f0000 - 0x00007ff8671fb000 	C:\Program Files\BellSoft\LibericaJDK-15-Full\bin\management_ext.dll
0x00007ff8758a0000 - 0x00007ff8758b8000 	C:\WINDOWS\SYSTEM32\CRYPTSP.dll
0x00007ff874f10000 - 0x00007ff874f44000 	C:\WINDOWS\system32\rsaenh.dll
0x00007ff876180000 - 0x00007ff8761a7000 	C:\WINDOWS\System32\bcrypt.dll
0x00007ff875e00000 - 0x00007ff875e2e000 	C:\WINDOWS\SYSTEM32\USERENV.dll
0x00007ff8758c0000 - 0x00007ff8758cc000 	C:\WINDOWS\SYSTEM32\CRYPTBASE.dll
0x00007ff875350000 - 0x00007ff87538b000 	C:\WINDOWS\SYSTEM32\IPHLPAPI.DLL
0x00007ff8787b0000 - 0x00007ff8787b8000 	C:\WINDOWS\System32\NSI.dll
0x00007ff86b740000 - 0x00007ff86b757000 	C:\WINDOWS\SYSTEM32\dhcpcsvc6.DLL
0x00007ff86bca0000 - 0x00007ff86bcbd000 	C:\WINDOWS\SYSTEM32\dhcpcsvc.DLL
0x00007ff8753a0000 - 0x00007ff87546a000 	C:\WINDOWS\SYSTEM32\DNSAPI.dll

dbghelp: loaded successfully - version: 4.0.5 - missing functions: none
symbol engine: initialized successfully - sym options: 0x614 - pdb path: .;C:\Program Files\BellSoft\LibericaJDK-15-Full\bin;C:\WINDOWS\SYSTEM32;C:\WINDOWS\WinSxS\amd64_microsoft.windows.common-controls_6595b64144ccf1df_6.0.19041.3636_none_60b6a03d71f818d5;C:\Program Files\BellSoft\LibericaJDK-15-Full\bin\server;C:\Users\Amirull Azmi.DESKTOP-91E5MKF\.gradle\native\68d5fa5c4cc2d200863cafc0d521ce42e7d3e7ee720ec0a83991735586a16f82\windows-amd64

VM Arguments:
jvm_args: -Xmx64m -Xms64m -Dorg.gradle.appname=gradlew 
java_command: org.gradle.wrapper.GradleWrapperMain app:installDebug -PreactNativeDevServerPort=8081
java_class_path (initial): C:\Users\Amirull Azmi.DESKTOP-91E5MKF\Documents\WEB PROJECT\WeonAndroid\android\\gradle\wrapper\gradle-wrapper.jar
Launcher Type: SUN_STANDARD

[Global flags]
     intx CICompilerCount                          = 3                                         {product} {ergonomic}
     uint ConcGCThreads                            = 1                                         {product} {ergonomic}
     uint G1ConcRefinementThreads                  = 4                                         {product} {ergonomic}
   size_t G1HeapRegionSize                         = 1048576                                   {product} {ergonomic}
    uintx GCDrainStackTargetSize                   = 64                                        {product} {ergonomic}
   size_t InitialHeapSize                          = 67108864                                  {product} {command line}
   size_t MarkStackSize                            = 4194304                                   {product} {ergonomic}
   size_t MaxHeapSize                              = 67108864                                  {product} {command line}
   size_t MaxNewSize                               = 39845888                                  {product} {ergonomic}
   size_t MinHeapDeltaBytes                        = 1048576                                   {product} {ergonomic}
   size_t MinHeapSize                              = 67108864                                  {product} {command line}
    uintx NonNMethodCodeHeapSize                   = 5832780                                {pd product} {ergonomic}
    uintx NonProfiledCodeHeapSize                  = 122912730                              {pd product} {ergonomic}
    uintx ProfiledCodeHeapSize                     = 122912730                              {pd product} {ergonomic}
    uintx ReservedCodeCacheSize                    = 251658240                              {pd product} {ergonomic}
     bool SegmentedCodeCache                       = true                                      {product} {ergonomic}
   size_t SoftMaxHeapSize                          = 67108864                               {manageable} {ergonomic}
     bool UseCompressedClassPointers               = true                                 {lp64_product} {ergonomic}
     bool UseCompressedOops                        = true                                 {lp64_product} {ergonomic}
     bool UseG1GC                                  = true                                      {product} {ergonomic}
     bool UseLargePagesIndividualAllocation        = false                                  {pd product} {ergonomic}

Logging:
Log output configuration:
 #0: stdout all=warning uptime,level,tags
 #1: stderr all=off uptime,level,tags

Environment Variables:
JAVA_HOME=C:\Program Files\BellSoft\LibericaJDK-15-Full\
CLASSPATH=C:\Users\Amirull Azmi.DESKTOP-91E5MKF\Documents\WEB PROJECT\WeonAndroid\android\\gradle\wrapper\gradle-wrapper.jar
PATH=C:\Users\Amirull Azmi.DESKTOP-91E5MKF\Documents\WEB PROJECT\WeonAndroid\node_modules\.bin;C:\Users\Amirull Azmi.DESKTOP-91E5MKF\Documents\WEB PROJECT\WeonAndroid\node_modules\.bin;C:\Users\Amirull Azmi.DESKTOP-91E5MKF\Documents\WEB PROJECT\node_modules\.bin;C:\Users\Amirull Azmi.DESKTOP-91E5MKF\Documents\node_modules\.bin;C:\Users\Amirull Azmi.DESKTOP-91E5MKF\node_modules\.bin;C:\Users\node_modules\.bin;C:\node_modules\.bin;C:\Users\Amirull Azmi.DESKTOP-91E5MKF\AppData\Roaming\npm\node_modules\npm\node_modules\@npmcli\run-script\lib\node-gyp-bin;C:\Users\Amirull Azmi.DESKTOP-91E5MKF\Documents\WEB PROJECT\WeonAndroid\node_modules\.bin;C:\Users\Amirull Azmi.DESKTOP-91E5MKF\Documents\WEB PROJECT\WeonAndroid\node_modules\.bin;C:\Users\Amirull Azmi.DESKTOP-91E5MKF\Documents\WEB PROJECT\node_modules\.bin;C:\Users\Amirull Azmi.DESKTOP-91E5MKF\Documents\node_modules\.bin;C:\Users\Amirull Azmi.DESKTOP-91E5MKF\node_modules\.bin;C:\Users\node_modules\.bin;C:\node_modules\.bin;C:\Users\Amirull Azmi.DESKTOP-91E5MKF\AppData\Roaming\npm\node_modules\npm\node_modules\@npmcli\run-script\lib\node-gyp-bin;C:\Program Files\BellSoft\LibericaJDK-15-Full\bin\;C:\Python312\Scripts\;C:\Python312\;C:\Python311\Scripts\;C:\Python311\;C:\Program Files\Microsoft\jdk-11.0.18.10-hotspot\bin;C:\WINDOWS\system32;C:\WINDOWS;C:\WINDOWS\System32\Wbem;C:\WINDOWS\System32\WindowsPowerShell\v1.0\;C:\WINDOWS\System32\OpenSSH\;C:\xampp\php;C:\ProgramData\ComposerSetup\bin;C:\Program Files\Git\cmd;C:\ProgramData\chocolatey\bin;C:\Program Files (x86)\Bitvise SSH Client;C:\Program Files\PuTTY\;C:\Program Files\nodejs\;C:\Users\Amirull Azmi.DESKTOP-91E5MKF\AppData\Local\Microsoft\WindowsApps;C:\Users\Amirull Azmi.DESKTOP-91E5MKF\AppData\Local\Programs\Microsoft VS Code\bin;C:\Users\Amirull Azmi.DESKTOP-91E5MKF\AppData\Roaming\Composer\vendor\bin;C:\Android\platform-tools;C:\Users\Amirull Azmi.DESKTOP-91E5MKF\AppData\Roaming\npm
USERNAME=Amirull Azmi
LANG=en_US.UTF-8
OS=Windows_NT
PROCESSOR_IDENTIFIER=Intel64 Family 6 Model 78 Stepping 3, GenuineIntel



---------------  S Y S T E M  ---------------

OS:
 Windows 10 , 64 bit Build 19041 (10.0.19041.3636)
OS uptime: 3 days 21:28 hours

CPU: total 4 (initial active 4) (2 cores per cpu, 2 threads per core) family 6 model 78 stepping 3 microcode 0xcc, cmov, cx8, fxsr, mmx, sse, sse2, sse3, ssse3, sse4.1, sse4.2, popcnt, vzeroupper, avx, avx2, aes, clmul, erms, 3dnowpref, lzcnt, ht, tsc, tscinvbit, bmi1, bmi2, adx, fma, clflush, clflushopt

Memory: 4k page, system-wide physical 8066M (346M free)
TotalPageFile size 10114M (AvailPageFile size 0M)
current process WorkingSet (physical memory assigned to process): 88M, peak: 88M
current process commit charge ("private bytes"): 156M, peak: 162M

vm_info: OpenJDK 64-Bit Server VM (15.0.2+10) for windows-amd64 JRE (15.0.2+10), built on Jan 21 2021 08:07:14 by "" with MS VC++ 15.9 (VS2017)

END.
