#
# There is insufficient memory for the Java Runtime Environment to continue.
# Native memory allocation (mmap) failed to map 16777216 bytes for G1 virtual space
# Possible reasons:
#   The system is out of physical RAM or swap space
#   The process is running with CompressedOops enabled, and the Java Heap may be blocking the growth of the native heap
# Possible solutions:
#   Reduce memory load on the system
#   Increase physical memory or swap space
#   Check if swap backing store is full
#   Decrease Java heap size (-Xmx/-Xms)
#   Decrease number of Java threads
#   Decrease Java thread stack sizes (-Xss)
#   Set larger code cache with -XX:ReservedCodeCacheSize=
#   JVM is running with Unscaled Compressed Oops mode in which the Java heap is
#     placed in the first 4GB address space. The Java Heap base address is the
#     maximum limit for the native heap growth. Please use -XX:HeapBaseMinAddress
#     to set the Java Heap base and to place the Java Heap above 4GB virtual address.
# This output file may be truncated or incomplete.
#
#  Out of Memory Error (./src/hotspot/os/windows/os_windows.cpp:3321), pid=9552, tid=996
#
# JRE version: OpenJDK Runtime Environment (15.0.2+10) (build 15.0.2+10)
# Java VM: OpenJDK 64-Bit Server VM (15.0.2+10, mixed mode, sharing, tiered, compressed oops, g1 gc, windows-amd64)
# No core dump will be written. Minidumps are not enabled by default on client versions of Windows
#

---------------  S U M M A R Y ------------

Command Line: org.jetbrains.kotlin.cli.jvm.K2JVMCompiler @C:\Users\Amirull Azmi.DESKTOP-91E5MKF\Documents\WEB PROJECT\WeonAndroid\node_modules\@pusher\pusher-websocket-react-native\android\build\20231226_10438329207529397802.compiler.options

Host: Intel(R) Core(TM) i3-6006U CPU @ 2.00GHz, 4 cores, 7G,  Windows 10 , 64 bit Build 19041 (10.0.19041.3636)
Time: Tue Dec 26 14:45:39 2023 SE Asia Standard Time elapsed time: 8.926204 seconds (0d 0h 0m 8s)

---------------  T H R E A D  ---------------

Current thread (0x00000195706ca200):  VMThread "VM Thread" [stack: 0x00000071beb00000,0x00000071bec00000] [id=996]

Stack: [0x00000071beb00000,0x00000071bec00000]
[error occurred during error reporting (printing stack bounds), id 0xc0000005, EXCEPTION_ACCESS_VIOLATION (0xc0000005) at pc=0x0000019559fb10ad]

Native frames: (J=compiled Java code, j=interpreted, Vv=VM code, C=native code)
V  [jvm.dll+0x5f7a0a]
V  [jvm.dll+0x796fb9]
V  [jvm.dll+0x798713]
V  [jvm.dll+0x798cc5]
V  [jvm.dll+0x798c7b]
V  [jvm.dll+0x5f6e2f]
V  [jvm.dll+0x5f75f8]
C  [ntdll.dll+0xa23af]
C  [ntdll.dll+0x514b4]
C  [ntdll.dll+0xa0ebe]
C  0x0000019559fb10ad

VM_Operation (0x00000071be5f5fa0): G1CollectForAllocation, mode: safepoint, requested by thread 0x000001954eeb21c0


---------------  P R O C E S S  ---------------

Threads class SMR info:
_java_thread_list=0x0000019575570270, length=12, elements={
0x000001954eeb21c0, 0x00000195706ce230, 0x00000195706cee00, 0x00000195706eada0,
0x00000195706eb760, 0x00000195706ec210, 0x00000195706ef550, 0x00000195706f6cc0,
0x00000195706fbdb0, 0x0000019571130350, 0x0000019571165f80, 0x00000195755712f0
}

Java Threads: ( => current thread )
  0x000001954eeb21c0 JavaThread "main" [_thread_blocked, id=6464, stack(0x00000071be500000,0x00000071be600000)]
  0x00000195706ce230 JavaThread "Reference Handler" daemon [_thread_blocked, id=10616, stack(0x00000071bec00000,0x00000071bed00000)]
  0x00000195706cee00 JavaThread "Finalizer" daemon [_thread_blocked, id=1048, stack(0x00000071bed00000,0x00000071bee00000)]
  0x00000195706eada0 JavaThread "Signal Dispatcher" daemon [_thread_blocked, id=2168, stack(0x00000071bee00000,0x00000071bef00000)]
  0x00000195706eb760 JavaThread "Attach Listener" daemon [_thread_blocked, id=10788, stack(0x00000071bef00000,0x00000071bf000000)]
  0x00000195706ec210 JavaThread "Service Thread" daemon [_thread_blocked, id=12016, stack(0x00000071bf000000,0x00000071bf100000)]
  0x00000195706ef550 JavaThread "C2 CompilerThread0" daemon [_thread_blocked, id=10624, stack(0x00000071bf100000,0x00000071bf200000)]
  0x00000195706f6cc0 JavaThread "C1 CompilerThread0" daemon [_thread_blocked, id=7856, stack(0x00000071bf200000,0x00000071bf300000)]
  0x00000195706fbdb0 JavaThread "Sweeper thread" daemon [_thread_blocked, id=10796, stack(0x00000071bf300000,0x00000071bf400000)]
  0x0000019571130350 JavaThread "Notification Thread" daemon [_thread_blocked, id=13264, stack(0x00000071bf400000,0x00000071bf500000)]
  0x0000019571165f80 JavaThread "Common-Cleaner" daemon [_thread_blocked, id=6852, stack(0x00000071bf600000,0x00000071bf700000)]
  0x00000195755712f0 JavaThread "C2 CompilerThread1" daemon [_thread_blocked, id=10056, stack(0x00000071bf700000,0x00000071bf800000)]

Other Threads:
=>0x00000195706ca200 VMThread "VM Thread" [stack: 0x00000071beb00000,0x00000071bec00000] [id=996]
  0x0000019571150830 WatcherThread [stack: 0x00000071bf500000,0x00000071bf600000] [id=10080]
  0x000001954eef31c0 GCTaskThread "GC Thread#0" [stack: 0x00000071be600000,0x00000071be700000] [id=1100]
  0x0000019571128900 GCTaskThread "GC Thread#1" [stack: 0x00000071bf800000,0x00000071bf900000] [id=12004]
  0x000001957112b270 GCTaskThread "GC Thread#2" [stack: 0x00000071bf900000,0x00000071bfa00000] [id=9908]
  0x000001954ef03f50 ConcurrentGCThread "G1 Main Marker" [stack: 0x00000071be700000,0x00000071be800000] [id=4308]
  0x000001954ef052e0 ConcurrentGCThread "G1 Conc#0" [stack: 0x00000071be800000,0x00000071be900000] [id=5828]
  0x000001954ef7d500 ConcurrentGCThread "G1 Refine#0" [stack: 0x00000071be900000,0x00000071bea00000] [id=3468]
  0x000001954ef7ee50 ConcurrentGCThread "G1 Young RemSet Sampling" [stack: 0x00000071bea00000,0x00000071beb00000] [id=12816]

Threads with active compile tasks:
C2 CompilerThread0     8955 5091       4       java.util.Collections::unmodifiableList (27 bytes)
C1 CompilerThread0     8955 5078       3       org.jetbrains.kotlin.load.java.typeEnhancement.JavaTypeEnhancement::enhanceInflexible (1030 bytes)
C2 CompilerThread1     8955 5064       4       org.jetbrains.kotlin.protobuf.UnmodifiableLazyStringList::get (6 bytes)

VM state: at safepoint (normal execution)

VM Mutex/Monitor currently owned by a thread:  ([mutex/lock_event])
[0x000001954eeacf80] Threads_lock - owner thread: 0x00000195706ca200
[0x000001954eeae210] Heap_lock - owner thread: 0x000001954eeb21c0

Heap address: 0x0000000081e00000, size: 2018 MB, Compressed Oops mode: 32-bit
CDS archive(s) mapped at: [0x0000000800000000-0x0000000800b50000-0x0000000800b50000), size 11862016, SharedBaseAddress: 0x0000000800000000, ArchiveRelocationMode: 0.
Compressed class space mapped at: 0x0000000800b50000-0x0000000840b50000, size: 1073741824
Narrow klass base: 0x0000000800000000, Narrow klass shift: 3, Narrow klass range: 0x100000000

GC Precious Log:
 CPUs: 4 total, 4 available
 Memory: 8066M
 Large Page Support: Disabled
 NUMA Support: Disabled
 Compressed Oops: Enabled (32-bit)
 Heap Region Size: 1M
 Heap Min Capacity: 8M
 Heap Initial Capacity: 128M
 Heap Max Capacity: 2018M
 Pre-touch: Disabled
 Parallel Workers: 4
 Concurrent Workers: 1
 Concurrent Refinement Workers: 4
 Periodic GC: Disabled

Heap:
 garbage-first heap   total 98304K, used 38073K [0x0000000081e00000, 0x0000000100000000)
  region size 1024K, 4 young (4096K), 4 survivors (4096K)
 Metaspace       used 48095K, capacity 48653K, committed 48796K, reserved 1091584K
  class space    used 5694K, capacity 5803K, committed 5868K, reserved 1048576K

Heap Regions: E=young(eden), S=young(survivor), O=old, HS=humongous(starts), HC=humongous(continues), CS=collection set, F=free, OA=open archive, CA=closed archive, TAMS=top-at-mark-start (previous, next)
|   0|0x0000000081e00000, 0x0000000081f00000, 0x0000000081f00000|100%|HS|  |TAMS 0x0000000081f00000, 0x0000000081e00000| Complete 
|   1|0x0000000081f00000, 0x0000000082000000, 0x0000000082000000|100%|HC|  |TAMS 0x0000000082000000, 0x0000000081f00000| Complete 
|   2|0x0000000082000000, 0x0000000082100000, 0x0000000082100000|100%|HC|  |TAMS 0x0000000082100000, 0x0000000082000000| Complete 
|   3|0x0000000082100000, 0x0000000082200000, 0x0000000082200000|100%|HC|  |TAMS 0x0000000082200000, 0x0000000082100000| Complete 
|   4|0x0000000082200000, 0x0000000082300000, 0x0000000082300000|100%| O|  |TAMS 0x0000000082300000, 0x0000000082200000| Untracked 
|   5|0x0000000082300000, 0x0000000082400000, 0x0000000082400000|100%| O|  |TAMS 0x0000000082400000, 0x0000000082300000| Untracked 
|   6|0x0000000082400000, 0x000000008242e400, 0x0000000082500000| 18%| O|  |TAMS 0x000000008242e400, 0x0000000082400000| Untracked 
|   7|0x0000000082500000, 0x0000000082600000, 0x0000000082600000|100%|HS|  |TAMS 0x0000000082600000, 0x0000000082500000| Complete 
|   8|0x0000000082600000, 0x0000000082700000, 0x0000000082700000|100%|HC|  |TAMS 0x0000000082700000, 0x0000000082600000| Complete 
|   9|0x0000000082700000, 0x0000000082800000, 0x0000000082800000|100%|HC|  |TAMS 0x0000000082800000, 0x0000000082700000| Complete 
|  10|0x0000000082800000, 0x0000000082900000, 0x0000000082900000|100%|HC|  |TAMS 0x0000000082900000, 0x0000000082800000| Complete 
|  11|0x0000000082900000, 0x0000000082a00000, 0x0000000082a00000|100%| O|  |TAMS 0x0000000082a00000, 0x0000000082900000| Untracked 
|  12|0x0000000082a00000, 0x0000000082b00000, 0x0000000082b00000|100%| O|  |TAMS 0x0000000082b00000, 0x0000000082a00000| Untracked 
|  13|0x0000000082b00000, 0x0000000082c00000, 0x0000000082c00000|100%| O|  |TAMS 0x0000000082c00000, 0x0000000082b00000| Untracked 
|  14|0x0000000082c00000, 0x0000000082d00000, 0x0000000082d00000|100%| O|  |TAMS 0x0000000082d00000, 0x0000000082c00000| Untracked 
|  15|0x0000000082d00000, 0x0000000082e00000, 0x0000000082e00000|100%| O|  |TAMS 0x0000000082e00000, 0x0000000082d00000| Untracked 
|  16|0x0000000082e00000, 0x0000000082f00000, 0x0000000082f00000|100%| O|  |TAMS 0x0000000082f00000, 0x0000000082e00000| Untracked 
|  17|0x0000000082f00000, 0x0000000083000000, 0x0000000083000000|100%| O|  |TAMS 0x0000000083000000, 0x0000000082f00000| Untracked 
|  18|0x0000000083000000, 0x0000000083100000, 0x0000000083100000|100%| O|  |TAMS 0x0000000083100000, 0x0000000083000000| Untracked 
|  19|0x0000000083100000, 0x0000000083200000, 0x0000000083200000|100%| O|  |TAMS 0x0000000083200000, 0x0000000083100000| Untracked 
|  20|0x0000000083200000, 0x0000000083300000, 0x0000000083300000|100%| O|  |TAMS 0x0000000083300000, 0x0000000083200000| Untracked 
|  21|0x0000000083300000, 0x0000000083400000, 0x0000000083400000|100%| O|  |TAMS 0x0000000083400000, 0x0000000083300000| Untracked 
|  22|0x0000000083400000, 0x0000000083500000, 0x0000000083500000|100%|HS|  |TAMS 0x0000000083500000, 0x0000000083400000| Complete 
|  23|0x0000000083500000, 0x0000000083600000, 0x0000000083600000|100%|HC|  |TAMS 0x0000000083600000, 0x0000000083500000| Complete 
|  24|0x0000000083600000, 0x0000000083700000, 0x0000000083700000|100%| O|  |TAMS 0x0000000083600000, 0x0000000083600000| Untracked 
|  25|0x0000000083700000, 0x0000000083800000, 0x0000000083800000|100%| O|  |TAMS 0x0000000083700000, 0x0000000083700000| Untracked 
|  26|0x0000000083800000, 0x0000000083900000, 0x0000000083900000|100%| O|  |TAMS 0x0000000083900000, 0x0000000083800000| Untracked 
|  27|0x0000000083900000, 0x0000000083a00000, 0x0000000083a00000|100%| O|  |TAMS 0x0000000083a00000, 0x0000000083900000| Untracked 
|  28|0x0000000083a00000, 0x0000000083b00000, 0x0000000083b00000|100%| O|  |TAMS 0x0000000083b00000, 0x0000000083a00000| Untracked 
|  29|0x0000000083b00000, 0x0000000083c00000, 0x0000000083c00000|100%| O|  |TAMS 0x0000000083b00000, 0x0000000083b00000| Untracked 
|  30|0x0000000083c00000, 0x0000000083d00000, 0x0000000083d00000|100%| O|  |TAMS 0x0000000083c00000, 0x0000000083c00000| Untracked 
|  31|0x0000000083d00000, 0x0000000083e00000, 0x0000000083e00000|100%| O|  |TAMS 0x0000000083d00000, 0x0000000083d00000| Untracked 
|  32|0x0000000083e00000, 0x0000000083f00000, 0x0000000083f00000|100%| O|  |TAMS 0x0000000083e00000, 0x0000000083e00000| Untracked 
|  33|0x0000000083f00000, 0x0000000084000000, 0x0000000084000000|100%| O|  |TAMS 0x0000000083f00000, 0x0000000083f00000| Untracked 
|  34|0x0000000084000000, 0x0000000084000000, 0x0000000084100000|  0%| F|  |TAMS 0x0000000084000000, 0x0000000084000000| Untracked 
|  35|0x0000000084100000, 0x0000000084100000, 0x0000000084200000|  0%| F|  |TAMS 0x0000000084100000, 0x0000000084100000| Untracked 
|  36|0x0000000084200000, 0x0000000084200000, 0x0000000084300000|  0%| F|  |TAMS 0x0000000084200000, 0x0000000084200000| Untracked 
|  37|0x0000000084300000, 0x0000000084300000, 0x0000000084400000|  0%| F|  |TAMS 0x0000000084300000, 0x0000000084300000| Untracked 
|  38|0x0000000084400000, 0x0000000084400000, 0x0000000084500000|  0%| F|  |TAMS 0x0000000084400000, 0x0000000084400000| Untracked 
|  39|0x0000000084500000, 0x0000000084500000, 0x0000000084600000|  0%| F|  |TAMS 0x0000000084500000, 0x0000000084500000| Untracked 
|  40|0x0000000084600000, 0x0000000084600000, 0x0000000084700000|  0%| F|  |TAMS 0x0000000084600000, 0x0000000084600000| Untracked 
|  41|0x0000000084700000, 0x0000000084700000, 0x0000000084800000|  0%| F|  |TAMS 0x0000000084700000, 0x0000000084700000| Untracked 
|  42|0x0000000084800000, 0x0000000084800000, 0x0000000084900000|  0%| F|  |TAMS 0x0000000084800000, 0x0000000084800000| Untracked 
|  43|0x0000000084900000, 0x0000000084900000, 0x0000000084a00000|  0%| F|  |TAMS 0x0000000084900000, 0x0000000084900000| Untracked 
|  44|0x0000000084a00000, 0x0000000084a00000, 0x0000000084b00000|  0%| F|  |TAMS 0x0000000084a00000, 0x0000000084a00000| Untracked 
|  45|0x0000000084b00000, 0x0000000084c00000, 0x0000000084c00000|100%| S|CS|TAMS 0x0000000084b00000, 0x0000000084b00000| Complete 
|  46|0x0000000084c00000, 0x0000000084d00000, 0x0000000084d00000|100%| S|CS|TAMS 0x0000000084c00000, 0x0000000084c00000| Complete 
|  47|0x0000000084d00000, 0x0000000084e00000, 0x0000000084e00000|100%| S|CS|TAMS 0x0000000084d00000, 0x0000000084d00000| Complete 
|  48|0x0000000084e00000, 0x0000000084e00000, 0x0000000084f00000|  0%| F|  |TAMS 0x0000000084e00000, 0x0000000084e00000| Untracked 
|  49|0x0000000084f00000, 0x0000000084f00000, 0x0000000085000000|  0%| F|  |TAMS 0x0000000084f00000, 0x0000000084f00000| Untracked 
|  50|0x0000000085000000, 0x0000000085100000, 0x0000000085100000|100%| S|CS|TAMS 0x0000000085000000, 0x0000000085000000| Complete 
|  51|0x0000000085100000, 0x0000000085100000, 0x0000000085200000|  0%| F|  |TAMS 0x0000000085100000, 0x0000000085100000| Untracked 
|  52|0x0000000085200000, 0x0000000085200000, 0x0000000085300000|  0%| F|  |TAMS 0x0000000085200000, 0x0000000085200000| Untracked 
|  53|0x0000000085300000, 0x0000000085300000, 0x0000000085400000|  0%| F|  |TAMS 0x0000000085300000, 0x0000000085300000| Untracked 
|  54|0x0000000085400000, 0x0000000085400000, 0x0000000085500000|  0%| F|  |TAMS 0x0000000085400000, 0x0000000085400000| Untracked 
|  55|0x0000000085500000, 0x0000000085500000, 0x0000000085600000|  0%| F|  |TAMS 0x0000000085500000, 0x0000000085500000| Untracked 
|  56|0x0000000085600000, 0x0000000085600000, 0x0000000085700000|  0%| F|  |TAMS 0x0000000085600000, 0x0000000085600000| Untracked 
|  57|0x0000000085700000, 0x0000000085700000, 0x0000000085800000|  0%| F|  |TAMS 0x0000000085700000, 0x0000000085700000| Untracked 
|  58|0x0000000085800000, 0x0000000085800000, 0x0000000085900000|  0%| F|  |TAMS 0x0000000085800000, 0x0000000085800000| Untracked 
|  59|0x0000000085900000, 0x0000000085900000, 0x0000000085a00000|  0%| F|  |TAMS 0x0000000085900000, 0x0000000085900000| Untracked 
|  60|0x0000000085a00000, 0x0000000085a00000, 0x0000000085b00000|  0%| F|  |TAMS 0x0000000085a00000, 0x0000000085a00000| Untracked 
|  61|0x0000000085b00000, 0x0000000085b00000, 0x0000000085c00000|  0%| F|  |TAMS 0x0000000085b00000, 0x0000000085b00000| Untracked 
|  62|0x0000000085c00000, 0x0000000085c00000, 0x0000000085d00000|  0%| F|  |TAMS 0x0000000085c00000, 0x0000000085c00000| Untracked 
|  63|0x0000000085d00000, 0x0000000085d00000, 0x0000000085e00000|  0%| F|  |TAMS 0x0000000085d00000, 0x0000000085d00000| Untracked 
|  64|0x0000000085e00000, 0x0000000085e00000, 0x0000000085f00000|  0%| F|  |TAMS 0x0000000085e00000, 0x0000000085e00000| Untracked 
|  65|0x0000000085f00000, 0x0000000085f00000, 0x0000000086000000|  0%| F|  |TAMS 0x0000000085f00000, 0x0000000085f00000| Untracked 
|  66|0x0000000086000000, 0x0000000086000000, 0x0000000086100000|  0%| F|  |TAMS 0x0000000086000000, 0x0000000086000000| Untracked 
|  67|0x0000000086100000, 0x0000000086100000, 0x0000000086200000|  0%| F|  |TAMS 0x0000000086100000, 0x0000000086100000| Untracked 
|  68|0x0000000086200000, 0x0000000086200000, 0x0000000086300000|  0%| F|  |TAMS 0x0000000086200000, 0x0000000086200000| Untracked 
|  69|0x0000000086300000, 0x0000000086300000, 0x0000000086400000|  0%| F|  |TAMS 0x0000000086300000, 0x0000000086300000| Untracked 
|  70|0x0000000086400000, 0x0000000086400000, 0x0000000086500000|  0%| F|  |TAMS 0x0000000086400000, 0x0000000086400000| Untracked 
|  71|0x0000000086500000, 0x0000000086500000, 0x0000000086600000|  0%| F|  |TAMS 0x0000000086500000, 0x0000000086500000| Untracked 
|  72|0x0000000086600000, 0x0000000086600000, 0x0000000086700000|  0%| F|  |TAMS 0x0000000086600000, 0x0000000086600000| Untracked 
|  73|0x0000000086700000, 0x0000000086700000, 0x0000000086800000|  0%| F|  |TAMS 0x0000000086700000, 0x0000000086700000| Untracked 
|  74|0x0000000086800000, 0x0000000086800000, 0x0000000086900000|  0%| F|  |TAMS 0x0000000086800000, 0x0000000086800000| Untracked 
|  75|0x0000000086900000, 0x0000000086900000, 0x0000000086a00000|  0%| F|  |TAMS 0x0000000086900000, 0x0000000086900000| Untracked 
|  76|0x0000000086a00000, 0x0000000086a00000, 0x0000000086b00000|  0%| F|  |TAMS 0x0000000086a00000, 0x0000000086a00000| Untracked 
|  77|0x0000000086b00000, 0x0000000086b00000, 0x0000000086c00000|  0%| F|  |TAMS 0x0000000086b00000, 0x0000000086b00000| Untracked 
|  78|0x0000000086c00000, 0x0000000086c00000, 0x0000000086d00000|  0%| F|  |TAMS 0x0000000086c00000, 0x0000000086c00000| Untracked 
| 127|0x0000000089d00000, 0x0000000089d00000, 0x0000000089e00000|  0%| F|  |TAMS 0x0000000089d00000, 0x0000000089d00000| Untracked 

Card table byte_map: [0x00000195699e0000,0x0000019569de0000] _byte_map_base: 0x00000195695d1000

Marking Bits (Prev, Next): (CMBitMap*) 0x000001954eef39f0, (CMBitMap*) 0x000001954eef39b0
 Prev Bits: [0x000001956c170000, 0x000001956e0f8000)
 Next Bits: [0x000001956a1e0000, 0x000001956c168000)

Polling page: 0x000001954ed70000

Metaspace:

Usage:
  Non-class:     41.85 MB capacity,    41.41 MB ( 99%) used,   394.86 KB ( <1%) free+waste,    54.13 KB ( <1%) overhead. 
      Class:      5.67 MB capacity,     5.56 MB ( 98%) used,    89.72 KB (  2%) free+waste,    18.56 KB ( <1%) overhead. 
       Both:     47.51 MB capacity,    46.97 MB ( 99%) used,   484.58 KB ( <1%) free+waste,    72.69 KB ( <1%) overhead. 

Virtual space:
  Non-class space:       42.00 MB reserved,      41.92 MB (>99%) committed 
      Class space:        1.00 GB reserved,       5.73 MB ( <1%) committed 
             Both:        1.04 GB reserved,      47.65 MB (  4%) committed 

Chunk freelists:
   Non-Class:  78.00 KB
       Class:  21.00 KB
        Both:  99.00 KB

MaxMetaspaceSize: 17179869184.00 GB
CompressedClassSpaceSize: 1.00 GB

CodeHeap 'non-profiled nmethods': size=120000Kb used=2297Kb max_used=2297Kb free=117702Kb
 bounds [0x0000019561a80000, 0x0000019561cf0000, 0x0000019568fb0000]
CodeHeap 'profiled nmethods': size=120000Kb used=10796Kb max_used=10796Kb free=109204Kb
 bounds [0x000001955a550000, 0x000001955afe0000, 0x0000019561a80000]
CodeHeap 'non-nmethods': size=5760Kb used=1309Kb max_used=1391Kb free=4450Kb
 bounds [0x0000019559fb0000, 0x000001955a220000, 0x000001955a550000]
 total_blobs=5635 nmethods=5040 adapters=506
 compilation: enabled
              stopped_count=0, restarted_count=0
 full_count=0

Compilation events (20 events):
Event: 8.891 Thread 0x00000195706f6cc0 nmethod 5070 0x000001955afd9010 code [0x000001955afd91c0, 0x000001955afd9458]
Event: 8.891 Thread 0x00000195706f6cc0 5071       3       org.jetbrains.org.objectweb.asm.ClassVisitor::<init> (7 bytes)
Event: 8.892 Thread 0x00000195706f6cc0 nmethod 5071 0x000001955afd9590 code [0x000001955afd9740, 0x000001955afd9868]
Event: 8.892 Thread 0x00000195706f6cc0 5072       3       org.jetbrains.org.objectweb.asm.ClassVisitor::<init> (94 bytes)
Event: 8.893 Thread 0x00000195706f6cc0 nmethod 5072 0x000001955afd9910 code [0x000001955afd9b60, 0x000001955afda488]
Event: 8.893 Thread 0x00000195706f6cc0 5073       1       org.jetbrains.kotlin.load.java.typeEnhancement.JavaTypeEnhancement$SimpleResult::getForWarnings (5 bytes)
Event: 8.893 Thread 0x00000195706f6cc0 nmethod 5073 0x0000019561cbcc10 code [0x0000019561cbcda0, 0x0000019561cbce58]
Event: 8.893 Thread 0x00000195706f6cc0 5074       1       org.jetbrains.kotlin.load.java.structure.impl.classFiles.JavaPlainType::getAnnotations (5 bytes)
Event: 8.893 Thread 0x00000195706f6cc0 nmethod 5074 0x0000019561cbcf10 code [0x0000019561cbd0a0, 0x0000019561cbd158]
Event: 8.893 Thread 0x00000195706f6cc0 5075       1       org.jetbrains.kotlin.load.java.structure.impl.classFiles.JavaPlainType::isDeprecatedInJavaDoc (5 bytes)
Event: 8.893 Thread 0x00000195706f6cc0 nmethod 5075 0x0000019561cbd210 code [0x0000019561cbd3a0, 0x0000019561cbd458]
Event: 8.894 Thread 0x00000195706f6cc0 5076       3       org.jetbrains.kotlin.com.intellij.reference.SoftReference::dereference (13 bytes)
Event: 8.894 Thread 0x00000195706f6cc0 nmethod 5076 0x000001955afda790 code [0x000001955afda940, 0x000001955afdab48]
Event: 8.894 Thread 0x00000195706f6cc0 5077       3       org.jetbrains.kotlin.load.java.structure.impl.classFiles.BinaryJavaModifierListOwner$DefaultImpls::isDeprecatedInJavaDoc (9 bytes)
Event: 8.894 Thread 0x00000195706f6cc0 nmethod 5077 0x000001955afdac10 code [0x000001955afdadc0, 0x000001955afdaf68]
Event: 8.896 Thread 0x00000195706f6cc0 5078       3       org.jetbrains.kotlin.load.java.typeEnhancement.JavaTypeEnhancement::enhanceInflexible (1030 bytes)
Event: 8.902 Thread 0x00000195706ef550 nmethod 5066 0x0000019561cbd510 code [0x0000019561cbd6c0, 0x0000019561cbde08]
Event: 8.902 Thread 0x00000195706ef550 5085       4       kotlin.internal.ProgressionUtilKt::getProgressionLastElement (61 bytes)
Event: 8.904 Thread 0x00000195706ef550 nmethod 5085 0x0000019561cbe290 code [0x0000019561cbe420, 0x0000019561cbe558]
Event: 8.904 Thread 0x00000195706ef550 5091       4       java.util.Collections::unmodifiableList (27 bytes)

GC Heap History (17 events):
Event: 0.499 GC heap before
{Heap before GC invocations=0 (full 0):
 garbage-first heap   total 131072K, used 17408K [0x0000000081e00000, 0x0000000100000000)
  region size 1024K, 13 young (13312K), 0 survivors (0K)
 Metaspace       used 3910K, capacity 7727K, committed 7936K, reserved 1056768K
  class space    used 313K, capacity 681K, committed 768K, reserved 1048576K
}
Event: 0.504 GC heap after
{Heap after GC invocations=1 (full 0):
 garbage-first heap   total 131072K, used 6399K [0x0000000081e00000, 0x0000000100000000)
  region size 1024K, 2 young (2048K), 2 survivors (2048K)
 Metaspace       used 3910K, capacity 7727K, committed 7936K, reserved 1056768K
  class space    used 313K, capacity 681K, committed 768K, reserved 1048576K
}
Event: 0.939 GC heap before
{Heap before GC invocations=1 (full 0):
 garbage-first heap   total 131072K, used 21759K [0x0000000081e00000, 0x0000000100000000)
  region size 1024K, 18 young (18432K), 2 survivors (2048K)
 Metaspace       used 7684K, capacity 10876K, committed 11136K, reserved 1058816K
  class space    used 763K, capacity 1068K, committed 1152K, reserved 1048576K
}
Event: 0.947 GC heap after
{Heap after GC invocations=2 (full 0):
 garbage-first heap   total 131072K, used 8301K [0x0000000081e00000, 0x0000000100000000)
  region size 1024K, 2 young (2048K), 2 survivors (2048K)
 Metaspace       used 7684K, capacity 10876K, committed 11136K, reserved 1058816K
  class space    used 763K, capacity 1068K, committed 1152K, reserved 1048576K
}
Event: 2.593 GC heap before
{Heap before GC invocations=2 (full 0):
 garbage-first heap   total 131072K, used 64621K [0x0000000081e00000, 0x0000000100000000)
  region size 1024K, 54 young (55296K), 2 survivors (2048K)
 Metaspace       used 20002K, capacity 21138K, committed 21296K, reserved 1069056K
  class space    used 2242K, capacity 2371K, committed 2432K, reserved 1048576K
}
Event: 2.607 GC heap after
{Heap after GC invocations=3 (full 0):
 garbage-first heap   total 131072K, used 17010K [0x0000000081e00000, 0x0000000100000000)
  region size 1024K, 7 young (7168K), 7 survivors (7168K)
 Metaspace       used 20002K, capacity 21138K, committed 21296K, reserved 1069056K
  class space    used 2242K, capacity 2371K, committed 2432K, reserved 1048576K
}
Event: 4.049 GC heap before
{Heap before GC invocations=4 (full 0):
 garbage-first heap   total 65536K, used 50802K [0x0000000081e00000, 0x0000000100000000)
  region size 1024K, 38 young (38912K), 7 survivors (7168K)
 Metaspace       used 26258K, capacity 27262K, committed 27440K, reserved 1073152K
  class space    used 3482K, capacity 3623K, committed 3712K, reserved 1048576K
}
Event: 4.092 GC heap after
{Heap after GC invocations=5 (full 0):
 garbage-first heap   total 65536K, used 23920K [0x0000000081e00000, 0x0000000100000000)
  region size 1024K, 5 young (5120K), 5 survivors (5120K)
 Metaspace       used 26258K, capacity 27262K, committed 27440K, reserved 1073152K
  class space    used 3482K, capacity 3623K, committed 3712K, reserved 1048576K
}
Event: 4.879 GC heap before
{Heap before GC invocations=5 (full 0):
 garbage-first heap   total 65536K, used 46448K [0x0000000081e00000, 0x0000000100000000)
  region size 1024K, 27 young (27648K), 5 survivors (5120K)
 Metaspace       used 29979K, capacity 30791K, committed 31152K, reserved 1077248K
  class space    used 3892K, capacity 4009K, committed 4096K, reserved 1048576K
}
Event: 4.902 GC heap after
{Heap after GC invocations=6 (full 0):
 garbage-first heap   total 81920K, used 25126K [0x0000000081e00000, 0x0000000100000000)
  region size 1024K, 4 young (4096K), 4 survivors (4096K)
 Metaspace       used 29979K, capacity 30791K, committed 31152K, reserved 1077248K
  class space    used 3892K, capacity 4009K, committed 4096K, reserved 1048576K
}
Event: 5.766 GC heap before
{Heap before GC invocations=6 (full 0):
 garbage-first heap   total 81920K, used 49702K [0x0000000081e00000, 0x0000000100000000)
  region size 1024K, 29 young (29696K), 4 survivors (4096K)
 Metaspace       used 35051K, capacity 35791K, committed 35888K, reserved 1081344K
  class space    used 4335K, capacity 4458K, committed 4480K, reserved 1048576K
}
Event: 5.778 GC heap after
{Heap after GC invocations=7 (full 0):
 garbage-first heap   total 81920K, used 27151K [0x0000000081e00000, 0x0000000100000000)
  region size 1024K, 3 young (3072K), 3 survivors (3072K)
 Metaspace       used 35051K, capacity 35791K, committed 35888K, reserved 1081344K
  class space    used 4335K, capacity 4458K, committed 4480K, reserved 1048576K
}
Event: 7.134 GC heap before
{Heap before GC invocations=8 (full 0):
 garbage-first heap   total 81920K, used 65039K [0x0000000081e00000, 0x0000000100000000)
  region size 1024K, 37 young (37888K), 3 survivors (3072K)
 Metaspace       used 43013K, capacity 43685K, committed 43932K, reserved 1087488K
  class space    used 5179K, capacity 5306K, committed 5356K, reserved 1048576K
}
Event: 7.151 GC heap after
{Heap after GC invocations=9 (full 0):
 garbage-first heap   total 81920K, used 32269K [0x0000000081e00000, 0x0000000100000000)
  region size 1024K, 5 young (5120K), 5 survivors (5120K)
 Metaspace       used 43013K, capacity 43685K, committed 43932K, reserved 1087488K
  class space    used 5179K, capacity 5306K, committed 5356K, reserved 1048576K
}
Event: 7.495 GC heap before
{Heap before GC invocations=10 (full 0):
 garbage-first heap   total 81920K, used 62989K [0x0000000081e00000, 0x0000000100000000)
  region size 1024K, 35 young (35840K), 5 survivors (5120K)
 Metaspace       used 43377K, capacity 44005K, committed 44188K, reserved 1087488K
  class space    used 5193K, capacity 5306K, committed 5356K, reserved 1048576K
}
Event: 7.510 GC heap after
{Heap after GC invocations=11 (full 0):
 garbage-first heap   total 81920K, used 34376K [0x0000000081e00000, 0x0000000100000000)
  region size 1024K, 2 young (2048K), 2 survivors (2048K)
 Metaspace       used 43377K, capacity 44005K, committed 44188K, reserved 1087488K
  class space    used 5193K, capacity 5306K, committed 5356K, reserved 1048576K
}
Event: 8.906 GC heap before
{Heap before GC invocations=11 (full 0):
 garbage-first heap   total 81920K, used 64072K [0x0000000081e00000, 0x0000000100000000)
  region size 1024K, 31 young (31744K), 2 survivors (2048K)
 Metaspace       used 48095K, capacity 48653K, committed 48796K, reserved 1091584K
  class space    used 5694K, capacity 5803K, committed 5868K, reserved 1048576K
}

Deoptimization events (20 events):
Event: 8.676 Thread 0x000001954eeb21c0 Uncommon trap: trap_request=0xffffffde fr.pc=0x0000019561ac1690 relative=0x0000000000000070
Event: 8.676 Thread 0x000001954eeb21c0 Uncommon trap: reason=class_check action=maybe_recompile pc=0x0000019561ac1690 method=java.util.Collections$UnmodifiableCollection.size()I @ 4 c2
Event: 8.676 Thread 0x000001954eeb21c0 DEOPT PACKING pc=0x0000019561ac1690 sp=0x00000071be5fc660
Event: 8.676 Thread 0x000001954eeb21c0 DEOPT UNPACKING pc=0x0000019559ffe42f sp=0x00000071be5fc5e8 mode 2
Event: 8.676 Thread 0x000001954eeb21c0 Uncommon trap: trap_request=0xffffffde fr.pc=0x0000019561c7cc00 relative=0x00000000000000e0
Event: 8.676 Thread 0x000001954eeb21c0 Uncommon trap: reason=class_check action=maybe_recompile pc=0x0000019561c7cc00 method=java.util.Collections$UnmodifiableCollection$1.next()Ljava/lang/Object; @ 4 c2
Event: 8.676 Thread 0x000001954eeb21c0 DEOPT PACKING pc=0x0000019561c7cc00 sp=0x00000071be5fc640
Event: 8.676 Thread 0x000001954eeb21c0 DEOPT UNPACKING pc=0x0000019559ffe42f sp=0x00000071be5fc5e8 mode 2
Event: 8.731 Thread 0x000001954eeb21c0 Uncommon trap: trap_request=0xffffffde fr.pc=0x0000019561ac1690 relative=0x0000000000000070
Event: 8.731 Thread 0x000001954eeb21c0 Uncommon trap: reason=class_check action=maybe_recompile pc=0x0000019561ac1690 method=java.util.Collections$UnmodifiableCollection.size()I @ 4 c2
Event: 8.731 Thread 0x000001954eeb21c0 DEOPT PACKING pc=0x0000019561ac1690 sp=0x00000071be5fbe80
Event: 8.731 Thread 0x000001954eeb21c0 DEOPT UNPACKING pc=0x0000019559ffe42f sp=0x00000071be5fbe08 mode 2
Event: 8.889 Thread 0x000001954eeb21c0 Uncommon trap: trap_request=0xffffffcc fr.pc=0x0000019561c9de04 relative=0x00000000000002e4
Event: 8.889 Thread 0x000001954eeb21c0 Uncommon trap: reason=intrinsic_or_type_checked_inlining action=make_not_entrant pc=0x0000019561c9de04 method=java.util.Arrays.copyOf([Ljava/lang/Object;ILjava/lang/Class;)[Ljava/lang/Object; @ 35 c2
Event: 8.889 Thread 0x000001954eeb21c0 DEOPT PACKING pc=0x0000019561c9de04 sp=0x00000071be5f8e20
Event: 8.889 Thread 0x000001954eeb21c0 DEOPT UNPACKING pc=0x0000019559ffe42f sp=0x00000071be5f8db0 mode 2
Event: 8.898 Thread 0x000001954eeb21c0 Uncommon trap: trap_request=0xffffffde fr.pc=0x0000019561ac1690 relative=0x0000000000000070
Event: 8.898 Thread 0x000001954eeb21c0 Uncommon trap: reason=class_check action=maybe_recompile pc=0x0000019561ac1690 method=java.util.Collections$UnmodifiableCollection.size()I @ 4 c2
Event: 8.898 Thread 0x000001954eeb21c0 DEOPT PACKING pc=0x0000019561ac1690 sp=0x00000071be5f8a30
Event: 8.898 Thread 0x000001954eeb21c0 DEOPT UNPACKING pc=0x0000019559ffe42f sp=0x00000071be5f89b8 mode 2

Classes unloaded (0 events):
No events

Classes redefined (0 events):
No events

Internal exceptions (20 events):
Event: 2.415 Thread 0x000001954eeb21c0 Exception <a 'java/lang/NoSuchMethodError'{0x0000000086ee18d0}: 'void java.lang.invoke.DirectMethodHandle$Holder.invokeStatic(java.lang.Object, java.lang.Object, java.lang.Object, java.lang.Object)'> (0x0000000086ee18d0) 
thrown [./src/hotspot/share/interpreter/linkResolver.cpp, line 782]
Event: 2.537 Thread 0x000001954eeb21c0 Exception <a 'java/lang/NoSuchMethodError'{0x0000000086ad2048}: 'void java.lang.invoke.DirectMethodHandle$Holder.invokeStaticInit(java.lang.Object, java.lang.Object)'> (0x0000000086ad2048) 
thrown [./src/hotspot/share/interpreter/linkResolver.cpp, line 782]
Event: 2.671 Thread 0x000001954eeb21c0 Exception <a 'java/lang/NoSuchMethodError'{0x000000008546f450}: 'void java.lang.invoke.DirectMethodHandle$Holder.invokeVirtual(java.lang.Object, java.lang.Object)'> (0x000000008546f450) 
thrown [./src/hotspot/share/interpreter/linkResolver.cpp, line 782]
Event: 2.690 Thread 0x000001954eeb21c0 Exception <a 'java/lang/NoSuchMethodError'{0x0000000085338210}: 'int java.lang.invoke.DirectMethodHandle$Holder.invokeVirtual(java.lang.Object, java.lang.Object)'> (0x0000000085338210) 
thrown [./src/hotspot/share/interpreter/linkResolver.cpp, line 782]
Event: 2.714 Thread 0x000001954eeb21c0 Exception <a 'java/lang/NoSuchMethodError'{0x00000000853f8038}: 'java.lang.Object java.lang.invoke.Invokers$Holder.invokeExact_MT(java.lang.Object, java.lang.Object, java.lang.Object, java.lang.Object, java.lang.Object, java.lang.Object)'> (0x00000000853f8038) 
thrown [./src/hotspot/share/interpreter/linkResolver.cpp, line 782]
Event: 4.546 Thread 0x000001954eeb21c0 Exception <a 'java/lang/NoSuchMethodError'{0x00000000855fe188}: 'java.lang.Object java.lang.invoke.DirectMethodHandle$Holder.invokeVirtual(java.lang.Object, java.lang.Object, java.lang.Object)'> (0x00000000855fe188) 
thrown [./src/hotspot/share/interpreter/linkResolver.cpp, line 782]
Event: 5.825 Thread 0x000001954eeb21c0 Exception <a 'java/lang/NoSuchMethodError'{0x0000000086c6e2a8}: 'java.lang.Object java.lang.invoke.DirectMethodHandle$Holder.newInvokeSpecial(java.lang.Object, java.lang.Object, int)'> (0x0000000086c6e2a8) 
thrown [./src/hotspot/share/interpreter/linkResolver.cpp, line 782]
Event: 6.035 Thread 0x000001954eeb21c0 Exception <a 'java/lang/NoSuchMethodError'{0x00000000869bf8e0}: 'java.lang.Object java.lang.invoke.DirectMethodHandle$Holder.newInvokeSpecial(java.lang.Object, java.lang.Object, java.lang.Object, int)'> (0x00000000869bf8e0) 
thrown [./src/hotspot/share/interpreter/linkResolver.cpp, line 782]
Event: 6.036 Thread 0x000001954eeb21c0 Exception <a 'java/lang/NoSuchMethodError'{0x00000000869c4070}: 'java.lang.Object java.lang.invoke.DirectMethodHandle$Holder.invokeSpecial(java.lang.Object, java.lang.Object, java.lang.Object, java.lang.Object, int)'> (0x00000000869c4070) 
thrown [./src/hotspot/share/interpreter/linkResolver.cpp, line 782]
Event: 6.036 Thread 0x000001954eeb21c0 Exception <a 'java/lang/NoSuchMethodError'{0x00000000869c80d8}: 'java.lang.Object java.lang.invoke.Invokers$Holder.linkToTargetMethod(java.lang.Object, java.lang.Object, int, java.lang.Object)'> (0x00000000869c80d8) 
thrown [./src/hotspot/share/interpreter/linkResolver.cpp, line 782]
Event: 7.875 Thread 0x000001954eeb21c0 Implicit null exception at 0x0000019561c42e8f to 0x0000019561c42ecc
Event: 7.986 Thread 0x000001954eeb21c0 Exception <a 'java/lang/NoSuchMethodError'{0x00000000865a5380}: 'java.lang.Object java.lang.invoke.DirectMethodHandle$Holder.newInvokeSpecial(java.lang.Object, java.lang.Object, java.lang.Object, java.lang.Object, java.lang.Object, java.lang.Object)'> (0x00000000865a5380) 
thrown [./src/hotspot/share/interpreter/linkResolver.cpp, line 782]
Event: 8.263 Thread 0x000001954eeb21c0 Implicit null exception at 0x0000019561bd12cc to 0x0000019561bd13bc
Event: 8.290 Thread 0x000001954eeb21c0 Implicit null exception at 0x0000019561c037a0 to 0x0000019561c03930
Event: 8.290 Thread 0x000001954eeb21c0 Implicit null exception at 0x0000019561ad6a60 to 0x0000019561ad6af2
Event: 8.604 Thread 0x000001954eeb21c0 Exception <a 'java/lang/NoSuchMethodError'{0x000000008562bdd0}: 'java.lang.Object java.lang.invoke.DirectMethodHandle$Holder.invokeInterface(java.lang.Object, java.lang.Object, java.lang.Object)'> (0x000000008562bdd0) 
thrown [./src/hotspot/share/interpreter/linkResolver.cpp, line 782]
Event: 8.604 Thread 0x000001954eeb21c0 Exception <a 'java/lang/IncompatibleClassChangeError'{0x000000008562f910}: Found class java.lang.Object, but interface was expected> (0x000000008562f910) 
thrown [./src/hotspot/share/interpreter/linkResolver.cpp, line 848]
Event: 8.705 Thread 0x000001954eeb21c0 Exception <a 'java/lang/NoSuchMethodError'{0x00000000854068e8}: 'void java.lang.invoke.DirectMethodHandle$Holder.invokeStatic(java.lang.Object, java.lang.Object, java.lang.Object)'> (0x00000000854068e8) 
thrown [./src/hotspot/share/interpreter/linkResolver.cpp, line 782]
Event: 8.738 Thread 0x000001954eeb21c0 Exception <a 'java/lang/NoSuchMethodError'{0x0000000085485e30}: 'java.lang.Object java.lang.invoke.DirectMethodHandle$Holder.newInvokeSpecial(java.lang.Object, java.lang.Object, java.lang.Object, java.lang.Object, java.lang.Object, java.lang.Object, java.lang.Object)'> (0x0000000085485e30) 
thrown [./src/hotspot/share/interpreter/linkResolver.cpp, line 782]
Event: 8.738 Thread 0x000001954eeb21c0 Exception <a 'java/lang/NoSuchMethodError'{0x000000008548abe8}: 'java.lang.Object java.lang.invoke.Invokers$Holder.linkToTargetMethod(java.lang.Object, java.lang.Object, java.lang.Object, java.lang.Object, java.lang.Object, java.lang.Object, java.lang.Object)'> (0x000000008548abe8) 
thrown [./src/hotspot/share/interpreter/linkResolver.cpp, line 782]

Events (20 events):
Event: 7.275 Executing VM operation: G1Concurrent
Event: 7.275 Executing VM operation: G1Concurrent done
Event: 7.399 Loaded shared library C:\Program Files\BellSoft\LibericaJDK-15-Full\bin\nio.dll
Event: 7.495 Executing VM operation: G1CollectForAllocation
Event: 7.510 Executing VM operation: G1CollectForAllocation done
Event: 7.852 loading class java/util/RegularEnumSet$EnumSetIterator
Event: 7.852 loading class java/util/RegularEnumSet$EnumSetIterator done
Event: 7.900 Executing VM operation: HandshakeAllThreads
Event: 7.900 Executing VM operation: HandshakeAllThreads done
Event: 7.959 Executing VM operation: ICBufferFull
Event: 7.959 Executing VM operation: ICBufferFull done
Event: 8.069 Executing VM operation: HandshakeAllThreads
Event: 8.070 Executing VM operation: HandshakeAllThreads done
Event: 8.144 Executing VM operation: HandshakeAllThreads
Event: 8.144 Executing VM operation: HandshakeAllThreads done
Event: 8.335 Executing VM operation: ICBufferFull
Event: 8.335 Executing VM operation: ICBufferFull done
Event: 8.696 Executing VM operation: ICBufferFull
Event: 8.697 Executing VM operation: ICBufferFull done
Event: 8.906 Executing VM operation: G1CollectForAllocation


Dynamic libraries:
0x00007ff770820000 - 0x00007ff77082d000 	C:\Program Files\BellSoft\LibericaJDK-15-Full\bin\java.exe
0x00007ff878830000 - 0x00007ff878a28000 	C:\WINDOWS\SYSTEM32\ntdll.dll
0x00007ff876890000 - 0x00007ff87694d000 	C:\WINDOWS\System32\KERNEL32.DLL
0x00007ff8762e0000 - 0x00007ff8765d6000 	C:\WINDOWS\System32\KERNELBASE.dll
0x00007ff875f80000 - 0x00007ff876080000 	C:\WINDOWS\System32\ucrtbase.dll
0x00007ff86f6d0000 - 0x00007ff86f6e8000 	C:\Program Files\BellSoft\LibericaJDK-15-Full\bin\jli.dll
0x00007ff86f6b0000 - 0x00007ff86f6c5000 	C:\Program Files\BellSoft\LibericaJDK-15-Full\bin\VCRUNTIME140.dll
0x00007ff877b50000 - 0x00007ff877cee000 	C:\WINDOWS\System32\USER32.dll
0x00007ff862e70000 - 0x00007ff86310a000 	C:\WINDOWS\WinSxS\amd64_microsoft.windows.common-controls_6595b64144ccf1df_6.0.19041.3636_none_60b6a03d71f818d5\COMCTL32.dll
0x00007ff876700000 - 0x00007ff876722000 	C:\WINDOWS\System32\win32u.dll
0x00007ff877ea0000 - 0x00007ff877f3e000 	C:\WINDOWS\System32\msvcrt.dll
0x00007ff8787c0000 - 0x00007ff8787ec000 	C:\WINDOWS\System32\GDI32.dll
0x00007ff8765e0000 - 0x00007ff8766fa000 	C:\WINDOWS\System32\gdi32full.dll
0x00007ff876240000 - 0x00007ff8762dd000 	C:\WINDOWS\System32\msvcp_win.dll
0x00007ff877b20000 - 0x00007ff877b50000 	C:\WINDOWS\System32\IMM32.DLL
0x00007ff865680000 - 0x00007ff86571b000 	C:\Program Files\BellSoft\LibericaJDK-15-Full\bin\msvcp140.dll
0x00007ff840240000 - 0x00007ff840dd0000 	C:\Program Files\BellSoft\LibericaJDK-15-Full\bin\server\jvm.dll
0x00007ff877850000 - 0x00007ff8778ff000 	C:\WINDOWS\System32\ADVAPI32.dll
0x00007ff876d70000 - 0x00007ff876e0c000 	C:\WINDOWS\System32\sechost.dll
0x00007ff8772e0000 - 0x00007ff877406000 	C:\WINDOWS\System32\RPCRT4.dll
0x00007ff877ab0000 - 0x00007ff877ab8000 	C:\WINDOWS\System32\PSAPI.DLL
0x00007ff873740000 - 0x00007ff873749000 	C:\WINDOWS\SYSTEM32\WSOCK32.dll
0x00007ff873780000 - 0x00007ff8737a7000 	C:\WINDOWS\SYSTEM32\WINMM.dll
0x00007ff877410000 - 0x00007ff87747b000 	C:\WINDOWS\System32\WS2_32.dll
0x00007ff867460000 - 0x00007ff86746a000 	C:\WINDOWS\SYSTEM32\VERSION.dll
0x00007ff873dd0000 - 0x00007ff873de2000 	C:\WINDOWS\SYSTEM32\kernel.appcore.dll
0x00007ff86f4a0000 - 0x00007ff86f4aa000 	C:\Program Files\BellSoft\LibericaJDK-15-Full\bin\jimage.dll
0x00007ff85f710000 - 0x00007ff85f8f4000 	C:\WINDOWS\SYSTEM32\DBGHELP.DLL
0x00007ff85f6d0000 - 0x00007ff85f704000 	C:\WINDOWS\SYSTEM32\dbgcore.DLL
0x00007ff8761b0000 - 0x00007ff876232000 	C:\WINDOWS\System32\bcryptPrimitives.dll
0x00007ff86dee0000 - 0x00007ff86df05000 	C:\Program Files\BellSoft\LibericaJDK-15-Full\bin\java.dll
0x00007ff877f40000 - 0x00007ff878685000 	C:\WINDOWS\System32\SHELL32.dll
0x00007ff873fd0000 - 0x00007ff87476b000 	C:\WINDOWS\SYSTEM32\windows.storage.dll
0x00007ff8774f0000 - 0x00007ff877844000 	C:\WINDOWS\System32\combase.dll
0x00007ff875950000 - 0x00007ff87597d000 	C:\WINDOWS\SYSTEM32\Wldp.dll
0x00007ff876c10000 - 0x00007ff876cbd000 	C:\WINDOWS\System32\SHCORE.dll
0x00007ff877490000 - 0x00007ff8774e5000 	C:\WINDOWS\System32\shlwapi.dll
0x00007ff875e40000 - 0x00007ff875e65000 	C:\WINDOWS\SYSTEM32\profapi.dll
0x00007ff865b40000 - 0x00007ff865b59000 	C:\Program Files\BellSoft\LibericaJDK-15-Full\bin\net.dll
0x00007ff867a90000 - 0x00007ff867b9a000 	C:\WINDOWS\SYSTEM32\WINHTTP.dll
0x00007ff8756b0000 - 0x00007ff87571a000 	C:\WINDOWS\system32\mswsock.dll
0x00007ff865760000 - 0x00007ff865772000 	C:\Program Files\BellSoft\LibericaJDK-15-Full\bin\nio.dll
0x00007ff865740000 - 0x00007ff865758000 	C:\Program Files\BellSoft\LibericaJDK-15-Full\bin\zip.dll
0x00007ff86f490000 - 0x00007ff86f4a0000 	C:\Program Files\BellSoft\LibericaJDK-15-Full\bin\verify.dll

dbghelp: loaded successfully - version: 4.0.5 - missing functions: none
symbol engine: initialized successfully - sym options: 0x614 - pdb path: .;C:\Program Files\BellSoft\LibericaJDK-15-Full\bin;C:\WINDOWS\SYSTEM32;C:\WINDOWS\WinSxS\amd64_microsoft.windows.common-controls_6595b64144ccf1df_6.0.19041.3636_none_60b6a03d71f818d5;C:\Program Files\BellSoft\LibericaJDK-15-Full\bin\server

VM Arguments:
java_command: org.jetbrains.kotlin.cli.jvm.K2JVMCompiler @C:\Users\Amirull Azmi.DESKTOP-91E5MKF\Documents\WEB PROJECT\WeonAndroid\node_modules\@pusher\pusher-websocket-react-native\android\build\20231226_10438329207529397802.compiler.options
java_class_path (initial): C:\Users\Amirull Azmi.DESKTOP-91E5MKF\.gradle\caches\modules-2\files-2.1\org.jetbrains.kotlin\kotlin-compiler-embeddable\1.7.21\a36688d6a38ea94ac3fce84e198ea2cb6c6a8e88\kotlin-compiler-embeddable-1.7.21.jar;C:\Users\Amirull Azmi.DESKTOP-91E5MKF\.gradle\caches\modules-2\files-2.1\org.jetbrains.kotlin\kotlin-reflect\1.7.21\ad6d09bc4db0eab1069112eea8ebea0be7be44f\kotlin-reflect-1.7.21.jar;C:\Users\Amirull Azmi.DESKTOP-91E5MKF\.gradle\caches\modules-2\files-2.1\org.jetbrains.kotlin\kotlin-stdlib\1.7.21\1a2eaf898a0dda83037034b10a42053cf8a7caf8\kotlin-stdlib-1.7.21.jar;C:\Users\Amirull Azmi.DESKTOP-91E5MKF\.gradle\caches\modules-2\files-2.1\org.jetbrains.kotlin\kotlin-script-runtime\1.7.21\b06d5c58297dccce2a0f69b0636804b0a73b3b9\kotlin-script-runtime-1.7.21.jar;C:\Users\Amirull Azmi.DESKTOP-91E5MKF\.gradle\caches\modules-2\files-2.1\org.jetbrains.kotlin\kotlin-daemon-embeddable\1.7.21\b94818f660cc50f5d39f04b6396ac38e4d3a9eb7\kotlin-daemon-embeddable-1.7.21.jar;C:\Users\Amirull Azmi.DESKTOP-91E5MKF\.gradle\caches\modules-2\files-2.1\org.jetbrains.intellij.deps\trove4j\1.0.20200330\3afb14d5f9ceb459d724e907a21145e8ff394f02\trove4j-1.0.20200330.jar;C:\Users\Amirull Azmi.DESKTOP-91E5MKF\.gradle\caches\modules-2\files-2.1\net.java.dev.jna\jna\5.6.0\330f2244e9030119ab3030fc3fededc86713d9cc\jna-5.6.0.jar;C:\Users\Amirull Azmi.DESKTOP-91E5MKF\.gradle\caches\modules-2\files-2.1\org.jetbrains.kotlin\kotlin-stdlib-common\1.7.21\cb02257de8e13e8498f8e2f69f742f2d438e794d\kotlin-stdlib-common-1.7.21.jar;C:\Users\Amirull Azmi.DESKTOP-91E5MKF\.gradle\caches\modules-2\files-2.1\org.jetbrains\annotations\13.0\919f0dfe192fb4e063e7dacadee7f8bb9a2672a9\annotations-13.0.jar
Launcher Type: SUN_STANDARD

[Global flags]
     intx CICompilerCount                          = 3                                         {product} {ergonomic}
     uint ConcGCThreads                            = 1                                         {product} {ergonomic}
     uint G1ConcRefinementThreads                  = 4                                         {product} {ergonomic}
   size_t G1HeapRegionSize                         = 1048576                                   {product} {ergonomic}
    uintx GCDrainStackTargetSize                   = 64                                        {product} {ergonomic}
   size_t InitialHeapSize                          = 134217728                                 {product} {ergonomic}
   size_t MarkStackSize                            = 4194304                                   {product} {ergonomic}
   size_t MaxHeapSize                              = 2116026368                                {product} {ergonomic}
   size_t MaxNewSize                               = 1268776960                                {product} {ergonomic}
   size_t MinHeapDeltaBytes                        = 1048576                                   {product} {ergonomic}
   size_t MinHeapSize                              = 8388608                                   {product} {ergonomic}
    uintx NonNMethodCodeHeapSize                   = 5832780                                {pd product} {ergonomic}
    uintx NonProfiledCodeHeapSize                  = 122912730                              {pd product} {ergonomic}
    uintx ProfiledCodeHeapSize                     = 122912730                              {pd product} {ergonomic}
    uintx ReservedCodeCacheSize                    = 251658240                              {pd product} {ergonomic}
     bool SegmentedCodeCache                       = true                                      {product} {ergonomic}
   size_t SoftMaxHeapSize                          = 2116026368                             {manageable} {ergonomic}
     bool UseCompressedClassPointers               = true                                 {lp64_product} {ergonomic}
     bool UseCompressedOops                        = true                                 {lp64_product} {ergonomic}
     bool UseG1GC                                  = true                                      {product} {ergonomic}
     bool UseLargePagesIndividualAllocation        = false                                  {pd product} {ergonomic}

Logging:
Log output configuration:
 #0: stdout all=warning uptime,level,tags
 #1: stderr all=off uptime,level,tags

Environment Variables:
JAVA_HOME=C:\Program Files\BellSoft\LibericaJDK-15-Full\
CLASSPATH=C:\Users\Amirull Azmi.DESKTOP-91E5MKF\Documents\WEB PROJECT\WeonAndroid\android\\gradle\wrapper\gradle-wrapper.jar
PATH=C:\Users\Amirull Azmi.DESKTOP-91E5MKF\Documents\WEB PROJECT\WeonAndroid\node_modules\.bin;C:\Users\Amirull Azmi.DESKTOP-91E5MKF\Documents\WEB PROJECT\WeonAndroid\node_modules\.bin;C:\Users\Amirull Azmi.DESKTOP-91E5MKF\Documents\WEB PROJECT\node_modules\.bin;C:\Users\Amirull Azmi.DESKTOP-91E5MKF\Documents\node_modules\.bin;C:\Users\Amirull Azmi.DESKTOP-91E5MKF\node_modules\.bin;C:\Users\node_modules\.bin;C:\node_modules\.bin;C:\Users\Amirull Azmi.DESKTOP-91E5MKF\AppData\Roaming\npm\node_modules\npm\node_modules\@npmcli\run-script\lib\node-gyp-bin;C:\Users\Amirull Azmi.DESKTOP-91E5MKF\Documents\WEB PROJECT\WeonAndroid\node_modules\.bin;C:\Users\Amirull Azmi.DESKTOP-91E5MKF\Documents\WEB PROJECT\WeonAndroid\node_modules\.bin;C:\Users\Amirull Azmi.DESKTOP-91E5MKF\Documents\WEB PROJECT\node_modules\.bin;C:\Users\Amirull Azmi.DESKTOP-91E5MKF\Documents\node_modules\.bin;C:\Users\Amirull Azmi.DESKTOP-91E5MKF\node_modules\.bin;C:\Users\node_modules\.bin;C:\node_modules\.bin;C:\Users\Amirull Azmi.DESKTOP-91E5MKF\AppData\Roaming\npm\node_modules\npm\node_modules\@npmcli\run-script\lib\node-gyp-bin;C:\Program Files\BellSoft\LibericaJDK-15-Full\bin\;C:\Python312\Scripts\;C:\Python312\;C:\Python311\Scripts\;C:\Python311\;C:\Program Files\Microsoft\jdk-11.0.18.10-hotspot\bin;C:\WINDOWS\system32;C:\WINDOWS;C:\WINDOWS\System32\Wbem;C:\WINDOWS\System32\WindowsPowerShell\v1.0\;C:\WINDOWS\System32\OpenSSH\;C:\xampp\php;C:\ProgramData\ComposerSetup\bin;C:\Program Files\Git\cmd;C:\ProgramData\chocolatey\bin;C:\Program Files (x86)\Bitvise SSH Client;C:\Program Files\PuTTY\;C:\Program Files\nodejs\;C:\Users\Amirull Azmi.DESKTOP-91E5MKF\AppData\Local\Microsoft\WindowsApps;C:\Users\Amirull Azmi.DESKTOP-91E5MKF\AppData\Local\Programs\Microsoft VS Code\bin;C:\Users\Amirull Azmi.DESKTOP-91E5MKF\AppData\Roaming\Composer\vendor\bin;C:\Android\platform-tools;C:\Users\Amirull Azmi.DESKTOP-91E5MKF\AppData\Roaming\npm
USERNAME=Amirull Azmi
LANG=en_US.UTF-8
OS=Windows_NT
PROCESSOR_IDENTIFIER=Intel64 Family 6 Model 78 Stepping 3, GenuineIntel



---------------  S Y S T E M  ---------------

OS:
 Windows 10 , 64 bit Build 19041 (10.0.19041.3636)
OS uptime: 3 days 20:54 hours

CPU: total 4 (initial active 4) (2 cores per cpu, 2 threads per core) family 6 model 78 stepping 3 microcode 0xcc, cmov, cx8, fxsr, mmx, sse, sse2, sse3, ssse3, sse4.1, sse4.2, popcnt, vzeroupper, avx, avx2, aes, clmul, erms, 3dnowpref, lzcnt, ht, tsc, tscinvbit, bmi1, bmi2, adx, fma, clflush, clflushopt

Memory: 4k page, system-wide physical 8066M (486M free)
TotalPageFile size 10114M (AvailPageFile size 24M)
current process WorkingSet (physical memory assigned to process): 226M, peak: 230M
current process commit charge ("private bytes"): 260M, peak: 276M

vm_info: OpenJDK 64-Bit Server VM (15.0.2+10) for windows-amd64 JRE (15.0.2+10), built on Jan 21 2021 08:07:14 by "" with MS VC++ 15.9 (VS2017)

END.
